[2023-06-21T02:52:15.597+0000] {processor.py:157} INFO - Started process (PID=53) to work on /home/airflow/.local/lib/python3.7/site-packages/airflow/example_dags/example_dynamic_task_mapping_with_no_taskflow_operators.py
[2023-06-21T02:52:15.606+0000] {processor.py:826} INFO - Processing file /home/airflow/.local/lib/python3.7/site-packages/airflow/example_dags/example_dynamic_task_mapping_with_no_taskflow_operators.py for tasks to queue
[2023-06-21T02:52:15.610+0000] {logging_mixin.py:149} INFO - [2023-06-21T02:52:15.609+0000] {dagbag.py:541} INFO - Filling up the DagBag from /home/airflow/.local/lib/python3.7/site-packages/airflow/example_dags/example_dynamic_task_mapping_with_no_taskflow_operators.py
[2023-06-21T02:52:15.771+0000] {processor.py:836} INFO - DAG(s) dict_keys(['example_dynamic_task_mapping_with_no_taskflow_operators']) retrieved from /home/airflow/.local/lib/python3.7/site-packages/airflow/example_dags/example_dynamic_task_mapping_with_no_taskflow_operators.py
[2023-06-21T02:52:16.753+0000] {logging_mixin.py:149} INFO - [2023-06-21T02:52:16.741+0000] {dag.py:2726} INFO - Sync 1 DAGs
[2023-06-21T02:52:17.096+0000] {logging_mixin.py:149} INFO - [2023-06-21T02:52:17.096+0000] {dag.py:3490} INFO - Setting next_dagrun for example_dynamic_task_mapping_with_no_taskflow_operators to 2023-06-20T02:52:17.095791+00:00, run_after=2023-06-21T02:52:17.095791+00:00
[2023-06-21T02:52:17.265+0000] {processor.py:179} INFO - Processing /home/airflow/.local/lib/python3.7/site-packages/airflow/example_dags/example_dynamic_task_mapping_with_no_taskflow_operators.py took 1.698 seconds
[2023-06-21T02:53:12.430+0000] {processor.py:157} INFO - Started process (PID=117) to work on /home/airflow/.local/lib/python3.7/site-packages/airflow/example_dags/example_dynamic_task_mapping_with_no_taskflow_operators.py
[2023-06-21T02:53:12.444+0000] {processor.py:826} INFO - Processing file /home/airflow/.local/lib/python3.7/site-packages/airflow/example_dags/example_dynamic_task_mapping_with_no_taskflow_operators.py for tasks to queue
[2023-06-21T02:53:12.468+0000] {logging_mixin.py:149} INFO - [2023-06-21T02:53:12.468+0000] {dagbag.py:541} INFO - Filling up the DagBag from /home/airflow/.local/lib/python3.7/site-packages/airflow/example_dags/example_dynamic_task_mapping_with_no_taskflow_operators.py
[2023-06-21T02:53:12.658+0000] {processor.py:836} INFO - DAG(s) dict_keys(['example_dynamic_task_mapping_with_no_taskflow_operators']) retrieved from /home/airflow/.local/lib/python3.7/site-packages/airflow/example_dags/example_dynamic_task_mapping_with_no_taskflow_operators.py
[2023-06-21T02:53:12.854+0000] {logging_mixin.py:149} INFO - [2023-06-21T02:53:12.854+0000] {dag.py:2726} INFO - Sync 1 DAGs
[2023-06-21T02:53:13.022+0000] {logging_mixin.py:149} INFO - [2023-06-21T02:53:13.022+0000] {dag.py:3490} INFO - Setting next_dagrun for example_dynamic_task_mapping_with_no_taskflow_operators to 2023-06-20T02:53:13.021855+00:00, run_after=2023-06-21T02:53:13.021855+00:00
[2023-06-21T02:53:13.092+0000] {processor.py:179} INFO - Processing /home/airflow/.local/lib/python3.7/site-packages/airflow/example_dags/example_dynamic_task_mapping_with_no_taskflow_operators.py took 0.707 seconds
[2023-06-21T02:53:43.607+0000] {processor.py:157} INFO - Started process (PID=169) to work on /home/airflow/.local/lib/python3.7/site-packages/airflow/example_dags/example_dynamic_task_mapping_with_no_taskflow_operators.py
[2023-06-21T02:53:43.613+0000] {processor.py:826} INFO - Processing file /home/airflow/.local/lib/python3.7/site-packages/airflow/example_dags/example_dynamic_task_mapping_with_no_taskflow_operators.py for tasks to queue
[2023-06-21T02:53:43.616+0000] {logging_mixin.py:149} INFO - [2023-06-21T02:53:43.615+0000] {dagbag.py:541} INFO - Filling up the DagBag from /home/airflow/.local/lib/python3.7/site-packages/airflow/example_dags/example_dynamic_task_mapping_with_no_taskflow_operators.py
[2023-06-21T02:53:43.633+0000] {processor.py:836} INFO - DAG(s) dict_keys(['example_dynamic_task_mapping_with_no_taskflow_operators']) retrieved from /home/airflow/.local/lib/python3.7/site-packages/airflow/example_dags/example_dynamic_task_mapping_with_no_taskflow_operators.py
[2023-06-21T02:53:43.676+0000] {logging_mixin.py:149} INFO - [2023-06-21T02:53:43.676+0000] {dag.py:2726} INFO - Sync 1 DAGs
[2023-06-21T02:53:43.717+0000] {logging_mixin.py:149} INFO - [2023-06-21T02:53:43.717+0000] {dag.py:3490} INFO - Setting next_dagrun for example_dynamic_task_mapping_with_no_taskflow_operators to 2023-06-20T02:53:43.717113+00:00, run_after=2023-06-21T02:53:43.717113+00:00
[2023-06-21T02:53:43.763+0000] {processor.py:179} INFO - Processing /home/airflow/.local/lib/python3.7/site-packages/airflow/example_dags/example_dynamic_task_mapping_with_no_taskflow_operators.py took 0.162 seconds
[2023-06-21T02:54:14.176+0000] {processor.py:157} INFO - Started process (PID=226) to work on /home/airflow/.local/lib/python3.7/site-packages/airflow/example_dags/example_dynamic_task_mapping_with_no_taskflow_operators.py
[2023-06-21T02:54:14.178+0000] {processor.py:826} INFO - Processing file /home/airflow/.local/lib/python3.7/site-packages/airflow/example_dags/example_dynamic_task_mapping_with_no_taskflow_operators.py for tasks to queue
[2023-06-21T02:54:14.181+0000] {logging_mixin.py:149} INFO - [2023-06-21T02:54:14.180+0000] {dagbag.py:541} INFO - Filling up the DagBag from /home/airflow/.local/lib/python3.7/site-packages/airflow/example_dags/example_dynamic_task_mapping_with_no_taskflow_operators.py
[2023-06-21T02:54:14.193+0000] {processor.py:836} INFO - DAG(s) dict_keys(['example_dynamic_task_mapping_with_no_taskflow_operators']) retrieved from /home/airflow/.local/lib/python3.7/site-packages/airflow/example_dags/example_dynamic_task_mapping_with_no_taskflow_operators.py
[2023-06-21T02:54:14.235+0000] {logging_mixin.py:149} INFO - [2023-06-21T02:54:14.235+0000] {dag.py:2726} INFO - Sync 1 DAGs
[2023-06-21T02:54:14.277+0000] {logging_mixin.py:149} INFO - [2023-06-21T02:54:14.276+0000] {dag.py:3490} INFO - Setting next_dagrun for example_dynamic_task_mapping_with_no_taskflow_operators to 2023-06-20T02:54:14.276550+00:00, run_after=2023-06-21T02:54:14.276550+00:00
[2023-06-21T02:54:14.317+0000] {processor.py:179} INFO - Processing /home/airflow/.local/lib/python3.7/site-packages/airflow/example_dags/example_dynamic_task_mapping_with_no_taskflow_operators.py took 0.147 seconds
[2023-06-21T02:54:44.428+0000] {processor.py:157} INFO - Started process (PID=283) to work on /home/airflow/.local/lib/python3.7/site-packages/airflow/example_dags/example_dynamic_task_mapping_with_no_taskflow_operators.py
[2023-06-21T02:54:44.431+0000] {processor.py:826} INFO - Processing file /home/airflow/.local/lib/python3.7/site-packages/airflow/example_dags/example_dynamic_task_mapping_with_no_taskflow_operators.py for tasks to queue
[2023-06-21T02:54:44.433+0000] {logging_mixin.py:149} INFO - [2023-06-21T02:54:44.432+0000] {dagbag.py:541} INFO - Filling up the DagBag from /home/airflow/.local/lib/python3.7/site-packages/airflow/example_dags/example_dynamic_task_mapping_with_no_taskflow_operators.py
[2023-06-21T02:54:44.446+0000] {processor.py:836} INFO - DAG(s) dict_keys(['example_dynamic_task_mapping_with_no_taskflow_operators']) retrieved from /home/airflow/.local/lib/python3.7/site-packages/airflow/example_dags/example_dynamic_task_mapping_with_no_taskflow_operators.py
[2023-06-21T02:54:44.490+0000] {logging_mixin.py:149} INFO - [2023-06-21T02:54:44.490+0000] {dag.py:2726} INFO - Sync 1 DAGs
[2023-06-21T02:54:44.542+0000] {logging_mixin.py:149} INFO - [2023-06-21T02:54:44.541+0000] {dag.py:3490} INFO - Setting next_dagrun for example_dynamic_task_mapping_with_no_taskflow_operators to 2023-06-20T02:54:44.541481+00:00, run_after=2023-06-21T02:54:44.541481+00:00
[2023-06-21T02:54:44.580+0000] {processor.py:179} INFO - Processing /home/airflow/.local/lib/python3.7/site-packages/airflow/example_dags/example_dynamic_task_mapping_with_no_taskflow_operators.py took 0.166 seconds
[2023-06-21T02:55:14.753+0000] {processor.py:157} INFO - Started process (PID=340) to work on /home/airflow/.local/lib/python3.7/site-packages/airflow/example_dags/example_dynamic_task_mapping_with_no_taskflow_operators.py
[2023-06-21T02:55:14.756+0000] {processor.py:826} INFO - Processing file /home/airflow/.local/lib/python3.7/site-packages/airflow/example_dags/example_dynamic_task_mapping_with_no_taskflow_operators.py for tasks to queue
[2023-06-21T02:55:14.759+0000] {logging_mixin.py:149} INFO - [2023-06-21T02:55:14.758+0000] {dagbag.py:541} INFO - Filling up the DagBag from /home/airflow/.local/lib/python3.7/site-packages/airflow/example_dags/example_dynamic_task_mapping_with_no_taskflow_operators.py
[2023-06-21T02:55:14.780+0000] {processor.py:836} INFO - DAG(s) dict_keys(['example_dynamic_task_mapping_with_no_taskflow_operators']) retrieved from /home/airflow/.local/lib/python3.7/site-packages/airflow/example_dags/example_dynamic_task_mapping_with_no_taskflow_operators.py
[2023-06-21T02:55:14.824+0000] {logging_mixin.py:149} INFO - [2023-06-21T02:55:14.824+0000] {dag.py:2726} INFO - Sync 1 DAGs
[2023-06-21T02:55:14.875+0000] {logging_mixin.py:149} INFO - [2023-06-21T02:55:14.875+0000] {dag.py:3490} INFO - Setting next_dagrun for example_dynamic_task_mapping_with_no_taskflow_operators to 2023-06-20T02:55:14.874945+00:00, run_after=2023-06-21T02:55:14.874945+00:00
[2023-06-21T02:55:14.922+0000] {processor.py:179} INFO - Processing /home/airflow/.local/lib/python3.7/site-packages/airflow/example_dags/example_dynamic_task_mapping_with_no_taskflow_operators.py took 0.175 seconds
[2023-06-21T02:55:46.301+0000] {processor.py:157} INFO - Started process (PID=398) to work on /home/airflow/.local/lib/python3.7/site-packages/airflow/example_dags/example_dynamic_task_mapping_with_no_taskflow_operators.py
[2023-06-21T02:55:46.323+0000] {processor.py:826} INFO - Processing file /home/airflow/.local/lib/python3.7/site-packages/airflow/example_dags/example_dynamic_task_mapping_with_no_taskflow_operators.py for tasks to queue
[2023-06-21T02:55:46.337+0000] {logging_mixin.py:149} INFO - [2023-06-21T02:55:46.335+0000] {dagbag.py:541} INFO - Filling up the DagBag from /home/airflow/.local/lib/python3.7/site-packages/airflow/example_dags/example_dynamic_task_mapping_with_no_taskflow_operators.py
[2023-06-21T02:55:46.536+0000] {processor.py:836} INFO - DAG(s) dict_keys(['example_dynamic_task_mapping_with_no_taskflow_operators']) retrieved from /home/airflow/.local/lib/python3.7/site-packages/airflow/example_dags/example_dynamic_task_mapping_with_no_taskflow_operators.py
[2023-06-21T02:55:46.943+0000] {logging_mixin.py:149} INFO - [2023-06-21T02:55:46.943+0000] {dag.py:2726} INFO - Sync 1 DAGs
[2023-06-21T02:55:47.186+0000] {logging_mixin.py:149} INFO - [2023-06-21T02:55:47.185+0000] {dag.py:3490} INFO - Setting next_dagrun for example_dynamic_task_mapping_with_no_taskflow_operators to 2023-06-20T02:55:47.184339+00:00, run_after=2023-06-21T02:55:47.184339+00:00
[2023-06-21T02:55:47.289+0000] {processor.py:179} INFO - Processing /home/airflow/.local/lib/python3.7/site-packages/airflow/example_dags/example_dynamic_task_mapping_with_no_taskflow_operators.py took 1.070 seconds
[2023-06-21T02:56:19.138+0000] {processor.py:157} INFO - Started process (PID=455) to work on /home/airflow/.local/lib/python3.7/site-packages/airflow/example_dags/example_dynamic_task_mapping_with_no_taskflow_operators.py
[2023-06-21T02:56:19.141+0000] {processor.py:826} INFO - Processing file /home/airflow/.local/lib/python3.7/site-packages/airflow/example_dags/example_dynamic_task_mapping_with_no_taskflow_operators.py for tasks to queue
[2023-06-21T02:56:19.144+0000] {logging_mixin.py:149} INFO - [2023-06-21T02:56:19.144+0000] {dagbag.py:541} INFO - Filling up the DagBag from /home/airflow/.local/lib/python3.7/site-packages/airflow/example_dags/example_dynamic_task_mapping_with_no_taskflow_operators.py
[2023-06-21T02:56:19.162+0000] {processor.py:836} INFO - DAG(s) dict_keys(['example_dynamic_task_mapping_with_no_taskflow_operators']) retrieved from /home/airflow/.local/lib/python3.7/site-packages/airflow/example_dags/example_dynamic_task_mapping_with_no_taskflow_operators.py
[2023-06-21T02:56:19.246+0000] {logging_mixin.py:149} INFO - [2023-06-21T02:56:19.246+0000] {dag.py:2726} INFO - Sync 1 DAGs
[2023-06-21T02:56:19.292+0000] {logging_mixin.py:149} INFO - [2023-06-21T02:56:19.291+0000] {dag.py:3490} INFO - Setting next_dagrun for example_dynamic_task_mapping_with_no_taskflow_operators to 2023-06-20T02:56:19.291299+00:00, run_after=2023-06-21T02:56:19.291299+00:00
[2023-06-21T02:56:19.328+0000] {processor.py:179} INFO - Processing /home/airflow/.local/lib/python3.7/site-packages/airflow/example_dags/example_dynamic_task_mapping_with_no_taskflow_operators.py took 0.199 seconds
[2023-06-21T03:05:29.860+0000] {processor.py:157} INFO - Started process (PID=479) to work on /home/airflow/.local/lib/python3.7/site-packages/airflow/example_dags/example_dynamic_task_mapping_with_no_taskflow_operators.py
[2023-06-21T03:05:29.865+0000] {processor.py:826} INFO - Processing file /home/airflow/.local/lib/python3.7/site-packages/airflow/example_dags/example_dynamic_task_mapping_with_no_taskflow_operators.py for tasks to queue
[2023-06-21T03:05:29.870+0000] {logging_mixin.py:149} INFO - [2023-06-21T03:05:29.870+0000] {dagbag.py:541} INFO - Filling up the DagBag from /home/airflow/.local/lib/python3.7/site-packages/airflow/example_dags/example_dynamic_task_mapping_with_no_taskflow_operators.py
[2023-06-21T03:05:29.902+0000] {processor.py:836} INFO - DAG(s) dict_keys(['example_dynamic_task_mapping_with_no_taskflow_operators']) retrieved from /home/airflow/.local/lib/python3.7/site-packages/airflow/example_dags/example_dynamic_task_mapping_with_no_taskflow_operators.py
[2023-06-21T03:05:30.041+0000] {logging_mixin.py:149} INFO - [2023-06-21T03:05:30.041+0000] {dag.py:2726} INFO - Sync 1 DAGs
[2023-06-21T03:05:30.159+0000] {logging_mixin.py:149} INFO - [2023-06-21T03:05:30.158+0000] {dag.py:3490} INFO - Setting next_dagrun for example_dynamic_task_mapping_with_no_taskflow_operators to 2023-06-20T03:05:30.157977+00:00, run_after=2023-06-21T03:05:30.157977+00:00
[2023-06-21T03:05:30.232+0000] {processor.py:179} INFO - Processing /home/airflow/.local/lib/python3.7/site-packages/airflow/example_dags/example_dynamic_task_mapping_with_no_taskflow_operators.py took 0.385 seconds
[2023-06-21T03:06:00.412+0000] {processor.py:157} INFO - Started process (PID=535) to work on /home/airflow/.local/lib/python3.7/site-packages/airflow/example_dags/example_dynamic_task_mapping_with_no_taskflow_operators.py
[2023-06-21T03:06:00.415+0000] {processor.py:826} INFO - Processing file /home/airflow/.local/lib/python3.7/site-packages/airflow/example_dags/example_dynamic_task_mapping_with_no_taskflow_operators.py for tasks to queue
[2023-06-21T03:06:00.417+0000] {logging_mixin.py:149} INFO - [2023-06-21T03:06:00.417+0000] {dagbag.py:541} INFO - Filling up the DagBag from /home/airflow/.local/lib/python3.7/site-packages/airflow/example_dags/example_dynamic_task_mapping_with_no_taskflow_operators.py
[2023-06-21T03:06:00.436+0000] {processor.py:836} INFO - DAG(s) dict_keys(['example_dynamic_task_mapping_with_no_taskflow_operators']) retrieved from /home/airflow/.local/lib/python3.7/site-packages/airflow/example_dags/example_dynamic_task_mapping_with_no_taskflow_operators.py
[2023-06-21T03:06:00.482+0000] {logging_mixin.py:149} INFO - [2023-06-21T03:06:00.482+0000] {dag.py:2726} INFO - Sync 1 DAGs
[2023-06-21T03:06:00.525+0000] {logging_mixin.py:149} INFO - [2023-06-21T03:06:00.524+0000] {dag.py:3490} INFO - Setting next_dagrun for example_dynamic_task_mapping_with_no_taskflow_operators to 2023-06-20T03:06:00.524396+00:00, run_after=2023-06-21T03:06:00.524396+00:00
[2023-06-21T03:06:00.559+0000] {processor.py:179} INFO - Processing /home/airflow/.local/lib/python3.7/site-packages/airflow/example_dags/example_dynamic_task_mapping_with_no_taskflow_operators.py took 0.153 seconds
[2023-06-21T03:06:31.404+0000] {processor.py:157} INFO - Started process (PID=592) to work on /home/airflow/.local/lib/python3.7/site-packages/airflow/example_dags/example_dynamic_task_mapping_with_no_taskflow_operators.py
[2023-06-21T03:06:31.410+0000] {processor.py:826} INFO - Processing file /home/airflow/.local/lib/python3.7/site-packages/airflow/example_dags/example_dynamic_task_mapping_with_no_taskflow_operators.py for tasks to queue
[2023-06-21T03:06:31.414+0000] {logging_mixin.py:149} INFO - [2023-06-21T03:06:31.414+0000] {dagbag.py:541} INFO - Filling up the DagBag from /home/airflow/.local/lib/python3.7/site-packages/airflow/example_dags/example_dynamic_task_mapping_with_no_taskflow_operators.py
[2023-06-21T03:06:31.433+0000] {processor.py:836} INFO - DAG(s) dict_keys(['example_dynamic_task_mapping_with_no_taskflow_operators']) retrieved from /home/airflow/.local/lib/python3.7/site-packages/airflow/example_dags/example_dynamic_task_mapping_with_no_taskflow_operators.py
[2023-06-21T03:06:31.499+0000] {logging_mixin.py:149} INFO - [2023-06-21T03:06:31.499+0000] {dag.py:2726} INFO - Sync 1 DAGs
[2023-06-21T03:06:31.557+0000] {logging_mixin.py:149} INFO - [2023-06-21T03:06:31.556+0000] {dag.py:3490} INFO - Setting next_dagrun for example_dynamic_task_mapping_with_no_taskflow_operators to 2023-06-20T03:06:31.555252+00:00, run_after=2023-06-21T03:06:31.555252+00:00
[2023-06-21T03:06:31.613+0000] {processor.py:179} INFO - Processing /home/airflow/.local/lib/python3.7/site-packages/airflow/example_dags/example_dynamic_task_mapping_with_no_taskflow_operators.py took 0.217 seconds
[2023-06-21T03:07:01.894+0000] {processor.py:157} INFO - Started process (PID=650) to work on /home/airflow/.local/lib/python3.7/site-packages/airflow/example_dags/example_dynamic_task_mapping_with_no_taskflow_operators.py
[2023-06-21T03:07:01.896+0000] {processor.py:826} INFO - Processing file /home/airflow/.local/lib/python3.7/site-packages/airflow/example_dags/example_dynamic_task_mapping_with_no_taskflow_operators.py for tasks to queue
[2023-06-21T03:07:01.899+0000] {logging_mixin.py:149} INFO - [2023-06-21T03:07:01.899+0000] {dagbag.py:541} INFO - Filling up the DagBag from /home/airflow/.local/lib/python3.7/site-packages/airflow/example_dags/example_dynamic_task_mapping_with_no_taskflow_operators.py
[2023-06-21T03:07:01.925+0000] {processor.py:836} INFO - DAG(s) dict_keys(['example_dynamic_task_mapping_with_no_taskflow_operators']) retrieved from /home/airflow/.local/lib/python3.7/site-packages/airflow/example_dags/example_dynamic_task_mapping_with_no_taskflow_operators.py
[2023-06-21T03:07:01.974+0000] {logging_mixin.py:149} INFO - [2023-06-21T03:07:01.974+0000] {dag.py:2726} INFO - Sync 1 DAGs
[2023-06-21T03:07:02.039+0000] {logging_mixin.py:149} INFO - [2023-06-21T03:07:02.039+0000] {dag.py:3490} INFO - Setting next_dagrun for example_dynamic_task_mapping_with_no_taskflow_operators to 2023-06-20T03:07:02.038769+00:00, run_after=2023-06-21T03:07:02.038769+00:00
[2023-06-21T03:07:02.110+0000] {processor.py:179} INFO - Processing /home/airflow/.local/lib/python3.7/site-packages/airflow/example_dags/example_dynamic_task_mapping_with_no_taskflow_operators.py took 0.223 seconds
[2023-06-21T03:07:32.323+0000] {processor.py:157} INFO - Started process (PID=707) to work on /home/airflow/.local/lib/python3.7/site-packages/airflow/example_dags/example_dynamic_task_mapping_with_no_taskflow_operators.py
[2023-06-21T03:07:32.326+0000] {processor.py:826} INFO - Processing file /home/airflow/.local/lib/python3.7/site-packages/airflow/example_dags/example_dynamic_task_mapping_with_no_taskflow_operators.py for tasks to queue
[2023-06-21T03:07:32.329+0000] {logging_mixin.py:149} INFO - [2023-06-21T03:07:32.329+0000] {dagbag.py:541} INFO - Filling up the DagBag from /home/airflow/.local/lib/python3.7/site-packages/airflow/example_dags/example_dynamic_task_mapping_with_no_taskflow_operators.py
[2023-06-21T03:07:32.345+0000] {processor.py:836} INFO - DAG(s) dict_keys(['example_dynamic_task_mapping_with_no_taskflow_operators']) retrieved from /home/airflow/.local/lib/python3.7/site-packages/airflow/example_dags/example_dynamic_task_mapping_with_no_taskflow_operators.py
[2023-06-21T03:07:32.414+0000] {logging_mixin.py:149} INFO - [2023-06-21T03:07:32.413+0000] {dag.py:2726} INFO - Sync 1 DAGs
[2023-06-21T03:07:32.474+0000] {logging_mixin.py:149} INFO - [2023-06-21T03:07:32.474+0000] {dag.py:3490} INFO - Setting next_dagrun for example_dynamic_task_mapping_with_no_taskflow_operators to 2023-06-20T03:07:32.473416+00:00, run_after=2023-06-21T03:07:32.473416+00:00
[2023-06-21T03:07:32.525+0000] {processor.py:179} INFO - Processing /home/airflow/.local/lib/python3.7/site-packages/airflow/example_dags/example_dynamic_task_mapping_with_no_taskflow_operators.py took 0.211 seconds
[2023-06-21T03:08:03.285+0000] {processor.py:157} INFO - Started process (PID=764) to work on /home/airflow/.local/lib/python3.7/site-packages/airflow/example_dags/example_dynamic_task_mapping_with_no_taskflow_operators.py
[2023-06-21T03:08:03.289+0000] {processor.py:826} INFO - Processing file /home/airflow/.local/lib/python3.7/site-packages/airflow/example_dags/example_dynamic_task_mapping_with_no_taskflow_operators.py for tasks to queue
[2023-06-21T03:08:03.293+0000] {logging_mixin.py:149} INFO - [2023-06-21T03:08:03.292+0000] {dagbag.py:541} INFO - Filling up the DagBag from /home/airflow/.local/lib/python3.7/site-packages/airflow/example_dags/example_dynamic_task_mapping_with_no_taskflow_operators.py
[2023-06-21T03:08:03.315+0000] {processor.py:836} INFO - DAG(s) dict_keys(['example_dynamic_task_mapping_with_no_taskflow_operators']) retrieved from /home/airflow/.local/lib/python3.7/site-packages/airflow/example_dags/example_dynamic_task_mapping_with_no_taskflow_operators.py
[2023-06-21T03:08:03.372+0000] {logging_mixin.py:149} INFO - [2023-06-21T03:08:03.372+0000] {dag.py:2726} INFO - Sync 1 DAGs
[2023-06-21T03:08:03.420+0000] {logging_mixin.py:149} INFO - [2023-06-21T03:08:03.420+0000] {dag.py:3490} INFO - Setting next_dagrun for example_dynamic_task_mapping_with_no_taskflow_operators to 2023-06-20T03:08:03.419923+00:00, run_after=2023-06-21T03:08:03.419923+00:00
[2023-06-21T03:08:03.457+0000] {processor.py:179} INFO - Processing /home/airflow/.local/lib/python3.7/site-packages/airflow/example_dags/example_dynamic_task_mapping_with_no_taskflow_operators.py took 0.184 seconds
[2023-06-21T03:08:33.818+0000] {processor.py:157} INFO - Started process (PID=821) to work on /home/airflow/.local/lib/python3.7/site-packages/airflow/example_dags/example_dynamic_task_mapping_with_no_taskflow_operators.py
[2023-06-21T03:08:33.822+0000] {processor.py:826} INFO - Processing file /home/airflow/.local/lib/python3.7/site-packages/airflow/example_dags/example_dynamic_task_mapping_with_no_taskflow_operators.py for tasks to queue
[2023-06-21T03:08:33.826+0000] {logging_mixin.py:149} INFO - [2023-06-21T03:08:33.826+0000] {dagbag.py:541} INFO - Filling up the DagBag from /home/airflow/.local/lib/python3.7/site-packages/airflow/example_dags/example_dynamic_task_mapping_with_no_taskflow_operators.py
[2023-06-21T03:08:33.847+0000] {processor.py:836} INFO - DAG(s) dict_keys(['example_dynamic_task_mapping_with_no_taskflow_operators']) retrieved from /home/airflow/.local/lib/python3.7/site-packages/airflow/example_dags/example_dynamic_task_mapping_with_no_taskflow_operators.py
[2023-06-21T03:08:33.909+0000] {logging_mixin.py:149} INFO - [2023-06-21T03:08:33.908+0000] {dag.py:2726} INFO - Sync 1 DAGs
[2023-06-21T03:08:33.966+0000] {logging_mixin.py:149} INFO - [2023-06-21T03:08:33.966+0000] {dag.py:3490} INFO - Setting next_dagrun for example_dynamic_task_mapping_with_no_taskflow_operators to 2023-06-20T03:08:33.965588+00:00, run_after=2023-06-21T03:08:33.965588+00:00
[2023-06-21T03:08:34.017+0000] {processor.py:179} INFO - Processing /home/airflow/.local/lib/python3.7/site-packages/airflow/example_dags/example_dynamic_task_mapping_with_no_taskflow_operators.py took 0.209 seconds
[2023-06-21T03:09:04.985+0000] {processor.py:157} INFO - Started process (PID=879) to work on /home/airflow/.local/lib/python3.7/site-packages/airflow/example_dags/example_dynamic_task_mapping_with_no_taskflow_operators.py
[2023-06-21T03:09:04.990+0000] {processor.py:826} INFO - Processing file /home/airflow/.local/lib/python3.7/site-packages/airflow/example_dags/example_dynamic_task_mapping_with_no_taskflow_operators.py for tasks to queue
[2023-06-21T03:09:04.994+0000] {logging_mixin.py:149} INFO - [2023-06-21T03:09:04.993+0000] {dagbag.py:541} INFO - Filling up the DagBag from /home/airflow/.local/lib/python3.7/site-packages/airflow/example_dags/example_dynamic_task_mapping_with_no_taskflow_operators.py
[2023-06-21T03:09:05.013+0000] {processor.py:836} INFO - DAG(s) dict_keys(['example_dynamic_task_mapping_with_no_taskflow_operators']) retrieved from /home/airflow/.local/lib/python3.7/site-packages/airflow/example_dags/example_dynamic_task_mapping_with_no_taskflow_operators.py
[2023-06-21T03:09:05.108+0000] {logging_mixin.py:149} INFO - [2023-06-21T03:09:05.108+0000] {dag.py:2726} INFO - Sync 1 DAGs
[2023-06-21T03:09:05.196+0000] {logging_mixin.py:149} INFO - [2023-06-21T03:09:05.195+0000] {dag.py:3490} INFO - Setting next_dagrun for example_dynamic_task_mapping_with_no_taskflow_operators to 2023-06-20T03:09:05.195374+00:00, run_after=2023-06-21T03:09:05.195374+00:00
[2023-06-21T03:09:05.228+0000] {processor.py:179} INFO - Processing /home/airflow/.local/lib/python3.7/site-packages/airflow/example_dags/example_dynamic_task_mapping_with_no_taskflow_operators.py took 0.251 seconds
[2023-06-21T03:09:35.337+0000] {processor.py:157} INFO - Started process (PID=936) to work on /home/airflow/.local/lib/python3.7/site-packages/airflow/example_dags/example_dynamic_task_mapping_with_no_taskflow_operators.py
[2023-06-21T03:09:35.340+0000] {processor.py:826} INFO - Processing file /home/airflow/.local/lib/python3.7/site-packages/airflow/example_dags/example_dynamic_task_mapping_with_no_taskflow_operators.py for tasks to queue
[2023-06-21T03:09:35.342+0000] {logging_mixin.py:149} INFO - [2023-06-21T03:09:35.342+0000] {dagbag.py:541} INFO - Filling up the DagBag from /home/airflow/.local/lib/python3.7/site-packages/airflow/example_dags/example_dynamic_task_mapping_with_no_taskflow_operators.py
[2023-06-21T03:09:35.357+0000] {processor.py:836} INFO - DAG(s) dict_keys(['example_dynamic_task_mapping_with_no_taskflow_operators']) retrieved from /home/airflow/.local/lib/python3.7/site-packages/airflow/example_dags/example_dynamic_task_mapping_with_no_taskflow_operators.py
[2023-06-21T03:09:35.403+0000] {logging_mixin.py:149} INFO - [2023-06-21T03:09:35.403+0000] {dag.py:2726} INFO - Sync 1 DAGs
[2023-06-21T03:09:35.446+0000] {logging_mixin.py:149} INFO - [2023-06-21T03:09:35.446+0000] {dag.py:3490} INFO - Setting next_dagrun for example_dynamic_task_mapping_with_no_taskflow_operators to 2023-06-20T03:09:35.445840+00:00, run_after=2023-06-21T03:09:35.445840+00:00
[2023-06-21T03:09:35.484+0000] {processor.py:179} INFO - Processing /home/airflow/.local/lib/python3.7/site-packages/airflow/example_dags/example_dynamic_task_mapping_with_no_taskflow_operators.py took 0.154 seconds
