[2023-06-21T02:52:53.202+0000] {processor.py:157} INFO - Started process (PID=94) to work on /home/airflow/.local/lib/python3.7/site-packages/airflow/example_dags/example_short_circuit_decorator.py
[2023-06-21T02:52:53.208+0000] {processor.py:826} INFO - Processing file /home/airflow/.local/lib/python3.7/site-packages/airflow/example_dags/example_short_circuit_decorator.py for tasks to queue
[2023-06-21T02:52:53.218+0000] {logging_mixin.py:149} INFO - [2023-06-21T02:52:53.218+0000] {dagbag.py:541} INFO - Filling up the DagBag from /home/airflow/.local/lib/python3.7/site-packages/airflow/example_dags/example_short_circuit_decorator.py
[2023-06-21T02:52:53.481+0000] {processor.py:836} INFO - DAG(s) dict_keys(['example_short_circuit_decorator']) retrieved from /home/airflow/.local/lib/python3.7/site-packages/airflow/example_dags/example_short_circuit_decorator.py
[2023-06-21T02:52:53.908+0000] {logging_mixin.py:149} INFO - [2023-06-21T02:52:53.907+0000] {dag.py:2726} INFO - Sync 1 DAGs
[2023-06-21T02:52:54.153+0000] {logging_mixin.py:149} INFO - [2023-06-21T02:52:54.152+0000] {dag.py:3490} INFO - Setting next_dagrun for example_short_circuit_decorator to 2023-06-20T02:52:54.151223+00:00, run_after=2023-06-21T02:52:54.151223+00:00
[2023-06-21T02:52:54.576+0000] {processor.py:179} INFO - Processing /home/airflow/.local/lib/python3.7/site-packages/airflow/example_dags/example_short_circuit_decorator.py took 1.417 seconds
[2023-06-21T02:53:24.720+0000] {processor.py:157} INFO - Started process (PID=149) to work on /home/airflow/.local/lib/python3.7/site-packages/airflow/example_dags/example_short_circuit_decorator.py
[2023-06-21T02:53:24.725+0000] {processor.py:826} INFO - Processing file /home/airflow/.local/lib/python3.7/site-packages/airflow/example_dags/example_short_circuit_decorator.py for tasks to queue
[2023-06-21T02:53:24.727+0000] {logging_mixin.py:149} INFO - [2023-06-21T02:53:24.727+0000] {dagbag.py:541} INFO - Filling up the DagBag from /home/airflow/.local/lib/python3.7/site-packages/airflow/example_dags/example_short_circuit_decorator.py
[2023-06-21T02:53:24.752+0000] {processor.py:836} INFO - DAG(s) dict_keys(['example_short_circuit_decorator']) retrieved from /home/airflow/.local/lib/python3.7/site-packages/airflow/example_dags/example_short_circuit_decorator.py
[2023-06-21T02:53:24.814+0000] {logging_mixin.py:149} INFO - [2023-06-21T02:53:24.813+0000] {dag.py:2726} INFO - Sync 1 DAGs
[2023-06-21T02:53:24.875+0000] {logging_mixin.py:149} INFO - [2023-06-21T02:53:24.875+0000] {dag.py:3490} INFO - Setting next_dagrun for example_short_circuit_decorator to 2023-06-20T02:53:24.874995+00:00, run_after=2023-06-21T02:53:24.874995+00:00
[2023-06-21T02:53:24.922+0000] {processor.py:179} INFO - Processing /home/airflow/.local/lib/python3.7/site-packages/airflow/example_dags/example_short_circuit_decorator.py took 0.209 seconds
[2023-06-21T02:53:55.496+0000] {processor.py:157} INFO - Started process (PID=206) to work on /home/airflow/.local/lib/python3.7/site-packages/airflow/example_dags/example_short_circuit_decorator.py
[2023-06-21T02:53:55.500+0000] {processor.py:826} INFO - Processing file /home/airflow/.local/lib/python3.7/site-packages/airflow/example_dags/example_short_circuit_decorator.py for tasks to queue
[2023-06-21T02:53:55.503+0000] {logging_mixin.py:149} INFO - [2023-06-21T02:53:55.503+0000] {dagbag.py:541} INFO - Filling up the DagBag from /home/airflow/.local/lib/python3.7/site-packages/airflow/example_dags/example_short_circuit_decorator.py
[2023-06-21T02:53:55.521+0000] {processor.py:836} INFO - DAG(s) dict_keys(['example_short_circuit_decorator']) retrieved from /home/airflow/.local/lib/python3.7/site-packages/airflow/example_dags/example_short_circuit_decorator.py
[2023-06-21T02:53:55.572+0000] {logging_mixin.py:149} INFO - [2023-06-21T02:53:55.572+0000] {dag.py:2726} INFO - Sync 1 DAGs
[2023-06-21T02:53:55.615+0000] {logging_mixin.py:149} INFO - [2023-06-21T02:53:55.615+0000] {dag.py:3490} INFO - Setting next_dagrun for example_short_circuit_decorator to 2023-06-20T02:53:55.614939+00:00, run_after=2023-06-21T02:53:55.614939+00:00
[2023-06-21T02:53:55.705+0000] {processor.py:179} INFO - Processing /home/airflow/.local/lib/python3.7/site-packages/airflow/example_dags/example_short_circuit_decorator.py took 0.215 seconds
[2023-06-21T02:54:25.908+0000] {processor.py:157} INFO - Started process (PID=263) to work on /home/airflow/.local/lib/python3.7/site-packages/airflow/example_dags/example_short_circuit_decorator.py
[2023-06-21T02:54:25.911+0000] {processor.py:826} INFO - Processing file /home/airflow/.local/lib/python3.7/site-packages/airflow/example_dags/example_short_circuit_decorator.py for tasks to queue
[2023-06-21T02:54:25.915+0000] {logging_mixin.py:149} INFO - [2023-06-21T02:54:25.914+0000] {dagbag.py:541} INFO - Filling up the DagBag from /home/airflow/.local/lib/python3.7/site-packages/airflow/example_dags/example_short_circuit_decorator.py
[2023-06-21T02:54:25.933+0000] {processor.py:836} INFO - DAG(s) dict_keys(['example_short_circuit_decorator']) retrieved from /home/airflow/.local/lib/python3.7/site-packages/airflow/example_dags/example_short_circuit_decorator.py
[2023-06-21T02:54:26.006+0000] {logging_mixin.py:149} INFO - [2023-06-21T02:54:26.006+0000] {dag.py:2726} INFO - Sync 1 DAGs
[2023-06-21T02:54:26.059+0000] {logging_mixin.py:149} INFO - [2023-06-21T02:54:26.059+0000] {dag.py:3490} INFO - Setting next_dagrun for example_short_circuit_decorator to 2023-06-20T02:54:26.059322+00:00, run_after=2023-06-21T02:54:26.059322+00:00
[2023-06-21T02:54:26.128+0000] {processor.py:179} INFO - Processing /home/airflow/.local/lib/python3.7/site-packages/airflow/example_dags/example_short_circuit_decorator.py took 0.230 seconds
[2023-06-21T02:54:56.628+0000] {processor.py:157} INFO - Started process (PID=320) to work on /home/airflow/.local/lib/python3.7/site-packages/airflow/example_dags/example_short_circuit_decorator.py
[2023-06-21T02:54:56.631+0000] {processor.py:826} INFO - Processing file /home/airflow/.local/lib/python3.7/site-packages/airflow/example_dags/example_short_circuit_decorator.py for tasks to queue
[2023-06-21T02:54:56.633+0000] {logging_mixin.py:149} INFO - [2023-06-21T02:54:56.632+0000] {dagbag.py:541} INFO - Filling up the DagBag from /home/airflow/.local/lib/python3.7/site-packages/airflow/example_dags/example_short_circuit_decorator.py
[2023-06-21T02:54:56.651+0000] {processor.py:836} INFO - DAG(s) dict_keys(['example_short_circuit_decorator']) retrieved from /home/airflow/.local/lib/python3.7/site-packages/airflow/example_dags/example_short_circuit_decorator.py
[2023-06-21T02:54:56.696+0000] {logging_mixin.py:149} INFO - [2023-06-21T02:54:56.696+0000] {dag.py:2726} INFO - Sync 1 DAGs
[2023-06-21T02:54:56.736+0000] {logging_mixin.py:149} INFO - [2023-06-21T02:54:56.735+0000] {dag.py:3490} INFO - Setting next_dagrun for example_short_circuit_decorator to 2023-06-20T02:54:56.735478+00:00, run_after=2023-06-21T02:54:56.735478+00:00
[2023-06-21T02:54:56.767+0000] {processor.py:179} INFO - Processing /home/airflow/.local/lib/python3.7/site-packages/airflow/example_dags/example_short_circuit_decorator.py took 0.146 seconds
[2023-06-21T02:55:27.179+0000] {processor.py:157} INFO - Started process (PID=377) to work on /home/airflow/.local/lib/python3.7/site-packages/airflow/example_dags/example_short_circuit_decorator.py
[2023-06-21T02:55:27.183+0000] {processor.py:826} INFO - Processing file /home/airflow/.local/lib/python3.7/site-packages/airflow/example_dags/example_short_circuit_decorator.py for tasks to queue
[2023-06-21T02:55:27.185+0000] {logging_mixin.py:149} INFO - [2023-06-21T02:55:27.184+0000] {dagbag.py:541} INFO - Filling up the DagBag from /home/airflow/.local/lib/python3.7/site-packages/airflow/example_dags/example_short_circuit_decorator.py
[2023-06-21T02:55:27.201+0000] {processor.py:836} INFO - DAG(s) dict_keys(['example_short_circuit_decorator']) retrieved from /home/airflow/.local/lib/python3.7/site-packages/airflow/example_dags/example_short_circuit_decorator.py
[2023-06-21T02:55:27.247+0000] {logging_mixin.py:149} INFO - [2023-06-21T02:55:27.247+0000] {dag.py:2726} INFO - Sync 1 DAGs
[2023-06-21T02:55:27.287+0000] {logging_mixin.py:149} INFO - [2023-06-21T02:55:27.287+0000] {dag.py:3490} INFO - Setting next_dagrun for example_short_circuit_decorator to 2023-06-20T02:55:27.287010+00:00, run_after=2023-06-21T02:55:27.287010+00:00
[2023-06-21T02:55:27.323+0000] {processor.py:179} INFO - Processing /home/airflow/.local/lib/python3.7/site-packages/airflow/example_dags/example_short_circuit_decorator.py took 0.149 seconds
[2023-06-21T02:55:57.613+0000] {processor.py:157} INFO - Started process (PID=435) to work on /home/airflow/.local/lib/python3.7/site-packages/airflow/example_dags/example_short_circuit_decorator.py
[2023-06-21T02:55:57.617+0000] {processor.py:826} INFO - Processing file /home/airflow/.local/lib/python3.7/site-packages/airflow/example_dags/example_short_circuit_decorator.py for tasks to queue
[2023-06-21T02:55:57.619+0000] {logging_mixin.py:149} INFO - [2023-06-21T02:55:57.619+0000] {dagbag.py:541} INFO - Filling up the DagBag from /home/airflow/.local/lib/python3.7/site-packages/airflow/example_dags/example_short_circuit_decorator.py
[2023-06-21T02:55:57.636+0000] {processor.py:836} INFO - DAG(s) dict_keys(['example_short_circuit_decorator']) retrieved from /home/airflow/.local/lib/python3.7/site-packages/airflow/example_dags/example_short_circuit_decorator.py
[2023-06-21T02:55:57.680+0000] {logging_mixin.py:149} INFO - [2023-06-21T02:55:57.680+0000] {dag.py:2726} INFO - Sync 1 DAGs
[2023-06-21T02:55:57.720+0000] {logging_mixin.py:149} INFO - [2023-06-21T02:55:57.719+0000] {dag.py:3490} INFO - Setting next_dagrun for example_short_circuit_decorator to 2023-06-20T02:55:57.719445+00:00, run_after=2023-06-21T02:55:57.719445+00:00
[2023-06-21T02:55:57.751+0000] {processor.py:179} INFO - Processing /home/airflow/.local/lib/python3.7/site-packages/airflow/example_dags/example_short_circuit_decorator.py took 0.144 seconds
[2023-06-21T03:05:37.239+0000] {processor.py:157} INFO - Started process (PID=512) to work on /home/airflow/.local/lib/python3.7/site-packages/airflow/example_dags/example_short_circuit_decorator.py
[2023-06-21T03:05:37.242+0000] {processor.py:826} INFO - Processing file /home/airflow/.local/lib/python3.7/site-packages/airflow/example_dags/example_short_circuit_decorator.py for tasks to queue
[2023-06-21T03:05:37.245+0000] {logging_mixin.py:149} INFO - [2023-06-21T03:05:37.245+0000] {dagbag.py:541} INFO - Filling up the DagBag from /home/airflow/.local/lib/python3.7/site-packages/airflow/example_dags/example_short_circuit_decorator.py
[2023-06-21T03:05:37.271+0000] {processor.py:836} INFO - DAG(s) dict_keys(['example_short_circuit_decorator']) retrieved from /home/airflow/.local/lib/python3.7/site-packages/airflow/example_dags/example_short_circuit_decorator.py
[2023-06-21T03:05:37.361+0000] {logging_mixin.py:149} INFO - [2023-06-21T03:05:37.360+0000] {dag.py:2726} INFO - Sync 1 DAGs
[2023-06-21T03:05:37.429+0000] {logging_mixin.py:149} INFO - [2023-06-21T03:05:37.429+0000] {dag.py:3490} INFO - Setting next_dagrun for example_short_circuit_decorator to 2023-06-20T03:05:37.428369+00:00, run_after=2023-06-21T03:05:37.428369+00:00
[2023-06-21T03:05:37.490+0000] {processor.py:179} INFO - Processing /home/airflow/.local/lib/python3.7/site-packages/airflow/example_dags/example_short_circuit_decorator.py took 0.260 seconds
[2023-06-21T03:06:07.905+0000] {processor.py:157} INFO - Started process (PID=567) to work on /home/airflow/.local/lib/python3.7/site-packages/airflow/example_dags/example_short_circuit_decorator.py
[2023-06-21T03:06:07.910+0000] {processor.py:826} INFO - Processing file /home/airflow/.local/lib/python3.7/site-packages/airflow/example_dags/example_short_circuit_decorator.py for tasks to queue
[2023-06-21T03:06:07.913+0000] {logging_mixin.py:149} INFO - [2023-06-21T03:06:07.912+0000] {dagbag.py:541} INFO - Filling up the DagBag from /home/airflow/.local/lib/python3.7/site-packages/airflow/example_dags/example_short_circuit_decorator.py
[2023-06-21T03:06:07.938+0000] {processor.py:836} INFO - DAG(s) dict_keys(['example_short_circuit_decorator']) retrieved from /home/airflow/.local/lib/python3.7/site-packages/airflow/example_dags/example_short_circuit_decorator.py
[2023-06-21T03:06:07.998+0000] {logging_mixin.py:149} INFO - [2023-06-21T03:06:07.998+0000] {dag.py:2726} INFO - Sync 1 DAGs
[2023-06-21T03:06:08.041+0000] {logging_mixin.py:149} INFO - [2023-06-21T03:06:08.041+0000] {dag.py:3490} INFO - Setting next_dagrun for example_short_circuit_decorator to 2023-06-20T03:06:08.040892+00:00, run_after=2023-06-21T03:06:08.040892+00:00
[2023-06-21T03:06:08.082+0000] {processor.py:179} INFO - Processing /home/airflow/.local/lib/python3.7/site-packages/airflow/example_dags/example_short_circuit_decorator.py took 0.187 seconds
[2023-06-21T03:06:39.234+0000] {processor.py:157} INFO - Started process (PID=624) to work on /home/airflow/.local/lib/python3.7/site-packages/airflow/example_dags/example_short_circuit_decorator.py
[2023-06-21T03:06:39.237+0000] {processor.py:826} INFO - Processing file /home/airflow/.local/lib/python3.7/site-packages/airflow/example_dags/example_short_circuit_decorator.py for tasks to queue
[2023-06-21T03:06:39.241+0000] {logging_mixin.py:149} INFO - [2023-06-21T03:06:39.240+0000] {dagbag.py:541} INFO - Filling up the DagBag from /home/airflow/.local/lib/python3.7/site-packages/airflow/example_dags/example_short_circuit_decorator.py
[2023-06-21T03:06:39.267+0000] {processor.py:836} INFO - DAG(s) dict_keys(['example_short_circuit_decorator']) retrieved from /home/airflow/.local/lib/python3.7/site-packages/airflow/example_dags/example_short_circuit_decorator.py
[2023-06-21T03:06:39.325+0000] {logging_mixin.py:149} INFO - [2023-06-21T03:06:39.325+0000] {dag.py:2726} INFO - Sync 1 DAGs
[2023-06-21T03:06:39.383+0000] {logging_mixin.py:149} INFO - [2023-06-21T03:06:39.382+0000] {dag.py:3490} INFO - Setting next_dagrun for example_short_circuit_decorator to 2023-06-20T03:06:39.382388+00:00, run_after=2023-06-21T03:06:39.382388+00:00
[2023-06-21T03:06:39.441+0000] {processor.py:179} INFO - Processing /home/airflow/.local/lib/python3.7/site-packages/airflow/example_dags/example_short_circuit_decorator.py took 0.217 seconds
[2023-06-21T03:07:09.695+0000] {processor.py:157} INFO - Started process (PID=682) to work on /home/airflow/.local/lib/python3.7/site-packages/airflow/example_dags/example_short_circuit_decorator.py
[2023-06-21T03:07:09.699+0000] {processor.py:826} INFO - Processing file /home/airflow/.local/lib/python3.7/site-packages/airflow/example_dags/example_short_circuit_decorator.py for tasks to queue
[2023-06-21T03:07:09.702+0000] {logging_mixin.py:149} INFO - [2023-06-21T03:07:09.702+0000] {dagbag.py:541} INFO - Filling up the DagBag from /home/airflow/.local/lib/python3.7/site-packages/airflow/example_dags/example_short_circuit_decorator.py
[2023-06-21T03:07:09.731+0000] {processor.py:836} INFO - DAG(s) dict_keys(['example_short_circuit_decorator']) retrieved from /home/airflow/.local/lib/python3.7/site-packages/airflow/example_dags/example_short_circuit_decorator.py
[2023-06-21T03:07:09.824+0000] {logging_mixin.py:149} INFO - [2023-06-21T03:07:09.823+0000] {dag.py:2726} INFO - Sync 1 DAGs
[2023-06-21T03:07:09.880+0000] {logging_mixin.py:149} INFO - [2023-06-21T03:07:09.879+0000] {dag.py:3490} INFO - Setting next_dagrun for example_short_circuit_decorator to 2023-06-20T03:07:09.879280+00:00, run_after=2023-06-21T03:07:09.879280+00:00
[2023-06-21T03:07:09.930+0000] {processor.py:179} INFO - Processing /home/airflow/.local/lib/python3.7/site-packages/airflow/example_dags/example_short_circuit_decorator.py took 0.245 seconds
[2023-06-21T03:07:40.403+0000] {processor.py:157} INFO - Started process (PID=738) to work on /home/airflow/.local/lib/python3.7/site-packages/airflow/example_dags/example_short_circuit_decorator.py
[2023-06-21T03:07:40.406+0000] {processor.py:826} INFO - Processing file /home/airflow/.local/lib/python3.7/site-packages/airflow/example_dags/example_short_circuit_decorator.py for tasks to queue
[2023-06-21T03:07:40.409+0000] {logging_mixin.py:149} INFO - [2023-06-21T03:07:40.409+0000] {dagbag.py:541} INFO - Filling up the DagBag from /home/airflow/.local/lib/python3.7/site-packages/airflow/example_dags/example_short_circuit_decorator.py
[2023-06-21T03:07:40.432+0000] {processor.py:836} INFO - DAG(s) dict_keys(['example_short_circuit_decorator']) retrieved from /home/airflow/.local/lib/python3.7/site-packages/airflow/example_dags/example_short_circuit_decorator.py
[2023-06-21T03:07:40.489+0000] {logging_mixin.py:149} INFO - [2023-06-21T03:07:40.489+0000] {dag.py:2726} INFO - Sync 1 DAGs
[2023-06-21T03:07:40.537+0000] {logging_mixin.py:149} INFO - [2023-06-21T03:07:40.537+0000] {dag.py:3490} INFO - Setting next_dagrun for example_short_circuit_decorator to 2023-06-20T03:07:40.536826+00:00, run_after=2023-06-21T03:07:40.536826+00:00
[2023-06-21T03:07:40.576+0000] {processor.py:179} INFO - Processing /home/airflow/.local/lib/python3.7/site-packages/airflow/example_dags/example_short_circuit_decorator.py took 0.183 seconds
[2023-06-21T03:08:11.001+0000] {processor.py:157} INFO - Started process (PID=795) to work on /home/airflow/.local/lib/python3.7/site-packages/airflow/example_dags/example_short_circuit_decorator.py
[2023-06-21T03:08:11.004+0000] {processor.py:826} INFO - Processing file /home/airflow/.local/lib/python3.7/site-packages/airflow/example_dags/example_short_circuit_decorator.py for tasks to queue
[2023-06-21T03:08:11.007+0000] {logging_mixin.py:149} INFO - [2023-06-21T03:08:11.007+0000] {dagbag.py:541} INFO - Filling up the DagBag from /home/airflow/.local/lib/python3.7/site-packages/airflow/example_dags/example_short_circuit_decorator.py
[2023-06-21T03:08:11.037+0000] {processor.py:836} INFO - DAG(s) dict_keys(['example_short_circuit_decorator']) retrieved from /home/airflow/.local/lib/python3.7/site-packages/airflow/example_dags/example_short_circuit_decorator.py
[2023-06-21T03:08:11.114+0000] {logging_mixin.py:149} INFO - [2023-06-21T03:08:11.114+0000] {dag.py:2726} INFO - Sync 1 DAGs
[2023-06-21T03:08:11.202+0000] {logging_mixin.py:149} INFO - [2023-06-21T03:08:11.202+0000] {dag.py:3490} INFO - Setting next_dagrun for example_short_circuit_decorator to 2023-06-20T03:08:11.201646+00:00, run_after=2023-06-21T03:08:11.201646+00:00
[2023-06-21T03:08:11.258+0000] {processor.py:179} INFO - Processing /home/airflow/.local/lib/python3.7/site-packages/airflow/example_dags/example_short_circuit_decorator.py took 0.267 seconds
[2023-06-21T03:08:42.111+0000] {processor.py:157} INFO - Started process (PID=852) to work on /home/airflow/.local/lib/python3.7/site-packages/airflow/example_dags/example_short_circuit_decorator.py
[2023-06-21T03:08:42.117+0000] {processor.py:826} INFO - Processing file /home/airflow/.local/lib/python3.7/site-packages/airflow/example_dags/example_short_circuit_decorator.py for tasks to queue
[2023-06-21T03:08:42.124+0000] {logging_mixin.py:149} INFO - [2023-06-21T03:08:42.123+0000] {dagbag.py:541} INFO - Filling up the DagBag from /home/airflow/.local/lib/python3.7/site-packages/airflow/example_dags/example_short_circuit_decorator.py
[2023-06-21T03:08:42.157+0000] {processor.py:836} INFO - DAG(s) dict_keys(['example_short_circuit_decorator']) retrieved from /home/airflow/.local/lib/python3.7/site-packages/airflow/example_dags/example_short_circuit_decorator.py
[2023-06-21T03:08:42.229+0000] {logging_mixin.py:149} INFO - [2023-06-21T03:08:42.228+0000] {dag.py:2726} INFO - Sync 1 DAGs
[2023-06-21T03:08:42.291+0000] {logging_mixin.py:149} INFO - [2023-06-21T03:08:42.290+0000] {dag.py:3490} INFO - Setting next_dagrun for example_short_circuit_decorator to 2023-06-20T03:08:42.289491+00:00, run_after=2023-06-21T03:08:42.289491+00:00
[2023-06-21T03:08:42.339+0000] {processor.py:179} INFO - Processing /home/airflow/.local/lib/python3.7/site-packages/airflow/example_dags/example_short_circuit_decorator.py took 0.241 seconds
[2023-06-21T03:09:12.815+0000] {processor.py:157} INFO - Started process (PID=910) to work on /home/airflow/.local/lib/python3.7/site-packages/airflow/example_dags/example_short_circuit_decorator.py
[2023-06-21T03:09:12.818+0000] {processor.py:826} INFO - Processing file /home/airflow/.local/lib/python3.7/site-packages/airflow/example_dags/example_short_circuit_decorator.py for tasks to queue
[2023-06-21T03:09:12.822+0000] {logging_mixin.py:149} INFO - [2023-06-21T03:09:12.821+0000] {dagbag.py:541} INFO - Filling up the DagBag from /home/airflow/.local/lib/python3.7/site-packages/airflow/example_dags/example_short_circuit_decorator.py
[2023-06-21T03:09:12.844+0000] {processor.py:836} INFO - DAG(s) dict_keys(['example_short_circuit_decorator']) retrieved from /home/airflow/.local/lib/python3.7/site-packages/airflow/example_dags/example_short_circuit_decorator.py
[2023-06-21T03:09:12.914+0000] {logging_mixin.py:149} INFO - [2023-06-21T03:09:12.913+0000] {dag.py:2726} INFO - Sync 1 DAGs
[2023-06-21T03:09:12.959+0000] {logging_mixin.py:149} INFO - [2023-06-21T03:09:12.959+0000] {dag.py:3490} INFO - Setting next_dagrun for example_short_circuit_decorator to 2023-06-20T03:09:12.959215+00:00, run_after=2023-06-21T03:09:12.959215+00:00
[2023-06-21T03:09:13.009+0000] {processor.py:179} INFO - Processing /home/airflow/.local/lib/python3.7/site-packages/airflow/example_dags/example_short_circuit_decorator.py took 0.201 seconds
[2023-06-21T03:09:43.982+0000] {processor.py:157} INFO - Started process (PID=967) to work on /home/airflow/.local/lib/python3.7/site-packages/airflow/example_dags/example_short_circuit_decorator.py
[2023-06-21T03:09:43.985+0000] {processor.py:826} INFO - Processing file /home/airflow/.local/lib/python3.7/site-packages/airflow/example_dags/example_short_circuit_decorator.py for tasks to queue
[2023-06-21T03:09:43.987+0000] {logging_mixin.py:149} INFO - [2023-06-21T03:09:43.987+0000] {dagbag.py:541} INFO - Filling up the DagBag from /home/airflow/.local/lib/python3.7/site-packages/airflow/example_dags/example_short_circuit_decorator.py
[2023-06-21T03:09:44.005+0000] {processor.py:836} INFO - DAG(s) dict_keys(['example_short_circuit_decorator']) retrieved from /home/airflow/.local/lib/python3.7/site-packages/airflow/example_dags/example_short_circuit_decorator.py
[2023-06-21T03:09:44.052+0000] {logging_mixin.py:149} INFO - [2023-06-21T03:09:44.051+0000] {dag.py:2726} INFO - Sync 1 DAGs
[2023-06-21T03:09:44.096+0000] {logging_mixin.py:149} INFO - [2023-06-21T03:09:44.095+0000] {dag.py:3490} INFO - Setting next_dagrun for example_short_circuit_decorator to 2023-06-20T03:09:44.094410+00:00, run_after=2023-06-21T03:09:44.094410+00:00
[2023-06-21T03:09:44.138+0000] {processor.py:179} INFO - Processing /home/airflow/.local/lib/python3.7/site-packages/airflow/example_dags/example_short_circuit_decorator.py took 0.162 seconds
