[2023-06-21T02:52:37.751+0000] {processor.py:157} INFO - Started process (PID=72) to work on /home/airflow/.local/lib/python3.7/site-packages/airflow/example_dags/example_trigger_controller_dag.py
[2023-06-21T02:52:37.756+0000] {processor.py:826} INFO - Processing file /home/airflow/.local/lib/python3.7/site-packages/airflow/example_dags/example_trigger_controller_dag.py for tasks to queue
[2023-06-21T02:52:37.761+0000] {logging_mixin.py:149} INFO - [2023-06-21T02:52:37.760+0000] {dagbag.py:541} INFO - Filling up the DagBag from /home/airflow/.local/lib/python3.7/site-packages/airflow/example_dags/example_trigger_controller_dag.py
[2023-06-21T02:52:37.781+0000] {processor.py:836} INFO - DAG(s) dict_keys(['example_trigger_controller_dag']) retrieved from /home/airflow/.local/lib/python3.7/site-packages/airflow/example_dags/example_trigger_controller_dag.py
[2023-06-21T02:52:38.163+0000] {logging_mixin.py:149} INFO - [2023-06-21T02:52:38.163+0000] {dag.py:2726} INFO - Sync 1 DAGs
[2023-06-21T02:52:38.387+0000] {logging_mixin.py:149} INFO - [2023-06-21T02:52:38.387+0000] {dag.py:3490} INFO - Setting next_dagrun for example_trigger_controller_dag to 2021-01-01T00:00:00+00:00, run_after=2021-01-01T00:00:00+00:00
[2023-06-21T02:52:38.461+0000] {processor.py:179} INFO - Processing /home/airflow/.local/lib/python3.7/site-packages/airflow/example_dags/example_trigger_controller_dag.py took 0.762 seconds
[2023-06-21T02:53:16.760+0000] {processor.py:157} INFO - Started process (PID=129) to work on /home/airflow/.local/lib/python3.7/site-packages/airflow/example_dags/example_trigger_controller_dag.py
[2023-06-21T02:53:16.765+0000] {processor.py:826} INFO - Processing file /home/airflow/.local/lib/python3.7/site-packages/airflow/example_dags/example_trigger_controller_dag.py for tasks to queue
[2023-06-21T02:53:16.769+0000] {logging_mixin.py:149} INFO - [2023-06-21T02:53:16.768+0000] {dagbag.py:541} INFO - Filling up the DagBag from /home/airflow/.local/lib/python3.7/site-packages/airflow/example_dags/example_trigger_controller_dag.py
[2023-06-21T02:53:16.784+0000] {processor.py:836} INFO - DAG(s) dict_keys(['example_trigger_controller_dag']) retrieved from /home/airflow/.local/lib/python3.7/site-packages/airflow/example_dags/example_trigger_controller_dag.py
[2023-06-21T02:53:16.909+0000] {logging_mixin.py:149} INFO - [2023-06-21T02:53:16.909+0000] {dag.py:2726} INFO - Sync 1 DAGs
[2023-06-21T02:53:17.016+0000] {logging_mixin.py:149} INFO - [2023-06-21T02:53:17.015+0000] {dag.py:3490} INFO - Setting next_dagrun for example_trigger_controller_dag to 2021-01-01T00:00:00+00:00, run_after=2021-01-01T00:00:00+00:00
[2023-06-21T02:53:17.083+0000] {processor.py:179} INFO - Processing /home/airflow/.local/lib/python3.7/site-packages/airflow/example_dags/example_trigger_controller_dag.py took 0.332 seconds
[2023-06-21T02:53:47.752+0000] {processor.py:157} INFO - Started process (PID=186) to work on /home/airflow/.local/lib/python3.7/site-packages/airflow/example_dags/example_trigger_controller_dag.py
[2023-06-21T02:53:47.757+0000] {processor.py:826} INFO - Processing file /home/airflow/.local/lib/python3.7/site-packages/airflow/example_dags/example_trigger_controller_dag.py for tasks to queue
[2023-06-21T02:53:47.762+0000] {logging_mixin.py:149} INFO - [2023-06-21T02:53:47.761+0000] {dagbag.py:541} INFO - Filling up the DagBag from /home/airflow/.local/lib/python3.7/site-packages/airflow/example_dags/example_trigger_controller_dag.py
[2023-06-21T02:53:47.774+0000] {processor.py:836} INFO - DAG(s) dict_keys(['example_trigger_controller_dag']) retrieved from /home/airflow/.local/lib/python3.7/site-packages/airflow/example_dags/example_trigger_controller_dag.py
[2023-06-21T02:53:47.862+0000] {logging_mixin.py:149} INFO - [2023-06-21T02:53:47.861+0000] {dag.py:2726} INFO - Sync 1 DAGs
[2023-06-21T02:53:47.916+0000] {logging_mixin.py:149} INFO - [2023-06-21T02:53:47.916+0000] {dag.py:3490} INFO - Setting next_dagrun for example_trigger_controller_dag to 2021-01-01T00:00:00+00:00, run_after=2021-01-01T00:00:00+00:00
[2023-06-21T02:53:47.958+0000] {processor.py:179} INFO - Processing /home/airflow/.local/lib/python3.7/site-packages/airflow/example_dags/example_trigger_controller_dag.py took 0.221 seconds
[2023-06-21T02:54:18.366+0000] {processor.py:157} INFO - Started process (PID=243) to work on /home/airflow/.local/lib/python3.7/site-packages/airflow/example_dags/example_trigger_controller_dag.py
[2023-06-21T02:54:18.369+0000] {processor.py:826} INFO - Processing file /home/airflow/.local/lib/python3.7/site-packages/airflow/example_dags/example_trigger_controller_dag.py for tasks to queue
[2023-06-21T02:54:18.371+0000] {logging_mixin.py:149} INFO - [2023-06-21T02:54:18.370+0000] {dagbag.py:541} INFO - Filling up the DagBag from /home/airflow/.local/lib/python3.7/site-packages/airflow/example_dags/example_trigger_controller_dag.py
[2023-06-21T02:54:18.378+0000] {processor.py:836} INFO - DAG(s) dict_keys(['example_trigger_controller_dag']) retrieved from /home/airflow/.local/lib/python3.7/site-packages/airflow/example_dags/example_trigger_controller_dag.py
[2023-06-21T02:54:18.421+0000] {logging_mixin.py:149} INFO - [2023-06-21T02:54:18.421+0000] {dag.py:2726} INFO - Sync 1 DAGs
[2023-06-21T02:54:18.474+0000] {logging_mixin.py:149} INFO - [2023-06-21T02:54:18.473+0000] {dag.py:3490} INFO - Setting next_dagrun for example_trigger_controller_dag to 2021-01-01T00:00:00+00:00, run_after=2021-01-01T00:00:00+00:00
[2023-06-21T02:54:18.522+0000] {processor.py:179} INFO - Processing /home/airflow/.local/lib/python3.7/site-packages/airflow/example_dags/example_trigger_controller_dag.py took 0.162 seconds
[2023-06-21T02:54:48.936+0000] {processor.py:157} INFO - Started process (PID=300) to work on /home/airflow/.local/lib/python3.7/site-packages/airflow/example_dags/example_trigger_controller_dag.py
[2023-06-21T02:54:48.939+0000] {processor.py:826} INFO - Processing file /home/airflow/.local/lib/python3.7/site-packages/airflow/example_dags/example_trigger_controller_dag.py for tasks to queue
[2023-06-21T02:54:48.941+0000] {logging_mixin.py:149} INFO - [2023-06-21T02:54:48.941+0000] {dagbag.py:541} INFO - Filling up the DagBag from /home/airflow/.local/lib/python3.7/site-packages/airflow/example_dags/example_trigger_controller_dag.py
[2023-06-21T02:54:48.950+0000] {processor.py:836} INFO - DAG(s) dict_keys(['example_trigger_controller_dag']) retrieved from /home/airflow/.local/lib/python3.7/site-packages/airflow/example_dags/example_trigger_controller_dag.py
[2023-06-21T02:54:49.001+0000] {logging_mixin.py:149} INFO - [2023-06-21T02:54:49.001+0000] {dag.py:2726} INFO - Sync 1 DAGs
[2023-06-21T02:54:49.045+0000] {logging_mixin.py:149} INFO - [2023-06-21T02:54:49.044+0000] {dag.py:3490} INFO - Setting next_dagrun for example_trigger_controller_dag to 2021-01-01T00:00:00+00:00, run_after=2021-01-01T00:00:00+00:00
[2023-06-21T02:54:49.086+0000] {processor.py:179} INFO - Processing /home/airflow/.local/lib/python3.7/site-packages/airflow/example_dags/example_trigger_controller_dag.py took 0.156 seconds
[2023-06-21T02:55:20.850+0000] {processor.py:157} INFO - Started process (PID=357) to work on /home/airflow/.local/lib/python3.7/site-packages/airflow/example_dags/example_trigger_controller_dag.py
[2023-06-21T02:55:20.855+0000] {processor.py:826} INFO - Processing file /home/airflow/.local/lib/python3.7/site-packages/airflow/example_dags/example_trigger_controller_dag.py for tasks to queue
[2023-06-21T02:55:20.858+0000] {logging_mixin.py:149} INFO - [2023-06-21T02:55:20.857+0000] {dagbag.py:541} INFO - Filling up the DagBag from /home/airflow/.local/lib/python3.7/site-packages/airflow/example_dags/example_trigger_controller_dag.py
[2023-06-21T02:55:20.870+0000] {processor.py:836} INFO - DAG(s) dict_keys(['example_trigger_controller_dag']) retrieved from /home/airflow/.local/lib/python3.7/site-packages/airflow/example_dags/example_trigger_controller_dag.py
[2023-06-21T02:55:20.925+0000] {logging_mixin.py:149} INFO - [2023-06-21T02:55:20.925+0000] {dag.py:2726} INFO - Sync 1 DAGs
[2023-06-21T02:55:20.970+0000] {logging_mixin.py:149} INFO - [2023-06-21T02:55:20.970+0000] {dag.py:3490} INFO - Setting next_dagrun for example_trigger_controller_dag to 2021-01-01T00:00:00+00:00, run_after=2021-01-01T00:00:00+00:00
[2023-06-21T02:55:21.007+0000] {processor.py:179} INFO - Processing /home/airflow/.local/lib/python3.7/site-packages/airflow/example_dags/example_trigger_controller_dag.py took 0.168 seconds
[2023-06-21T02:55:51.860+0000] {processor.py:157} INFO - Started process (PID=414) to work on /home/airflow/.local/lib/python3.7/site-packages/airflow/example_dags/example_trigger_controller_dag.py
[2023-06-21T02:55:51.863+0000] {processor.py:826} INFO - Processing file /home/airflow/.local/lib/python3.7/site-packages/airflow/example_dags/example_trigger_controller_dag.py for tasks to queue
[2023-06-21T02:55:51.865+0000] {logging_mixin.py:149} INFO - [2023-06-21T02:55:51.864+0000] {dagbag.py:541} INFO - Filling up the DagBag from /home/airflow/.local/lib/python3.7/site-packages/airflow/example_dags/example_trigger_controller_dag.py
[2023-06-21T02:55:51.873+0000] {processor.py:836} INFO - DAG(s) dict_keys(['example_trigger_controller_dag']) retrieved from /home/airflow/.local/lib/python3.7/site-packages/airflow/example_dags/example_trigger_controller_dag.py
[2023-06-21T02:55:51.929+0000] {logging_mixin.py:149} INFO - [2023-06-21T02:55:51.929+0000] {dag.py:2726} INFO - Sync 1 DAGs
[2023-06-21T02:55:52.015+0000] {logging_mixin.py:149} INFO - [2023-06-21T02:55:52.014+0000] {dag.py:3490} INFO - Setting next_dagrun for example_trigger_controller_dag to 2021-01-01T00:00:00+00:00, run_after=2021-01-01T00:00:00+00:00
[2023-06-21T02:55:52.050+0000] {processor.py:179} INFO - Processing /home/airflow/.local/lib/python3.7/site-packages/airflow/example_dags/example_trigger_controller_dag.py took 0.197 seconds
[2023-06-21T03:05:32.786+0000] {processor.py:157} INFO - Started process (PID=491) to work on /home/airflow/.local/lib/python3.7/site-packages/airflow/example_dags/example_trigger_controller_dag.py
[2023-06-21T03:05:32.790+0000] {processor.py:826} INFO - Processing file /home/airflow/.local/lib/python3.7/site-packages/airflow/example_dags/example_trigger_controller_dag.py for tasks to queue
[2023-06-21T03:05:32.793+0000] {logging_mixin.py:149} INFO - [2023-06-21T03:05:32.792+0000] {dagbag.py:541} INFO - Filling up the DagBag from /home/airflow/.local/lib/python3.7/site-packages/airflow/example_dags/example_trigger_controller_dag.py
[2023-06-21T03:05:32.803+0000] {processor.py:836} INFO - DAG(s) dict_keys(['example_trigger_controller_dag']) retrieved from /home/airflow/.local/lib/python3.7/site-packages/airflow/example_dags/example_trigger_controller_dag.py
[2023-06-21T03:05:32.878+0000] {logging_mixin.py:149} INFO - [2023-06-21T03:05:32.877+0000] {dag.py:2726} INFO - Sync 1 DAGs
[2023-06-21T03:05:32.933+0000] {logging_mixin.py:149} INFO - [2023-06-21T03:05:32.932+0000] {dag.py:3490} INFO - Setting next_dagrun for example_trigger_controller_dag to 2021-01-01T00:00:00+00:00, run_after=2021-01-01T00:00:00+00:00
[2023-06-21T03:05:32.988+0000] {processor.py:179} INFO - Processing /home/airflow/.local/lib/python3.7/site-packages/airflow/example_dags/example_trigger_controller_dag.py took 0.214 seconds
[2023-06-21T03:06:04.193+0000] {processor.py:157} INFO - Started process (PID=547) to work on /home/airflow/.local/lib/python3.7/site-packages/airflow/example_dags/example_trigger_controller_dag.py
[2023-06-21T03:06:04.196+0000] {processor.py:826} INFO - Processing file /home/airflow/.local/lib/python3.7/site-packages/airflow/example_dags/example_trigger_controller_dag.py for tasks to queue
[2023-06-21T03:06:04.199+0000] {logging_mixin.py:149} INFO - [2023-06-21T03:06:04.198+0000] {dagbag.py:541} INFO - Filling up the DagBag from /home/airflow/.local/lib/python3.7/site-packages/airflow/example_dags/example_trigger_controller_dag.py
[2023-06-21T03:06:04.209+0000] {processor.py:836} INFO - DAG(s) dict_keys(['example_trigger_controller_dag']) retrieved from /home/airflow/.local/lib/python3.7/site-packages/airflow/example_dags/example_trigger_controller_dag.py
[2023-06-21T03:06:04.263+0000] {logging_mixin.py:149} INFO - [2023-06-21T03:06:04.263+0000] {dag.py:2726} INFO - Sync 1 DAGs
[2023-06-21T03:06:04.316+0000] {logging_mixin.py:149} INFO - [2023-06-21T03:06:04.316+0000] {dag.py:3490} INFO - Setting next_dagrun for example_trigger_controller_dag to 2021-01-01T00:00:00+00:00, run_after=2021-01-01T00:00:00+00:00
[2023-06-21T03:06:04.357+0000] {processor.py:179} INFO - Processing /home/airflow/.local/lib/python3.7/site-packages/airflow/example_dags/example_trigger_controller_dag.py took 0.172 seconds
[2023-06-21T03:06:35.706+0000] {processor.py:157} INFO - Started process (PID=604) to work on /home/airflow/.local/lib/python3.7/site-packages/airflow/example_dags/example_trigger_controller_dag.py
[2023-06-21T03:06:35.711+0000] {processor.py:826} INFO - Processing file /home/airflow/.local/lib/python3.7/site-packages/airflow/example_dags/example_trigger_controller_dag.py for tasks to queue
[2023-06-21T03:06:35.716+0000] {logging_mixin.py:149} INFO - [2023-06-21T03:06:35.716+0000] {dagbag.py:541} INFO - Filling up the DagBag from /home/airflow/.local/lib/python3.7/site-packages/airflow/example_dags/example_trigger_controller_dag.py
[2023-06-21T03:06:35.727+0000] {processor.py:836} INFO - DAG(s) dict_keys(['example_trigger_controller_dag']) retrieved from /home/airflow/.local/lib/python3.7/site-packages/airflow/example_dags/example_trigger_controller_dag.py
[2023-06-21T03:06:35.798+0000] {logging_mixin.py:149} INFO - [2023-06-21T03:06:35.797+0000] {dag.py:2726} INFO - Sync 1 DAGs
[2023-06-21T03:06:35.863+0000] {logging_mixin.py:149} INFO - [2023-06-21T03:06:35.862+0000] {dag.py:3490} INFO - Setting next_dagrun for example_trigger_controller_dag to 2021-01-01T00:00:00+00:00, run_after=2021-01-01T00:00:00+00:00
[2023-06-21T03:06:35.917+0000] {processor.py:179} INFO - Processing /home/airflow/.local/lib/python3.7/site-packages/airflow/example_dags/example_trigger_controller_dag.py took 0.226 seconds
[2023-06-21T03:07:06.338+0000] {processor.py:157} INFO - Started process (PID=662) to work on /home/airflow/.local/lib/python3.7/site-packages/airflow/example_dags/example_trigger_controller_dag.py
[2023-06-21T03:07:06.343+0000] {processor.py:826} INFO - Processing file /home/airflow/.local/lib/python3.7/site-packages/airflow/example_dags/example_trigger_controller_dag.py for tasks to queue
[2023-06-21T03:07:06.347+0000] {logging_mixin.py:149} INFO - [2023-06-21T03:07:06.346+0000] {dagbag.py:541} INFO - Filling up the DagBag from /home/airflow/.local/lib/python3.7/site-packages/airflow/example_dags/example_trigger_controller_dag.py
[2023-06-21T03:07:06.366+0000] {processor.py:836} INFO - DAG(s) dict_keys(['example_trigger_controller_dag']) retrieved from /home/airflow/.local/lib/python3.7/site-packages/airflow/example_dags/example_trigger_controller_dag.py
[2023-06-21T03:07:06.452+0000] {logging_mixin.py:149} INFO - [2023-06-21T03:07:06.452+0000] {dag.py:2726} INFO - Sync 1 DAGs
[2023-06-21T03:07:06.526+0000] {logging_mixin.py:149} INFO - [2023-06-21T03:07:06.526+0000] {dag.py:3490} INFO - Setting next_dagrun for example_trigger_controller_dag to 2021-01-01T00:00:00+00:00, run_after=2021-01-01T00:00:00+00:00
[2023-06-21T03:07:06.586+0000] {processor.py:179} INFO - Processing /home/airflow/.local/lib/python3.7/site-packages/airflow/example_dags/example_trigger_controller_dag.py took 0.258 seconds
[2023-06-21T03:07:37.340+0000] {processor.py:157} INFO - Started process (PID=719) to work on /home/airflow/.local/lib/python3.7/site-packages/airflow/example_dags/example_trigger_controller_dag.py
[2023-06-21T03:07:37.345+0000] {processor.py:826} INFO - Processing file /home/airflow/.local/lib/python3.7/site-packages/airflow/example_dags/example_trigger_controller_dag.py for tasks to queue
[2023-06-21T03:07:37.348+0000] {logging_mixin.py:149} INFO - [2023-06-21T03:07:37.347+0000] {dagbag.py:541} INFO - Filling up the DagBag from /home/airflow/.local/lib/python3.7/site-packages/airflow/example_dags/example_trigger_controller_dag.py
[2023-06-21T03:07:37.365+0000] {processor.py:836} INFO - DAG(s) dict_keys(['example_trigger_controller_dag']) retrieved from /home/airflow/.local/lib/python3.7/site-packages/airflow/example_dags/example_trigger_controller_dag.py
[2023-06-21T03:07:37.481+0000] {logging_mixin.py:149} INFO - [2023-06-21T03:07:37.480+0000] {dag.py:2726} INFO - Sync 1 DAGs
[2023-06-21T03:07:37.534+0000] {logging_mixin.py:149} INFO - [2023-06-21T03:07:37.534+0000] {dag.py:3490} INFO - Setting next_dagrun for example_trigger_controller_dag to 2021-01-01T00:00:00+00:00, run_after=2021-01-01T00:00:00+00:00
[2023-06-21T03:07:37.584+0000] {processor.py:179} INFO - Processing /home/airflow/.local/lib/python3.7/site-packages/airflow/example_dags/example_trigger_controller_dag.py took 0.254 seconds
[2023-06-21T03:08:08.292+0000] {processor.py:157} INFO - Started process (PID=776) to work on /home/airflow/.local/lib/python3.7/site-packages/airflow/example_dags/example_trigger_controller_dag.py
[2023-06-21T03:08:08.301+0000] {processor.py:826} INFO - Processing file /home/airflow/.local/lib/python3.7/site-packages/airflow/example_dags/example_trigger_controller_dag.py for tasks to queue
[2023-06-21T03:08:08.305+0000] {logging_mixin.py:149} INFO - [2023-06-21T03:08:08.305+0000] {dagbag.py:541} INFO - Filling up the DagBag from /home/airflow/.local/lib/python3.7/site-packages/airflow/example_dags/example_trigger_controller_dag.py
[2023-06-21T03:08:08.317+0000] {processor.py:836} INFO - DAG(s) dict_keys(['example_trigger_controller_dag']) retrieved from /home/airflow/.local/lib/python3.7/site-packages/airflow/example_dags/example_trigger_controller_dag.py
[2023-06-21T03:08:08.373+0000] {logging_mixin.py:149} INFO - [2023-06-21T03:08:08.373+0000] {dag.py:2726} INFO - Sync 1 DAGs
[2023-06-21T03:08:08.431+0000] {logging_mixin.py:149} INFO - [2023-06-21T03:08:08.431+0000] {dag.py:3490} INFO - Setting next_dagrun for example_trigger_controller_dag to 2021-01-01T00:00:00+00:00, run_after=2021-01-01T00:00:00+00:00
[2023-06-21T03:08:08.472+0000] {processor.py:179} INFO - Processing /home/airflow/.local/lib/python3.7/site-packages/airflow/example_dags/example_trigger_controller_dag.py took 0.192 seconds
[2023-06-21T03:08:38.952+0000] {processor.py:157} INFO - Started process (PID=833) to work on /home/airflow/.local/lib/python3.7/site-packages/airflow/example_dags/example_trigger_controller_dag.py
[2023-06-21T03:08:38.955+0000] {processor.py:826} INFO - Processing file /home/airflow/.local/lib/python3.7/site-packages/airflow/example_dags/example_trigger_controller_dag.py for tasks to queue
[2023-06-21T03:08:38.959+0000] {logging_mixin.py:149} INFO - [2023-06-21T03:08:38.959+0000] {dagbag.py:541} INFO - Filling up the DagBag from /home/airflow/.local/lib/python3.7/site-packages/airflow/example_dags/example_trigger_controller_dag.py
[2023-06-21T03:08:38.970+0000] {processor.py:836} INFO - DAG(s) dict_keys(['example_trigger_controller_dag']) retrieved from /home/airflow/.local/lib/python3.7/site-packages/airflow/example_dags/example_trigger_controller_dag.py
[2023-06-21T03:08:39.032+0000] {logging_mixin.py:149} INFO - [2023-06-21T03:08:39.031+0000] {dag.py:2726} INFO - Sync 1 DAGs
[2023-06-21T03:08:39.082+0000] {logging_mixin.py:149} INFO - [2023-06-21T03:08:39.082+0000] {dag.py:3490} INFO - Setting next_dagrun for example_trigger_controller_dag to 2021-01-01T00:00:00+00:00, run_after=2021-01-01T00:00:00+00:00
[2023-06-21T03:08:39.135+0000] {processor.py:179} INFO - Processing /home/airflow/.local/lib/python3.7/site-packages/airflow/example_dags/example_trigger_controller_dag.py took 0.194 seconds
[2023-06-21T03:09:09.289+0000] {processor.py:157} INFO - Started process (PID=891) to work on /home/airflow/.local/lib/python3.7/site-packages/airflow/example_dags/example_trigger_controller_dag.py
[2023-06-21T03:09:09.291+0000] {processor.py:826} INFO - Processing file /home/airflow/.local/lib/python3.7/site-packages/airflow/example_dags/example_trigger_controller_dag.py for tasks to queue
[2023-06-21T03:09:09.294+0000] {logging_mixin.py:149} INFO - [2023-06-21T03:09:09.293+0000] {dagbag.py:541} INFO - Filling up the DagBag from /home/airflow/.local/lib/python3.7/site-packages/airflow/example_dags/example_trigger_controller_dag.py
[2023-06-21T03:09:09.302+0000] {processor.py:836} INFO - DAG(s) dict_keys(['example_trigger_controller_dag']) retrieved from /home/airflow/.local/lib/python3.7/site-packages/airflow/example_dags/example_trigger_controller_dag.py
[2023-06-21T03:09:09.346+0000] {logging_mixin.py:149} INFO - [2023-06-21T03:09:09.346+0000] {dag.py:2726} INFO - Sync 1 DAGs
[2023-06-21T03:09:09.387+0000] {logging_mixin.py:149} INFO - [2023-06-21T03:09:09.387+0000] {dag.py:3490} INFO - Setting next_dagrun for example_trigger_controller_dag to 2021-01-01T00:00:00+00:00, run_after=2021-01-01T00:00:00+00:00
[2023-06-21T03:09:09.421+0000] {processor.py:179} INFO - Processing /home/airflow/.local/lib/python3.7/site-packages/airflow/example_dags/example_trigger_controller_dag.py took 0.138 seconds
[2023-06-21T03:09:39.631+0000] {processor.py:157} INFO - Started process (PID=947) to work on /home/airflow/.local/lib/python3.7/site-packages/airflow/example_dags/example_trigger_controller_dag.py
[2023-06-21T03:09:39.634+0000] {processor.py:826} INFO - Processing file /home/airflow/.local/lib/python3.7/site-packages/airflow/example_dags/example_trigger_controller_dag.py for tasks to queue
[2023-06-21T03:09:39.638+0000] {logging_mixin.py:149} INFO - [2023-06-21T03:09:39.637+0000] {dagbag.py:541} INFO - Filling up the DagBag from /home/airflow/.local/lib/python3.7/site-packages/airflow/example_dags/example_trigger_controller_dag.py
[2023-06-21T03:09:39.653+0000] {processor.py:836} INFO - DAG(s) dict_keys(['example_trigger_controller_dag']) retrieved from /home/airflow/.local/lib/python3.7/site-packages/airflow/example_dags/example_trigger_controller_dag.py
[2023-06-21T03:09:39.698+0000] {logging_mixin.py:149} INFO - [2023-06-21T03:09:39.698+0000] {dag.py:2726} INFO - Sync 1 DAGs
[2023-06-21T03:09:39.744+0000] {logging_mixin.py:149} INFO - [2023-06-21T03:09:39.744+0000] {dag.py:3490} INFO - Setting next_dagrun for example_trigger_controller_dag to 2021-01-01T00:00:00+00:00, run_after=2021-01-01T00:00:00+00:00
[2023-06-21T03:09:39.780+0000] {processor.py:179} INFO - Processing /home/airflow/.local/lib/python3.7/site-packages/airflow/example_dags/example_trigger_controller_dag.py took 0.161 seconds
