[2023-06-21T02:52:13.925+0000] {processor.py:157} INFO - Started process (PID=50) to work on /home/airflow/.local/lib/python3.7/site-packages/airflow/example_dags/example_sla_dag.py
[2023-06-21T02:52:13.931+0000] {processor.py:826} INFO - Processing file /home/airflow/.local/lib/python3.7/site-packages/airflow/example_dags/example_sla_dag.py for tasks to queue
[2023-06-21T02:52:13.948+0000] {logging_mixin.py:149} INFO - [2023-06-21T02:52:13.944+0000] {dagbag.py:541} INFO - Filling up the DagBag from /home/airflow/.local/lib/python3.7/site-packages/airflow/example_dags/example_sla_dag.py
[2023-06-21T02:52:14.021+0000] {processor.py:836} INFO - DAG(s) dict_keys(['example_sla_dag']) retrieved from /home/airflow/.local/lib/python3.7/site-packages/airflow/example_dags/example_sla_dag.py
[2023-06-21T02:52:14.173+0000] {logging_mixin.py:149} INFO - [2023-06-21T02:52:14.173+0000] {dag.py:2726} INFO - Sync 1 DAGs
[2023-06-21T02:52:14.548+0000] {logging_mixin.py:149} INFO - [2023-06-21T02:52:14.548+0000] {dag.py:3490} INFO - Setting next_dagrun for example_sla_dag to 2023-06-21T02:50:00+00:00, run_after=2023-06-21T02:52:00+00:00
[2023-06-21T02:52:14.653+0000] {processor.py:179} INFO - Processing /home/airflow/.local/lib/python3.7/site-packages/airflow/example_dags/example_sla_dag.py took 0.739 seconds
[2023-06-21T02:53:08.345+0000] {processor.py:157} INFO - Started process (PID=108) to work on /home/airflow/.local/lib/python3.7/site-packages/airflow/example_dags/example_sla_dag.py
[2023-06-21T02:53:08.344+0000] {processor.py:826} INFO - Processing file /home/airflow/.local/lib/python3.7/site-packages/airflow/example_dags/example_sla_dag.py for tasks to queue
[2023-06-21T02:53:08.372+0000] {logging_mixin.py:149} INFO - [2023-06-21T02:53:08.371+0000] {dagbag.py:541} INFO - Filling up the DagBag from /home/airflow/.local/lib/python3.7/site-packages/airflow/example_dags/example_sla_dag.py
[2023-06-21T02:53:08.636+0000] {processor.py:836} INFO - DAG(s) dict_keys(['example_sla_dag']) retrieved from /home/airflow/.local/lib/python3.7/site-packages/airflow/example_dags/example_sla_dag.py
[2023-06-21T02:53:09.125+0000] {logging_mixin.py:149} INFO - [2023-06-21T02:53:09.125+0000] {dag.py:2726} INFO - Sync 1 DAGs
[2023-06-21T02:53:10.202+0000] {logging_mixin.py:149} INFO - [2023-06-21T02:53:10.202+0000] {dag.py:3490} INFO - Setting next_dagrun for example_sla_dag to 2023-06-21T02:50:00+00:00, run_after=2023-06-21T02:52:00+00:00
[2023-06-21T02:53:10.396+0000] {processor.py:179} INFO - Processing /home/airflow/.local/lib/python3.7/site-packages/airflow/example_dags/example_sla_dag.py took 2.142 seconds
[2023-06-21T02:53:41.325+0000] {processor.py:157} INFO - Started process (PID=166) to work on /home/airflow/.local/lib/python3.7/site-packages/airflow/example_dags/example_sla_dag.py
[2023-06-21T02:53:41.329+0000] {processor.py:826} INFO - Processing file /home/airflow/.local/lib/python3.7/site-packages/airflow/example_dags/example_sla_dag.py for tasks to queue
[2023-06-21T02:53:41.332+0000] {logging_mixin.py:149} INFO - [2023-06-21T02:53:41.332+0000] {dagbag.py:541} INFO - Filling up the DagBag from /home/airflow/.local/lib/python3.7/site-packages/airflow/example_dags/example_sla_dag.py
[2023-06-21T02:53:41.357+0000] {processor.py:836} INFO - DAG(s) dict_keys(['example_sla_dag']) retrieved from /home/airflow/.local/lib/python3.7/site-packages/airflow/example_dags/example_sla_dag.py
[2023-06-21T02:53:41.411+0000] {logging_mixin.py:149} INFO - [2023-06-21T02:53:41.411+0000] {dag.py:2726} INFO - Sync 1 DAGs
[2023-06-21T02:53:41.476+0000] {logging_mixin.py:149} INFO - [2023-06-21T02:53:41.476+0000] {dag.py:3490} INFO - Setting next_dagrun for example_sla_dag to 2023-06-21T02:50:00+00:00, run_after=2023-06-21T02:52:00+00:00
[2023-06-21T02:53:41.534+0000] {processor.py:179} INFO - Processing /home/airflow/.local/lib/python3.7/site-packages/airflow/example_dags/example_sla_dag.py took 0.226 seconds
[2023-06-21T02:54:11.854+0000] {processor.py:157} INFO - Started process (PID=223) to work on /home/airflow/.local/lib/python3.7/site-packages/airflow/example_dags/example_sla_dag.py
[2023-06-21T02:54:11.858+0000] {processor.py:826} INFO - Processing file /home/airflow/.local/lib/python3.7/site-packages/airflow/example_dags/example_sla_dag.py for tasks to queue
[2023-06-21T02:54:11.860+0000] {logging_mixin.py:149} INFO - [2023-06-21T02:54:11.859+0000] {dagbag.py:541} INFO - Filling up the DagBag from /home/airflow/.local/lib/python3.7/site-packages/airflow/example_dags/example_sla_dag.py
[2023-06-21T02:54:11.875+0000] {processor.py:836} INFO - DAG(s) dict_keys(['example_sla_dag']) retrieved from /home/airflow/.local/lib/python3.7/site-packages/airflow/example_dags/example_sla_dag.py
[2023-06-21T02:54:11.941+0000] {logging_mixin.py:149} INFO - [2023-06-21T02:54:11.940+0000] {dag.py:2726} INFO - Sync 1 DAGs
[2023-06-21T02:54:12.020+0000] {logging_mixin.py:149} INFO - [2023-06-21T02:54:12.019+0000] {dag.py:3490} INFO - Setting next_dagrun for example_sla_dag to 2023-06-21T02:52:00+00:00, run_after=2023-06-21T02:54:00+00:00
[2023-06-21T02:54:12.064+0000] {processor.py:179} INFO - Processing /home/airflow/.local/lib/python3.7/site-packages/airflow/example_dags/example_sla_dag.py took 0.216 seconds
[2023-06-21T02:54:42.203+0000] {processor.py:157} INFO - Started process (PID=280) to work on /home/airflow/.local/lib/python3.7/site-packages/airflow/example_dags/example_sla_dag.py
[2023-06-21T02:54:42.206+0000] {processor.py:826} INFO - Processing file /home/airflow/.local/lib/python3.7/site-packages/airflow/example_dags/example_sla_dag.py for tasks to queue
[2023-06-21T02:54:42.207+0000] {logging_mixin.py:149} INFO - [2023-06-21T02:54:42.207+0000] {dagbag.py:541} INFO - Filling up the DagBag from /home/airflow/.local/lib/python3.7/site-packages/airflow/example_dags/example_sla_dag.py
[2023-06-21T02:54:42.222+0000] {processor.py:836} INFO - DAG(s) dict_keys(['example_sla_dag']) retrieved from /home/airflow/.local/lib/python3.7/site-packages/airflow/example_dags/example_sla_dag.py
[2023-06-21T02:54:42.267+0000] {logging_mixin.py:149} INFO - [2023-06-21T02:54:42.267+0000] {dag.py:2726} INFO - Sync 1 DAGs
[2023-06-21T02:54:42.325+0000] {logging_mixin.py:149} INFO - [2023-06-21T02:54:42.324+0000] {dag.py:3490} INFO - Setting next_dagrun for example_sla_dag to 2023-06-21T02:52:00+00:00, run_after=2023-06-21T02:54:00+00:00
[2023-06-21T02:54:42.361+0000] {processor.py:179} INFO - Processing /home/airflow/.local/lib/python3.7/site-packages/airflow/example_dags/example_sla_dag.py took 0.167 seconds
[2023-06-21T02:55:12.498+0000] {processor.py:157} INFO - Started process (PID=337) to work on /home/airflow/.local/lib/python3.7/site-packages/airflow/example_dags/example_sla_dag.py
[2023-06-21T02:55:12.501+0000] {processor.py:826} INFO - Processing file /home/airflow/.local/lib/python3.7/site-packages/airflow/example_dags/example_sla_dag.py for tasks to queue
[2023-06-21T02:55:12.503+0000] {logging_mixin.py:149} INFO - [2023-06-21T02:55:12.502+0000] {dagbag.py:541} INFO - Filling up the DagBag from /home/airflow/.local/lib/python3.7/site-packages/airflow/example_dags/example_sla_dag.py
[2023-06-21T02:55:12.519+0000] {processor.py:836} INFO - DAG(s) dict_keys(['example_sla_dag']) retrieved from /home/airflow/.local/lib/python3.7/site-packages/airflow/example_dags/example_sla_dag.py
[2023-06-21T02:55:12.567+0000] {logging_mixin.py:149} INFO - [2023-06-21T02:55:12.567+0000] {dag.py:2726} INFO - Sync 1 DAGs
[2023-06-21T02:55:12.611+0000] {logging_mixin.py:149} INFO - [2023-06-21T02:55:12.611+0000] {dag.py:3490} INFO - Setting next_dagrun for example_sla_dag to 2023-06-21T02:52:00+00:00, run_after=2023-06-21T02:54:00+00:00
[2023-06-21T02:55:12.651+0000] {processor.py:179} INFO - Processing /home/airflow/.local/lib/python3.7/site-packages/airflow/example_dags/example_sla_dag.py took 0.160 seconds
[2023-06-21T02:55:42.981+0000] {processor.py:157} INFO - Started process (PID=395) to work on /home/airflow/.local/lib/python3.7/site-packages/airflow/example_dags/example_sla_dag.py
[2023-06-21T02:55:42.984+0000] {processor.py:826} INFO - Processing file /home/airflow/.local/lib/python3.7/site-packages/airflow/example_dags/example_sla_dag.py for tasks to queue
[2023-06-21T02:55:42.986+0000] {logging_mixin.py:149} INFO - [2023-06-21T02:55:42.986+0000] {dagbag.py:541} INFO - Filling up the DagBag from /home/airflow/.local/lib/python3.7/site-packages/airflow/example_dags/example_sla_dag.py
[2023-06-21T02:55:43.001+0000] {processor.py:836} INFO - DAG(s) dict_keys(['example_sla_dag']) retrieved from /home/airflow/.local/lib/python3.7/site-packages/airflow/example_dags/example_sla_dag.py
[2023-06-21T02:55:43.047+0000] {logging_mixin.py:149} INFO - [2023-06-21T02:55:43.047+0000] {dag.py:2726} INFO - Sync 1 DAGs
[2023-06-21T02:55:43.093+0000] {logging_mixin.py:149} INFO - [2023-06-21T02:55:43.093+0000] {dag.py:3490} INFO - Setting next_dagrun for example_sla_dag to 2023-06-21T02:52:00+00:00, run_after=2023-06-21T02:54:00+00:00
[2023-06-21T02:55:43.132+0000] {processor.py:179} INFO - Processing /home/airflow/.local/lib/python3.7/site-packages/airflow/example_dags/example_sla_dag.py took 0.157 seconds
[2023-06-21T02:56:18.794+0000] {processor.py:157} INFO - Started process (PID=452) to work on /home/airflow/.local/lib/python3.7/site-packages/airflow/example_dags/example_sla_dag.py
[2023-06-21T02:56:18.797+0000] {processor.py:826} INFO - Processing file /home/airflow/.local/lib/python3.7/site-packages/airflow/example_dags/example_sla_dag.py for tasks to queue
[2023-06-21T02:56:18.799+0000] {logging_mixin.py:149} INFO - [2023-06-21T02:56:18.798+0000] {dagbag.py:541} INFO - Filling up the DagBag from /home/airflow/.local/lib/python3.7/site-packages/airflow/example_dags/example_sla_dag.py
[2023-06-21T02:56:18.814+0000] {processor.py:836} INFO - DAG(s) dict_keys(['example_sla_dag']) retrieved from /home/airflow/.local/lib/python3.7/site-packages/airflow/example_dags/example_sla_dag.py
[2023-06-21T02:56:18.862+0000] {logging_mixin.py:149} INFO - [2023-06-21T02:56:18.862+0000] {dag.py:2726} INFO - Sync 1 DAGs
[2023-06-21T02:56:18.918+0000] {logging_mixin.py:149} INFO - [2023-06-21T02:56:18.917+0000] {dag.py:3490} INFO - Setting next_dagrun for example_sla_dag to 2023-06-21T02:54:00+00:00, run_after=2023-06-21T02:56:00+00:00
[2023-06-21T02:56:18.959+0000] {processor.py:179} INFO - Processing /home/airflow/.local/lib/python3.7/site-packages/airflow/example_dags/example_sla_dag.py took 0.170 seconds
[2023-06-21T03:05:29.113+0000] {processor.py:157} INFO - Started process (PID=476) to work on /home/airflow/.local/lib/python3.7/site-packages/airflow/example_dags/example_sla_dag.py
[2023-06-21T03:05:29.118+0000] {processor.py:826} INFO - Processing file /home/airflow/.local/lib/python3.7/site-packages/airflow/example_dags/example_sla_dag.py for tasks to queue
[2023-06-21T03:05:29.123+0000] {logging_mixin.py:149} INFO - [2023-06-21T03:05:29.122+0000] {dagbag.py:541} INFO - Filling up the DagBag from /home/airflow/.local/lib/python3.7/site-packages/airflow/example_dags/example_sla_dag.py
[2023-06-21T03:05:29.164+0000] {processor.py:836} INFO - DAG(s) dict_keys(['example_sla_dag']) retrieved from /home/airflow/.local/lib/python3.7/site-packages/airflow/example_dags/example_sla_dag.py
[2023-06-21T03:05:29.302+0000] {logging_mixin.py:149} INFO - [2023-06-21T03:05:29.302+0000] {dag.py:2726} INFO - Sync 1 DAGs
[2023-06-21T03:05:29.460+0000] {logging_mixin.py:149} INFO - [2023-06-21T03:05:29.459+0000] {dag.py:3490} INFO - Setting next_dagrun for example_sla_dag to 2023-06-21T03:02:00+00:00, run_after=2023-06-21T03:04:00+00:00
[2023-06-21T03:05:29.558+0000] {processor.py:179} INFO - Processing /home/airflow/.local/lib/python3.7/site-packages/airflow/example_dags/example_sla_dag.py took 0.460 seconds
[2023-06-21T03:05:59.904+0000] {processor.py:157} INFO - Started process (PID=532) to work on /home/airflow/.local/lib/python3.7/site-packages/airflow/example_dags/example_sla_dag.py
[2023-06-21T03:05:59.908+0000] {processor.py:826} INFO - Processing file /home/airflow/.local/lib/python3.7/site-packages/airflow/example_dags/example_sla_dag.py for tasks to queue
[2023-06-21T03:05:59.911+0000] {logging_mixin.py:149} INFO - [2023-06-21T03:05:59.911+0000] {dagbag.py:541} INFO - Filling up the DagBag from /home/airflow/.local/lib/python3.7/site-packages/airflow/example_dags/example_sla_dag.py
[2023-06-21T03:05:59.945+0000] {processor.py:836} INFO - DAG(s) dict_keys(['example_sla_dag']) retrieved from /home/airflow/.local/lib/python3.7/site-packages/airflow/example_dags/example_sla_dag.py
[2023-06-21T03:06:00.020+0000] {logging_mixin.py:149} INFO - [2023-06-21T03:06:00.020+0000] {dag.py:2726} INFO - Sync 1 DAGs
[2023-06-21T03:06:00.085+0000] {logging_mixin.py:149} INFO - [2023-06-21T03:06:00.085+0000] {dag.py:3490} INFO - Setting next_dagrun for example_sla_dag to 2023-06-21T03:04:00+00:00, run_after=2023-06-21T03:06:00+00:00
[2023-06-21T03:06:00.140+0000] {processor.py:179} INFO - Processing /home/airflow/.local/lib/python3.7/site-packages/airflow/example_dags/example_sla_dag.py took 0.257 seconds
[2023-06-21T03:06:30.931+0000] {processor.py:157} INFO - Started process (PID=589) to work on /home/airflow/.local/lib/python3.7/site-packages/airflow/example_dags/example_sla_dag.py
[2023-06-21T03:06:30.941+0000] {processor.py:826} INFO - Processing file /home/airflow/.local/lib/python3.7/site-packages/airflow/example_dags/example_sla_dag.py for tasks to queue
[2023-06-21T03:06:30.949+0000] {logging_mixin.py:149} INFO - [2023-06-21T03:06:30.948+0000] {dagbag.py:541} INFO - Filling up the DagBag from /home/airflow/.local/lib/python3.7/site-packages/airflow/example_dags/example_sla_dag.py
[2023-06-21T03:06:30.992+0000] {processor.py:836} INFO - DAG(s) dict_keys(['example_sla_dag']) retrieved from /home/airflow/.local/lib/python3.7/site-packages/airflow/example_dags/example_sla_dag.py
[2023-06-21T03:06:31.121+0000] {logging_mixin.py:149} INFO - [2023-06-21T03:06:31.121+0000] {dag.py:2726} INFO - Sync 1 DAGs
[2023-06-21T03:06:31.264+0000] {logging_mixin.py:149} INFO - [2023-06-21T03:06:31.263+0000] {dag.py:3490} INFO - Setting next_dagrun for example_sla_dag to 2023-06-21T03:04:00+00:00, run_after=2023-06-21T03:06:00+00:00
[2023-06-21T03:06:31.334+0000] {processor.py:179} INFO - Processing /home/airflow/.local/lib/python3.7/site-packages/airflow/example_dags/example_sla_dag.py took 0.422 seconds
[2023-06-21T03:07:01.418+0000] {processor.py:157} INFO - Started process (PID=647) to work on /home/airflow/.local/lib/python3.7/site-packages/airflow/example_dags/example_sla_dag.py
[2023-06-21T03:07:01.420+0000] {processor.py:826} INFO - Processing file /home/airflow/.local/lib/python3.7/site-packages/airflow/example_dags/example_sla_dag.py for tasks to queue
[2023-06-21T03:07:01.422+0000] {logging_mixin.py:149} INFO - [2023-06-21T03:07:01.422+0000] {dagbag.py:541} INFO - Filling up the DagBag from /home/airflow/.local/lib/python3.7/site-packages/airflow/example_dags/example_sla_dag.py
[2023-06-21T03:07:01.442+0000] {processor.py:836} INFO - DAG(s) dict_keys(['example_sla_dag']) retrieved from /home/airflow/.local/lib/python3.7/site-packages/airflow/example_dags/example_sla_dag.py
[2023-06-21T03:07:01.500+0000] {logging_mixin.py:149} INFO - [2023-06-21T03:07:01.499+0000] {dag.py:2726} INFO - Sync 1 DAGs
[2023-06-21T03:07:01.551+0000] {logging_mixin.py:149} INFO - [2023-06-21T03:07:01.550+0000] {dag.py:3490} INFO - Setting next_dagrun for example_sla_dag to 2023-06-21T03:04:00+00:00, run_after=2023-06-21T03:06:00+00:00
[2023-06-21T03:07:01.622+0000] {processor.py:179} INFO - Processing /home/airflow/.local/lib/python3.7/site-packages/airflow/example_dags/example_sla_dag.py took 0.216 seconds
[2023-06-21T03:07:32.018+0000] {processor.py:157} INFO - Started process (PID=704) to work on /home/airflow/.local/lib/python3.7/site-packages/airflow/example_dags/example_sla_dag.py
[2023-06-21T03:07:32.022+0000] {processor.py:826} INFO - Processing file /home/airflow/.local/lib/python3.7/site-packages/airflow/example_dags/example_sla_dag.py for tasks to queue
[2023-06-21T03:07:32.025+0000] {logging_mixin.py:149} INFO - [2023-06-21T03:07:32.024+0000] {dagbag.py:541} INFO - Filling up the DagBag from /home/airflow/.local/lib/python3.7/site-packages/airflow/example_dags/example_sla_dag.py
[2023-06-21T03:07:32.067+0000] {processor.py:836} INFO - DAG(s) dict_keys(['example_sla_dag']) retrieved from /home/airflow/.local/lib/python3.7/site-packages/airflow/example_dags/example_sla_dag.py
[2023-06-21T03:07:32.121+0000] {logging_mixin.py:149} INFO - [2023-06-21T03:07:32.121+0000] {dag.py:2726} INFO - Sync 1 DAGs
[2023-06-21T03:07:32.175+0000] {logging_mixin.py:149} INFO - [2023-06-21T03:07:32.175+0000] {dag.py:3490} INFO - Setting next_dagrun for example_sla_dag to 2023-06-21T03:04:00+00:00, run_after=2023-06-21T03:06:00+00:00
[2023-06-21T03:07:32.218+0000] {processor.py:179} INFO - Processing /home/airflow/.local/lib/python3.7/site-packages/airflow/example_dags/example_sla_dag.py took 0.214 seconds
[2023-06-21T03:08:02.900+0000] {processor.py:157} INFO - Started process (PID=761) to work on /home/airflow/.local/lib/python3.7/site-packages/airflow/example_dags/example_sla_dag.py
[2023-06-21T03:08:02.903+0000] {processor.py:826} INFO - Processing file /home/airflow/.local/lib/python3.7/site-packages/airflow/example_dags/example_sla_dag.py for tasks to queue
[2023-06-21T03:08:02.905+0000] {logging_mixin.py:149} INFO - [2023-06-21T03:08:02.905+0000] {dagbag.py:541} INFO - Filling up the DagBag from /home/airflow/.local/lib/python3.7/site-packages/airflow/example_dags/example_sla_dag.py
[2023-06-21T03:08:02.929+0000] {processor.py:836} INFO - DAG(s) dict_keys(['example_sla_dag']) retrieved from /home/airflow/.local/lib/python3.7/site-packages/airflow/example_dags/example_sla_dag.py
[2023-06-21T03:08:02.995+0000] {logging_mixin.py:149} INFO - [2023-06-21T03:08:02.994+0000] {dag.py:2726} INFO - Sync 1 DAGs
[2023-06-21T03:08:03.101+0000] {logging_mixin.py:149} INFO - [2023-06-21T03:08:03.100+0000] {dag.py:3490} INFO - Setting next_dagrun for example_sla_dag to 2023-06-21T03:06:00+00:00, run_after=2023-06-21T03:08:00+00:00
[2023-06-21T03:08:03.150+0000] {processor.py:179} INFO - Processing /home/airflow/.local/lib/python3.7/site-packages/airflow/example_dags/example_sla_dag.py took 0.261 seconds
[2023-06-21T03:08:33.242+0000] {processor.py:157} INFO - Started process (PID=818) to work on /home/airflow/.local/lib/python3.7/site-packages/airflow/example_dags/example_sla_dag.py
[2023-06-21T03:08:33.247+0000] {processor.py:826} INFO - Processing file /home/airflow/.local/lib/python3.7/site-packages/airflow/example_dags/example_sla_dag.py for tasks to queue
[2023-06-21T03:08:33.250+0000] {logging_mixin.py:149} INFO - [2023-06-21T03:08:33.250+0000] {dagbag.py:541} INFO - Filling up the DagBag from /home/airflow/.local/lib/python3.7/site-packages/airflow/example_dags/example_sla_dag.py
[2023-06-21T03:08:33.273+0000] {processor.py:836} INFO - DAG(s) dict_keys(['example_sla_dag']) retrieved from /home/airflow/.local/lib/python3.7/site-packages/airflow/example_dags/example_sla_dag.py
[2023-06-21T03:08:33.368+0000] {logging_mixin.py:149} INFO - [2023-06-21T03:08:33.368+0000] {dag.py:2726} INFO - Sync 1 DAGs
[2023-06-21T03:08:33.548+0000] {logging_mixin.py:149} INFO - [2023-06-21T03:08:33.547+0000] {dag.py:3490} INFO - Setting next_dagrun for example_sla_dag to 2023-06-21T03:06:00+00:00, run_after=2023-06-21T03:08:00+00:00
[2023-06-21T03:08:33.627+0000] {processor.py:179} INFO - Processing /home/airflow/.local/lib/python3.7/site-packages/airflow/example_dags/example_sla_dag.py took 0.396 seconds
[2023-06-21T03:09:04.585+0000] {processor.py:157} INFO - Started process (PID=876) to work on /home/airflow/.local/lib/python3.7/site-packages/airflow/example_dags/example_sla_dag.py
[2023-06-21T03:09:04.588+0000] {processor.py:826} INFO - Processing file /home/airflow/.local/lib/python3.7/site-packages/airflow/example_dags/example_sla_dag.py for tasks to queue
[2023-06-21T03:09:04.591+0000] {logging_mixin.py:149} INFO - [2023-06-21T03:09:04.591+0000] {dagbag.py:541} INFO - Filling up the DagBag from /home/airflow/.local/lib/python3.7/site-packages/airflow/example_dags/example_sla_dag.py
[2023-06-21T03:09:04.616+0000] {processor.py:836} INFO - DAG(s) dict_keys(['example_sla_dag']) retrieved from /home/airflow/.local/lib/python3.7/site-packages/airflow/example_dags/example_sla_dag.py
[2023-06-21T03:09:04.666+0000] {logging_mixin.py:149} INFO - [2023-06-21T03:09:04.665+0000] {dag.py:2726} INFO - Sync 1 DAGs
[2023-06-21T03:09:04.712+0000] {logging_mixin.py:149} INFO - [2023-06-21T03:09:04.712+0000] {dag.py:3490} INFO - Setting next_dagrun for example_sla_dag to 2023-06-21T03:06:00+00:00, run_after=2023-06-21T03:08:00+00:00
[2023-06-21T03:09:04.749+0000] {processor.py:179} INFO - Processing /home/airflow/.local/lib/python3.7/site-packages/airflow/example_dags/example_sla_dag.py took 0.171 seconds
[2023-06-21T03:09:34.891+0000] {processor.py:157} INFO - Started process (PID=933) to work on /home/airflow/.local/lib/python3.7/site-packages/airflow/example_dags/example_sla_dag.py
[2023-06-21T03:09:34.895+0000] {processor.py:826} INFO - Processing file /home/airflow/.local/lib/python3.7/site-packages/airflow/example_dags/example_sla_dag.py for tasks to queue
[2023-06-21T03:09:34.898+0000] {logging_mixin.py:149} INFO - [2023-06-21T03:09:34.898+0000] {dagbag.py:541} INFO - Filling up the DagBag from /home/airflow/.local/lib/python3.7/site-packages/airflow/example_dags/example_sla_dag.py
[2023-06-21T03:09:34.917+0000] {processor.py:836} INFO - DAG(s) dict_keys(['example_sla_dag']) retrieved from /home/airflow/.local/lib/python3.7/site-packages/airflow/example_dags/example_sla_dag.py
[2023-06-21T03:09:34.982+0000] {logging_mixin.py:149} INFO - [2023-06-21T03:09:34.981+0000] {dag.py:2726} INFO - Sync 1 DAGs
[2023-06-21T03:09:35.043+0000] {logging_mixin.py:149} INFO - [2023-06-21T03:09:35.043+0000] {dag.py:3490} INFO - Setting next_dagrun for example_sla_dag to 2023-06-21T03:06:00+00:00, run_after=2023-06-21T03:08:00+00:00
[2023-06-21T03:09:35.112+0000] {processor.py:179} INFO - Processing /home/airflow/.local/lib/python3.7/site-packages/airflow/example_dags/example_sla_dag.py took 0.226 seconds
