[2023-06-21T02:52:38.630+0000] {processor.py:157} INFO - Started process (PID=75) to work on /home/airflow/.local/lib/python3.7/site-packages/airflow/example_dags/example_branch_datetime_operator.py
[2023-06-21T02:52:38.639+0000] {processor.py:826} INFO - Processing file /home/airflow/.local/lib/python3.7/site-packages/airflow/example_dags/example_branch_datetime_operator.py for tasks to queue
[2023-06-21T02:52:38.645+0000] {logging_mixin.py:149} INFO - [2023-06-21T02:52:38.644+0000] {dagbag.py:541} INFO - Filling up the DagBag from /home/airflow/.local/lib/python3.7/site-packages/airflow/example_dags/example_branch_datetime_operator.py
[2023-06-21T02:52:38.716+0000] {processor.py:836} INFO - DAG(s) dict_keys(['example_branch_datetime_operator', 'example_branch_datetime_operator_2', 'example_branch_datetime_operator_3']) retrieved from /home/airflow/.local/lib/python3.7/site-packages/airflow/example_dags/example_branch_datetime_operator.py
[2023-06-21T02:52:38.876+0000] {logging_mixin.py:149} INFO - [2023-06-21T02:52:38.876+0000] {dag.py:2726} INFO - Sync 3 DAGs
[2023-06-21T02:52:39.131+0000] {logging_mixin.py:149} INFO - [2023-06-21T02:52:39.131+0000] {dag.py:3490} INFO - Setting next_dagrun for example_branch_datetime_operator to 2023-06-20T00:00:00+00:00, run_after=2023-06-21T00:00:00+00:00
[2023-06-21T02:52:39.165+0000] {logging_mixin.py:149} INFO - [2023-06-21T02:52:39.165+0000] {dag.py:3490} INFO - Setting next_dagrun for example_branch_datetime_operator_2 to 2023-06-20T00:00:00+00:00, run_after=2023-06-21T00:00:00+00:00
[2023-06-21T02:52:39.191+0000] {logging_mixin.py:149} INFO - [2023-06-21T02:52:39.191+0000] {dag.py:3490} INFO - Setting next_dagrun for example_branch_datetime_operator_3 to 2023-06-20T00:00:00+00:00, run_after=2023-06-21T00:00:00+00:00
[2023-06-21T02:52:39.279+0000] {processor.py:179} INFO - Processing /home/airflow/.local/lib/python3.7/site-packages/airflow/example_dags/example_branch_datetime_operator.py took 0.659 seconds
[2023-06-21T02:53:17.163+0000] {processor.py:157} INFO - Started process (PID=131) to work on /home/airflow/.local/lib/python3.7/site-packages/airflow/example_dags/example_branch_datetime_operator.py
[2023-06-21T02:53:17.170+0000] {processor.py:826} INFO - Processing file /home/airflow/.local/lib/python3.7/site-packages/airflow/example_dags/example_branch_datetime_operator.py for tasks to queue
[2023-06-21T02:53:17.172+0000] {logging_mixin.py:149} INFO - [2023-06-21T02:53:17.172+0000] {dagbag.py:541} INFO - Filling up the DagBag from /home/airflow/.local/lib/python3.7/site-packages/airflow/example_dags/example_branch_datetime_operator.py
[2023-06-21T02:53:17.202+0000] {processor.py:836} INFO - DAG(s) dict_keys(['example_branch_datetime_operator_2', 'example_branch_datetime_operator_3', 'example_branch_datetime_operator']) retrieved from /home/airflow/.local/lib/python3.7/site-packages/airflow/example_dags/example_branch_datetime_operator.py
[2023-06-21T02:53:17.307+0000] {logging_mixin.py:149} INFO - [2023-06-21T02:53:17.306+0000] {dag.py:2726} INFO - Sync 3 DAGs
[2023-06-21T02:53:17.392+0000] {logging_mixin.py:149} INFO - [2023-06-21T02:53:17.392+0000] {dag.py:3490} INFO - Setting next_dagrun for example_branch_datetime_operator to 2023-06-20T00:00:00+00:00, run_after=2023-06-21T00:00:00+00:00
[2023-06-21T02:53:17.410+0000] {logging_mixin.py:149} INFO - [2023-06-21T02:53:17.409+0000] {dag.py:3490} INFO - Setting next_dagrun for example_branch_datetime_operator_2 to 2023-06-20T00:00:00+00:00, run_after=2023-06-21T00:00:00+00:00
[2023-06-21T02:53:17.417+0000] {logging_mixin.py:149} INFO - [2023-06-21T02:53:17.417+0000] {dag.py:3490} INFO - Setting next_dagrun for example_branch_datetime_operator_3 to 2023-06-20T00:00:00+00:00, run_after=2023-06-21T00:00:00+00:00
[2023-06-21T02:53:17.470+0000] {processor.py:179} INFO - Processing /home/airflow/.local/lib/python3.7/site-packages/airflow/example_dags/example_branch_datetime_operator.py took 0.315 seconds
[2023-06-21T02:53:48.014+0000] {processor.py:157} INFO - Started process (PID=188) to work on /home/airflow/.local/lib/python3.7/site-packages/airflow/example_dags/example_branch_datetime_operator.py
[2023-06-21T02:53:48.020+0000] {processor.py:826} INFO - Processing file /home/airflow/.local/lib/python3.7/site-packages/airflow/example_dags/example_branch_datetime_operator.py for tasks to queue
[2023-06-21T02:53:48.023+0000] {logging_mixin.py:149} INFO - [2023-06-21T02:53:48.023+0000] {dagbag.py:541} INFO - Filling up the DagBag from /home/airflow/.local/lib/python3.7/site-packages/airflow/example_dags/example_branch_datetime_operator.py
[2023-06-21T02:53:48.054+0000] {processor.py:836} INFO - DAG(s) dict_keys(['example_branch_datetime_operator', 'example_branch_datetime_operator_3', 'example_branch_datetime_operator_2']) retrieved from /home/airflow/.local/lib/python3.7/site-packages/airflow/example_dags/example_branch_datetime_operator.py
[2023-06-21T02:53:48.126+0000] {logging_mixin.py:149} INFO - [2023-06-21T02:53:48.125+0000] {dag.py:2726} INFO - Sync 3 DAGs
[2023-06-21T02:53:48.201+0000] {logging_mixin.py:149} INFO - [2023-06-21T02:53:48.201+0000] {dag.py:3490} INFO - Setting next_dagrun for example_branch_datetime_operator to 2023-06-20T00:00:00+00:00, run_after=2023-06-21T00:00:00+00:00
[2023-06-21T02:53:48.210+0000] {logging_mixin.py:149} INFO - [2023-06-21T02:53:48.209+0000] {dag.py:3490} INFO - Setting next_dagrun for example_branch_datetime_operator_2 to 2023-06-20T00:00:00+00:00, run_after=2023-06-21T00:00:00+00:00
[2023-06-21T02:53:48.215+0000] {logging_mixin.py:149} INFO - [2023-06-21T02:53:48.214+0000] {dag.py:3490} INFO - Setting next_dagrun for example_branch_datetime_operator_3 to 2023-06-20T00:00:00+00:00, run_after=2023-06-21T00:00:00+00:00
[2023-06-21T02:53:48.247+0000] {processor.py:179} INFO - Processing /home/airflow/.local/lib/python3.7/site-packages/airflow/example_dags/example_branch_datetime_operator.py took 0.242 seconds
[2023-06-21T02:54:18.563+0000] {processor.py:157} INFO - Started process (PID=245) to work on /home/airflow/.local/lib/python3.7/site-packages/airflow/example_dags/example_branch_datetime_operator.py
[2023-06-21T02:54:18.565+0000] {processor.py:826} INFO - Processing file /home/airflow/.local/lib/python3.7/site-packages/airflow/example_dags/example_branch_datetime_operator.py for tasks to queue
[2023-06-21T02:54:18.567+0000] {logging_mixin.py:149} INFO - [2023-06-21T02:54:18.567+0000] {dagbag.py:541} INFO - Filling up the DagBag from /home/airflow/.local/lib/python3.7/site-packages/airflow/example_dags/example_branch_datetime_operator.py
[2023-06-21T02:54:18.583+0000] {processor.py:836} INFO - DAG(s) dict_keys(['example_branch_datetime_operator', 'example_branch_datetime_operator_2', 'example_branch_datetime_operator_3']) retrieved from /home/airflow/.local/lib/python3.7/site-packages/airflow/example_dags/example_branch_datetime_operator.py
[2023-06-21T02:54:18.639+0000] {logging_mixin.py:149} INFO - [2023-06-21T02:54:18.639+0000] {dag.py:2726} INFO - Sync 3 DAGs
[2023-06-21T02:54:18.686+0000] {logging_mixin.py:149} INFO - [2023-06-21T02:54:18.686+0000] {dag.py:3490} INFO - Setting next_dagrun for example_branch_datetime_operator to 2023-06-20T00:00:00+00:00, run_after=2023-06-21T00:00:00+00:00
[2023-06-21T02:54:18.695+0000] {logging_mixin.py:149} INFO - [2023-06-21T02:54:18.695+0000] {dag.py:3490} INFO - Setting next_dagrun for example_branch_datetime_operator_2 to 2023-06-20T00:00:00+00:00, run_after=2023-06-21T00:00:00+00:00
[2023-06-21T02:54:18.701+0000] {logging_mixin.py:149} INFO - [2023-06-21T02:54:18.700+0000] {dag.py:3490} INFO - Setting next_dagrun for example_branch_datetime_operator_3 to 2023-06-20T00:00:00+00:00, run_after=2023-06-21T00:00:00+00:00
[2023-06-21T02:54:18.734+0000] {processor.py:179} INFO - Processing /home/airflow/.local/lib/python3.7/site-packages/airflow/example_dags/example_branch_datetime_operator.py took 0.178 seconds
[2023-06-21T02:54:49.154+0000] {processor.py:157} INFO - Started process (PID=302) to work on /home/airflow/.local/lib/python3.7/site-packages/airflow/example_dags/example_branch_datetime_operator.py
[2023-06-21T02:54:49.157+0000] {processor.py:826} INFO - Processing file /home/airflow/.local/lib/python3.7/site-packages/airflow/example_dags/example_branch_datetime_operator.py for tasks to queue
[2023-06-21T02:54:49.162+0000] {logging_mixin.py:149} INFO - [2023-06-21T02:54:49.162+0000] {dagbag.py:541} INFO - Filling up the DagBag from /home/airflow/.local/lib/python3.7/site-packages/airflow/example_dags/example_branch_datetime_operator.py
[2023-06-21T02:54:49.187+0000] {processor.py:836} INFO - DAG(s) dict_keys(['example_branch_datetime_operator', 'example_branch_datetime_operator_2', 'example_branch_datetime_operator_3']) retrieved from /home/airflow/.local/lib/python3.7/site-packages/airflow/example_dags/example_branch_datetime_operator.py
[2023-06-21T02:54:49.262+0000] {logging_mixin.py:149} INFO - [2023-06-21T02:54:49.262+0000] {dag.py:2726} INFO - Sync 3 DAGs
[2023-06-21T02:54:49.322+0000] {logging_mixin.py:149} INFO - [2023-06-21T02:54:49.322+0000] {dag.py:3490} INFO - Setting next_dagrun for example_branch_datetime_operator to 2023-06-20T00:00:00+00:00, run_after=2023-06-21T00:00:00+00:00
[2023-06-21T02:54:49.333+0000] {logging_mixin.py:149} INFO - [2023-06-21T02:54:49.333+0000] {dag.py:3490} INFO - Setting next_dagrun for example_branch_datetime_operator_2 to 2023-06-20T00:00:00+00:00, run_after=2023-06-21T00:00:00+00:00
[2023-06-21T02:54:49.341+0000] {logging_mixin.py:149} INFO - [2023-06-21T02:54:49.341+0000] {dag.py:3490} INFO - Setting next_dagrun for example_branch_datetime_operator_3 to 2023-06-20T00:00:00+00:00, run_after=2023-06-21T00:00:00+00:00
[2023-06-21T02:54:49.385+0000] {processor.py:179} INFO - Processing /home/airflow/.local/lib/python3.7/site-packages/airflow/example_dags/example_branch_datetime_operator.py took 0.241 seconds
[2023-06-21T02:55:21.053+0000] {processor.py:157} INFO - Started process (PID=359) to work on /home/airflow/.local/lib/python3.7/site-packages/airflow/example_dags/example_branch_datetime_operator.py
[2023-06-21T02:55:21.056+0000] {processor.py:826} INFO - Processing file /home/airflow/.local/lib/python3.7/site-packages/airflow/example_dags/example_branch_datetime_operator.py for tasks to queue
[2023-06-21T02:55:21.058+0000] {logging_mixin.py:149} INFO - [2023-06-21T02:55:21.058+0000] {dagbag.py:541} INFO - Filling up the DagBag from /home/airflow/.local/lib/python3.7/site-packages/airflow/example_dags/example_branch_datetime_operator.py
[2023-06-21T02:55:21.075+0000] {processor.py:836} INFO - DAG(s) dict_keys(['example_branch_datetime_operator_3', 'example_branch_datetime_operator_2', 'example_branch_datetime_operator']) retrieved from /home/airflow/.local/lib/python3.7/site-packages/airflow/example_dags/example_branch_datetime_operator.py
[2023-06-21T02:55:21.136+0000] {logging_mixin.py:149} INFO - [2023-06-21T02:55:21.136+0000] {dag.py:2726} INFO - Sync 3 DAGs
[2023-06-21T02:55:21.186+0000] {logging_mixin.py:149} INFO - [2023-06-21T02:55:21.185+0000] {dag.py:3490} INFO - Setting next_dagrun for example_branch_datetime_operator to 2023-06-20T00:00:00+00:00, run_after=2023-06-21T00:00:00+00:00
[2023-06-21T02:55:21.197+0000] {logging_mixin.py:149} INFO - [2023-06-21T02:55:21.197+0000] {dag.py:3490} INFO - Setting next_dagrun for example_branch_datetime_operator_2 to 2023-06-20T00:00:00+00:00, run_after=2023-06-21T00:00:00+00:00
[2023-06-21T02:55:21.204+0000] {logging_mixin.py:149} INFO - [2023-06-21T02:55:21.204+0000] {dag.py:3490} INFO - Setting next_dagrun for example_branch_datetime_operator_3 to 2023-06-20T00:00:00+00:00, run_after=2023-06-21T00:00:00+00:00
[2023-06-21T02:55:21.241+0000] {processor.py:179} INFO - Processing /home/airflow/.local/lib/python3.7/site-packages/airflow/example_dags/example_branch_datetime_operator.py took 0.196 seconds
[2023-06-21T02:55:52.432+0000] {processor.py:157} INFO - Started process (PID=417) to work on /home/airflow/.local/lib/python3.7/site-packages/airflow/example_dags/example_branch_datetime_operator.py
[2023-06-21T02:55:52.437+0000] {processor.py:826} INFO - Processing file /home/airflow/.local/lib/python3.7/site-packages/airflow/example_dags/example_branch_datetime_operator.py for tasks to queue
[2023-06-21T02:55:52.444+0000] {logging_mixin.py:149} INFO - [2023-06-21T02:55:52.444+0000] {dagbag.py:541} INFO - Filling up the DagBag from /home/airflow/.local/lib/python3.7/site-packages/airflow/example_dags/example_branch_datetime_operator.py
[2023-06-21T02:55:52.492+0000] {processor.py:836} INFO - DAG(s) dict_keys(['example_branch_datetime_operator', 'example_branch_datetime_operator_3', 'example_branch_datetime_operator_2']) retrieved from /home/airflow/.local/lib/python3.7/site-packages/airflow/example_dags/example_branch_datetime_operator.py
[2023-06-21T02:55:52.589+0000] {logging_mixin.py:149} INFO - [2023-06-21T02:55:52.589+0000] {dag.py:2726} INFO - Sync 3 DAGs
[2023-06-21T02:55:52.636+0000] {logging_mixin.py:149} INFO - [2023-06-21T02:55:52.636+0000] {dag.py:3490} INFO - Setting next_dagrun for example_branch_datetime_operator to 2023-06-20T00:00:00+00:00, run_after=2023-06-21T00:00:00+00:00
[2023-06-21T02:55:52.645+0000] {logging_mixin.py:149} INFO - [2023-06-21T02:55:52.644+0000] {dag.py:3490} INFO - Setting next_dagrun for example_branch_datetime_operator_2 to 2023-06-20T00:00:00+00:00, run_after=2023-06-21T00:00:00+00:00
[2023-06-21T02:55:52.650+0000] {logging_mixin.py:149} INFO - [2023-06-21T02:55:52.649+0000] {dag.py:3490} INFO - Setting next_dagrun for example_branch_datetime_operator_3 to 2023-06-20T00:00:00+00:00, run_after=2023-06-21T00:00:00+00:00
[2023-06-21T02:55:52.680+0000] {processor.py:179} INFO - Processing /home/airflow/.local/lib/python3.7/site-packages/airflow/example_dags/example_branch_datetime_operator.py took 0.279 seconds
[2023-06-21T03:05:33.056+0000] {processor.py:157} INFO - Started process (PID=493) to work on /home/airflow/.local/lib/python3.7/site-packages/airflow/example_dags/example_branch_datetime_operator.py
[2023-06-21T03:05:33.059+0000] {processor.py:826} INFO - Processing file /home/airflow/.local/lib/python3.7/site-packages/airflow/example_dags/example_branch_datetime_operator.py for tasks to queue
[2023-06-21T03:05:33.063+0000] {logging_mixin.py:149} INFO - [2023-06-21T03:05:33.062+0000] {dagbag.py:541} INFO - Filling up the DagBag from /home/airflow/.local/lib/python3.7/site-packages/airflow/example_dags/example_branch_datetime_operator.py
[2023-06-21T03:05:33.091+0000] {processor.py:836} INFO - DAG(s) dict_keys(['example_branch_datetime_operator_2', 'example_branch_datetime_operator_3', 'example_branch_datetime_operator']) retrieved from /home/airflow/.local/lib/python3.7/site-packages/airflow/example_dags/example_branch_datetime_operator.py
[2023-06-21T03:05:33.201+0000] {logging_mixin.py:149} INFO - [2023-06-21T03:05:33.201+0000] {dag.py:2726} INFO - Sync 3 DAGs
[2023-06-21T03:05:33.280+0000] {logging_mixin.py:149} INFO - [2023-06-21T03:05:33.279+0000] {dag.py:3490} INFO - Setting next_dagrun for example_branch_datetime_operator to 2023-06-20T00:00:00+00:00, run_after=2023-06-21T00:00:00+00:00
[2023-06-21T03:05:33.295+0000] {logging_mixin.py:149} INFO - [2023-06-21T03:05:33.294+0000] {dag.py:3490} INFO - Setting next_dagrun for example_branch_datetime_operator_2 to 2023-06-20T00:00:00+00:00, run_after=2023-06-21T00:00:00+00:00
[2023-06-21T03:05:33.305+0000] {logging_mixin.py:149} INFO - [2023-06-21T03:05:33.304+0000] {dag.py:3490} INFO - Setting next_dagrun for example_branch_datetime_operator_3 to 2023-06-20T00:00:00+00:00, run_after=2023-06-21T00:00:00+00:00
[2023-06-21T03:05:33.352+0000] {processor.py:179} INFO - Processing /home/airflow/.local/lib/python3.7/site-packages/airflow/example_dags/example_branch_datetime_operator.py took 0.307 seconds
[2023-06-21T03:06:04.400+0000] {processor.py:157} INFO - Started process (PID=549) to work on /home/airflow/.local/lib/python3.7/site-packages/airflow/example_dags/example_branch_datetime_operator.py
[2023-06-21T03:06:04.404+0000] {processor.py:826} INFO - Processing file /home/airflow/.local/lib/python3.7/site-packages/airflow/example_dags/example_branch_datetime_operator.py for tasks to queue
[2023-06-21T03:06:04.406+0000] {logging_mixin.py:149} INFO - [2023-06-21T03:06:04.406+0000] {dagbag.py:541} INFO - Filling up the DagBag from /home/airflow/.local/lib/python3.7/site-packages/airflow/example_dags/example_branch_datetime_operator.py
[2023-06-21T03:06:04.425+0000] {processor.py:836} INFO - DAG(s) dict_keys(['example_branch_datetime_operator', 'example_branch_datetime_operator_3', 'example_branch_datetime_operator_2']) retrieved from /home/airflow/.local/lib/python3.7/site-packages/airflow/example_dags/example_branch_datetime_operator.py
[2023-06-21T03:06:04.496+0000] {logging_mixin.py:149} INFO - [2023-06-21T03:06:04.495+0000] {dag.py:2726} INFO - Sync 3 DAGs
[2023-06-21T03:06:04.568+0000] {logging_mixin.py:149} INFO - [2023-06-21T03:06:04.568+0000] {dag.py:3490} INFO - Setting next_dagrun for example_branch_datetime_operator to 2023-06-20T00:00:00+00:00, run_after=2023-06-21T00:00:00+00:00
[2023-06-21T03:06:04.582+0000] {logging_mixin.py:149} INFO - [2023-06-21T03:06:04.582+0000] {dag.py:3490} INFO - Setting next_dagrun for example_branch_datetime_operator_2 to 2023-06-20T00:00:00+00:00, run_after=2023-06-21T00:00:00+00:00
[2023-06-21T03:06:04.591+0000] {logging_mixin.py:149} INFO - [2023-06-21T03:06:04.590+0000] {dag.py:3490} INFO - Setting next_dagrun for example_branch_datetime_operator_3 to 2023-06-20T00:00:00+00:00, run_after=2023-06-21T00:00:00+00:00
[2023-06-21T03:06:04.640+0000] {processor.py:179} INFO - Processing /home/airflow/.local/lib/python3.7/site-packages/airflow/example_dags/example_branch_datetime_operator.py took 0.246 seconds
[2023-06-21T03:06:36.002+0000] {processor.py:157} INFO - Started process (PID=606) to work on /home/airflow/.local/lib/python3.7/site-packages/airflow/example_dags/example_branch_datetime_operator.py
[2023-06-21T03:06:36.007+0000] {processor.py:826} INFO - Processing file /home/airflow/.local/lib/python3.7/site-packages/airflow/example_dags/example_branch_datetime_operator.py for tasks to queue
[2023-06-21T03:06:36.017+0000] {logging_mixin.py:149} INFO - [2023-06-21T03:06:36.016+0000] {dagbag.py:541} INFO - Filling up the DagBag from /home/airflow/.local/lib/python3.7/site-packages/airflow/example_dags/example_branch_datetime_operator.py
[2023-06-21T03:06:36.067+0000] {processor.py:836} INFO - DAG(s) dict_keys(['example_branch_datetime_operator', 'example_branch_datetime_operator_2', 'example_branch_datetime_operator_3']) retrieved from /home/airflow/.local/lib/python3.7/site-packages/airflow/example_dags/example_branch_datetime_operator.py
[2023-06-21T03:06:36.222+0000] {logging_mixin.py:149} INFO - [2023-06-21T03:06:36.222+0000] {dag.py:2726} INFO - Sync 3 DAGs
[2023-06-21T03:06:36.280+0000] {logging_mixin.py:149} INFO - [2023-06-21T03:06:36.279+0000] {dag.py:3490} INFO - Setting next_dagrun for example_branch_datetime_operator to 2023-06-20T00:00:00+00:00, run_after=2023-06-21T00:00:00+00:00
[2023-06-21T03:06:36.298+0000] {logging_mixin.py:149} INFO - [2023-06-21T03:06:36.297+0000] {dag.py:3490} INFO - Setting next_dagrun for example_branch_datetime_operator_2 to 2023-06-20T00:00:00+00:00, run_after=2023-06-21T00:00:00+00:00
[2023-06-21T03:06:36.304+0000] {logging_mixin.py:149} INFO - [2023-06-21T03:06:36.304+0000] {dag.py:3490} INFO - Setting next_dagrun for example_branch_datetime_operator_3 to 2023-06-20T00:00:00+00:00, run_after=2023-06-21T00:00:00+00:00
[2023-06-21T03:06:36.356+0000] {processor.py:179} INFO - Processing /home/airflow/.local/lib/python3.7/site-packages/airflow/example_dags/example_branch_datetime_operator.py took 0.370 seconds
[2023-06-21T03:07:06.658+0000] {processor.py:157} INFO - Started process (PID=664) to work on /home/airflow/.local/lib/python3.7/site-packages/airflow/example_dags/example_branch_datetime_operator.py
[2023-06-21T03:07:06.661+0000] {processor.py:826} INFO - Processing file /home/airflow/.local/lib/python3.7/site-packages/airflow/example_dags/example_branch_datetime_operator.py for tasks to queue
[2023-06-21T03:07:06.664+0000] {logging_mixin.py:149} INFO - [2023-06-21T03:07:06.663+0000] {dagbag.py:541} INFO - Filling up the DagBag from /home/airflow/.local/lib/python3.7/site-packages/airflow/example_dags/example_branch_datetime_operator.py
[2023-06-21T03:07:06.694+0000] {processor.py:836} INFO - DAG(s) dict_keys(['example_branch_datetime_operator', 'example_branch_datetime_operator_2', 'example_branch_datetime_operator_3']) retrieved from /home/airflow/.local/lib/python3.7/site-packages/airflow/example_dags/example_branch_datetime_operator.py
[2023-06-21T03:07:06.816+0000] {logging_mixin.py:149} INFO - [2023-06-21T03:07:06.815+0000] {dag.py:2726} INFO - Sync 3 DAGs
[2023-06-21T03:07:06.893+0000] {logging_mixin.py:149} INFO - [2023-06-21T03:07:06.893+0000] {dag.py:3490} INFO - Setting next_dagrun for example_branch_datetime_operator to 2023-06-20T00:00:00+00:00, run_after=2023-06-21T00:00:00+00:00
[2023-06-21T03:07:06.910+0000] {logging_mixin.py:149} INFO - [2023-06-21T03:07:06.910+0000] {dag.py:3490} INFO - Setting next_dagrun for example_branch_datetime_operator_2 to 2023-06-20T00:00:00+00:00, run_after=2023-06-21T00:00:00+00:00
[2023-06-21T03:07:06.918+0000] {logging_mixin.py:149} INFO - [2023-06-21T03:07:06.918+0000] {dag.py:3490} INFO - Setting next_dagrun for example_branch_datetime_operator_3 to 2023-06-20T00:00:00+00:00, run_after=2023-06-21T00:00:00+00:00
[2023-06-21T03:07:06.987+0000] {processor.py:179} INFO - Processing /home/airflow/.local/lib/python3.7/site-packages/airflow/example_dags/example_branch_datetime_operator.py took 0.339 seconds
[2023-06-21T03:07:37.642+0000] {processor.py:157} INFO - Started process (PID=721) to work on /home/airflow/.local/lib/python3.7/site-packages/airflow/example_dags/example_branch_datetime_operator.py
[2023-06-21T03:07:37.645+0000] {processor.py:826} INFO - Processing file /home/airflow/.local/lib/python3.7/site-packages/airflow/example_dags/example_branch_datetime_operator.py for tasks to queue
[2023-06-21T03:07:37.649+0000] {logging_mixin.py:149} INFO - [2023-06-21T03:07:37.648+0000] {dagbag.py:541} INFO - Filling up the DagBag from /home/airflow/.local/lib/python3.7/site-packages/airflow/example_dags/example_branch_datetime_operator.py
[2023-06-21T03:07:37.676+0000] {processor.py:836} INFO - DAG(s) dict_keys(['example_branch_datetime_operator_3', 'example_branch_datetime_operator', 'example_branch_datetime_operator_2']) retrieved from /home/airflow/.local/lib/python3.7/site-packages/airflow/example_dags/example_branch_datetime_operator.py
[2023-06-21T03:07:37.783+0000] {logging_mixin.py:149} INFO - [2023-06-21T03:07:37.782+0000] {dag.py:2726} INFO - Sync 3 DAGs
[2023-06-21T03:07:37.840+0000] {logging_mixin.py:149} INFO - [2023-06-21T03:07:37.839+0000] {dag.py:3490} INFO - Setting next_dagrun for example_branch_datetime_operator to 2023-06-20T00:00:00+00:00, run_after=2023-06-21T00:00:00+00:00
[2023-06-21T03:07:37.853+0000] {logging_mixin.py:149} INFO - [2023-06-21T03:07:37.853+0000] {dag.py:3490} INFO - Setting next_dagrun for example_branch_datetime_operator_2 to 2023-06-20T00:00:00+00:00, run_after=2023-06-21T00:00:00+00:00
[2023-06-21T03:07:37.860+0000] {logging_mixin.py:149} INFO - [2023-06-21T03:07:37.860+0000] {dag.py:3490} INFO - Setting next_dagrun for example_branch_datetime_operator_3 to 2023-06-20T00:00:00+00:00, run_after=2023-06-21T00:00:00+00:00
[2023-06-21T03:07:37.906+0000] {processor.py:179} INFO - Processing /home/airflow/.local/lib/python3.7/site-packages/airflow/example_dags/example_branch_datetime_operator.py took 0.272 seconds
[2023-06-21T03:08:08.538+0000] {processor.py:157} INFO - Started process (PID=778) to work on /home/airflow/.local/lib/python3.7/site-packages/airflow/example_dags/example_branch_datetime_operator.py
[2023-06-21T03:08:08.541+0000] {processor.py:826} INFO - Processing file /home/airflow/.local/lib/python3.7/site-packages/airflow/example_dags/example_branch_datetime_operator.py for tasks to queue
[2023-06-21T03:08:08.544+0000] {logging_mixin.py:149} INFO - [2023-06-21T03:08:08.543+0000] {dagbag.py:541} INFO - Filling up the DagBag from /home/airflow/.local/lib/python3.7/site-packages/airflow/example_dags/example_branch_datetime_operator.py
[2023-06-21T03:08:08.568+0000] {processor.py:836} INFO - DAG(s) dict_keys(['example_branch_datetime_operator_2', 'example_branch_datetime_operator_3', 'example_branch_datetime_operator']) retrieved from /home/airflow/.local/lib/python3.7/site-packages/airflow/example_dags/example_branch_datetime_operator.py
[2023-06-21T03:08:08.637+0000] {logging_mixin.py:149} INFO - [2023-06-21T03:08:08.637+0000] {dag.py:2726} INFO - Sync 3 DAGs
[2023-06-21T03:08:08.685+0000] {logging_mixin.py:149} INFO - [2023-06-21T03:08:08.684+0000] {dag.py:3490} INFO - Setting next_dagrun for example_branch_datetime_operator to 2023-06-20T00:00:00+00:00, run_after=2023-06-21T00:00:00+00:00
[2023-06-21T03:08:08.705+0000] {logging_mixin.py:149} INFO - [2023-06-21T03:08:08.704+0000] {dag.py:3490} INFO - Setting next_dagrun for example_branch_datetime_operator_2 to 2023-06-20T00:00:00+00:00, run_after=2023-06-21T00:00:00+00:00
[2023-06-21T03:08:08.713+0000] {logging_mixin.py:149} INFO - [2023-06-21T03:08:08.713+0000] {dag.py:3490} INFO - Setting next_dagrun for example_branch_datetime_operator_3 to 2023-06-20T00:00:00+00:00, run_after=2023-06-21T00:00:00+00:00
[2023-06-21T03:08:08.761+0000] {processor.py:179} INFO - Processing /home/airflow/.local/lib/python3.7/site-packages/airflow/example_dags/example_branch_datetime_operator.py took 0.231 seconds
[2023-06-21T03:08:39.411+0000] {processor.py:157} INFO - Started process (PID=835) to work on /home/airflow/.local/lib/python3.7/site-packages/airflow/example_dags/example_branch_datetime_operator.py
[2023-06-21T03:08:39.415+0000] {processor.py:826} INFO - Processing file /home/airflow/.local/lib/python3.7/site-packages/airflow/example_dags/example_branch_datetime_operator.py for tasks to queue
[2023-06-21T03:08:39.418+0000] {logging_mixin.py:149} INFO - [2023-06-21T03:08:39.417+0000] {dagbag.py:541} INFO - Filling up the DagBag from /home/airflow/.local/lib/python3.7/site-packages/airflow/example_dags/example_branch_datetime_operator.py
[2023-06-21T03:08:39.442+0000] {processor.py:836} INFO - DAG(s) dict_keys(['example_branch_datetime_operator_3', 'example_branch_datetime_operator_2', 'example_branch_datetime_operator']) retrieved from /home/airflow/.local/lib/python3.7/site-packages/airflow/example_dags/example_branch_datetime_operator.py
[2023-06-21T03:08:39.524+0000] {logging_mixin.py:149} INFO - [2023-06-21T03:08:39.524+0000] {dag.py:2726} INFO - Sync 3 DAGs
[2023-06-21T03:08:39.591+0000] {logging_mixin.py:149} INFO - [2023-06-21T03:08:39.591+0000] {dag.py:3490} INFO - Setting next_dagrun for example_branch_datetime_operator to 2023-06-20T00:00:00+00:00, run_after=2023-06-21T00:00:00+00:00
[2023-06-21T03:08:39.616+0000] {logging_mixin.py:149} INFO - [2023-06-21T03:08:39.615+0000] {dag.py:3490} INFO - Setting next_dagrun for example_branch_datetime_operator_2 to 2023-06-20T00:00:00+00:00, run_after=2023-06-21T00:00:00+00:00
[2023-06-21T03:08:39.632+0000] {logging_mixin.py:149} INFO - [2023-06-21T03:08:39.631+0000] {dag.py:3490} INFO - Setting next_dagrun for example_branch_datetime_operator_3 to 2023-06-20T00:00:00+00:00, run_after=2023-06-21T00:00:00+00:00
[2023-06-21T03:08:39.687+0000] {processor.py:179} INFO - Processing /home/airflow/.local/lib/python3.7/site-packages/airflow/example_dags/example_branch_datetime_operator.py took 0.286 seconds
[2023-06-21T03:09:09.765+0000] {processor.py:157} INFO - Started process (PID=894) to work on /home/airflow/.local/lib/python3.7/site-packages/airflow/example_dags/example_branch_datetime_operator.py
[2023-06-21T03:09:09.769+0000] {processor.py:826} INFO - Processing file /home/airflow/.local/lib/python3.7/site-packages/airflow/example_dags/example_branch_datetime_operator.py for tasks to queue
[2023-06-21T03:09:09.772+0000] {logging_mixin.py:149} INFO - [2023-06-21T03:09:09.772+0000] {dagbag.py:541} INFO - Filling up the DagBag from /home/airflow/.local/lib/python3.7/site-packages/airflow/example_dags/example_branch_datetime_operator.py
[2023-06-21T03:09:09.799+0000] {processor.py:836} INFO - DAG(s) dict_keys(['example_branch_datetime_operator_3', 'example_branch_datetime_operator', 'example_branch_datetime_operator_2']) retrieved from /home/airflow/.local/lib/python3.7/site-packages/airflow/example_dags/example_branch_datetime_operator.py
[2023-06-21T03:09:09.869+0000] {logging_mixin.py:149} INFO - [2023-06-21T03:09:09.869+0000] {dag.py:2726} INFO - Sync 3 DAGs
[2023-06-21T03:09:09.914+0000] {logging_mixin.py:149} INFO - [2023-06-21T03:09:09.914+0000] {dag.py:3490} INFO - Setting next_dagrun for example_branch_datetime_operator to 2023-06-20T00:00:00+00:00, run_after=2023-06-21T00:00:00+00:00
[2023-06-21T03:09:09.928+0000] {logging_mixin.py:149} INFO - [2023-06-21T03:09:09.928+0000] {dag.py:3490} INFO - Setting next_dagrun for example_branch_datetime_operator_2 to 2023-06-20T00:00:00+00:00, run_after=2023-06-21T00:00:00+00:00
[2023-06-21T03:09:09.934+0000] {logging_mixin.py:149} INFO - [2023-06-21T03:09:09.933+0000] {dag.py:3490} INFO - Setting next_dagrun for example_branch_datetime_operator_3 to 2023-06-20T00:00:00+00:00, run_after=2023-06-21T00:00:00+00:00
[2023-06-21T03:09:09.965+0000] {processor.py:179} INFO - Processing /home/airflow/.local/lib/python3.7/site-packages/airflow/example_dags/example_branch_datetime_operator.py took 0.207 seconds
