[2023-06-21T02:52:44.156+0000] {processor.py:157} INFO - Started process (PID=86) to work on /home/airflow/.local/lib/python3.7/site-packages/airflow/example_dags/example_python_operator.py
[2023-06-21T02:52:44.165+0000] {processor.py:826} INFO - Processing file /home/airflow/.local/lib/python3.7/site-packages/airflow/example_dags/example_python_operator.py for tasks to queue
[2023-06-21T02:52:44.170+0000] {logging_mixin.py:149} INFO - [2023-06-21T02:52:44.169+0000] {dagbag.py:541} INFO - Filling up the DagBag from /home/airflow/.local/lib/python3.7/site-packages/airflow/example_dags/example_python_operator.py
[2023-06-21T02:52:44.258+0000] {processor.py:836} INFO - DAG(s) dict_keys(['example_python_operator']) retrieved from /home/airflow/.local/lib/python3.7/site-packages/airflow/example_dags/example_python_operator.py
[2023-06-21T02:52:45.085+0000] {logging_mixin.py:149} INFO - [2023-06-21T02:52:45.084+0000] {dag.py:2726} INFO - Sync 1 DAGs
[2023-06-21T02:52:45.260+0000] {logging_mixin.py:149} INFO - [2023-06-21T02:52:45.260+0000] {dag.py:3490} INFO - Setting next_dagrun for example_python_operator to None, run_after=None
[2023-06-21T02:52:45.529+0000] {processor.py:179} INFO - Processing /home/airflow/.local/lib/python3.7/site-packages/airflow/example_dags/example_python_operator.py took 1.381 seconds
[2023-06-21T02:53:19.506+0000] {processor.py:157} INFO - Started process (PID=142) to work on /home/airflow/.local/lib/python3.7/site-packages/airflow/example_dags/example_python_operator.py
[2023-06-21T02:53:19.510+0000] {processor.py:826} INFO - Processing file /home/airflow/.local/lib/python3.7/site-packages/airflow/example_dags/example_python_operator.py for tasks to queue
[2023-06-21T02:53:19.513+0000] {logging_mixin.py:149} INFO - [2023-06-21T02:53:19.513+0000] {dagbag.py:541} INFO - Filling up the DagBag from /home/airflow/.local/lib/python3.7/site-packages/airflow/example_dags/example_python_operator.py
[2023-06-21T02:53:19.595+0000] {processor.py:836} INFO - DAG(s) dict_keys(['example_python_operator']) retrieved from /home/airflow/.local/lib/python3.7/site-packages/airflow/example_dags/example_python_operator.py
[2023-06-21T02:53:19.729+0000] {logging_mixin.py:149} INFO - [2023-06-21T02:53:19.728+0000] {dag.py:2726} INFO - Sync 1 DAGs
[2023-06-21T02:53:19.912+0000] {logging_mixin.py:149} INFO - [2023-06-21T02:53:19.912+0000] {dag.py:3490} INFO - Setting next_dagrun for example_python_operator to None, run_after=None
[2023-06-21T02:53:20.016+0000] {processor.py:179} INFO - Processing /home/airflow/.local/lib/python3.7/site-packages/airflow/example_dags/example_python_operator.py took 0.538 seconds
[2023-06-21T02:53:50.383+0000] {processor.py:157} INFO - Started process (PID=199) to work on /home/airflow/.local/lib/python3.7/site-packages/airflow/example_dags/example_python_operator.py
[2023-06-21T02:53:50.386+0000] {processor.py:826} INFO - Processing file /home/airflow/.local/lib/python3.7/site-packages/airflow/example_dags/example_python_operator.py for tasks to queue
[2023-06-21T02:53:50.390+0000] {logging_mixin.py:149} INFO - [2023-06-21T02:53:50.389+0000] {dagbag.py:541} INFO - Filling up the DagBag from /home/airflow/.local/lib/python3.7/site-packages/airflow/example_dags/example_python_operator.py
[2023-06-21T02:53:50.411+0000] {processor.py:836} INFO - DAG(s) dict_keys(['example_python_operator']) retrieved from /home/airflow/.local/lib/python3.7/site-packages/airflow/example_dags/example_python_operator.py
[2023-06-21T02:53:50.460+0000] {logging_mixin.py:149} INFO - [2023-06-21T02:53:50.460+0000] {dag.py:2726} INFO - Sync 1 DAGs
[2023-06-21T02:53:50.501+0000] {logging_mixin.py:149} INFO - [2023-06-21T02:53:50.501+0000] {dag.py:3490} INFO - Setting next_dagrun for example_python_operator to None, run_after=None
[2023-06-21T02:53:50.535+0000] {processor.py:179} INFO - Processing /home/airflow/.local/lib/python3.7/site-packages/airflow/example_dags/example_python_operator.py took 0.157 seconds
[2023-06-21T02:54:20.692+0000] {processor.py:157} INFO - Started process (PID=256) to work on /home/airflow/.local/lib/python3.7/site-packages/airflow/example_dags/example_python_operator.py
[2023-06-21T02:54:20.696+0000] {processor.py:826} INFO - Processing file /home/airflow/.local/lib/python3.7/site-packages/airflow/example_dags/example_python_operator.py for tasks to queue
[2023-06-21T02:54:20.698+0000] {logging_mixin.py:149} INFO - [2023-06-21T02:54:20.698+0000] {dagbag.py:541} INFO - Filling up the DagBag from /home/airflow/.local/lib/python3.7/site-packages/airflow/example_dags/example_python_operator.py
[2023-06-21T02:54:20.723+0000] {processor.py:836} INFO - DAG(s) dict_keys(['example_python_operator']) retrieved from /home/airflow/.local/lib/python3.7/site-packages/airflow/example_dags/example_python_operator.py
[2023-06-21T02:54:20.785+0000] {logging_mixin.py:149} INFO - [2023-06-21T02:54:20.784+0000] {dag.py:2726} INFO - Sync 1 DAGs
[2023-06-21T02:54:20.830+0000] {logging_mixin.py:149} INFO - [2023-06-21T02:54:20.830+0000] {dag.py:3490} INFO - Setting next_dagrun for example_python_operator to None, run_after=None
[2023-06-21T02:54:20.871+0000] {processor.py:179} INFO - Processing /home/airflow/.local/lib/python3.7/site-packages/airflow/example_dags/example_python_operator.py took 0.185 seconds
[2023-06-21T02:54:51.421+0000] {processor.py:157} INFO - Started process (PID=313) to work on /home/airflow/.local/lib/python3.7/site-packages/airflow/example_dags/example_python_operator.py
[2023-06-21T02:54:51.424+0000] {processor.py:826} INFO - Processing file /home/airflow/.local/lib/python3.7/site-packages/airflow/example_dags/example_python_operator.py for tasks to queue
[2023-06-21T02:54:51.428+0000] {logging_mixin.py:149} INFO - [2023-06-21T02:54:51.428+0000] {dagbag.py:541} INFO - Filling up the DagBag from /home/airflow/.local/lib/python3.7/site-packages/airflow/example_dags/example_python_operator.py
[2023-06-21T02:54:51.455+0000] {processor.py:836} INFO - DAG(s) dict_keys(['example_python_operator']) retrieved from /home/airflow/.local/lib/python3.7/site-packages/airflow/example_dags/example_python_operator.py
[2023-06-21T02:54:51.519+0000] {logging_mixin.py:149} INFO - [2023-06-21T02:54:51.519+0000] {dag.py:2726} INFO - Sync 1 DAGs
[2023-06-21T02:54:51.593+0000] {logging_mixin.py:149} INFO - [2023-06-21T02:54:51.593+0000] {dag.py:3490} INFO - Setting next_dagrun for example_python_operator to None, run_after=None
[2023-06-21T02:54:51.657+0000] {processor.py:179} INFO - Processing /home/airflow/.local/lib/python3.7/site-packages/airflow/example_dags/example_python_operator.py took 0.245 seconds
[2023-06-21T02:55:22.321+0000] {processor.py:157} INFO - Started process (PID=370) to work on /home/airflow/.local/lib/python3.7/site-packages/airflow/example_dags/example_python_operator.py
[2023-06-21T02:55:22.324+0000] {processor.py:826} INFO - Processing file /home/airflow/.local/lib/python3.7/site-packages/airflow/example_dags/example_python_operator.py for tasks to queue
[2023-06-21T02:55:22.326+0000] {logging_mixin.py:149} INFO - [2023-06-21T02:55:22.326+0000] {dagbag.py:541} INFO - Filling up the DagBag from /home/airflow/.local/lib/python3.7/site-packages/airflow/example_dags/example_python_operator.py
[2023-06-21T02:55:22.345+0000] {processor.py:836} INFO - DAG(s) dict_keys(['example_python_operator']) retrieved from /home/airflow/.local/lib/python3.7/site-packages/airflow/example_dags/example_python_operator.py
[2023-06-21T02:55:22.398+0000] {logging_mixin.py:149} INFO - [2023-06-21T02:55:22.398+0000] {dag.py:2726} INFO - Sync 1 DAGs
[2023-06-21T02:55:22.444+0000] {logging_mixin.py:149} INFO - [2023-06-21T02:55:22.443+0000] {dag.py:3490} INFO - Setting next_dagrun for example_python_operator to None, run_after=None
[2023-06-21T02:55:22.478+0000] {processor.py:179} INFO - Processing /home/airflow/.local/lib/python3.7/site-packages/airflow/example_dags/example_python_operator.py took 0.163 seconds
[2023-06-21T02:55:53.737+0000] {processor.py:157} INFO - Started process (PID=428) to work on /home/airflow/.local/lib/python3.7/site-packages/airflow/example_dags/example_python_operator.py
[2023-06-21T02:55:53.741+0000] {processor.py:826} INFO - Processing file /home/airflow/.local/lib/python3.7/site-packages/airflow/example_dags/example_python_operator.py for tasks to queue
[2023-06-21T02:55:53.745+0000] {logging_mixin.py:149} INFO - [2023-06-21T02:55:53.745+0000] {dagbag.py:541} INFO - Filling up the DagBag from /home/airflow/.local/lib/python3.7/site-packages/airflow/example_dags/example_python_operator.py
[2023-06-21T02:55:53.766+0000] {processor.py:836} INFO - DAG(s) dict_keys(['example_python_operator']) retrieved from /home/airflow/.local/lib/python3.7/site-packages/airflow/example_dags/example_python_operator.py
[2023-06-21T02:55:53.832+0000] {logging_mixin.py:149} INFO - [2023-06-21T02:55:53.831+0000] {dag.py:2726} INFO - Sync 1 DAGs
[2023-06-21T02:55:53.874+0000] {logging_mixin.py:149} INFO - [2023-06-21T02:55:53.874+0000] {dag.py:3490} INFO - Setting next_dagrun for example_python_operator to None, run_after=None
[2023-06-21T02:55:53.908+0000] {processor.py:179} INFO - Processing /home/airflow/.local/lib/python3.7/site-packages/airflow/example_dags/example_python_operator.py took 0.177 seconds
[2023-06-21T03:05:35.534+0000] {processor.py:157} INFO - Started process (PID=504) to work on /home/airflow/.local/lib/python3.7/site-packages/airflow/example_dags/example_python_operator.py
[2023-06-21T03:05:35.538+0000] {processor.py:826} INFO - Processing file /home/airflow/.local/lib/python3.7/site-packages/airflow/example_dags/example_python_operator.py for tasks to queue
[2023-06-21T03:05:35.543+0000] {logging_mixin.py:149} INFO - [2023-06-21T03:05:35.542+0000] {dagbag.py:541} INFO - Filling up the DagBag from /home/airflow/.local/lib/python3.7/site-packages/airflow/example_dags/example_python_operator.py
[2023-06-21T03:05:35.586+0000] {processor.py:836} INFO - DAG(s) dict_keys(['example_python_operator']) retrieved from /home/airflow/.local/lib/python3.7/site-packages/airflow/example_dags/example_python_operator.py
[2023-06-21T03:05:35.676+0000] {logging_mixin.py:149} INFO - [2023-06-21T03:05:35.676+0000] {dag.py:2726} INFO - Sync 1 DAGs
[2023-06-21T03:05:35.741+0000] {logging_mixin.py:149} INFO - [2023-06-21T03:05:35.741+0000] {dag.py:3490} INFO - Setting next_dagrun for example_python_operator to None, run_after=None
[2023-06-21T03:05:35.801+0000] {processor.py:179} INFO - Processing /home/airflow/.local/lib/python3.7/site-packages/airflow/example_dags/example_python_operator.py took 0.282 seconds
[2023-06-21T03:06:06.382+0000] {processor.py:157} INFO - Started process (PID=560) to work on /home/airflow/.local/lib/python3.7/site-packages/airflow/example_dags/example_python_operator.py
[2023-06-21T03:06:06.391+0000] {processor.py:826} INFO - Processing file /home/airflow/.local/lib/python3.7/site-packages/airflow/example_dags/example_python_operator.py for tasks to queue
[2023-06-21T03:06:06.400+0000] {logging_mixin.py:149} INFO - [2023-06-21T03:06:06.398+0000] {dagbag.py:541} INFO - Filling up the DagBag from /home/airflow/.local/lib/python3.7/site-packages/airflow/example_dags/example_python_operator.py
[2023-06-21T03:06:06.430+0000] {processor.py:836} INFO - DAG(s) dict_keys(['example_python_operator']) retrieved from /home/airflow/.local/lib/python3.7/site-packages/airflow/example_dags/example_python_operator.py
[2023-06-21T03:06:06.493+0000] {logging_mixin.py:149} INFO - [2023-06-21T03:06:06.493+0000] {dag.py:2726} INFO - Sync 1 DAGs
[2023-06-21T03:06:06.544+0000] {logging_mixin.py:149} INFO - [2023-06-21T03:06:06.543+0000] {dag.py:3490} INFO - Setting next_dagrun for example_python_operator to None, run_after=None
[2023-06-21T03:06:06.630+0000] {processor.py:179} INFO - Processing /home/airflow/.local/lib/python3.7/site-packages/airflow/example_dags/example_python_operator.py took 0.264 seconds
[2023-06-21T03:06:37.912+0000] {processor.py:157} INFO - Started process (PID=617) to work on /home/airflow/.local/lib/python3.7/site-packages/airflow/example_dags/example_python_operator.py
[2023-06-21T03:06:37.916+0000] {processor.py:826} INFO - Processing file /home/airflow/.local/lib/python3.7/site-packages/airflow/example_dags/example_python_operator.py for tasks to queue
[2023-06-21T03:06:37.922+0000] {logging_mixin.py:149} INFO - [2023-06-21T03:06:37.921+0000] {dagbag.py:541} INFO - Filling up the DagBag from /home/airflow/.local/lib/python3.7/site-packages/airflow/example_dags/example_python_operator.py
[2023-06-21T03:06:37.961+0000] {processor.py:836} INFO - DAG(s) dict_keys(['example_python_operator']) retrieved from /home/airflow/.local/lib/python3.7/site-packages/airflow/example_dags/example_python_operator.py
[2023-06-21T03:06:38.131+0000] {logging_mixin.py:149} INFO - [2023-06-21T03:06:38.130+0000] {dag.py:2726} INFO - Sync 1 DAGs
[2023-06-21T03:06:38.232+0000] {logging_mixin.py:149} INFO - [2023-06-21T03:06:38.232+0000] {dag.py:3490} INFO - Setting next_dagrun for example_python_operator to None, run_after=None
[2023-06-21T03:06:38.332+0000] {processor.py:179} INFO - Processing /home/airflow/.local/lib/python3.7/site-packages/airflow/example_dags/example_python_operator.py took 0.432 seconds
[2023-06-21T03:07:08.578+0000] {processor.py:157} INFO - Started process (PID=675) to work on /home/airflow/.local/lib/python3.7/site-packages/airflow/example_dags/example_python_operator.py
[2023-06-21T03:07:08.581+0000] {processor.py:826} INFO - Processing file /home/airflow/.local/lib/python3.7/site-packages/airflow/example_dags/example_python_operator.py for tasks to queue
[2023-06-21T03:07:08.584+0000] {logging_mixin.py:149} INFO - [2023-06-21T03:07:08.584+0000] {dagbag.py:541} INFO - Filling up the DagBag from /home/airflow/.local/lib/python3.7/site-packages/airflow/example_dags/example_python_operator.py
[2023-06-21T03:07:08.616+0000] {processor.py:836} INFO - DAG(s) dict_keys(['example_python_operator']) retrieved from /home/airflow/.local/lib/python3.7/site-packages/airflow/example_dags/example_python_operator.py
[2023-06-21T03:07:08.679+0000] {logging_mixin.py:149} INFO - [2023-06-21T03:07:08.679+0000] {dag.py:2726} INFO - Sync 1 DAGs
[2023-06-21T03:07:08.730+0000] {logging_mixin.py:149} INFO - [2023-06-21T03:07:08.730+0000] {dag.py:3490} INFO - Setting next_dagrun for example_python_operator to None, run_after=None
[2023-06-21T03:07:08.775+0000] {processor.py:179} INFO - Processing /home/airflow/.local/lib/python3.7/site-packages/airflow/example_dags/example_python_operator.py took 0.205 seconds
[2023-06-21T03:07:39.489+0000] {processor.py:157} INFO - Started process (PID=732) to work on /home/airflow/.local/lib/python3.7/site-packages/airflow/example_dags/example_python_operator.py
[2023-06-21T03:07:39.493+0000] {processor.py:826} INFO - Processing file /home/airflow/.local/lib/python3.7/site-packages/airflow/example_dags/example_python_operator.py for tasks to queue
[2023-06-21T03:07:39.496+0000] {logging_mixin.py:149} INFO - [2023-06-21T03:07:39.496+0000] {dagbag.py:541} INFO - Filling up the DagBag from /home/airflow/.local/lib/python3.7/site-packages/airflow/example_dags/example_python_operator.py
[2023-06-21T03:07:39.526+0000] {processor.py:836} INFO - DAG(s) dict_keys(['example_python_operator']) retrieved from /home/airflow/.local/lib/python3.7/site-packages/airflow/example_dags/example_python_operator.py
[2023-06-21T03:07:39.626+0000] {logging_mixin.py:149} INFO - [2023-06-21T03:07:39.626+0000] {dag.py:2726} INFO - Sync 1 DAGs
[2023-06-21T03:07:39.709+0000] {logging_mixin.py:149} INFO - [2023-06-21T03:07:39.709+0000] {dag.py:3490} INFO - Setting next_dagrun for example_python_operator to None, run_after=None
[2023-06-21T03:07:39.763+0000] {processor.py:179} INFO - Processing /home/airflow/.local/lib/python3.7/site-packages/airflow/example_dags/example_python_operator.py took 0.286 seconds
[2023-06-21T03:08:10.067+0000] {processor.py:157} INFO - Started process (PID=789) to work on /home/airflow/.local/lib/python3.7/site-packages/airflow/example_dags/example_python_operator.py
[2023-06-21T03:08:10.071+0000] {processor.py:826} INFO - Processing file /home/airflow/.local/lib/python3.7/site-packages/airflow/example_dags/example_python_operator.py for tasks to queue
[2023-06-21T03:08:10.077+0000] {logging_mixin.py:149} INFO - [2023-06-21T03:08:10.076+0000] {dagbag.py:541} INFO - Filling up the DagBag from /home/airflow/.local/lib/python3.7/site-packages/airflow/example_dags/example_python_operator.py
[2023-06-21T03:08:10.123+0000] {processor.py:836} INFO - DAG(s) dict_keys(['example_python_operator']) retrieved from /home/airflow/.local/lib/python3.7/site-packages/airflow/example_dags/example_python_operator.py
[2023-06-21T03:08:10.187+0000] {logging_mixin.py:149} INFO - [2023-06-21T03:08:10.186+0000] {dag.py:2726} INFO - Sync 1 DAGs
[2023-06-21T03:08:10.228+0000] {logging_mixin.py:149} INFO - [2023-06-21T03:08:10.227+0000] {dag.py:3490} INFO - Setting next_dagrun for example_python_operator to None, run_after=None
[2023-06-21T03:08:10.268+0000] {processor.py:179} INFO - Processing /home/airflow/.local/lib/python3.7/site-packages/airflow/example_dags/example_python_operator.py took 0.219 seconds
[2023-06-21T03:08:40.856+0000] {processor.py:157} INFO - Started process (PID=846) to work on /home/airflow/.local/lib/python3.7/site-packages/airflow/example_dags/example_python_operator.py
[2023-06-21T03:08:40.860+0000] {processor.py:826} INFO - Processing file /home/airflow/.local/lib/python3.7/site-packages/airflow/example_dags/example_python_operator.py for tasks to queue
[2023-06-21T03:08:40.864+0000] {logging_mixin.py:149} INFO - [2023-06-21T03:08:40.864+0000] {dagbag.py:541} INFO - Filling up the DagBag from /home/airflow/.local/lib/python3.7/site-packages/airflow/example_dags/example_python_operator.py
[2023-06-21T03:08:40.889+0000] {processor.py:836} INFO - DAG(s) dict_keys(['example_python_operator']) retrieved from /home/airflow/.local/lib/python3.7/site-packages/airflow/example_dags/example_python_operator.py
[2023-06-21T03:08:40.954+0000] {logging_mixin.py:149} INFO - [2023-06-21T03:08:40.954+0000] {dag.py:2726} INFO - Sync 1 DAGs
[2023-06-21T03:08:41.016+0000] {logging_mixin.py:149} INFO - [2023-06-21T03:08:41.015+0000] {dag.py:3490} INFO - Setting next_dagrun for example_python_operator to None, run_after=None
[2023-06-21T03:08:41.083+0000] {processor.py:179} INFO - Processing /home/airflow/.local/lib/python3.7/site-packages/airflow/example_dags/example_python_operator.py took 0.233 seconds
[2023-06-21T03:09:11.180+0000] {processor.py:157} INFO - Started process (PID=904) to work on /home/airflow/.local/lib/python3.7/site-packages/airflow/example_dags/example_python_operator.py
[2023-06-21T03:09:11.183+0000] {processor.py:826} INFO - Processing file /home/airflow/.local/lib/python3.7/site-packages/airflow/example_dags/example_python_operator.py for tasks to queue
[2023-06-21T03:09:11.187+0000] {logging_mixin.py:149} INFO - [2023-06-21T03:09:11.186+0000] {dagbag.py:541} INFO - Filling up the DagBag from /home/airflow/.local/lib/python3.7/site-packages/airflow/example_dags/example_python_operator.py
[2023-06-21T03:09:11.215+0000] {processor.py:836} INFO - DAG(s) dict_keys(['example_python_operator']) retrieved from /home/airflow/.local/lib/python3.7/site-packages/airflow/example_dags/example_python_operator.py
[2023-06-21T03:09:11.284+0000] {logging_mixin.py:149} INFO - [2023-06-21T03:09:11.284+0000] {dag.py:2726} INFO - Sync 1 DAGs
[2023-06-21T03:09:11.330+0000] {logging_mixin.py:149} INFO - [2023-06-21T03:09:11.329+0000] {dag.py:3490} INFO - Setting next_dagrun for example_python_operator to None, run_after=None
[2023-06-21T03:09:11.375+0000] {processor.py:179} INFO - Processing /home/airflow/.local/lib/python3.7/site-packages/airflow/example_dags/example_python_operator.py took 0.204 seconds
[2023-06-21T03:09:42.313+0000] {processor.py:157} INFO - Started process (PID=961) to work on /home/airflow/.local/lib/python3.7/site-packages/airflow/example_dags/example_python_operator.py
[2023-06-21T03:09:42.315+0000] {processor.py:826} INFO - Processing file /home/airflow/.local/lib/python3.7/site-packages/airflow/example_dags/example_python_operator.py for tasks to queue
[2023-06-21T03:09:42.318+0000] {logging_mixin.py:149} INFO - [2023-06-21T03:09:42.318+0000] {dagbag.py:541} INFO - Filling up the DagBag from /home/airflow/.local/lib/python3.7/site-packages/airflow/example_dags/example_python_operator.py
[2023-06-21T03:09:42.338+0000] {processor.py:836} INFO - DAG(s) dict_keys(['example_python_operator']) retrieved from /home/airflow/.local/lib/python3.7/site-packages/airflow/example_dags/example_python_operator.py
[2023-06-21T03:09:42.400+0000] {logging_mixin.py:149} INFO - [2023-06-21T03:09:42.399+0000] {dag.py:2726} INFO - Sync 1 DAGs
[2023-06-21T03:09:42.444+0000] {logging_mixin.py:149} INFO - [2023-06-21T03:09:42.443+0000] {dag.py:3490} INFO - Setting next_dagrun for example_python_operator to None, run_after=None
[2023-06-21T03:09:42.481+0000] {processor.py:179} INFO - Processing /home/airflow/.local/lib/python3.7/site-packages/airflow/example_dags/example_python_operator.py took 0.174 seconds
