[2023-06-21T02:52:22.546+0000] {processor.py:157} INFO - Started process (PID=58) to work on /home/airflow/.local/lib/python3.7/site-packages/airflow/example_dags/example_subdag_operator.py
[2023-06-21T02:52:22.562+0000] {processor.py:826} INFO - Processing file /home/airflow/.local/lib/python3.7/site-packages/airflow/example_dags/example_subdag_operator.py for tasks to queue
[2023-06-21T02:52:22.568+0000] {logging_mixin.py:149} INFO - [2023-06-21T02:52:22.567+0000] {dagbag.py:541} INFO - Filling up the DagBag from /home/airflow/.local/lib/python3.7/site-packages/airflow/example_dags/example_subdag_operator.py
[2023-06-21T02:52:23.673+0000] {processor.py:836} INFO - DAG(s) dict_keys(['example_subdag_operator.section-1', 'example_subdag_operator.section-2', 'example_subdag_operator']) retrieved from /home/airflow/.local/lib/python3.7/site-packages/airflow/example_dags/example_subdag_operator.py
[2023-06-21T02:52:24.567+0000] {logging_mixin.py:149} INFO - [2023-06-21T02:52:24.567+0000] {dag.py:2726} INFO - Sync 3 DAGs
[2023-06-21T02:52:25.468+0000] {logging_mixin.py:149} INFO - [2023-06-21T02:52:25.467+0000] {dag.py:3490} INFO - Setting next_dagrun for example_subdag_operator to 2022-01-01T00:00:00+00:00, run_after=2022-01-01T00:00:00+00:00
[2023-06-21T02:52:25.515+0000] {logging_mixin.py:149} INFO - [2023-06-21T02:52:25.511+0000] {dag.py:3490} INFO - Setting next_dagrun for example_subdag_operator.section-1 to None, run_after=None
[2023-06-21T02:52:25.571+0000] {logging_mixin.py:149} INFO - [2023-06-21T02:52:25.571+0000] {dag.py:3490} INFO - Setting next_dagrun for example_subdag_operator.section-2 to None, run_after=None
[2023-06-21T02:52:25.661+0000] {logging_mixin.py:149} INFO - [2023-06-21T02:52:25.660+0000] {dag.py:2726} INFO - Sync 2 DAGs
[2023-06-21T02:52:25.726+0000] {logging_mixin.py:149} INFO - [2023-06-21T02:52:25.726+0000] {dag.py:3490} INFO - Setting next_dagrun for example_subdag_operator.section-1 to None, run_after=None
[2023-06-21T02:52:25.729+0000] {logging_mixin.py:149} INFO - [2023-06-21T02:52:25.729+0000] {dag.py:3490} INFO - Setting next_dagrun for example_subdag_operator.section-2 to None, run_after=None
[2023-06-21T02:52:25.927+0000] {processor.py:179} INFO - Processing /home/airflow/.local/lib/python3.7/site-packages/airflow/example_dags/example_subdag_operator.py took 3.416 seconds
[2023-06-21T02:53:14.248+0000] {processor.py:157} INFO - Started process (PID=121) to work on /home/airflow/.local/lib/python3.7/site-packages/airflow/example_dags/example_subdag_operator.py
[2023-06-21T02:53:14.255+0000] {processor.py:826} INFO - Processing file /home/airflow/.local/lib/python3.7/site-packages/airflow/example_dags/example_subdag_operator.py for tasks to queue
[2023-06-21T02:53:14.267+0000] {logging_mixin.py:149} INFO - [2023-06-21T02:53:14.267+0000] {dagbag.py:541} INFO - Filling up the DagBag from /home/airflow/.local/lib/python3.7/site-packages/airflow/example_dags/example_subdag_operator.py
[2023-06-21T02:53:14.359+0000] {processor.py:836} INFO - DAG(s) dict_keys(['example_subdag_operator.section-1', 'example_subdag_operator.section-2', 'example_subdag_operator']) retrieved from /home/airflow/.local/lib/python3.7/site-packages/airflow/example_dags/example_subdag_operator.py
[2023-06-21T02:53:14.527+0000] {logging_mixin.py:149} INFO - [2023-06-21T02:53:14.527+0000] {dag.py:2726} INFO - Sync 3 DAGs
[2023-06-21T02:53:14.677+0000] {logging_mixin.py:149} INFO - [2023-06-21T02:53:14.677+0000] {dag.py:3490} INFO - Setting next_dagrun for example_subdag_operator to 2022-01-01T00:00:00+00:00, run_after=2022-01-01T00:00:00+00:00
[2023-06-21T02:53:14.688+0000] {logging_mixin.py:149} INFO - [2023-06-21T02:53:14.688+0000] {dag.py:3490} INFO - Setting next_dagrun for example_subdag_operator.section-1 to None, run_after=None
[2023-06-21T02:53:14.694+0000] {logging_mixin.py:149} INFO - [2023-06-21T02:53:14.693+0000] {dag.py:3490} INFO - Setting next_dagrun for example_subdag_operator.section-2 to None, run_after=None
[2023-06-21T02:53:14.723+0000] {logging_mixin.py:149} INFO - [2023-06-21T02:53:14.723+0000] {dag.py:2726} INFO - Sync 2 DAGs
[2023-06-21T02:53:14.762+0000] {logging_mixin.py:149} INFO - [2023-06-21T02:53:14.761+0000] {dag.py:3490} INFO - Setting next_dagrun for example_subdag_operator.section-1 to None, run_after=None
[2023-06-21T02:53:14.764+0000] {logging_mixin.py:149} INFO - [2023-06-21T02:53:14.764+0000] {dag.py:3490} INFO - Setting next_dagrun for example_subdag_operator.section-2 to None, run_after=None
[2023-06-21T02:53:14.857+0000] {processor.py:179} INFO - Processing /home/airflow/.local/lib/python3.7/site-packages/airflow/example_dags/example_subdag_operator.py took 0.649 seconds
[2023-06-21T02:53:45.508+0000] {processor.py:157} INFO - Started process (PID=178) to work on /home/airflow/.local/lib/python3.7/site-packages/airflow/example_dags/example_subdag_operator.py
[2023-06-21T02:53:45.511+0000] {processor.py:826} INFO - Processing file /home/airflow/.local/lib/python3.7/site-packages/airflow/example_dags/example_subdag_operator.py for tasks to queue
[2023-06-21T02:53:45.513+0000] {logging_mixin.py:149} INFO - [2023-06-21T02:53:45.513+0000] {dagbag.py:541} INFO - Filling up the DagBag from /home/airflow/.local/lib/python3.7/site-packages/airflow/example_dags/example_subdag_operator.py
[2023-06-21T02:53:45.565+0000] {processor.py:836} INFO - DAG(s) dict_keys(['example_subdag_operator.section-1', 'example_subdag_operator.section-2', 'example_subdag_operator']) retrieved from /home/airflow/.local/lib/python3.7/site-packages/airflow/example_dags/example_subdag_operator.py
[2023-06-21T02:53:45.601+0000] {logging_mixin.py:149} INFO - [2023-06-21T02:53:45.600+0000] {dag.py:2726} INFO - Sync 3 DAGs
[2023-06-21T02:53:45.645+0000] {logging_mixin.py:149} INFO - [2023-06-21T02:53:45.645+0000] {dag.py:3490} INFO - Setting next_dagrun for example_subdag_operator to 2022-01-01T00:00:00+00:00, run_after=2022-01-01T00:00:00+00:00
[2023-06-21T02:53:45.652+0000] {logging_mixin.py:149} INFO - [2023-06-21T02:53:45.652+0000] {dag.py:3490} INFO - Setting next_dagrun for example_subdag_operator.section-1 to None, run_after=None
[2023-06-21T02:53:45.656+0000] {logging_mixin.py:149} INFO - [2023-06-21T02:53:45.656+0000] {dag.py:3490} INFO - Setting next_dagrun for example_subdag_operator.section-2 to None, run_after=None
[2023-06-21T02:53:45.670+0000] {logging_mixin.py:149} INFO - [2023-06-21T02:53:45.670+0000] {dag.py:2726} INFO - Sync 2 DAGs
[2023-06-21T02:53:45.681+0000] {logging_mixin.py:149} INFO - [2023-06-21T02:53:45.681+0000] {dag.py:3490} INFO - Setting next_dagrun for example_subdag_operator.section-1 to None, run_after=None
[2023-06-21T02:53:45.683+0000] {logging_mixin.py:149} INFO - [2023-06-21T02:53:45.683+0000] {dag.py:3490} INFO - Setting next_dagrun for example_subdag_operator.section-2 to None, run_after=None
[2023-06-21T02:53:45.707+0000] {processor.py:179} INFO - Processing /home/airflow/.local/lib/python3.7/site-packages/airflow/example_dags/example_subdag_operator.py took 0.203 seconds
[2023-06-21T02:54:16.004+0000] {processor.py:157} INFO - Started process (PID=235) to work on /home/airflow/.local/lib/python3.7/site-packages/airflow/example_dags/example_subdag_operator.py
[2023-06-21T02:54:16.006+0000] {processor.py:826} INFO - Processing file /home/airflow/.local/lib/python3.7/site-packages/airflow/example_dags/example_subdag_operator.py for tasks to queue
[2023-06-21T02:54:16.008+0000] {logging_mixin.py:149} INFO - [2023-06-21T02:54:16.008+0000] {dagbag.py:541} INFO - Filling up the DagBag from /home/airflow/.local/lib/python3.7/site-packages/airflow/example_dags/example_subdag_operator.py
[2023-06-21T02:54:16.051+0000] {processor.py:836} INFO - DAG(s) dict_keys(['example_subdag_operator.section-1', 'example_subdag_operator.section-2', 'example_subdag_operator']) retrieved from /home/airflow/.local/lib/python3.7/site-packages/airflow/example_dags/example_subdag_operator.py
[2023-06-21T02:54:16.107+0000] {logging_mixin.py:149} INFO - [2023-06-21T02:54:16.106+0000] {dag.py:2726} INFO - Sync 3 DAGs
[2023-06-21T02:54:16.153+0000] {logging_mixin.py:149} INFO - [2023-06-21T02:54:16.152+0000] {dag.py:3490} INFO - Setting next_dagrun for example_subdag_operator to 2022-01-01T00:00:00+00:00, run_after=2022-01-01T00:00:00+00:00
[2023-06-21T02:54:16.160+0000] {logging_mixin.py:149} INFO - [2023-06-21T02:54:16.160+0000] {dag.py:3490} INFO - Setting next_dagrun for example_subdag_operator.section-1 to None, run_after=None
[2023-06-21T02:54:16.163+0000] {logging_mixin.py:149} INFO - [2023-06-21T02:54:16.163+0000] {dag.py:3490} INFO - Setting next_dagrun for example_subdag_operator.section-2 to None, run_after=None
[2023-06-21T02:54:16.176+0000] {logging_mixin.py:149} INFO - [2023-06-21T02:54:16.176+0000] {dag.py:2726} INFO - Sync 2 DAGs
[2023-06-21T02:54:16.186+0000] {logging_mixin.py:149} INFO - [2023-06-21T02:54:16.186+0000] {dag.py:3490} INFO - Setting next_dagrun for example_subdag_operator.section-1 to None, run_after=None
[2023-06-21T02:54:16.187+0000] {logging_mixin.py:149} INFO - [2023-06-21T02:54:16.187+0000] {dag.py:3490} INFO - Setting next_dagrun for example_subdag_operator.section-2 to None, run_after=None
[2023-06-21T02:54:16.206+0000] {processor.py:179} INFO - Processing /home/airflow/.local/lib/python3.7/site-packages/airflow/example_dags/example_subdag_operator.py took 0.209 seconds
[2023-06-21T02:54:46.556+0000] {processor.py:157} INFO - Started process (PID=292) to work on /home/airflow/.local/lib/python3.7/site-packages/airflow/example_dags/example_subdag_operator.py
[2023-06-21T02:54:46.559+0000] {processor.py:826} INFO - Processing file /home/airflow/.local/lib/python3.7/site-packages/airflow/example_dags/example_subdag_operator.py for tasks to queue
[2023-06-21T02:54:46.561+0000] {logging_mixin.py:149} INFO - [2023-06-21T02:54:46.561+0000] {dagbag.py:541} INFO - Filling up the DagBag from /home/airflow/.local/lib/python3.7/site-packages/airflow/example_dags/example_subdag_operator.py
[2023-06-21T02:54:46.638+0000] {processor.py:836} INFO - DAG(s) dict_keys(['example_subdag_operator.section-1', 'example_subdag_operator.section-2', 'example_subdag_operator']) retrieved from /home/airflow/.local/lib/python3.7/site-packages/airflow/example_dags/example_subdag_operator.py
[2023-06-21T02:54:46.671+0000] {logging_mixin.py:149} INFO - [2023-06-21T02:54:46.671+0000] {dag.py:2726} INFO - Sync 3 DAGs
[2023-06-21T02:54:46.724+0000] {logging_mixin.py:149} INFO - [2023-06-21T02:54:46.724+0000] {dag.py:3490} INFO - Setting next_dagrun for example_subdag_operator to 2022-01-01T00:00:00+00:00, run_after=2022-01-01T00:00:00+00:00
[2023-06-21T02:54:46.731+0000] {logging_mixin.py:149} INFO - [2023-06-21T02:54:46.731+0000] {dag.py:3490} INFO - Setting next_dagrun for example_subdag_operator.section-1 to None, run_after=None
[2023-06-21T02:54:46.734+0000] {logging_mixin.py:149} INFO - [2023-06-21T02:54:46.734+0000] {dag.py:3490} INFO - Setting next_dagrun for example_subdag_operator.section-2 to None, run_after=None
[2023-06-21T02:54:46.751+0000] {logging_mixin.py:149} INFO - [2023-06-21T02:54:46.750+0000] {dag.py:2726} INFO - Sync 2 DAGs
[2023-06-21T02:54:46.769+0000] {logging_mixin.py:149} INFO - [2023-06-21T02:54:46.769+0000] {dag.py:3490} INFO - Setting next_dagrun for example_subdag_operator.section-1 to None, run_after=None
[2023-06-21T02:54:46.773+0000] {logging_mixin.py:149} INFO - [2023-06-21T02:54:46.772+0000] {dag.py:3490} INFO - Setting next_dagrun for example_subdag_operator.section-2 to None, run_after=None
[2023-06-21T02:54:46.802+0000] {processor.py:179} INFO - Processing /home/airflow/.local/lib/python3.7/site-packages/airflow/example_dags/example_subdag_operator.py took 0.261 seconds
[2023-06-21T02:55:17.331+0000] {processor.py:157} INFO - Started process (PID=344) to work on /home/airflow/.local/lib/python3.7/site-packages/airflow/example_dags/example_subdag_operator.py
[2023-06-21T02:55:17.336+0000] {processor.py:826} INFO - Processing file /home/airflow/.local/lib/python3.7/site-packages/airflow/example_dags/example_subdag_operator.py for tasks to queue
[2023-06-21T02:55:17.341+0000] {logging_mixin.py:149} INFO - [2023-06-21T02:55:17.340+0000] {dagbag.py:541} INFO - Filling up the DagBag from /home/airflow/.local/lib/python3.7/site-packages/airflow/example_dags/example_subdag_operator.py
[2023-06-21T02:55:17.465+0000] {processor.py:836} INFO - DAG(s) dict_keys(['example_subdag_operator.section-1', 'example_subdag_operator.section-2', 'example_subdag_operator']) retrieved from /home/airflow/.local/lib/python3.7/site-packages/airflow/example_dags/example_subdag_operator.py
[2023-06-21T02:55:17.523+0000] {logging_mixin.py:149} INFO - [2023-06-21T02:55:17.523+0000] {dag.py:2726} INFO - Sync 3 DAGs
[2023-06-21T02:55:17.600+0000] {logging_mixin.py:149} INFO - [2023-06-21T02:55:17.599+0000] {dag.py:3490} INFO - Setting next_dagrun for example_subdag_operator to 2022-01-01T00:00:00+00:00, run_after=2022-01-01T00:00:00+00:00
[2023-06-21T02:55:17.608+0000] {logging_mixin.py:149} INFO - [2023-06-21T02:55:17.608+0000] {dag.py:3490} INFO - Setting next_dagrun for example_subdag_operator.section-1 to None, run_after=None
[2023-06-21T02:55:17.613+0000] {logging_mixin.py:149} INFO - [2023-06-21T02:55:17.613+0000] {dag.py:3490} INFO - Setting next_dagrun for example_subdag_operator.section-2 to None, run_after=None
[2023-06-21T02:55:17.664+0000] {logging_mixin.py:149} INFO - [2023-06-21T02:55:17.663+0000] {dag.py:2726} INFO - Sync 2 DAGs
[2023-06-21T02:55:17.692+0000] {logging_mixin.py:149} INFO - [2023-06-21T02:55:17.692+0000] {dag.py:3490} INFO - Setting next_dagrun for example_subdag_operator.section-1 to None, run_after=None
[2023-06-21T02:55:17.698+0000] {logging_mixin.py:149} INFO - [2023-06-21T02:55:17.698+0000] {dag.py:3490} INFO - Setting next_dagrun for example_subdag_operator.section-2 to None, run_after=None
[2023-06-21T02:55:18.188+0000] {processor.py:179} INFO - Processing /home/airflow/.local/lib/python3.7/site-packages/airflow/example_dags/example_subdag_operator.py took 0.872 seconds
[2023-06-21T02:55:48.434+0000] {processor.py:157} INFO - Started process (PID=402) to work on /home/airflow/.local/lib/python3.7/site-packages/airflow/example_dags/example_subdag_operator.py
[2023-06-21T02:55:48.439+0000] {processor.py:826} INFO - Processing file /home/airflow/.local/lib/python3.7/site-packages/airflow/example_dags/example_subdag_operator.py for tasks to queue
[2023-06-21T02:55:48.441+0000] {logging_mixin.py:149} INFO - [2023-06-21T02:55:48.441+0000] {dagbag.py:541} INFO - Filling up the DagBag from /home/airflow/.local/lib/python3.7/site-packages/airflow/example_dags/example_subdag_operator.py
[2023-06-21T02:55:48.494+0000] {processor.py:836} INFO - DAG(s) dict_keys(['example_subdag_operator.section-1', 'example_subdag_operator.section-2', 'example_subdag_operator']) retrieved from /home/airflow/.local/lib/python3.7/site-packages/airflow/example_dags/example_subdag_operator.py
[2023-06-21T02:55:48.524+0000] {logging_mixin.py:149} INFO - [2023-06-21T02:55:48.524+0000] {dag.py:2726} INFO - Sync 3 DAGs
[2023-06-21T02:55:48.566+0000] {logging_mixin.py:149} INFO - [2023-06-21T02:55:48.565+0000] {dag.py:3490} INFO - Setting next_dagrun for example_subdag_operator to 2022-01-01T00:00:00+00:00, run_after=2022-01-01T00:00:00+00:00
[2023-06-21T02:55:48.572+0000] {logging_mixin.py:149} INFO - [2023-06-21T02:55:48.572+0000] {dag.py:3490} INFO - Setting next_dagrun for example_subdag_operator.section-1 to None, run_after=None
[2023-06-21T02:55:48.575+0000] {logging_mixin.py:149} INFO - [2023-06-21T02:55:48.575+0000] {dag.py:3490} INFO - Setting next_dagrun for example_subdag_operator.section-2 to None, run_after=None
[2023-06-21T02:55:48.591+0000] {logging_mixin.py:149} INFO - [2023-06-21T02:55:48.590+0000] {dag.py:2726} INFO - Sync 2 DAGs
[2023-06-21T02:55:48.602+0000] {logging_mixin.py:149} INFO - [2023-06-21T02:55:48.601+0000] {dag.py:3490} INFO - Setting next_dagrun for example_subdag_operator.section-1 to None, run_after=None
[2023-06-21T02:55:48.603+0000] {logging_mixin.py:149} INFO - [2023-06-21T02:55:48.603+0000] {dag.py:3490} INFO - Setting next_dagrun for example_subdag_operator.section-2 to None, run_after=None
[2023-06-21T02:55:48.625+0000] {processor.py:179} INFO - Processing /home/airflow/.local/lib/python3.7/site-packages/airflow/example_dags/example_subdag_operator.py took 0.197 seconds
[2023-06-21T02:56:19.566+0000] {processor.py:157} INFO - Started process (PID=459) to work on /home/airflow/.local/lib/python3.7/site-packages/airflow/example_dags/example_subdag_operator.py
[2023-06-21T02:56:19.569+0000] {processor.py:826} INFO - Processing file /home/airflow/.local/lib/python3.7/site-packages/airflow/example_dags/example_subdag_operator.py for tasks to queue
[2023-06-21T02:56:19.571+0000] {logging_mixin.py:149} INFO - [2023-06-21T02:56:19.570+0000] {dagbag.py:541} INFO - Filling up the DagBag from /home/airflow/.local/lib/python3.7/site-packages/airflow/example_dags/example_subdag_operator.py
[2023-06-21T02:56:19.612+0000] {processor.py:836} INFO - DAG(s) dict_keys(['example_subdag_operator.section-1', 'example_subdag_operator.section-2', 'example_subdag_operator']) retrieved from /home/airflow/.local/lib/python3.7/site-packages/airflow/example_dags/example_subdag_operator.py
[2023-06-21T02:56:19.644+0000] {logging_mixin.py:149} INFO - [2023-06-21T02:56:19.643+0000] {dag.py:2726} INFO - Sync 3 DAGs
[2023-06-21T02:56:19.684+0000] {logging_mixin.py:149} INFO - [2023-06-21T02:56:19.683+0000] {dag.py:3490} INFO - Setting next_dagrun for example_subdag_operator to 2022-01-01T00:00:00+00:00, run_after=2022-01-01T00:00:00+00:00
[2023-06-21T02:56:19.690+0000] {logging_mixin.py:149} INFO - [2023-06-21T02:56:19.690+0000] {dag.py:3490} INFO - Setting next_dagrun for example_subdag_operator.section-1 to None, run_after=None
[2023-06-21T02:56:19.693+0000] {logging_mixin.py:149} INFO - [2023-06-21T02:56:19.693+0000] {dag.py:3490} INFO - Setting next_dagrun for example_subdag_operator.section-2 to None, run_after=None
[2023-06-21T02:56:19.719+0000] {logging_mixin.py:149} INFO - [2023-06-21T02:56:19.718+0000] {dag.py:2726} INFO - Sync 2 DAGs
[2023-06-21T02:56:19.733+0000] {logging_mixin.py:149} INFO - [2023-06-21T02:56:19.733+0000] {dag.py:3490} INFO - Setting next_dagrun for example_subdag_operator.section-1 to None, run_after=None
[2023-06-21T02:56:19.736+0000] {logging_mixin.py:149} INFO - [2023-06-21T02:56:19.735+0000] {dag.py:3490} INFO - Setting next_dagrun for example_subdag_operator.section-2 to None, run_after=None
[2023-06-21T02:56:19.762+0000] {processor.py:179} INFO - Processing /home/airflow/.local/lib/python3.7/site-packages/airflow/example_dags/example_subdag_operator.py took 0.202 seconds
[2023-06-21T03:05:31.186+0000] {processor.py:157} INFO - Started process (PID=484) to work on /home/airflow/.local/lib/python3.7/site-packages/airflow/example_dags/example_subdag_operator.py
[2023-06-21T03:05:31.190+0000] {processor.py:826} INFO - Processing file /home/airflow/.local/lib/python3.7/site-packages/airflow/example_dags/example_subdag_operator.py for tasks to queue
[2023-06-21T03:05:31.195+0000] {logging_mixin.py:149} INFO - [2023-06-21T03:05:31.194+0000] {dagbag.py:541} INFO - Filling up the DagBag from /home/airflow/.local/lib/python3.7/site-packages/airflow/example_dags/example_subdag_operator.py
[2023-06-21T03:05:31.257+0000] {processor.py:836} INFO - DAG(s) dict_keys(['example_subdag_operator.section-1', 'example_subdag_operator.section-2', 'example_subdag_operator']) retrieved from /home/airflow/.local/lib/python3.7/site-packages/airflow/example_dags/example_subdag_operator.py
[2023-06-21T03:05:31.324+0000] {logging_mixin.py:149} INFO - [2023-06-21T03:05:31.324+0000] {dag.py:2726} INFO - Sync 3 DAGs
[2023-06-21T03:05:31.386+0000] {logging_mixin.py:149} INFO - [2023-06-21T03:05:31.385+0000] {dag.py:3490} INFO - Setting next_dagrun for example_subdag_operator to 2022-01-01T00:00:00+00:00, run_after=2022-01-01T00:00:00+00:00
[2023-06-21T03:05:31.399+0000] {logging_mixin.py:149} INFO - [2023-06-21T03:05:31.399+0000] {dag.py:3490} INFO - Setting next_dagrun for example_subdag_operator.section-1 to None, run_after=None
[2023-06-21T03:05:31.409+0000] {logging_mixin.py:149} INFO - [2023-06-21T03:05:31.408+0000] {dag.py:3490} INFO - Setting next_dagrun for example_subdag_operator.section-2 to None, run_after=None
[2023-06-21T03:05:31.427+0000] {logging_mixin.py:149} INFO - [2023-06-21T03:05:31.427+0000] {dag.py:2726} INFO - Sync 2 DAGs
[2023-06-21T03:05:31.445+0000] {logging_mixin.py:149} INFO - [2023-06-21T03:05:31.445+0000] {dag.py:3490} INFO - Setting next_dagrun for example_subdag_operator.section-1 to None, run_after=None
[2023-06-21T03:05:31.447+0000] {logging_mixin.py:149} INFO - [2023-06-21T03:05:31.447+0000] {dag.py:3490} INFO - Setting next_dagrun for example_subdag_operator.section-2 to None, run_after=None
[2023-06-21T03:05:31.469+0000] {processor.py:179} INFO - Processing /home/airflow/.local/lib/python3.7/site-packages/airflow/example_dags/example_subdag_operator.py took 0.295 seconds
[2023-06-21T03:06:02.698+0000] {processor.py:157} INFO - Started process (PID=540) to work on /home/airflow/.local/lib/python3.7/site-packages/airflow/example_dags/example_subdag_operator.py
[2023-06-21T03:06:02.702+0000] {processor.py:826} INFO - Processing file /home/airflow/.local/lib/python3.7/site-packages/airflow/example_dags/example_subdag_operator.py for tasks to queue
[2023-06-21T03:06:02.705+0000] {logging_mixin.py:149} INFO - [2023-06-21T03:06:02.704+0000] {dagbag.py:541} INFO - Filling up the DagBag from /home/airflow/.local/lib/python3.7/site-packages/airflow/example_dags/example_subdag_operator.py
[2023-06-21T03:06:02.766+0000] {processor.py:836} INFO - DAG(s) dict_keys(['example_subdag_operator.section-1', 'example_subdag_operator.section-2', 'example_subdag_operator']) retrieved from /home/airflow/.local/lib/python3.7/site-packages/airflow/example_dags/example_subdag_operator.py
[2023-06-21T03:06:02.831+0000] {logging_mixin.py:149} INFO - [2023-06-21T03:06:02.831+0000] {dag.py:2726} INFO - Sync 3 DAGs
[2023-06-21T03:06:02.984+0000] {logging_mixin.py:149} INFO - [2023-06-21T03:06:02.982+0000] {dag.py:3490} INFO - Setting next_dagrun for example_subdag_operator to 2022-01-01T00:00:00+00:00, run_after=2022-01-01T00:00:00+00:00
[2023-06-21T03:06:03.003+0000] {logging_mixin.py:149} INFO - [2023-06-21T03:06:03.002+0000] {dag.py:3490} INFO - Setting next_dagrun for example_subdag_operator.section-1 to None, run_after=None
[2023-06-21T03:06:03.007+0000] {logging_mixin.py:149} INFO - [2023-06-21T03:06:03.007+0000] {dag.py:3490} INFO - Setting next_dagrun for example_subdag_operator.section-2 to None, run_after=None
[2023-06-21T03:06:03.031+0000] {logging_mixin.py:149} INFO - [2023-06-21T03:06:03.030+0000] {dag.py:2726} INFO - Sync 2 DAGs
[2023-06-21T03:06:03.053+0000] {logging_mixin.py:149} INFO - [2023-06-21T03:06:03.053+0000] {dag.py:3490} INFO - Setting next_dagrun for example_subdag_operator.section-1 to None, run_after=None
[2023-06-21T03:06:03.055+0000] {logging_mixin.py:149} INFO - [2023-06-21T03:06:03.055+0000] {dag.py:3490} INFO - Setting next_dagrun for example_subdag_operator.section-2 to None, run_after=None
[2023-06-21T03:06:03.089+0000] {processor.py:179} INFO - Processing /home/airflow/.local/lib/python3.7/site-packages/airflow/example_dags/example_subdag_operator.py took 0.398 seconds
[2023-06-21T03:06:33.310+0000] {processor.py:157} INFO - Started process (PID=596) to work on /home/airflow/.local/lib/python3.7/site-packages/airflow/example_dags/example_subdag_operator.py
[2023-06-21T03:06:33.323+0000] {processor.py:826} INFO - Processing file /home/airflow/.local/lib/python3.7/site-packages/airflow/example_dags/example_subdag_operator.py for tasks to queue
[2023-06-21T03:06:33.326+0000] {logging_mixin.py:149} INFO - [2023-06-21T03:06:33.326+0000] {dagbag.py:541} INFO - Filling up the DagBag from /home/airflow/.local/lib/python3.7/site-packages/airflow/example_dags/example_subdag_operator.py
[2023-06-21T03:06:33.414+0000] {processor.py:836} INFO - DAG(s) dict_keys(['example_subdag_operator.section-1', 'example_subdag_operator.section-2', 'example_subdag_operator']) retrieved from /home/airflow/.local/lib/python3.7/site-packages/airflow/example_dags/example_subdag_operator.py
[2023-06-21T03:06:33.477+0000] {logging_mixin.py:149} INFO - [2023-06-21T03:06:33.476+0000] {dag.py:2726} INFO - Sync 3 DAGs
[2023-06-21T03:06:33.538+0000] {logging_mixin.py:149} INFO - [2023-06-21T03:06:33.538+0000] {dag.py:3490} INFO - Setting next_dagrun for example_subdag_operator to 2022-01-01T00:00:00+00:00, run_after=2022-01-01T00:00:00+00:00
[2023-06-21T03:06:33.554+0000] {logging_mixin.py:149} INFO - [2023-06-21T03:06:33.554+0000] {dag.py:3490} INFO - Setting next_dagrun for example_subdag_operator.section-1 to None, run_after=None
[2023-06-21T03:06:33.560+0000] {logging_mixin.py:149} INFO - [2023-06-21T03:06:33.559+0000] {dag.py:3490} INFO - Setting next_dagrun for example_subdag_operator.section-2 to None, run_after=None
[2023-06-21T03:06:33.581+0000] {logging_mixin.py:149} INFO - [2023-06-21T03:06:33.580+0000] {dag.py:2726} INFO - Sync 2 DAGs
[2023-06-21T03:06:33.599+0000] {logging_mixin.py:149} INFO - [2023-06-21T03:06:33.599+0000] {dag.py:3490} INFO - Setting next_dagrun for example_subdag_operator.section-1 to None, run_after=None
[2023-06-21T03:06:33.602+0000] {logging_mixin.py:149} INFO - [2023-06-21T03:06:33.601+0000] {dag.py:3490} INFO - Setting next_dagrun for example_subdag_operator.section-2 to None, run_after=None
[2023-06-21T03:06:33.637+0000] {processor.py:179} INFO - Processing /home/airflow/.local/lib/python3.7/site-packages/airflow/example_dags/example_subdag_operator.py took 0.339 seconds
[2023-06-21T03:07:04.263+0000] {processor.py:157} INFO - Started process (PID=654) to work on /home/airflow/.local/lib/python3.7/site-packages/airflow/example_dags/example_subdag_operator.py
[2023-06-21T03:07:04.277+0000] {processor.py:826} INFO - Processing file /home/airflow/.local/lib/python3.7/site-packages/airflow/example_dags/example_subdag_operator.py for tasks to queue
[2023-06-21T03:07:04.280+0000] {logging_mixin.py:149} INFO - [2023-06-21T03:07:04.280+0000] {dagbag.py:541} INFO - Filling up the DagBag from /home/airflow/.local/lib/python3.7/site-packages/airflow/example_dags/example_subdag_operator.py
[2023-06-21T03:07:04.346+0000] {processor.py:836} INFO - DAG(s) dict_keys(['example_subdag_operator.section-1', 'example_subdag_operator.section-2', 'example_subdag_operator']) retrieved from /home/airflow/.local/lib/python3.7/site-packages/airflow/example_dags/example_subdag_operator.py
[2023-06-21T03:07:04.398+0000] {logging_mixin.py:149} INFO - [2023-06-21T03:07:04.398+0000] {dag.py:2726} INFO - Sync 3 DAGs
[2023-06-21T03:07:04.454+0000] {logging_mixin.py:149} INFO - [2023-06-21T03:07:04.454+0000] {dag.py:3490} INFO - Setting next_dagrun for example_subdag_operator to 2022-01-01T00:00:00+00:00, run_after=2022-01-01T00:00:00+00:00
[2023-06-21T03:07:04.463+0000] {logging_mixin.py:149} INFO - [2023-06-21T03:07:04.462+0000] {dag.py:3490} INFO - Setting next_dagrun for example_subdag_operator.section-1 to None, run_after=None
[2023-06-21T03:07:04.467+0000] {logging_mixin.py:149} INFO - [2023-06-21T03:07:04.467+0000] {dag.py:3490} INFO - Setting next_dagrun for example_subdag_operator.section-2 to None, run_after=None
[2023-06-21T03:07:04.491+0000] {logging_mixin.py:149} INFO - [2023-06-21T03:07:04.491+0000] {dag.py:2726} INFO - Sync 2 DAGs
[2023-06-21T03:07:04.508+0000] {logging_mixin.py:149} INFO - [2023-06-21T03:07:04.508+0000] {dag.py:3490} INFO - Setting next_dagrun for example_subdag_operator.section-1 to None, run_after=None
[2023-06-21T03:07:04.511+0000] {logging_mixin.py:149} INFO - [2023-06-21T03:07:04.511+0000] {dag.py:3490} INFO - Setting next_dagrun for example_subdag_operator.section-2 to None, run_after=None
[2023-06-21T03:07:04.541+0000] {processor.py:179} INFO - Processing /home/airflow/.local/lib/python3.7/site-packages/airflow/example_dags/example_subdag_operator.py took 0.285 seconds
[2023-06-21T03:07:34.802+0000] {processor.py:157} INFO - Started process (PID=711) to work on /home/airflow/.local/lib/python3.7/site-packages/airflow/example_dags/example_subdag_operator.py
[2023-06-21T03:07:34.805+0000] {processor.py:826} INFO - Processing file /home/airflow/.local/lib/python3.7/site-packages/airflow/example_dags/example_subdag_operator.py for tasks to queue
[2023-06-21T03:07:34.807+0000] {logging_mixin.py:149} INFO - [2023-06-21T03:07:34.807+0000] {dagbag.py:541} INFO - Filling up the DagBag from /home/airflow/.local/lib/python3.7/site-packages/airflow/example_dags/example_subdag_operator.py
[2023-06-21T03:07:34.858+0000] {processor.py:836} INFO - DAG(s) dict_keys(['example_subdag_operator.section-1', 'example_subdag_operator.section-2', 'example_subdag_operator']) retrieved from /home/airflow/.local/lib/python3.7/site-packages/airflow/example_dags/example_subdag_operator.py
[2023-06-21T03:07:34.901+0000] {logging_mixin.py:149} INFO - [2023-06-21T03:07:34.900+0000] {dag.py:2726} INFO - Sync 3 DAGs
[2023-06-21T03:07:34.963+0000] {logging_mixin.py:149} INFO - [2023-06-21T03:07:34.963+0000] {dag.py:3490} INFO - Setting next_dagrun for example_subdag_operator to 2022-01-01T00:00:00+00:00, run_after=2022-01-01T00:00:00+00:00
[2023-06-21T03:07:34.974+0000] {logging_mixin.py:149} INFO - [2023-06-21T03:07:34.974+0000] {dag.py:3490} INFO - Setting next_dagrun for example_subdag_operator.section-1 to None, run_after=None
[2023-06-21T03:07:34.979+0000] {logging_mixin.py:149} INFO - [2023-06-21T03:07:34.979+0000] {dag.py:3490} INFO - Setting next_dagrun for example_subdag_operator.section-2 to None, run_after=None
[2023-06-21T03:07:35.004+0000] {logging_mixin.py:149} INFO - [2023-06-21T03:07:35.003+0000] {dag.py:2726} INFO - Sync 2 DAGs
[2023-06-21T03:07:35.022+0000] {logging_mixin.py:149} INFO - [2023-06-21T03:07:35.022+0000] {dag.py:3490} INFO - Setting next_dagrun for example_subdag_operator.section-1 to None, run_after=None
[2023-06-21T03:07:35.024+0000] {logging_mixin.py:149} INFO - [2023-06-21T03:07:35.024+0000] {dag.py:3490} INFO - Setting next_dagrun for example_subdag_operator.section-2 to None, run_after=None
[2023-06-21T03:07:35.065+0000] {processor.py:179} INFO - Processing /home/airflow/.local/lib/python3.7/site-packages/airflow/example_dags/example_subdag_operator.py took 0.270 seconds
[2023-06-21T03:08:05.731+0000] {processor.py:157} INFO - Started process (PID=768) to work on /home/airflow/.local/lib/python3.7/site-packages/airflow/example_dags/example_subdag_operator.py
[2023-06-21T03:08:05.734+0000] {processor.py:826} INFO - Processing file /home/airflow/.local/lib/python3.7/site-packages/airflow/example_dags/example_subdag_operator.py for tasks to queue
[2023-06-21T03:08:05.736+0000] {logging_mixin.py:149} INFO - [2023-06-21T03:08:05.736+0000] {dagbag.py:541} INFO - Filling up the DagBag from /home/airflow/.local/lib/python3.7/site-packages/airflow/example_dags/example_subdag_operator.py
[2023-06-21T03:08:05.805+0000] {processor.py:836} INFO - DAG(s) dict_keys(['example_subdag_operator.section-1', 'example_subdag_operator.section-2', 'example_subdag_operator']) retrieved from /home/airflow/.local/lib/python3.7/site-packages/airflow/example_dags/example_subdag_operator.py
[2023-06-21T03:08:05.850+0000] {logging_mixin.py:149} INFO - [2023-06-21T03:08:05.849+0000] {dag.py:2726} INFO - Sync 3 DAGs
[2023-06-21T03:08:05.900+0000] {logging_mixin.py:149} INFO - [2023-06-21T03:08:05.900+0000] {dag.py:3490} INFO - Setting next_dagrun for example_subdag_operator to 2022-01-01T00:00:00+00:00, run_after=2022-01-01T00:00:00+00:00
[2023-06-21T03:08:05.911+0000] {logging_mixin.py:149} INFO - [2023-06-21T03:08:05.910+0000] {dag.py:3490} INFO - Setting next_dagrun for example_subdag_operator.section-1 to None, run_after=None
[2023-06-21T03:08:05.917+0000] {logging_mixin.py:149} INFO - [2023-06-21T03:08:05.916+0000] {dag.py:3490} INFO - Setting next_dagrun for example_subdag_operator.section-2 to None, run_after=None
[2023-06-21T03:08:05.936+0000] {logging_mixin.py:149} INFO - [2023-06-21T03:08:05.936+0000] {dag.py:2726} INFO - Sync 2 DAGs
[2023-06-21T03:08:05.953+0000] {logging_mixin.py:149} INFO - [2023-06-21T03:08:05.953+0000] {dag.py:3490} INFO - Setting next_dagrun for example_subdag_operator.section-1 to None, run_after=None
[2023-06-21T03:08:05.955+0000] {logging_mixin.py:149} INFO - [2023-06-21T03:08:05.955+0000] {dag.py:3490} INFO - Setting next_dagrun for example_subdag_operator.section-2 to None, run_after=None
[2023-06-21T03:08:05.986+0000] {processor.py:179} INFO - Processing /home/airflow/.local/lib/python3.7/site-packages/airflow/example_dags/example_subdag_operator.py took 0.263 seconds
[2023-06-21T03:08:36.360+0000] {processor.py:157} INFO - Started process (PID=825) to work on /home/airflow/.local/lib/python3.7/site-packages/airflow/example_dags/example_subdag_operator.py
[2023-06-21T03:08:36.366+0000] {processor.py:826} INFO - Processing file /home/airflow/.local/lib/python3.7/site-packages/airflow/example_dags/example_subdag_operator.py for tasks to queue
[2023-06-21T03:08:36.369+0000] {logging_mixin.py:149} INFO - [2023-06-21T03:08:36.369+0000] {dagbag.py:541} INFO - Filling up the DagBag from /home/airflow/.local/lib/python3.7/site-packages/airflow/example_dags/example_subdag_operator.py
[2023-06-21T03:08:36.439+0000] {processor.py:836} INFO - DAG(s) dict_keys(['example_subdag_operator.section-1', 'example_subdag_operator.section-2', 'example_subdag_operator']) retrieved from /home/airflow/.local/lib/python3.7/site-packages/airflow/example_dags/example_subdag_operator.py
[2023-06-21T03:08:36.491+0000] {logging_mixin.py:149} INFO - [2023-06-21T03:08:36.490+0000] {dag.py:2726} INFO - Sync 3 DAGs
[2023-06-21T03:08:36.542+0000] {logging_mixin.py:149} INFO - [2023-06-21T03:08:36.542+0000] {dag.py:3490} INFO - Setting next_dagrun for example_subdag_operator to 2022-01-01T00:00:00+00:00, run_after=2022-01-01T00:00:00+00:00
[2023-06-21T03:08:36.553+0000] {logging_mixin.py:149} INFO - [2023-06-21T03:08:36.553+0000] {dag.py:3490} INFO - Setting next_dagrun for example_subdag_operator.section-1 to None, run_after=None
[2023-06-21T03:08:36.558+0000] {logging_mixin.py:149} INFO - [2023-06-21T03:08:36.558+0000] {dag.py:3490} INFO - Setting next_dagrun for example_subdag_operator.section-2 to None, run_after=None
[2023-06-21T03:08:36.578+0000] {logging_mixin.py:149} INFO - [2023-06-21T03:08:36.577+0000] {dag.py:2726} INFO - Sync 2 DAGs
[2023-06-21T03:08:36.593+0000] {logging_mixin.py:149} INFO - [2023-06-21T03:08:36.593+0000] {dag.py:3490} INFO - Setting next_dagrun for example_subdag_operator.section-1 to None, run_after=None
[2023-06-21T03:08:36.595+0000] {logging_mixin.py:149} INFO - [2023-06-21T03:08:36.595+0000] {dag.py:3490} INFO - Setting next_dagrun for example_subdag_operator.section-2 to None, run_after=None
[2023-06-21T03:08:36.620+0000] {processor.py:179} INFO - Processing /home/airflow/.local/lib/python3.7/site-packages/airflow/example_dags/example_subdag_operator.py took 0.272 seconds
[2023-06-21T03:09:07.043+0000] {processor.py:157} INFO - Started process (PID=883) to work on /home/airflow/.local/lib/python3.7/site-packages/airflow/example_dags/example_subdag_operator.py
[2023-06-21T03:09:07.046+0000] {processor.py:826} INFO - Processing file /home/airflow/.local/lib/python3.7/site-packages/airflow/example_dags/example_subdag_operator.py for tasks to queue
[2023-06-21T03:09:07.049+0000] {logging_mixin.py:149} INFO - [2023-06-21T03:09:07.048+0000] {dagbag.py:541} INFO - Filling up the DagBag from /home/airflow/.local/lib/python3.7/site-packages/airflow/example_dags/example_subdag_operator.py
[2023-06-21T03:09:07.100+0000] {processor.py:836} INFO - DAG(s) dict_keys(['example_subdag_operator.section-1', 'example_subdag_operator.section-2', 'example_subdag_operator']) retrieved from /home/airflow/.local/lib/python3.7/site-packages/airflow/example_dags/example_subdag_operator.py
[2023-06-21T03:09:07.143+0000] {logging_mixin.py:149} INFO - [2023-06-21T03:09:07.143+0000] {dag.py:2726} INFO - Sync 3 DAGs
[2023-06-21T03:09:07.189+0000] {logging_mixin.py:149} INFO - [2023-06-21T03:09:07.189+0000] {dag.py:3490} INFO - Setting next_dagrun for example_subdag_operator to 2022-01-01T00:00:00+00:00, run_after=2022-01-01T00:00:00+00:00
[2023-06-21T03:09:07.197+0000] {logging_mixin.py:149} INFO - [2023-06-21T03:09:07.197+0000] {dag.py:3490} INFO - Setting next_dagrun for example_subdag_operator.section-1 to None, run_after=None
[2023-06-21T03:09:07.200+0000] {logging_mixin.py:149} INFO - [2023-06-21T03:09:07.200+0000] {dag.py:3490} INFO - Setting next_dagrun for example_subdag_operator.section-2 to None, run_after=None
[2023-06-21T03:09:07.217+0000] {logging_mixin.py:149} INFO - [2023-06-21T03:09:07.217+0000] {dag.py:2726} INFO - Sync 2 DAGs
[2023-06-21T03:09:07.231+0000] {logging_mixin.py:149} INFO - [2023-06-21T03:09:07.231+0000] {dag.py:3490} INFO - Setting next_dagrun for example_subdag_operator.section-1 to None, run_after=None
[2023-06-21T03:09:07.233+0000] {logging_mixin.py:149} INFO - [2023-06-21T03:09:07.232+0000] {dag.py:3490} INFO - Setting next_dagrun for example_subdag_operator.section-2 to None, run_after=None
[2023-06-21T03:09:07.257+0000] {processor.py:179} INFO - Processing /home/airflow/.local/lib/python3.7/site-packages/airflow/example_dags/example_subdag_operator.py took 0.223 seconds
[2023-06-21T03:09:37.568+0000] {processor.py:157} INFO - Started process (PID=940) to work on /home/airflow/.local/lib/python3.7/site-packages/airflow/example_dags/example_subdag_operator.py
[2023-06-21T03:09:37.571+0000] {processor.py:826} INFO - Processing file /home/airflow/.local/lib/python3.7/site-packages/airflow/example_dags/example_subdag_operator.py for tasks to queue
[2023-06-21T03:09:37.573+0000] {logging_mixin.py:149} INFO - [2023-06-21T03:09:37.573+0000] {dagbag.py:541} INFO - Filling up the DagBag from /home/airflow/.local/lib/python3.7/site-packages/airflow/example_dags/example_subdag_operator.py
[2023-06-21T03:09:37.618+0000] {processor.py:836} INFO - DAG(s) dict_keys(['example_subdag_operator.section-1', 'example_subdag_operator.section-2', 'example_subdag_operator']) retrieved from /home/airflow/.local/lib/python3.7/site-packages/airflow/example_dags/example_subdag_operator.py
[2023-06-21T03:09:37.656+0000] {logging_mixin.py:149} INFO - [2023-06-21T03:09:37.656+0000] {dag.py:2726} INFO - Sync 3 DAGs
[2023-06-21T03:09:37.697+0000] {logging_mixin.py:149} INFO - [2023-06-21T03:09:37.696+0000] {dag.py:3490} INFO - Setting next_dagrun for example_subdag_operator to 2022-01-01T00:00:00+00:00, run_after=2022-01-01T00:00:00+00:00
[2023-06-21T03:09:37.706+0000] {logging_mixin.py:149} INFO - [2023-06-21T03:09:37.706+0000] {dag.py:3490} INFO - Setting next_dagrun for example_subdag_operator.section-1 to None, run_after=None
[2023-06-21T03:09:37.711+0000] {logging_mixin.py:149} INFO - [2023-06-21T03:09:37.711+0000] {dag.py:3490} INFO - Setting next_dagrun for example_subdag_operator.section-2 to None, run_after=None
[2023-06-21T03:09:37.728+0000] {logging_mixin.py:149} INFO - [2023-06-21T03:09:37.728+0000] {dag.py:2726} INFO - Sync 2 DAGs
[2023-06-21T03:09:37.739+0000] {logging_mixin.py:149} INFO - [2023-06-21T03:09:37.739+0000] {dag.py:3490} INFO - Setting next_dagrun for example_subdag_operator.section-1 to None, run_after=None
[2023-06-21T03:09:37.742+0000] {logging_mixin.py:149} INFO - [2023-06-21T03:09:37.741+0000] {dag.py:3490} INFO - Setting next_dagrun for example_subdag_operator.section-2 to None, run_after=None
[2023-06-21T03:09:37.762+0000] {processor.py:179} INFO - Processing /home/airflow/.local/lib/python3.7/site-packages/airflow/example_dags/example_subdag_operator.py took 0.202 seconds
