[2023-06-21T02:52:38.411+0000] {processor.py:157} INFO - Started process (PID=74) to work on /home/airflow/.local/lib/python3.7/site-packages/airflow/example_dags/example_task_group_decorator.py
[2023-06-21T02:52:38.416+0000] {processor.py:826} INFO - Processing file /home/airflow/.local/lib/python3.7/site-packages/airflow/example_dags/example_task_group_decorator.py for tasks to queue
[2023-06-21T02:52:38.426+0000] {logging_mixin.py:149} INFO - [2023-06-21T02:52:38.422+0000] {dagbag.py:541} INFO - Filling up the DagBag from /home/airflow/.local/lib/python3.7/site-packages/airflow/example_dags/example_task_group_decorator.py
[2023-06-21T02:52:38.514+0000] {processor.py:836} INFO - DAG(s) dict_keys(['example_task_group_decorator']) retrieved from /home/airflow/.local/lib/python3.7/site-packages/airflow/example_dags/example_task_group_decorator.py
[2023-06-21T02:52:38.660+0000] {logging_mixin.py:149} INFO - [2023-06-21T02:52:38.659+0000] {dag.py:2726} INFO - Sync 1 DAGs
[2023-06-21T02:52:38.778+0000] {logging_mixin.py:149} INFO - [2023-06-21T02:52:38.778+0000] {dag.py:3490} INFO - Setting next_dagrun for example_task_group_decorator to 2023-06-20T02:52:38.777617+00:00, run_after=2023-06-21T02:52:38.777617+00:00
[2023-06-21T02:52:38.931+0000] {processor.py:179} INFO - Processing /home/airflow/.local/lib/python3.7/site-packages/airflow/example_dags/example_task_group_decorator.py took 0.541 seconds
[2023-06-21T02:53:16.882+0000] {processor.py:157} INFO - Started process (PID=130) to work on /home/airflow/.local/lib/python3.7/site-packages/airflow/example_dags/example_task_group_decorator.py
[2023-06-21T02:53:16.887+0000] {processor.py:826} INFO - Processing file /home/airflow/.local/lib/python3.7/site-packages/airflow/example_dags/example_task_group_decorator.py for tasks to queue
[2023-06-21T02:53:16.891+0000] {logging_mixin.py:149} INFO - [2023-06-21T02:53:16.891+0000] {dagbag.py:541} INFO - Filling up the DagBag from /home/airflow/.local/lib/python3.7/site-packages/airflow/example_dags/example_task_group_decorator.py
[2023-06-21T02:53:16.945+0000] {processor.py:836} INFO - DAG(s) dict_keys(['example_task_group_decorator']) retrieved from /home/airflow/.local/lib/python3.7/site-packages/airflow/example_dags/example_task_group_decorator.py
[2023-06-21T02:53:17.054+0000] {logging_mixin.py:149} INFO - [2023-06-21T02:53:17.054+0000] {dag.py:2726} INFO - Sync 1 DAGs
[2023-06-21T02:53:17.162+0000] {logging_mixin.py:149} INFO - [2023-06-21T02:53:17.162+0000] {dag.py:3490} INFO - Setting next_dagrun for example_task_group_decorator to 2023-06-20T02:53:17.161737+00:00, run_after=2023-06-21T02:53:17.161737+00:00
[2023-06-21T02:53:17.217+0000] {processor.py:179} INFO - Processing /home/airflow/.local/lib/python3.7/site-packages/airflow/example_dags/example_task_group_decorator.py took 0.357 seconds
[2023-06-21T02:53:47.837+0000] {processor.py:157} INFO - Started process (PID=187) to work on /home/airflow/.local/lib/python3.7/site-packages/airflow/example_dags/example_task_group_decorator.py
[2023-06-21T02:53:47.842+0000] {processor.py:826} INFO - Processing file /home/airflow/.local/lib/python3.7/site-packages/airflow/example_dags/example_task_group_decorator.py for tasks to queue
[2023-06-21T02:53:47.845+0000] {logging_mixin.py:149} INFO - [2023-06-21T02:53:47.845+0000] {dagbag.py:541} INFO - Filling up the DagBag from /home/airflow/.local/lib/python3.7/site-packages/airflow/example_dags/example_task_group_decorator.py
[2023-06-21T02:53:47.878+0000] {processor.py:836} INFO - DAG(s) dict_keys(['example_task_group_decorator']) retrieved from /home/airflow/.local/lib/python3.7/site-packages/airflow/example_dags/example_task_group_decorator.py
[2023-06-21T02:53:47.938+0000] {logging_mixin.py:149} INFO - [2023-06-21T02:53:47.937+0000] {dag.py:2726} INFO - Sync 1 DAGs
[2023-06-21T02:53:47.997+0000] {logging_mixin.py:149} INFO - [2023-06-21T02:53:47.997+0000] {dag.py:3490} INFO - Setting next_dagrun for example_task_group_decorator to 2023-06-20T02:53:47.995198+00:00, run_after=2023-06-21T02:53:47.995198+00:00
[2023-06-21T02:53:48.056+0000] {processor.py:179} INFO - Processing /home/airflow/.local/lib/python3.7/site-packages/airflow/example_dags/example_task_group_decorator.py took 0.226 seconds
[2023-06-21T02:54:18.478+0000] {processor.py:157} INFO - Started process (PID=244) to work on /home/airflow/.local/lib/python3.7/site-packages/airflow/example_dags/example_task_group_decorator.py
[2023-06-21T02:54:18.480+0000] {processor.py:826} INFO - Processing file /home/airflow/.local/lib/python3.7/site-packages/airflow/example_dags/example_task_group_decorator.py for tasks to queue
[2023-06-21T02:54:18.482+0000] {logging_mixin.py:149} INFO - [2023-06-21T02:54:18.482+0000] {dagbag.py:541} INFO - Filling up the DagBag from /home/airflow/.local/lib/python3.7/site-packages/airflow/example_dags/example_task_group_decorator.py
[2023-06-21T02:54:18.508+0000] {processor.py:836} INFO - DAG(s) dict_keys(['example_task_group_decorator']) retrieved from /home/airflow/.local/lib/python3.7/site-packages/airflow/example_dags/example_task_group_decorator.py
[2023-06-21T02:54:18.560+0000] {logging_mixin.py:149} INFO - [2023-06-21T02:54:18.560+0000] {dag.py:2726} INFO - Sync 1 DAGs
[2023-06-21T02:54:18.603+0000] {logging_mixin.py:149} INFO - [2023-06-21T02:54:18.603+0000] {dag.py:3490} INFO - Setting next_dagrun for example_task_group_decorator to 2023-06-20T02:54:18.602713+00:00, run_after=2023-06-21T02:54:18.602713+00:00
[2023-06-21T02:54:18.636+0000] {processor.py:179} INFO - Processing /home/airflow/.local/lib/python3.7/site-packages/airflow/example_dags/example_task_group_decorator.py took 0.166 seconds
[2023-06-21T02:54:49.116+0000] {processor.py:157} INFO - Started process (PID=301) to work on /home/airflow/.local/lib/python3.7/site-packages/airflow/example_dags/example_task_group_decorator.py
[2023-06-21T02:54:49.119+0000] {processor.py:826} INFO - Processing file /home/airflow/.local/lib/python3.7/site-packages/airflow/example_dags/example_task_group_decorator.py for tasks to queue
[2023-06-21T02:54:49.124+0000] {logging_mixin.py:149} INFO - [2023-06-21T02:54:49.123+0000] {dagbag.py:541} INFO - Filling up the DagBag from /home/airflow/.local/lib/python3.7/site-packages/airflow/example_dags/example_task_group_decorator.py
[2023-06-21T02:54:49.157+0000] {processor.py:836} INFO - DAG(s) dict_keys(['example_task_group_decorator']) retrieved from /home/airflow/.local/lib/python3.7/site-packages/airflow/example_dags/example_task_group_decorator.py
[2023-06-21T02:54:49.223+0000] {logging_mixin.py:149} INFO - [2023-06-21T02:54:49.223+0000] {dag.py:2726} INFO - Sync 1 DAGs
[2023-06-21T02:54:49.288+0000] {logging_mixin.py:149} INFO - [2023-06-21T02:54:49.287+0000] {dag.py:3490} INFO - Setting next_dagrun for example_task_group_decorator to 2023-06-20T02:54:49.287526+00:00, run_after=2023-06-21T02:54:49.287526+00:00
[2023-06-21T02:54:49.343+0000] {processor.py:179} INFO - Processing /home/airflow/.local/lib/python3.7/site-packages/airflow/example_dags/example_task_group_decorator.py took 0.241 seconds
[2023-06-21T02:55:20.950+0000] {processor.py:157} INFO - Started process (PID=358) to work on /home/airflow/.local/lib/python3.7/site-packages/airflow/example_dags/example_task_group_decorator.py
[2023-06-21T02:55:20.953+0000] {processor.py:826} INFO - Processing file /home/airflow/.local/lib/python3.7/site-packages/airflow/example_dags/example_task_group_decorator.py for tasks to queue
[2023-06-21T02:55:20.957+0000] {logging_mixin.py:149} INFO - [2023-06-21T02:55:20.956+0000] {dagbag.py:541} INFO - Filling up the DagBag from /home/airflow/.local/lib/python3.7/site-packages/airflow/example_dags/example_task_group_decorator.py
[2023-06-21T02:55:20.992+0000] {processor.py:836} INFO - DAG(s) dict_keys(['example_task_group_decorator']) retrieved from /home/airflow/.local/lib/python3.7/site-packages/airflow/example_dags/example_task_group_decorator.py
[2023-06-21T02:55:21.068+0000] {logging_mixin.py:149} INFO - [2023-06-21T02:55:21.068+0000] {dag.py:2726} INFO - Sync 1 DAGs
[2023-06-21T02:55:21.116+0000] {logging_mixin.py:149} INFO - [2023-06-21T02:55:21.115+0000] {dag.py:3490} INFO - Setting next_dagrun for example_task_group_decorator to 2023-06-20T02:55:21.115588+00:00, run_after=2023-06-21T02:55:21.115588+00:00
[2023-06-21T02:55:21.159+0000] {processor.py:179} INFO - Processing /home/airflow/.local/lib/python3.7/site-packages/airflow/example_dags/example_task_group_decorator.py took 0.220 seconds
[2023-06-21T02:55:52.110+0000] {processor.py:157} INFO - Started process (PID=416) to work on /home/airflow/.local/lib/python3.7/site-packages/airflow/example_dags/example_task_group_decorator.py
[2023-06-21T02:55:52.114+0000] {processor.py:826} INFO - Processing file /home/airflow/.local/lib/python3.7/site-packages/airflow/example_dags/example_task_group_decorator.py for tasks to queue
[2023-06-21T02:55:52.119+0000] {logging_mixin.py:149} INFO - [2023-06-21T02:55:52.118+0000] {dagbag.py:541} INFO - Filling up the DagBag from /home/airflow/.local/lib/python3.7/site-packages/airflow/example_dags/example_task_group_decorator.py
[2023-06-21T02:55:52.155+0000] {processor.py:836} INFO - DAG(s) dict_keys(['example_task_group_decorator']) retrieved from /home/airflow/.local/lib/python3.7/site-packages/airflow/example_dags/example_task_group_decorator.py
[2023-06-21T02:55:52.235+0000] {logging_mixin.py:149} INFO - [2023-06-21T02:55:52.234+0000] {dag.py:2726} INFO - Sync 1 DAGs
[2023-06-21T02:55:52.289+0000] {logging_mixin.py:149} INFO - [2023-06-21T02:55:52.289+0000] {dag.py:3490} INFO - Setting next_dagrun for example_task_group_decorator to 2023-06-20T02:55:52.288393+00:00, run_after=2023-06-21T02:55:52.288393+00:00
[2023-06-21T02:55:52.332+0000] {processor.py:179} INFO - Processing /home/airflow/.local/lib/python3.7/site-packages/airflow/example_dags/example_task_group_decorator.py took 0.234 seconds
[2023-06-21T03:05:32.862+0000] {processor.py:157} INFO - Started process (PID=492) to work on /home/airflow/.local/lib/python3.7/site-packages/airflow/example_dags/example_task_group_decorator.py
[2023-06-21T03:05:32.866+0000] {processor.py:826} INFO - Processing file /home/airflow/.local/lib/python3.7/site-packages/airflow/example_dags/example_task_group_decorator.py for tasks to queue
[2023-06-21T03:05:32.868+0000] {logging_mixin.py:149} INFO - [2023-06-21T03:05:32.868+0000] {dagbag.py:541} INFO - Filling up the DagBag from /home/airflow/.local/lib/python3.7/site-packages/airflow/example_dags/example_task_group_decorator.py
[2023-06-21T03:05:32.925+0000] {processor.py:836} INFO - DAG(s) dict_keys(['example_task_group_decorator']) retrieved from /home/airflow/.local/lib/python3.7/site-packages/airflow/example_dags/example_task_group_decorator.py
[2023-06-21T03:05:33.034+0000] {logging_mixin.py:149} INFO - [2023-06-21T03:05:33.033+0000] {dag.py:2726} INFO - Sync 1 DAGs
[2023-06-21T03:05:33.103+0000] {logging_mixin.py:149} INFO - [2023-06-21T03:05:33.102+0000] {dag.py:3490} INFO - Setting next_dagrun for example_task_group_decorator to 2023-06-20T03:05:33.102029+00:00, run_after=2023-06-21T03:05:33.102029+00:00
[2023-06-21T03:05:33.174+0000] {processor.py:179} INFO - Processing /home/airflow/.local/lib/python3.7/site-packages/airflow/example_dags/example_task_group_decorator.py took 0.323 seconds
[2023-06-21T03:06:04.297+0000] {processor.py:157} INFO - Started process (PID=548) to work on /home/airflow/.local/lib/python3.7/site-packages/airflow/example_dags/example_task_group_decorator.py
[2023-06-21T03:06:04.300+0000] {processor.py:826} INFO - Processing file /home/airflow/.local/lib/python3.7/site-packages/airflow/example_dags/example_task_group_decorator.py for tasks to queue
[2023-06-21T03:06:04.303+0000] {logging_mixin.py:149} INFO - [2023-06-21T03:06:04.302+0000] {dagbag.py:541} INFO - Filling up the DagBag from /home/airflow/.local/lib/python3.7/site-packages/airflow/example_dags/example_task_group_decorator.py
[2023-06-21T03:06:04.333+0000] {processor.py:836} INFO - DAG(s) dict_keys(['example_task_group_decorator']) retrieved from /home/airflow/.local/lib/python3.7/site-packages/airflow/example_dags/example_task_group_decorator.py
[2023-06-21T03:06:04.392+0000] {logging_mixin.py:149} INFO - [2023-06-21T03:06:04.391+0000] {dag.py:2726} INFO - Sync 1 DAGs
[2023-06-21T03:06:04.451+0000] {logging_mixin.py:149} INFO - [2023-06-21T03:06:04.451+0000] {dag.py:3490} INFO - Setting next_dagrun for example_task_group_decorator to 2023-06-20T03:06:04.451218+00:00, run_after=2023-06-21T03:06:04.451218+00:00
[2023-06-21T03:06:04.506+0000] {processor.py:179} INFO - Processing /home/airflow/.local/lib/python3.7/site-packages/airflow/example_dags/example_task_group_decorator.py took 0.215 seconds
[2023-06-21T03:06:35.770+0000] {processor.py:157} INFO - Started process (PID=605) to work on /home/airflow/.local/lib/python3.7/site-packages/airflow/example_dags/example_task_group_decorator.py
[2023-06-21T03:06:35.775+0000] {processor.py:826} INFO - Processing file /home/airflow/.local/lib/python3.7/site-packages/airflow/example_dags/example_task_group_decorator.py for tasks to queue
[2023-06-21T03:06:35.778+0000] {logging_mixin.py:149} INFO - [2023-06-21T03:06:35.777+0000] {dagbag.py:541} INFO - Filling up the DagBag from /home/airflow/.local/lib/python3.7/site-packages/airflow/example_dags/example_task_group_decorator.py
[2023-06-21T03:06:35.815+0000] {processor.py:836} INFO - DAG(s) dict_keys(['example_task_group_decorator']) retrieved from /home/airflow/.local/lib/python3.7/site-packages/airflow/example_dags/example_task_group_decorator.py
[2023-06-21T03:06:35.883+0000] {logging_mixin.py:149} INFO - [2023-06-21T03:06:35.883+0000] {dag.py:2726} INFO - Sync 1 DAGs
[2023-06-21T03:06:35.946+0000] {logging_mixin.py:149} INFO - [2023-06-21T03:06:35.946+0000] {dag.py:3490} INFO - Setting next_dagrun for example_task_group_decorator to 2023-06-20T03:06:35.945658+00:00, run_after=2023-06-21T03:06:35.945658+00:00
[2023-06-21T03:06:36.016+0000] {processor.py:179} INFO - Processing /home/airflow/.local/lib/python3.7/site-packages/airflow/example_dags/example_task_group_decorator.py took 0.254 seconds
[2023-06-21T03:07:06.537+0000] {processor.py:157} INFO - Started process (PID=663) to work on /home/airflow/.local/lib/python3.7/site-packages/airflow/example_dags/example_task_group_decorator.py
[2023-06-21T03:07:06.541+0000] {processor.py:826} INFO - Processing file /home/airflow/.local/lib/python3.7/site-packages/airflow/example_dags/example_task_group_decorator.py for tasks to queue
[2023-06-21T03:07:06.544+0000] {logging_mixin.py:149} INFO - [2023-06-21T03:07:06.544+0000] {dagbag.py:541} INFO - Filling up the DagBag from /home/airflow/.local/lib/python3.7/site-packages/airflow/example_dags/example_task_group_decorator.py
[2023-06-21T03:07:06.589+0000] {processor.py:836} INFO - DAG(s) dict_keys(['example_task_group_decorator']) retrieved from /home/airflow/.local/lib/python3.7/site-packages/airflow/example_dags/example_task_group_decorator.py
[2023-06-21T03:07:06.676+0000] {logging_mixin.py:149} INFO - [2023-06-21T03:07:06.676+0000] {dag.py:2726} INFO - Sync 1 DAGs
[2023-06-21T03:07:06.743+0000] {logging_mixin.py:149} INFO - [2023-06-21T03:07:06.742+0000] {dag.py:3490} INFO - Setting next_dagrun for example_task_group_decorator to 2023-06-20T03:07:06.742443+00:00, run_after=2023-06-21T03:07:06.742443+00:00
[2023-06-21T03:07:06.800+0000] {processor.py:179} INFO - Processing /home/airflow/.local/lib/python3.7/site-packages/airflow/example_dags/example_task_group_decorator.py took 0.273 seconds
[2023-06-21T03:07:37.434+0000] {processor.py:157} INFO - Started process (PID=720) to work on /home/airflow/.local/lib/python3.7/site-packages/airflow/example_dags/example_task_group_decorator.py
[2023-06-21T03:07:37.439+0000] {processor.py:826} INFO - Processing file /home/airflow/.local/lib/python3.7/site-packages/airflow/example_dags/example_task_group_decorator.py for tasks to queue
[2023-06-21T03:07:37.442+0000] {logging_mixin.py:149} INFO - [2023-06-21T03:07:37.442+0000] {dagbag.py:541} INFO - Filling up the DagBag from /home/airflow/.local/lib/python3.7/site-packages/airflow/example_dags/example_task_group_decorator.py
[2023-06-21T03:07:37.479+0000] {processor.py:836} INFO - DAG(s) dict_keys(['example_task_group_decorator']) retrieved from /home/airflow/.local/lib/python3.7/site-packages/airflow/example_dags/example_task_group_decorator.py
[2023-06-21T03:07:37.545+0000] {logging_mixin.py:149} INFO - [2023-06-21T03:07:37.544+0000] {dag.py:2726} INFO - Sync 1 DAGs
[2023-06-21T03:07:37.602+0000] {logging_mixin.py:149} INFO - [2023-06-21T03:07:37.601+0000] {dag.py:3490} INFO - Setting next_dagrun for example_task_group_decorator to 2023-06-20T03:07:37.601233+00:00, run_after=2023-06-21T03:07:37.601233+00:00
[2023-06-21T03:07:37.646+0000] {processor.py:179} INFO - Processing /home/airflow/.local/lib/python3.7/site-packages/airflow/example_dags/example_task_group_decorator.py took 0.226 seconds
[2023-06-21T03:08:08.500+0000] {processor.py:157} INFO - Started process (PID=777) to work on /home/airflow/.local/lib/python3.7/site-packages/airflow/example_dags/example_task_group_decorator.py
[2023-06-21T03:08:08.503+0000] {processor.py:826} INFO - Processing file /home/airflow/.local/lib/python3.7/site-packages/airflow/example_dags/example_task_group_decorator.py for tasks to queue
[2023-06-21T03:08:08.506+0000] {logging_mixin.py:149} INFO - [2023-06-21T03:08:08.506+0000] {dagbag.py:541} INFO - Filling up the DagBag from /home/airflow/.local/lib/python3.7/site-packages/airflow/example_dags/example_task_group_decorator.py
[2023-06-21T03:08:08.548+0000] {processor.py:836} INFO - DAG(s) dict_keys(['example_task_group_decorator']) retrieved from /home/airflow/.local/lib/python3.7/site-packages/airflow/example_dags/example_task_group_decorator.py
[2023-06-21T03:08:08.606+0000] {logging_mixin.py:149} INFO - [2023-06-21T03:08:08.605+0000] {dag.py:2726} INFO - Sync 1 DAGs
[2023-06-21T03:08:08.649+0000] {logging_mixin.py:149} INFO - [2023-06-21T03:08:08.648+0000] {dag.py:3490} INFO - Setting next_dagrun for example_task_group_decorator to 2023-06-20T03:08:08.647911+00:00, run_after=2023-06-21T03:08:08.647911+00:00
[2023-06-21T03:08:08.688+0000] {processor.py:179} INFO - Processing /home/airflow/.local/lib/python3.7/site-packages/airflow/example_dags/example_task_group_decorator.py took 0.197 seconds
[2023-06-21T03:08:39.179+0000] {processor.py:157} INFO - Started process (PID=834) to work on /home/airflow/.local/lib/python3.7/site-packages/airflow/example_dags/example_task_group_decorator.py
[2023-06-21T03:08:39.182+0000] {processor.py:826} INFO - Processing file /home/airflow/.local/lib/python3.7/site-packages/airflow/example_dags/example_task_group_decorator.py for tasks to queue
[2023-06-21T03:08:39.184+0000] {logging_mixin.py:149} INFO - [2023-06-21T03:08:39.184+0000] {dagbag.py:541} INFO - Filling up the DagBag from /home/airflow/.local/lib/python3.7/site-packages/airflow/example_dags/example_task_group_decorator.py
[2023-06-21T03:08:39.218+0000] {processor.py:836} INFO - DAG(s) dict_keys(['example_task_group_decorator']) retrieved from /home/airflow/.local/lib/python3.7/site-packages/airflow/example_dags/example_task_group_decorator.py
[2023-06-21T03:08:39.279+0000] {logging_mixin.py:149} INFO - [2023-06-21T03:08:39.279+0000] {dag.py:2726} INFO - Sync 1 DAGs
[2023-06-21T03:08:39.322+0000] {logging_mixin.py:149} INFO - [2023-06-21T03:08:39.321+0000] {dag.py:3490} INFO - Setting next_dagrun for example_task_group_decorator to 2023-06-20T03:08:39.321518+00:00, run_after=2023-06-21T03:08:39.321518+00:00
[2023-06-21T03:08:39.363+0000] {processor.py:179} INFO - Processing /home/airflow/.local/lib/python3.7/site-packages/airflow/example_dags/example_task_group_decorator.py took 0.193 seconds
[2023-06-21T03:09:09.468+0000] {processor.py:157} INFO - Started process (PID=892) to work on /home/airflow/.local/lib/python3.7/site-packages/airflow/example_dags/example_task_group_decorator.py
[2023-06-21T03:09:09.471+0000] {processor.py:826} INFO - Processing file /home/airflow/.local/lib/python3.7/site-packages/airflow/example_dags/example_task_group_decorator.py for tasks to queue
[2023-06-21T03:09:09.474+0000] {logging_mixin.py:149} INFO - [2023-06-21T03:09:09.473+0000] {dagbag.py:541} INFO - Filling up the DagBag from /home/airflow/.local/lib/python3.7/site-packages/airflow/example_dags/example_task_group_decorator.py
[2023-06-21T03:09:09.502+0000] {processor.py:836} INFO - DAG(s) dict_keys(['example_task_group_decorator']) retrieved from /home/airflow/.local/lib/python3.7/site-packages/airflow/example_dags/example_task_group_decorator.py
[2023-06-21T03:09:09.550+0000] {logging_mixin.py:149} INFO - [2023-06-21T03:09:09.550+0000] {dag.py:2726} INFO - Sync 1 DAGs
[2023-06-21T03:09:09.588+0000] {logging_mixin.py:149} INFO - [2023-06-21T03:09:09.588+0000] {dag.py:3490} INFO - Setting next_dagrun for example_task_group_decorator to 2023-06-20T03:09:09.587896+00:00, run_after=2023-06-21T03:09:09.587896+00:00
[2023-06-21T03:09:09.622+0000] {processor.py:179} INFO - Processing /home/airflow/.local/lib/python3.7/site-packages/airflow/example_dags/example_task_group_decorator.py took 0.161 seconds
