[2023-06-21T02:52:17.566+0000] {processor.py:157} INFO - Started process (PID=56) to work on /home/airflow/.local/lib/python3.7/site-packages/airflow/example_dags/example_datasets.py
[2023-06-21T02:52:17.604+0000] {processor.py:826} INFO - Processing file /home/airflow/.local/lib/python3.7/site-packages/airflow/example_dags/example_datasets.py for tasks to queue
[2023-06-21T02:52:17.612+0000] {logging_mixin.py:149} INFO - [2023-06-21T02:52:17.611+0000] {dagbag.py:541} INFO - Filling up the DagBag from /home/airflow/.local/lib/python3.7/site-packages/airflow/example_dags/example_datasets.py
[2023-06-21T02:52:17.839+0000] {processor.py:836} INFO - DAG(s) dict_keys(['dataset_produces_2', 'dataset_consumes_1', 'dataset_consumes_unknown_never_scheduled', 'dataset_consumes_1_never_scheduled', 'dataset_consumes_1_and_2', 'dataset_produces_1']) retrieved from /home/airflow/.local/lib/python3.7/site-packages/airflow/example_dags/example_datasets.py
[2023-06-21T02:52:21.550+0000] {logging_mixin.py:149} INFO - [2023-06-21T02:52:21.526+0000] {dag.py:2726} INFO - Sync 6 DAGs
[2023-06-21T02:52:22.145+0000] {logging_mixin.py:149} INFO - [2023-06-21T02:52:22.143+0000] {dag.py:3490} INFO - Setting next_dagrun for dataset_consumes_1 to None, run_after=None
[2023-06-21T02:52:22.165+0000] {logging_mixin.py:149} INFO - [2023-06-21T02:52:22.164+0000] {dag.py:3490} INFO - Setting next_dagrun for dataset_consumes_1_and_2 to None, run_after=None
[2023-06-21T02:52:22.171+0000] {logging_mixin.py:149} INFO - [2023-06-21T02:52:22.171+0000] {dag.py:3490} INFO - Setting next_dagrun for dataset_consumes_1_never_scheduled to None, run_after=None
[2023-06-21T02:52:22.180+0000] {logging_mixin.py:149} INFO - [2023-06-21T02:52:22.179+0000] {dag.py:3490} INFO - Setting next_dagrun for dataset_consumes_unknown_never_scheduled to None, run_after=None
[2023-06-21T02:52:22.197+0000] {logging_mixin.py:149} INFO - [2023-06-21T02:52:22.197+0000] {dag.py:3490} INFO - Setting next_dagrun for dataset_produces_1 to 2023-06-20T00:00:00+00:00, run_after=2023-06-21T00:00:00+00:00
[2023-06-21T02:52:22.204+0000] {logging_mixin.py:149} INFO - [2023-06-21T02:52:22.204+0000] {dag.py:3490} INFO - Setting next_dagrun for dataset_produces_2 to None, run_after=None
[2023-06-21T02:52:22.361+0000] {processor.py:179} INFO - Processing /home/airflow/.local/lib/python3.7/site-packages/airflow/example_dags/example_datasets.py took 4.824 seconds
[2023-06-21T02:53:13.970+0000] {processor.py:157} INFO - Started process (PID=120) to work on /home/airflow/.local/lib/python3.7/site-packages/airflow/example_dags/example_datasets.py
[2023-06-21T02:53:13.977+0000] {processor.py:826} INFO - Processing file /home/airflow/.local/lib/python3.7/site-packages/airflow/example_dags/example_datasets.py for tasks to queue
[2023-06-21T02:53:13.987+0000] {logging_mixin.py:149} INFO - [2023-06-21T02:53:13.987+0000] {dagbag.py:541} INFO - Filling up the DagBag from /home/airflow/.local/lib/python3.7/site-packages/airflow/example_dags/example_datasets.py
[2023-06-21T02:53:14.009+0000] {processor.py:836} INFO - DAG(s) dict_keys(['dataset_consumes_1_and_2', 'dataset_consumes_1', 'dataset_consumes_unknown_never_scheduled', 'dataset_produces_1', 'dataset_produces_2', 'dataset_consumes_1_never_scheduled']) retrieved from /home/airflow/.local/lib/python3.7/site-packages/airflow/example_dags/example_datasets.py
[2023-06-21T02:53:14.108+0000] {logging_mixin.py:149} INFO - [2023-06-21T02:53:14.107+0000] {dag.py:2726} INFO - Sync 6 DAGs
[2023-06-21T02:53:14.196+0000] {logging_mixin.py:149} INFO - [2023-06-21T02:53:14.195+0000] {dag.py:3490} INFO - Setting next_dagrun for dataset_consumes_1 to None, run_after=None
[2023-06-21T02:53:14.209+0000] {logging_mixin.py:149} INFO - [2023-06-21T02:53:14.209+0000] {dag.py:3490} INFO - Setting next_dagrun for dataset_consumes_1_and_2 to None, run_after=None
[2023-06-21T02:53:14.216+0000] {logging_mixin.py:149} INFO - [2023-06-21T02:53:14.215+0000] {dag.py:3490} INFO - Setting next_dagrun for dataset_consumes_1_never_scheduled to None, run_after=None
[2023-06-21T02:53:14.228+0000] {logging_mixin.py:149} INFO - [2023-06-21T02:53:14.227+0000] {dag.py:3490} INFO - Setting next_dagrun for dataset_consumes_unknown_never_scheduled to None, run_after=None
[2023-06-21T02:53:14.269+0000] {logging_mixin.py:149} INFO - [2023-06-21T02:53:14.268+0000] {dag.py:3490} INFO - Setting next_dagrun for dataset_produces_1 to 2023-06-20T00:00:00+00:00, run_after=2023-06-21T00:00:00+00:00
[2023-06-21T02:53:14.283+0000] {logging_mixin.py:149} INFO - [2023-06-21T02:53:14.282+0000] {dag.py:3490} INFO - Setting next_dagrun for dataset_produces_2 to None, run_after=None
[2023-06-21T02:53:14.523+0000] {processor.py:179} INFO - Processing /home/airflow/.local/lib/python3.7/site-packages/airflow/example_dags/example_datasets.py took 0.575 seconds
[2023-06-21T02:53:45.508+0000] {processor.py:157} INFO - Started process (PID=177) to work on /home/airflow/.local/lib/python3.7/site-packages/airflow/example_dags/example_datasets.py
[2023-06-21T02:53:45.511+0000] {processor.py:826} INFO - Processing file /home/airflow/.local/lib/python3.7/site-packages/airflow/example_dags/example_datasets.py for tasks to queue
[2023-06-21T02:53:45.514+0000] {logging_mixin.py:149} INFO - [2023-06-21T02:53:45.513+0000] {dagbag.py:541} INFO - Filling up the DagBag from /home/airflow/.local/lib/python3.7/site-packages/airflow/example_dags/example_datasets.py
[2023-06-21T02:53:45.536+0000] {processor.py:836} INFO - DAG(s) dict_keys(['dataset_consumes_1_and_2', 'dataset_consumes_unknown_never_scheduled', 'dataset_produces_1', 'dataset_consumes_1_never_scheduled', 'dataset_consumes_1', 'dataset_produces_2']) retrieved from /home/airflow/.local/lib/python3.7/site-packages/airflow/example_dags/example_datasets.py
[2023-06-21T02:53:45.619+0000] {logging_mixin.py:149} INFO - [2023-06-21T02:53:45.619+0000] {dag.py:2726} INFO - Sync 6 DAGs
[2023-06-21T02:53:45.677+0000] {logging_mixin.py:149} INFO - [2023-06-21T02:53:45.676+0000] {dag.py:3490} INFO - Setting next_dagrun for dataset_consumes_1 to None, run_after=None
[2023-06-21T02:53:45.691+0000] {logging_mixin.py:149} INFO - [2023-06-21T02:53:45.690+0000] {dag.py:3490} INFO - Setting next_dagrun for dataset_consumes_1_and_2 to None, run_after=None
[2023-06-21T02:53:45.696+0000] {logging_mixin.py:149} INFO - [2023-06-21T02:53:45.695+0000] {dag.py:3490} INFO - Setting next_dagrun for dataset_consumes_1_never_scheduled to None, run_after=None
[2023-06-21T02:53:45.701+0000] {logging_mixin.py:149} INFO - [2023-06-21T02:53:45.700+0000] {dag.py:3490} INFO - Setting next_dagrun for dataset_consumes_unknown_never_scheduled to None, run_after=None
[2023-06-21T02:53:45.708+0000] {logging_mixin.py:149} INFO - [2023-06-21T02:53:45.707+0000] {dag.py:3490} INFO - Setting next_dagrun for dataset_produces_1 to 2023-06-20T00:00:00+00:00, run_after=2023-06-21T00:00:00+00:00
[2023-06-21T02:53:45.712+0000] {logging_mixin.py:149} INFO - [2023-06-21T02:53:45.712+0000] {dag.py:3490} INFO - Setting next_dagrun for dataset_produces_2 to None, run_after=None
[2023-06-21T02:53:45.828+0000] {processor.py:179} INFO - Processing /home/airflow/.local/lib/python3.7/site-packages/airflow/example_dags/example_datasets.py took 0.333 seconds
[2023-06-21T02:54:15.998+0000] {processor.py:157} INFO - Started process (PID=234) to work on /home/airflow/.local/lib/python3.7/site-packages/airflow/example_dags/example_datasets.py
[2023-06-21T02:54:16.000+0000] {processor.py:826} INFO - Processing file /home/airflow/.local/lib/python3.7/site-packages/airflow/example_dags/example_datasets.py for tasks to queue
[2023-06-21T02:54:16.002+0000] {logging_mixin.py:149} INFO - [2023-06-21T02:54:16.002+0000] {dagbag.py:541} INFO - Filling up the DagBag from /home/airflow/.local/lib/python3.7/site-packages/airflow/example_dags/example_datasets.py
[2023-06-21T02:54:16.019+0000] {processor.py:836} INFO - DAG(s) dict_keys(['dataset_consumes_1_and_2', 'dataset_produces_2', 'dataset_consumes_unknown_never_scheduled', 'dataset_consumes_1_never_scheduled', 'dataset_consumes_1', 'dataset_produces_1']) retrieved from /home/airflow/.local/lib/python3.7/site-packages/airflow/example_dags/example_datasets.py
[2023-06-21T02:54:16.090+0000] {logging_mixin.py:149} INFO - [2023-06-21T02:54:16.090+0000] {dag.py:2726} INFO - Sync 6 DAGs
[2023-06-21T02:54:16.139+0000] {logging_mixin.py:149} INFO - [2023-06-21T02:54:16.139+0000] {dag.py:3490} INFO - Setting next_dagrun for dataset_consumes_1 to None, run_after=None
[2023-06-21T02:54:16.146+0000] {logging_mixin.py:149} INFO - [2023-06-21T02:54:16.146+0000] {dag.py:3490} INFO - Setting next_dagrun for dataset_consumes_1_and_2 to None, run_after=None
[2023-06-21T02:54:16.149+0000] {logging_mixin.py:149} INFO - [2023-06-21T02:54:16.149+0000] {dag.py:3490} INFO - Setting next_dagrun for dataset_consumes_1_never_scheduled to None, run_after=None
[2023-06-21T02:54:16.153+0000] {logging_mixin.py:149} INFO - [2023-06-21T02:54:16.152+0000] {dag.py:3490} INFO - Setting next_dagrun for dataset_consumes_unknown_never_scheduled to None, run_after=None
[2023-06-21T02:54:16.158+0000] {logging_mixin.py:149} INFO - [2023-06-21T02:54:16.158+0000] {dag.py:3490} INFO - Setting next_dagrun for dataset_produces_1 to 2023-06-20T00:00:00+00:00, run_after=2023-06-21T00:00:00+00:00
[2023-06-21T02:54:16.162+0000] {logging_mixin.py:149} INFO - [2023-06-21T02:54:16.162+0000] {dag.py:3490} INFO - Setting next_dagrun for dataset_produces_2 to None, run_after=None
[2023-06-21T02:54:16.225+0000] {processor.py:179} INFO - Processing /home/airflow/.local/lib/python3.7/site-packages/airflow/example_dags/example_datasets.py took 0.234 seconds
[2023-06-21T02:54:46.547+0000] {processor.py:157} INFO - Started process (PID=291) to work on /home/airflow/.local/lib/python3.7/site-packages/airflow/example_dags/example_datasets.py
[2023-06-21T02:54:46.549+0000] {processor.py:826} INFO - Processing file /home/airflow/.local/lib/python3.7/site-packages/airflow/example_dags/example_datasets.py for tasks to queue
[2023-06-21T02:54:46.551+0000] {logging_mixin.py:149} INFO - [2023-06-21T02:54:46.551+0000] {dagbag.py:541} INFO - Filling up the DagBag from /home/airflow/.local/lib/python3.7/site-packages/airflow/example_dags/example_datasets.py
[2023-06-21T02:54:46.576+0000] {processor.py:836} INFO - DAG(s) dict_keys(['dataset_produces_1', 'dataset_consumes_1', 'dataset_consumes_unknown_never_scheduled', 'dataset_consumes_1_never_scheduled', 'dataset_produces_2', 'dataset_consumes_1_and_2']) retrieved from /home/airflow/.local/lib/python3.7/site-packages/airflow/example_dags/example_datasets.py
[2023-06-21T02:54:46.677+0000] {logging_mixin.py:149} INFO - [2023-06-21T02:54:46.677+0000] {dag.py:2726} INFO - Sync 6 DAGs
[2023-06-21T02:54:46.746+0000] {logging_mixin.py:149} INFO - [2023-06-21T02:54:46.746+0000] {dag.py:3490} INFO - Setting next_dagrun for dataset_consumes_1 to None, run_after=None
[2023-06-21T02:54:46.767+0000] {logging_mixin.py:149} INFO - [2023-06-21T02:54:46.767+0000] {dag.py:3490} INFO - Setting next_dagrun for dataset_consumes_1_and_2 to None, run_after=None
[2023-06-21T02:54:46.772+0000] {logging_mixin.py:149} INFO - [2023-06-21T02:54:46.771+0000] {dag.py:3490} INFO - Setting next_dagrun for dataset_consumes_1_never_scheduled to None, run_after=None
[2023-06-21T02:54:46.777+0000] {logging_mixin.py:149} INFO - [2023-06-21T02:54:46.777+0000] {dag.py:3490} INFO - Setting next_dagrun for dataset_consumes_unknown_never_scheduled to None, run_after=None
[2023-06-21T02:54:46.784+0000] {logging_mixin.py:149} INFO - [2023-06-21T02:54:46.783+0000] {dag.py:3490} INFO - Setting next_dagrun for dataset_produces_1 to 2023-06-20T00:00:00+00:00, run_after=2023-06-21T00:00:00+00:00
[2023-06-21T02:54:46.788+0000] {logging_mixin.py:149} INFO - [2023-06-21T02:54:46.787+0000] {dag.py:3490} INFO - Setting next_dagrun for dataset_produces_2 to None, run_after=None
[2023-06-21T02:54:46.878+0000] {processor.py:179} INFO - Processing /home/airflow/.local/lib/python3.7/site-packages/airflow/example_dags/example_datasets.py took 0.343 seconds
[2023-06-21T02:55:17.228+0000] {processor.py:157} INFO - Started process (PID=343) to work on /home/airflow/.local/lib/python3.7/site-packages/airflow/example_dags/example_datasets.py
[2023-06-21T02:55:17.236+0000] {processor.py:826} INFO - Processing file /home/airflow/.local/lib/python3.7/site-packages/airflow/example_dags/example_datasets.py for tasks to queue
[2023-06-21T02:55:17.239+0000] {logging_mixin.py:149} INFO - [2023-06-21T02:55:17.238+0000] {dagbag.py:541} INFO - Filling up the DagBag from /home/airflow/.local/lib/python3.7/site-packages/airflow/example_dags/example_datasets.py
[2023-06-21T02:55:17.336+0000] {processor.py:836} INFO - DAG(s) dict_keys(['dataset_consumes_unknown_never_scheduled', 'dataset_consumes_1_and_2', 'dataset_consumes_1_never_scheduled', 'dataset_produces_2', 'dataset_consumes_1', 'dataset_produces_1']) retrieved from /home/airflow/.local/lib/python3.7/site-packages/airflow/example_dags/example_datasets.py
[2023-06-21T02:55:17.568+0000] {logging_mixin.py:149} INFO - [2023-06-21T02:55:17.568+0000] {dag.py:2726} INFO - Sync 6 DAGs
[2023-06-21T02:55:17.708+0000] {logging_mixin.py:149} INFO - [2023-06-21T02:55:17.707+0000] {dag.py:3490} INFO - Setting next_dagrun for dataset_consumes_1 to None, run_after=None
[2023-06-21T02:55:17.721+0000] {logging_mixin.py:149} INFO - [2023-06-21T02:55:17.721+0000] {dag.py:3490} INFO - Setting next_dagrun for dataset_consumes_1_and_2 to None, run_after=None
[2023-06-21T02:55:17.728+0000] {logging_mixin.py:149} INFO - [2023-06-21T02:55:17.728+0000] {dag.py:3490} INFO - Setting next_dagrun for dataset_consumes_1_never_scheduled to None, run_after=None
[2023-06-21T02:55:17.733+0000] {logging_mixin.py:149} INFO - [2023-06-21T02:55:17.733+0000] {dag.py:3490} INFO - Setting next_dagrun for dataset_consumes_unknown_never_scheduled to None, run_after=None
[2023-06-21T02:55:17.746+0000] {logging_mixin.py:149} INFO - [2023-06-21T02:55:17.745+0000] {dag.py:3490} INFO - Setting next_dagrun for dataset_produces_1 to 2023-06-20T00:00:00+00:00, run_after=2023-06-21T00:00:00+00:00
[2023-06-21T02:55:17.752+0000] {logging_mixin.py:149} INFO - [2023-06-21T02:55:17.751+0000] {dag.py:3490} INFO - Setting next_dagrun for dataset_produces_2 to None, run_after=None
[2023-06-21T02:55:18.186+0000] {processor.py:179} INFO - Processing /home/airflow/.local/lib/python3.7/site-packages/airflow/example_dags/example_datasets.py took 0.978 seconds
[2023-06-21T02:55:48.419+0000] {processor.py:157} INFO - Started process (PID=401) to work on /home/airflow/.local/lib/python3.7/site-packages/airflow/example_dags/example_datasets.py
[2023-06-21T02:55:48.422+0000] {processor.py:826} INFO - Processing file /home/airflow/.local/lib/python3.7/site-packages/airflow/example_dags/example_datasets.py for tasks to queue
[2023-06-21T02:55:48.424+0000] {logging_mixin.py:149} INFO - [2023-06-21T02:55:48.423+0000] {dagbag.py:541} INFO - Filling up the DagBag from /home/airflow/.local/lib/python3.7/site-packages/airflow/example_dags/example_datasets.py
[2023-06-21T02:55:48.439+0000] {processor.py:836} INFO - DAG(s) dict_keys(['dataset_produces_2', 'dataset_consumes_unknown_never_scheduled', 'dataset_consumes_1_never_scheduled', 'dataset_produces_1', 'dataset_consumes_1_and_2', 'dataset_consumes_1']) retrieved from /home/airflow/.local/lib/python3.7/site-packages/airflow/example_dags/example_datasets.py
[2023-06-21T02:55:48.512+0000] {logging_mixin.py:149} INFO - [2023-06-21T02:55:48.512+0000] {dag.py:2726} INFO - Sync 6 DAGs
[2023-06-21T02:55:48.555+0000] {logging_mixin.py:149} INFO - [2023-06-21T02:55:48.555+0000] {dag.py:3490} INFO - Setting next_dagrun for dataset_consumes_1 to None, run_after=None
[2023-06-21T02:55:48.565+0000] {logging_mixin.py:149} INFO - [2023-06-21T02:55:48.565+0000] {dag.py:3490} INFO - Setting next_dagrun for dataset_consumes_1_and_2 to None, run_after=None
[2023-06-21T02:55:48.569+0000] {logging_mixin.py:149} INFO - [2023-06-21T02:55:48.568+0000] {dag.py:3490} INFO - Setting next_dagrun for dataset_consumes_1_never_scheduled to None, run_after=None
[2023-06-21T02:55:48.572+0000] {logging_mixin.py:149} INFO - [2023-06-21T02:55:48.572+0000] {dag.py:3490} INFO - Setting next_dagrun for dataset_consumes_unknown_never_scheduled to None, run_after=None
[2023-06-21T02:55:48.578+0000] {logging_mixin.py:149} INFO - [2023-06-21T02:55:48.577+0000] {dag.py:3490} INFO - Setting next_dagrun for dataset_produces_1 to 2023-06-20T00:00:00+00:00, run_after=2023-06-21T00:00:00+00:00
[2023-06-21T02:55:48.582+0000] {logging_mixin.py:149} INFO - [2023-06-21T02:55:48.581+0000] {dag.py:3490} INFO - Setting next_dagrun for dataset_produces_2 to None, run_after=None
[2023-06-21T02:55:48.645+0000] {processor.py:179} INFO - Processing /home/airflow/.local/lib/python3.7/site-packages/airflow/example_dags/example_datasets.py took 0.232 seconds
[2023-06-21T02:56:19.480+0000] {processor.py:157} INFO - Started process (PID=458) to work on /home/airflow/.local/lib/python3.7/site-packages/airflow/example_dags/example_datasets.py
[2023-06-21T02:56:19.483+0000] {processor.py:826} INFO - Processing file /home/airflow/.local/lib/python3.7/site-packages/airflow/example_dags/example_datasets.py for tasks to queue
[2023-06-21T02:56:19.487+0000] {logging_mixin.py:149} INFO - [2023-06-21T02:56:19.486+0000] {dagbag.py:541} INFO - Filling up the DagBag from /home/airflow/.local/lib/python3.7/site-packages/airflow/example_dags/example_datasets.py
[2023-06-21T02:56:19.507+0000] {processor.py:836} INFO - DAG(s) dict_keys(['dataset_consumes_1', 'dataset_consumes_1_and_2', 'dataset_consumes_1_never_scheduled', 'dataset_consumes_unknown_never_scheduled', 'dataset_produces_1', 'dataset_produces_2']) retrieved from /home/airflow/.local/lib/python3.7/site-packages/airflow/example_dags/example_datasets.py
[2023-06-21T02:56:19.596+0000] {logging_mixin.py:149} INFO - [2023-06-21T02:56:19.596+0000] {dag.py:2726} INFO - Sync 6 DAGs
[2023-06-21T02:56:19.637+0000] {logging_mixin.py:149} INFO - [2023-06-21T02:56:19.637+0000] {dag.py:3490} INFO - Setting next_dagrun for dataset_consumes_1 to None, run_after=None
[2023-06-21T02:56:19.643+0000] {logging_mixin.py:149} INFO - [2023-06-21T02:56:19.643+0000] {dag.py:3490} INFO - Setting next_dagrun for dataset_consumes_1_and_2 to None, run_after=None
[2023-06-21T02:56:19.646+0000] {logging_mixin.py:149} INFO - [2023-06-21T02:56:19.646+0000] {dag.py:3490} INFO - Setting next_dagrun for dataset_consumes_1_never_scheduled to None, run_after=None
[2023-06-21T02:56:19.649+0000] {logging_mixin.py:149} INFO - [2023-06-21T02:56:19.649+0000] {dag.py:3490} INFO - Setting next_dagrun for dataset_consumes_unknown_never_scheduled to None, run_after=None
[2023-06-21T02:56:19.654+0000] {logging_mixin.py:149} INFO - [2023-06-21T02:56:19.654+0000] {dag.py:3490} INFO - Setting next_dagrun for dataset_produces_1 to 2023-06-20T00:00:00+00:00, run_after=2023-06-21T00:00:00+00:00
[2023-06-21T02:56:19.659+0000] {logging_mixin.py:149} INFO - [2023-06-21T02:56:19.658+0000] {dag.py:3490} INFO - Setting next_dagrun for dataset_produces_2 to None, run_after=None
[2023-06-21T02:56:19.720+0000] {processor.py:179} INFO - Processing /home/airflow/.local/lib/python3.7/site-packages/airflow/example_dags/example_datasets.py took 0.248 seconds
[2023-06-21T03:05:30.665+0000] {processor.py:157} INFO - Started process (PID=482) to work on /home/airflow/.local/lib/python3.7/site-packages/airflow/example_dags/example_datasets.py
[2023-06-21T03:05:30.673+0000] {processor.py:826} INFO - Processing file /home/airflow/.local/lib/python3.7/site-packages/airflow/example_dags/example_datasets.py for tasks to queue
[2023-06-21T03:05:30.679+0000] {logging_mixin.py:149} INFO - [2023-06-21T03:05:30.678+0000] {dagbag.py:541} INFO - Filling up the DagBag from /home/airflow/.local/lib/python3.7/site-packages/airflow/example_dags/example_datasets.py
[2023-06-21T03:05:30.732+0000] {processor.py:836} INFO - DAG(s) dict_keys(['dataset_consumes_1_and_2', 'dataset_consumes_1', 'dataset_produces_1', 'dataset_consumes_1_never_scheduled', 'dataset_consumes_unknown_never_scheduled', 'dataset_produces_2']) retrieved from /home/airflow/.local/lib/python3.7/site-packages/airflow/example_dags/example_datasets.py
[2023-06-21T03:05:30.912+0000] {logging_mixin.py:149} INFO - [2023-06-21T03:05:30.912+0000] {dag.py:2726} INFO - Sync 6 DAGs
[2023-06-21T03:05:30.979+0000] {logging_mixin.py:149} INFO - [2023-06-21T03:05:30.979+0000] {dag.py:3490} INFO - Setting next_dagrun for dataset_consumes_1 to None, run_after=None
[2023-06-21T03:05:30.995+0000] {logging_mixin.py:149} INFO - [2023-06-21T03:05:30.994+0000] {dag.py:3490} INFO - Setting next_dagrun for dataset_consumes_1_and_2 to None, run_after=None
[2023-06-21T03:05:31.001+0000] {logging_mixin.py:149} INFO - [2023-06-21T03:05:31.001+0000] {dag.py:3490} INFO - Setting next_dagrun for dataset_consumes_1_never_scheduled to None, run_after=None
[2023-06-21T03:05:31.008+0000] {logging_mixin.py:149} INFO - [2023-06-21T03:05:31.007+0000] {dag.py:3490} INFO - Setting next_dagrun for dataset_consumes_unknown_never_scheduled to None, run_after=None
[2023-06-21T03:05:31.021+0000] {logging_mixin.py:149} INFO - [2023-06-21T03:05:31.020+0000] {dag.py:3490} INFO - Setting next_dagrun for dataset_produces_1 to 2023-06-20T00:00:00+00:00, run_after=2023-06-21T00:00:00+00:00
[2023-06-21T03:05:31.024+0000] {logging_mixin.py:149} INFO - [2023-06-21T03:05:31.024+0000] {dag.py:3490} INFO - Setting next_dagrun for dataset_produces_2 to None, run_after=None
[2023-06-21T03:05:31.101+0000] {processor.py:179} INFO - Processing /home/airflow/.local/lib/python3.7/site-packages/airflow/example_dags/example_datasets.py took 0.457 seconds
[2023-06-21T03:06:01.980+0000] {processor.py:157} INFO - Started process (PID=538) to work on /home/airflow/.local/lib/python3.7/site-packages/airflow/example_dags/example_datasets.py
[2023-06-21T03:06:01.996+0000] {processor.py:826} INFO - Processing file /home/airflow/.local/lib/python3.7/site-packages/airflow/example_dags/example_datasets.py for tasks to queue
[2023-06-21T03:06:02.000+0000] {logging_mixin.py:149} INFO - [2023-06-21T03:06:02.000+0000] {dagbag.py:541} INFO - Filling up the DagBag from /home/airflow/.local/lib/python3.7/site-packages/airflow/example_dags/example_datasets.py
[2023-06-21T03:06:02.111+0000] {processor.py:836} INFO - DAG(s) dict_keys(['dataset_produces_1', 'dataset_consumes_1_and_2', 'dataset_produces_2', 'dataset_consumes_1_never_scheduled', 'dataset_consumes_1', 'dataset_consumes_unknown_never_scheduled']) retrieved from /home/airflow/.local/lib/python3.7/site-packages/airflow/example_dags/example_datasets.py
[2023-06-21T03:06:02.383+0000] {logging_mixin.py:149} INFO - [2023-06-21T03:06:02.382+0000] {dag.py:2726} INFO - Sync 6 DAGs
[2023-06-21T03:06:02.444+0000] {logging_mixin.py:149} INFO - [2023-06-21T03:06:02.444+0000] {dag.py:3490} INFO - Setting next_dagrun for dataset_consumes_1 to None, run_after=None
[2023-06-21T03:06:02.455+0000] {logging_mixin.py:149} INFO - [2023-06-21T03:06:02.454+0000] {dag.py:3490} INFO - Setting next_dagrun for dataset_consumes_1_and_2 to None, run_after=None
[2023-06-21T03:06:02.465+0000] {logging_mixin.py:149} INFO - [2023-06-21T03:06:02.464+0000] {dag.py:3490} INFO - Setting next_dagrun for dataset_consumes_1_never_scheduled to None, run_after=None
[2023-06-21T03:06:02.471+0000] {logging_mixin.py:149} INFO - [2023-06-21T03:06:02.471+0000] {dag.py:3490} INFO - Setting next_dagrun for dataset_consumes_unknown_never_scheduled to None, run_after=None
[2023-06-21T03:06:02.486+0000] {logging_mixin.py:149} INFO - [2023-06-21T03:06:02.485+0000] {dag.py:3490} INFO - Setting next_dagrun for dataset_produces_1 to 2023-06-20T00:00:00+00:00, run_after=2023-06-21T00:00:00+00:00
[2023-06-21T03:06:02.491+0000] {logging_mixin.py:149} INFO - [2023-06-21T03:06:02.491+0000] {dag.py:3490} INFO - Setting next_dagrun for dataset_produces_2 to None, run_after=None
[2023-06-21T03:06:02.638+0000] {processor.py:179} INFO - Processing /home/airflow/.local/lib/python3.7/site-packages/airflow/example_dags/example_datasets.py took 0.691 seconds
[2023-06-21T03:06:32.837+0000] {processor.py:157} INFO - Started process (PID=595) to work on /home/airflow/.local/lib/python3.7/site-packages/airflow/example_dags/example_datasets.py
[2023-06-21T03:06:32.844+0000] {processor.py:826} INFO - Processing file /home/airflow/.local/lib/python3.7/site-packages/airflow/example_dags/example_datasets.py for tasks to queue
[2023-06-21T03:06:32.851+0000] {logging_mixin.py:149} INFO - [2023-06-21T03:06:32.850+0000] {dagbag.py:541} INFO - Filling up the DagBag from /home/airflow/.local/lib/python3.7/site-packages/airflow/example_dags/example_datasets.py
[2023-06-21T03:06:32.887+0000] {processor.py:836} INFO - DAG(s) dict_keys(['dataset_consumes_1_never_scheduled', 'dataset_consumes_1', 'dataset_produces_2', 'dataset_produces_1', 'dataset_consumes_1_and_2', 'dataset_consumes_unknown_never_scheduled']) retrieved from /home/airflow/.local/lib/python3.7/site-packages/airflow/example_dags/example_datasets.py
[2023-06-21T03:06:33.011+0000] {logging_mixin.py:149} INFO - [2023-06-21T03:06:33.011+0000] {dag.py:2726} INFO - Sync 6 DAGs
[2023-06-21T03:06:33.065+0000] {logging_mixin.py:149} INFO - [2023-06-21T03:06:33.065+0000] {dag.py:3490} INFO - Setting next_dagrun for dataset_consumes_1 to None, run_after=None
[2023-06-21T03:06:33.077+0000] {logging_mixin.py:149} INFO - [2023-06-21T03:06:33.077+0000] {dag.py:3490} INFO - Setting next_dagrun for dataset_consumes_1_and_2 to None, run_after=None
[2023-06-21T03:06:33.081+0000] {logging_mixin.py:149} INFO - [2023-06-21T03:06:33.080+0000] {dag.py:3490} INFO - Setting next_dagrun for dataset_consumes_1_never_scheduled to None, run_after=None
[2023-06-21T03:06:33.085+0000] {logging_mixin.py:149} INFO - [2023-06-21T03:06:33.085+0000] {dag.py:3490} INFO - Setting next_dagrun for dataset_consumes_unknown_never_scheduled to None, run_after=None
[2023-06-21T03:06:33.096+0000] {logging_mixin.py:149} INFO - [2023-06-21T03:06:33.096+0000] {dag.py:3490} INFO - Setting next_dagrun for dataset_produces_1 to 2023-06-20T00:00:00+00:00, run_after=2023-06-21T00:00:00+00:00
[2023-06-21T03:06:33.101+0000] {logging_mixin.py:149} INFO - [2023-06-21T03:06:33.101+0000] {dag.py:3490} INFO - Setting next_dagrun for dataset_produces_2 to None, run_after=None
[2023-06-21T03:06:33.239+0000] {processor.py:179} INFO - Processing /home/airflow/.local/lib/python3.7/site-packages/airflow/example_dags/example_datasets.py took 0.412 seconds
[2023-06-21T03:07:04.231+0000] {processor.py:157} INFO - Started process (PID=653) to work on /home/airflow/.local/lib/python3.7/site-packages/airflow/example_dags/example_datasets.py
[2023-06-21T03:07:04.239+0000] {processor.py:826} INFO - Processing file /home/airflow/.local/lib/python3.7/site-packages/airflow/example_dags/example_datasets.py for tasks to queue
[2023-06-21T03:07:04.243+0000] {logging_mixin.py:149} INFO - [2023-06-21T03:07:04.243+0000] {dagbag.py:541} INFO - Filling up the DagBag from /home/airflow/.local/lib/python3.7/site-packages/airflow/example_dags/example_datasets.py
[2023-06-21T03:07:04.273+0000] {processor.py:836} INFO - DAG(s) dict_keys(['dataset_produces_1', 'dataset_consumes_1_and_2', 'dataset_consumes_1_never_scheduled', 'dataset_produces_2', 'dataset_consumes_unknown_never_scheduled', 'dataset_consumes_1']) retrieved from /home/airflow/.local/lib/python3.7/site-packages/airflow/example_dags/example_datasets.py
[2023-06-21T03:07:04.400+0000] {logging_mixin.py:149} INFO - [2023-06-21T03:07:04.399+0000] {dag.py:2726} INFO - Sync 6 DAGs
[2023-06-21T03:07:04.469+0000] {logging_mixin.py:149} INFO - [2023-06-21T03:07:04.468+0000] {dag.py:3490} INFO - Setting next_dagrun for dataset_consumes_1 to None, run_after=None
[2023-06-21T03:07:04.481+0000] {logging_mixin.py:149} INFO - [2023-06-21T03:07:04.481+0000] {dag.py:3490} INFO - Setting next_dagrun for dataset_consumes_1_and_2 to None, run_after=None
[2023-06-21T03:07:04.486+0000] {logging_mixin.py:149} INFO - [2023-06-21T03:07:04.486+0000] {dag.py:3490} INFO - Setting next_dagrun for dataset_consumes_1_never_scheduled to None, run_after=None
[2023-06-21T03:07:04.493+0000] {logging_mixin.py:149} INFO - [2023-06-21T03:07:04.492+0000] {dag.py:3490} INFO - Setting next_dagrun for dataset_consumes_unknown_never_scheduled to None, run_after=None
[2023-06-21T03:07:04.500+0000] {logging_mixin.py:149} INFO - [2023-06-21T03:07:04.499+0000] {dag.py:3490} INFO - Setting next_dagrun for dataset_produces_1 to 2023-06-20T00:00:00+00:00, run_after=2023-06-21T00:00:00+00:00
[2023-06-21T03:07:04.510+0000] {logging_mixin.py:149} INFO - [2023-06-21T03:07:04.509+0000] {dag.py:3490} INFO - Setting next_dagrun for dataset_produces_2 to None, run_after=None
[2023-06-21T03:07:04.628+0000] {processor.py:179} INFO - Processing /home/airflow/.local/lib/python3.7/site-packages/airflow/example_dags/example_datasets.py took 0.405 seconds
[2023-06-21T03:07:34.787+0000] {processor.py:157} INFO - Started process (PID=710) to work on /home/airflow/.local/lib/python3.7/site-packages/airflow/example_dags/example_datasets.py
[2023-06-21T03:07:34.790+0000] {processor.py:826} INFO - Processing file /home/airflow/.local/lib/python3.7/site-packages/airflow/example_dags/example_datasets.py for tasks to queue
[2023-06-21T03:07:34.792+0000] {logging_mixin.py:149} INFO - [2023-06-21T03:07:34.792+0000] {dagbag.py:541} INFO - Filling up the DagBag from /home/airflow/.local/lib/python3.7/site-packages/airflow/example_dags/example_datasets.py
[2023-06-21T03:07:34.812+0000] {processor.py:836} INFO - DAG(s) dict_keys(['dataset_produces_2', 'dataset_produces_1', 'dataset_consumes_1', 'dataset_consumes_unknown_never_scheduled', 'dataset_consumes_1_never_scheduled', 'dataset_consumes_1_and_2']) retrieved from /home/airflow/.local/lib/python3.7/site-packages/airflow/example_dags/example_datasets.py
[2023-06-21T03:07:34.906+0000] {logging_mixin.py:149} INFO - [2023-06-21T03:07:34.905+0000] {dag.py:2726} INFO - Sync 6 DAGs
[2023-06-21T03:07:34.966+0000] {logging_mixin.py:149} INFO - [2023-06-21T03:07:34.966+0000] {dag.py:3490} INFO - Setting next_dagrun for dataset_consumes_1 to None, run_after=None
[2023-06-21T03:07:34.976+0000] {logging_mixin.py:149} INFO - [2023-06-21T03:07:34.976+0000] {dag.py:3490} INFO - Setting next_dagrun for dataset_consumes_1_and_2 to None, run_after=None
[2023-06-21T03:07:34.980+0000] {logging_mixin.py:149} INFO - [2023-06-21T03:07:34.980+0000] {dag.py:3490} INFO - Setting next_dagrun for dataset_consumes_1_never_scheduled to None, run_after=None
[2023-06-21T03:07:34.986+0000] {logging_mixin.py:149} INFO - [2023-06-21T03:07:34.986+0000] {dag.py:3490} INFO - Setting next_dagrun for dataset_consumes_unknown_never_scheduled to None, run_after=None
[2023-06-21T03:07:34.997+0000] {logging_mixin.py:149} INFO - [2023-06-21T03:07:34.997+0000] {dag.py:3490} INFO - Setting next_dagrun for dataset_produces_1 to 2023-06-20T00:00:00+00:00, run_after=2023-06-21T00:00:00+00:00
[2023-06-21T03:07:35.006+0000] {logging_mixin.py:149} INFO - [2023-06-21T03:07:35.005+0000] {dag.py:3490} INFO - Setting next_dagrun for dataset_produces_2 to None, run_after=None
[2023-06-21T03:07:35.130+0000] {processor.py:179} INFO - Processing /home/airflow/.local/lib/python3.7/site-packages/airflow/example_dags/example_datasets.py took 0.350 seconds
[2023-06-21T03:08:05.722+0000] {processor.py:157} INFO - Started process (PID=767) to work on /home/airflow/.local/lib/python3.7/site-packages/airflow/example_dags/example_datasets.py
[2023-06-21T03:08:05.726+0000] {processor.py:826} INFO - Processing file /home/airflow/.local/lib/python3.7/site-packages/airflow/example_dags/example_datasets.py for tasks to queue
[2023-06-21T03:08:05.729+0000] {logging_mixin.py:149} INFO - [2023-06-21T03:08:05.729+0000] {dagbag.py:541} INFO - Filling up the DagBag from /home/airflow/.local/lib/python3.7/site-packages/airflow/example_dags/example_datasets.py
[2023-06-21T03:08:05.752+0000] {processor.py:836} INFO - DAG(s) dict_keys(['dataset_produces_1', 'dataset_consumes_unknown_never_scheduled', 'dataset_produces_2', 'dataset_consumes_1', 'dataset_consumes_1_never_scheduled', 'dataset_consumes_1_and_2']) retrieved from /home/airflow/.local/lib/python3.7/site-packages/airflow/example_dags/example_datasets.py
[2023-06-21T03:08:05.847+0000] {logging_mixin.py:149} INFO - [2023-06-21T03:08:05.847+0000] {dag.py:2726} INFO - Sync 6 DAGs
[2023-06-21T03:08:05.895+0000] {logging_mixin.py:149} INFO - [2023-06-21T03:08:05.895+0000] {dag.py:3490} INFO - Setting next_dagrun for dataset_consumes_1 to None, run_after=None
[2023-06-21T03:08:05.905+0000] {logging_mixin.py:149} INFO - [2023-06-21T03:08:05.904+0000] {dag.py:3490} INFO - Setting next_dagrun for dataset_consumes_1_and_2 to None, run_after=None
[2023-06-21T03:08:05.911+0000] {logging_mixin.py:149} INFO - [2023-06-21T03:08:05.911+0000] {dag.py:3490} INFO - Setting next_dagrun for dataset_consumes_1_never_scheduled to None, run_after=None
[2023-06-21T03:08:05.917+0000] {logging_mixin.py:149} INFO - [2023-06-21T03:08:05.916+0000] {dag.py:3490} INFO - Setting next_dagrun for dataset_consumes_unknown_never_scheduled to None, run_after=None
[2023-06-21T03:08:05.923+0000] {logging_mixin.py:149} INFO - [2023-06-21T03:08:05.923+0000] {dag.py:3490} INFO - Setting next_dagrun for dataset_produces_1 to 2023-06-20T00:00:00+00:00, run_after=2023-06-21T00:00:00+00:00
[2023-06-21T03:08:05.928+0000] {logging_mixin.py:149} INFO - [2023-06-21T03:08:05.928+0000] {dag.py:3490} INFO - Setting next_dagrun for dataset_produces_2 to None, run_after=None
[2023-06-21T03:08:06.043+0000] {processor.py:179} INFO - Processing /home/airflow/.local/lib/python3.7/site-packages/airflow/example_dags/example_datasets.py took 0.333 seconds
[2023-06-21T03:08:36.340+0000] {processor.py:157} INFO - Started process (PID=824) to work on /home/airflow/.local/lib/python3.7/site-packages/airflow/example_dags/example_datasets.py
[2023-06-21T03:08:36.345+0000] {processor.py:826} INFO - Processing file /home/airflow/.local/lib/python3.7/site-packages/airflow/example_dags/example_datasets.py for tasks to queue
[2023-06-21T03:08:36.348+0000] {logging_mixin.py:149} INFO - [2023-06-21T03:08:36.347+0000] {dagbag.py:541} INFO - Filling up the DagBag from /home/airflow/.local/lib/python3.7/site-packages/airflow/example_dags/example_datasets.py
[2023-06-21T03:08:36.378+0000] {processor.py:836} INFO - DAG(s) dict_keys(['dataset_consumes_1', 'dataset_produces_2', 'dataset_consumes_1_never_scheduled', 'dataset_consumes_1_and_2', 'dataset_produces_1', 'dataset_consumes_unknown_never_scheduled']) retrieved from /home/airflow/.local/lib/python3.7/site-packages/airflow/example_dags/example_datasets.py
[2023-06-21T03:08:36.493+0000] {logging_mixin.py:149} INFO - [2023-06-21T03:08:36.493+0000] {dag.py:2726} INFO - Sync 6 DAGs
[2023-06-21T03:08:36.549+0000] {logging_mixin.py:149} INFO - [2023-06-21T03:08:36.548+0000] {dag.py:3490} INFO - Setting next_dagrun for dataset_consumes_1 to None, run_after=None
[2023-06-21T03:08:36.559+0000] {logging_mixin.py:149} INFO - [2023-06-21T03:08:36.559+0000] {dag.py:3490} INFO - Setting next_dagrun for dataset_consumes_1_and_2 to None, run_after=None
[2023-06-21T03:08:36.563+0000] {logging_mixin.py:149} INFO - [2023-06-21T03:08:36.563+0000] {dag.py:3490} INFO - Setting next_dagrun for dataset_consumes_1_never_scheduled to None, run_after=None
[2023-06-21T03:08:36.568+0000] {logging_mixin.py:149} INFO - [2023-06-21T03:08:36.567+0000] {dag.py:3490} INFO - Setting next_dagrun for dataset_consumes_unknown_never_scheduled to None, run_after=None
[2023-06-21T03:08:36.577+0000] {logging_mixin.py:149} INFO - [2023-06-21T03:08:36.576+0000] {dag.py:3490} INFO - Setting next_dagrun for dataset_produces_1 to 2023-06-20T00:00:00+00:00, run_after=2023-06-21T00:00:00+00:00
[2023-06-21T03:08:36.582+0000] {logging_mixin.py:149} INFO - [2023-06-21T03:08:36.582+0000] {dag.py:3490} INFO - Setting next_dagrun for dataset_produces_2 to None, run_after=None
[2023-06-21T03:08:36.679+0000] {processor.py:179} INFO - Processing /home/airflow/.local/lib/python3.7/site-packages/airflow/example_dags/example_datasets.py took 0.349 seconds
[2023-06-21T03:09:07.032+0000] {processor.py:157} INFO - Started process (PID=882) to work on /home/airflow/.local/lib/python3.7/site-packages/airflow/example_dags/example_datasets.py
[2023-06-21T03:09:07.036+0000] {processor.py:826} INFO - Processing file /home/airflow/.local/lib/python3.7/site-packages/airflow/example_dags/example_datasets.py for tasks to queue
[2023-06-21T03:09:07.039+0000] {logging_mixin.py:149} INFO - [2023-06-21T03:09:07.038+0000] {dagbag.py:541} INFO - Filling up the DagBag from /home/airflow/.local/lib/python3.7/site-packages/airflow/example_dags/example_datasets.py
[2023-06-21T03:09:07.060+0000] {processor.py:836} INFO - DAG(s) dict_keys(['dataset_consumes_unknown_never_scheduled', 'dataset_consumes_1', 'dataset_consumes_1_and_2', 'dataset_produces_1', 'dataset_produces_2', 'dataset_consumes_1_never_scheduled']) retrieved from /home/airflow/.local/lib/python3.7/site-packages/airflow/example_dags/example_datasets.py
[2023-06-21T03:09:07.143+0000] {logging_mixin.py:149} INFO - [2023-06-21T03:09:07.143+0000] {dag.py:2726} INFO - Sync 6 DAGs
[2023-06-21T03:09:07.191+0000] {logging_mixin.py:149} INFO - [2023-06-21T03:09:07.191+0000] {dag.py:3490} INFO - Setting next_dagrun for dataset_consumes_1 to None, run_after=None
[2023-06-21T03:09:07.201+0000] {logging_mixin.py:149} INFO - [2023-06-21T03:09:07.200+0000] {dag.py:3490} INFO - Setting next_dagrun for dataset_consumes_1_and_2 to None, run_after=None
[2023-06-21T03:09:07.205+0000] {logging_mixin.py:149} INFO - [2023-06-21T03:09:07.205+0000] {dag.py:3490} INFO - Setting next_dagrun for dataset_consumes_1_never_scheduled to None, run_after=None
[2023-06-21T03:09:07.209+0000] {logging_mixin.py:149} INFO - [2023-06-21T03:09:07.208+0000] {dag.py:3490} INFO - Setting next_dagrun for dataset_consumes_unknown_never_scheduled to None, run_after=None
[2023-06-21T03:09:07.215+0000] {logging_mixin.py:149} INFO - [2023-06-21T03:09:07.215+0000] {dag.py:3490} INFO - Setting next_dagrun for dataset_produces_1 to 2023-06-20T00:00:00+00:00, run_after=2023-06-21T00:00:00+00:00
[2023-06-21T03:09:07.219+0000] {logging_mixin.py:149} INFO - [2023-06-21T03:09:07.219+0000] {dag.py:3490} INFO - Setting next_dagrun for dataset_produces_2 to None, run_after=None
[2023-06-21T03:09:07.303+0000] {processor.py:179} INFO - Processing /home/airflow/.local/lib/python3.7/site-packages/airflow/example_dags/example_datasets.py took 0.279 seconds
[2023-06-21T03:09:37.546+0000] {processor.py:157} INFO - Started process (PID=939) to work on /home/airflow/.local/lib/python3.7/site-packages/airflow/example_dags/example_datasets.py
[2023-06-21T03:09:37.550+0000] {processor.py:826} INFO - Processing file /home/airflow/.local/lib/python3.7/site-packages/airflow/example_dags/example_datasets.py for tasks to queue
[2023-06-21T03:09:37.553+0000] {logging_mixin.py:149} INFO - [2023-06-21T03:09:37.553+0000] {dagbag.py:541} INFO - Filling up the DagBag from /home/airflow/.local/lib/python3.7/site-packages/airflow/example_dags/example_datasets.py
[2023-06-21T03:09:37.570+0000] {processor.py:836} INFO - DAG(s) dict_keys(['dataset_consumes_unknown_never_scheduled', 'dataset_consumes_1_and_2', 'dataset_produces_2', 'dataset_consumes_1_never_scheduled', 'dataset_produces_1', 'dataset_consumes_1']) retrieved from /home/airflow/.local/lib/python3.7/site-packages/airflow/example_dags/example_datasets.py
[2023-06-21T03:09:37.653+0000] {logging_mixin.py:149} INFO - [2023-06-21T03:09:37.652+0000] {dag.py:2726} INFO - Sync 6 DAGs
[2023-06-21T03:09:37.697+0000] {logging_mixin.py:149} INFO - [2023-06-21T03:09:37.696+0000] {dag.py:3490} INFO - Setting next_dagrun for dataset_consumes_1 to None, run_after=None
[2023-06-21T03:09:37.706+0000] {logging_mixin.py:149} INFO - [2023-06-21T03:09:37.705+0000] {dag.py:3490} INFO - Setting next_dagrun for dataset_consumes_1_and_2 to None, run_after=None
[2023-06-21T03:09:37.711+0000] {logging_mixin.py:149} INFO - [2023-06-21T03:09:37.711+0000] {dag.py:3490} INFO - Setting next_dagrun for dataset_consumes_1_never_scheduled to None, run_after=None
[2023-06-21T03:09:37.717+0000] {logging_mixin.py:149} INFO - [2023-06-21T03:09:37.716+0000] {dag.py:3490} INFO - Setting next_dagrun for dataset_consumes_unknown_never_scheduled to None, run_after=None
[2023-06-21T03:09:37.724+0000] {logging_mixin.py:149} INFO - [2023-06-21T03:09:37.723+0000] {dag.py:3490} INFO - Setting next_dagrun for dataset_produces_1 to 2023-06-20T00:00:00+00:00, run_after=2023-06-21T00:00:00+00:00
[2023-06-21T03:09:37.728+0000] {logging_mixin.py:149} INFO - [2023-06-21T03:09:37.727+0000] {dag.py:3490} INFO - Setting next_dagrun for dataset_produces_2 to None, run_after=None
[2023-06-21T03:09:37.805+0000] {processor.py:179} INFO - Processing /home/airflow/.local/lib/python3.7/site-packages/airflow/example_dags/example_datasets.py took 0.266 seconds
