[2023-06-21T02:52:43.448+0000] {processor.py:157} INFO - Started process (PID=85) to work on /home/airflow/.local/lib/python3.7/site-packages/airflow/example_dags/example_short_circuit_operator.py
[2023-06-21T02:52:43.463+0000] {processor.py:826} INFO - Processing file /home/airflow/.local/lib/python3.7/site-packages/airflow/example_dags/example_short_circuit_operator.py for tasks to queue
[2023-06-21T02:52:43.471+0000] {logging_mixin.py:149} INFO - [2023-06-21T02:52:43.471+0000] {dagbag.py:541} INFO - Filling up the DagBag from /home/airflow/.local/lib/python3.7/site-packages/airflow/example_dags/example_short_circuit_operator.py
[2023-06-21T02:52:43.579+0000] {processor.py:836} INFO - DAG(s) dict_keys(['example_short_circuit_operator']) retrieved from /home/airflow/.local/lib/python3.7/site-packages/airflow/example_dags/example_short_circuit_operator.py
[2023-06-21T02:52:43.731+0000] {logging_mixin.py:149} INFO - [2023-06-21T02:52:43.731+0000] {dag.py:2726} INFO - Sync 1 DAGs
[2023-06-21T02:52:43.955+0000] {logging_mixin.py:149} INFO - [2023-06-21T02:52:43.955+0000] {dag.py:3490} INFO - Setting next_dagrun for example_short_circuit_operator to 2023-06-20T02:52:43.953559+00:00, run_after=2023-06-21T02:52:43.953559+00:00
[2023-06-21T02:52:44.092+0000] {processor.py:179} INFO - Processing /home/airflow/.local/lib/python3.7/site-packages/airflow/example_dags/example_short_circuit_operator.py took 0.669 seconds
[2023-06-21T02:53:19.217+0000] {processor.py:157} INFO - Started process (PID=141) to work on /home/airflow/.local/lib/python3.7/site-packages/airflow/example_dags/example_short_circuit_operator.py
[2023-06-21T02:53:19.221+0000] {processor.py:826} INFO - Processing file /home/airflow/.local/lib/python3.7/site-packages/airflow/example_dags/example_short_circuit_operator.py for tasks to queue
[2023-06-21T02:53:19.223+0000] {logging_mixin.py:149} INFO - [2023-06-21T02:53:19.223+0000] {dagbag.py:541} INFO - Filling up the DagBag from /home/airflow/.local/lib/python3.7/site-packages/airflow/example_dags/example_short_circuit_operator.py
[2023-06-21T02:53:19.248+0000] {processor.py:836} INFO - DAG(s) dict_keys(['example_short_circuit_operator']) retrieved from /home/airflow/.local/lib/python3.7/site-packages/airflow/example_dags/example_short_circuit_operator.py
[2023-06-21T02:53:19.319+0000] {logging_mixin.py:149} INFO - [2023-06-21T02:53:19.319+0000] {dag.py:2726} INFO - Sync 1 DAGs
[2023-06-21T02:53:19.386+0000] {logging_mixin.py:149} INFO - [2023-06-21T02:53:19.385+0000] {dag.py:3490} INFO - Setting next_dagrun for example_short_circuit_operator to 2023-06-20T02:53:19.384998+00:00, run_after=2023-06-21T02:53:19.384998+00:00
[2023-06-21T02:53:19.463+0000] {processor.py:179} INFO - Processing /home/airflow/.local/lib/python3.7/site-packages/airflow/example_dags/example_short_circuit_operator.py took 0.256 seconds
[2023-06-21T02:53:50.172+0000] {processor.py:157} INFO - Started process (PID=198) to work on /home/airflow/.local/lib/python3.7/site-packages/airflow/example_dags/example_short_circuit_operator.py
[2023-06-21T02:53:50.174+0000] {processor.py:826} INFO - Processing file /home/airflow/.local/lib/python3.7/site-packages/airflow/example_dags/example_short_circuit_operator.py for tasks to queue
[2023-06-21T02:53:50.176+0000] {logging_mixin.py:149} INFO - [2023-06-21T02:53:50.176+0000] {dagbag.py:541} INFO - Filling up the DagBag from /home/airflow/.local/lib/python3.7/site-packages/airflow/example_dags/example_short_circuit_operator.py
[2023-06-21T02:53:50.191+0000] {processor.py:836} INFO - DAG(s) dict_keys(['example_short_circuit_operator']) retrieved from /home/airflow/.local/lib/python3.7/site-packages/airflow/example_dags/example_short_circuit_operator.py
[2023-06-21T02:53:50.248+0000] {logging_mixin.py:149} INFO - [2023-06-21T02:53:50.247+0000] {dag.py:2726} INFO - Sync 1 DAGs
[2023-06-21T02:53:50.298+0000] {logging_mixin.py:149} INFO - [2023-06-21T02:53:50.298+0000] {dag.py:3490} INFO - Setting next_dagrun for example_short_circuit_operator to 2023-06-20T02:53:50.297643+00:00, run_after=2023-06-21T02:53:50.297643+00:00
[2023-06-21T02:53:50.341+0000] {processor.py:179} INFO - Processing /home/airflow/.local/lib/python3.7/site-packages/airflow/example_dags/example_short_circuit_operator.py took 0.176 seconds
[2023-06-21T02:54:20.514+0000] {processor.py:157} INFO - Started process (PID=255) to work on /home/airflow/.local/lib/python3.7/site-packages/airflow/example_dags/example_short_circuit_operator.py
[2023-06-21T02:54:20.518+0000] {processor.py:826} INFO - Processing file /home/airflow/.local/lib/python3.7/site-packages/airflow/example_dags/example_short_circuit_operator.py for tasks to queue
[2023-06-21T02:54:20.520+0000] {logging_mixin.py:149} INFO - [2023-06-21T02:54:20.520+0000] {dagbag.py:541} INFO - Filling up the DagBag from /home/airflow/.local/lib/python3.7/site-packages/airflow/example_dags/example_short_circuit_operator.py
[2023-06-21T02:54:20.545+0000] {processor.py:836} INFO - DAG(s) dict_keys(['example_short_circuit_operator']) retrieved from /home/airflow/.local/lib/python3.7/site-packages/airflow/example_dags/example_short_circuit_operator.py
[2023-06-21T02:54:20.610+0000] {logging_mixin.py:149} INFO - [2023-06-21T02:54:20.610+0000] {dag.py:2726} INFO - Sync 1 DAGs
[2023-06-21T02:54:20.664+0000] {logging_mixin.py:149} INFO - [2023-06-21T02:54:20.664+0000] {dag.py:3490} INFO - Setting next_dagrun for example_short_circuit_operator to 2023-06-20T02:54:20.664153+00:00, run_after=2023-06-21T02:54:20.664153+00:00
[2023-06-21T02:54:20.699+0000] {processor.py:179} INFO - Processing /home/airflow/.local/lib/python3.7/site-packages/airflow/example_dags/example_short_circuit_operator.py took 0.193 seconds
[2023-06-21T02:54:51.313+0000] {processor.py:157} INFO - Started process (PID=312) to work on /home/airflow/.local/lib/python3.7/site-packages/airflow/example_dags/example_short_circuit_operator.py
[2023-06-21T02:54:51.316+0000] {processor.py:826} INFO - Processing file /home/airflow/.local/lib/python3.7/site-packages/airflow/example_dags/example_short_circuit_operator.py for tasks to queue
[2023-06-21T02:54:51.319+0000] {logging_mixin.py:149} INFO - [2023-06-21T02:54:51.319+0000] {dagbag.py:541} INFO - Filling up the DagBag from /home/airflow/.local/lib/python3.7/site-packages/airflow/example_dags/example_short_circuit_operator.py
[2023-06-21T02:54:51.348+0000] {processor.py:836} INFO - DAG(s) dict_keys(['example_short_circuit_operator']) retrieved from /home/airflow/.local/lib/python3.7/site-packages/airflow/example_dags/example_short_circuit_operator.py
[2023-06-21T02:54:51.416+0000] {logging_mixin.py:149} INFO - [2023-06-21T02:54:51.415+0000] {dag.py:2726} INFO - Sync 1 DAGs
[2023-06-21T02:54:51.460+0000] {logging_mixin.py:149} INFO - [2023-06-21T02:54:51.460+0000] {dag.py:3490} INFO - Setting next_dagrun for example_short_circuit_operator to 2023-06-20T02:54:51.459757+00:00, run_after=2023-06-21T02:54:51.459757+00:00
[2023-06-21T02:54:51.497+0000] {processor.py:179} INFO - Processing /home/airflow/.local/lib/python3.7/site-packages/airflow/example_dags/example_short_circuit_operator.py took 0.196 seconds
[2023-06-21T02:55:22.179+0000] {processor.py:157} INFO - Started process (PID=369) to work on /home/airflow/.local/lib/python3.7/site-packages/airflow/example_dags/example_short_circuit_operator.py
[2023-06-21T02:55:22.183+0000] {processor.py:826} INFO - Processing file /home/airflow/.local/lib/python3.7/site-packages/airflow/example_dags/example_short_circuit_operator.py for tasks to queue
[2023-06-21T02:55:22.186+0000] {logging_mixin.py:149} INFO - [2023-06-21T02:55:22.186+0000] {dagbag.py:541} INFO - Filling up the DagBag from /home/airflow/.local/lib/python3.7/site-packages/airflow/example_dags/example_short_circuit_operator.py
[2023-06-21T02:55:22.210+0000] {processor.py:836} INFO - DAG(s) dict_keys(['example_short_circuit_operator']) retrieved from /home/airflow/.local/lib/python3.7/site-packages/airflow/example_dags/example_short_circuit_operator.py
[2023-06-21T02:55:22.264+0000] {logging_mixin.py:149} INFO - [2023-06-21T02:55:22.263+0000] {dag.py:2726} INFO - Sync 1 DAGs
[2023-06-21T02:55:22.318+0000] {logging_mixin.py:149} INFO - [2023-06-21T02:55:22.318+0000] {dag.py:3490} INFO - Setting next_dagrun for example_short_circuit_operator to 2023-06-20T02:55:22.317667+00:00, run_after=2023-06-21T02:55:22.317667+00:00
[2023-06-21T02:55:22.356+0000] {processor.py:179} INFO - Processing /home/airflow/.local/lib/python3.7/site-packages/airflow/example_dags/example_short_circuit_operator.py took 0.187 seconds
[2023-06-21T02:55:53.562+0000] {processor.py:157} INFO - Started process (PID=427) to work on /home/airflow/.local/lib/python3.7/site-packages/airflow/example_dags/example_short_circuit_operator.py
[2023-06-21T02:55:53.566+0000] {processor.py:826} INFO - Processing file /home/airflow/.local/lib/python3.7/site-packages/airflow/example_dags/example_short_circuit_operator.py for tasks to queue
[2023-06-21T02:55:53.569+0000] {logging_mixin.py:149} INFO - [2023-06-21T02:55:53.569+0000] {dagbag.py:541} INFO - Filling up the DagBag from /home/airflow/.local/lib/python3.7/site-packages/airflow/example_dags/example_short_circuit_operator.py
[2023-06-21T02:55:53.587+0000] {processor.py:836} INFO - DAG(s) dict_keys(['example_short_circuit_operator']) retrieved from /home/airflow/.local/lib/python3.7/site-packages/airflow/example_dags/example_short_circuit_operator.py
[2023-06-21T02:55:53.651+0000] {logging_mixin.py:149} INFO - [2023-06-21T02:55:53.651+0000] {dag.py:2726} INFO - Sync 1 DAGs
[2023-06-21T02:55:53.706+0000] {logging_mixin.py:149} INFO - [2023-06-21T02:55:53.706+0000] {dag.py:3490} INFO - Setting next_dagrun for example_short_circuit_operator to 2023-06-20T02:55:53.705908+00:00, run_after=2023-06-21T02:55:53.705908+00:00
[2023-06-21T02:55:53.759+0000] {processor.py:179} INFO - Processing /home/airflow/.local/lib/python3.7/site-packages/airflow/example_dags/example_short_circuit_operator.py took 0.211 seconds
[2023-06-21T03:05:35.236+0000] {processor.py:157} INFO - Started process (PID=503) to work on /home/airflow/.local/lib/python3.7/site-packages/airflow/example_dags/example_short_circuit_operator.py
[2023-06-21T03:05:35.241+0000] {processor.py:826} INFO - Processing file /home/airflow/.local/lib/python3.7/site-packages/airflow/example_dags/example_short_circuit_operator.py for tasks to queue
[2023-06-21T03:05:35.245+0000] {logging_mixin.py:149} INFO - [2023-06-21T03:05:35.245+0000] {dagbag.py:541} INFO - Filling up the DagBag from /home/airflow/.local/lib/python3.7/site-packages/airflow/example_dags/example_short_circuit_operator.py
[2023-06-21T03:05:35.278+0000] {processor.py:836} INFO - DAG(s) dict_keys(['example_short_circuit_operator']) retrieved from /home/airflow/.local/lib/python3.7/site-packages/airflow/example_dags/example_short_circuit_operator.py
[2023-06-21T03:05:35.375+0000] {logging_mixin.py:149} INFO - [2023-06-21T03:05:35.375+0000] {dag.py:2726} INFO - Sync 1 DAGs
[2023-06-21T03:05:35.473+0000] {logging_mixin.py:149} INFO - [2023-06-21T03:05:35.472+0000] {dag.py:3490} INFO - Setting next_dagrun for example_short_circuit_operator to 2023-06-20T03:05:35.471106+00:00, run_after=2023-06-21T03:05:35.471106+00:00
[2023-06-21T03:05:35.553+0000] {processor.py:179} INFO - Processing /home/airflow/.local/lib/python3.7/site-packages/airflow/example_dags/example_short_circuit_operator.py took 0.331 seconds
[2023-06-21T03:06:06.356+0000] {processor.py:157} INFO - Started process (PID=559) to work on /home/airflow/.local/lib/python3.7/site-packages/airflow/example_dags/example_short_circuit_operator.py
[2023-06-21T03:06:06.361+0000] {processor.py:826} INFO - Processing file /home/airflow/.local/lib/python3.7/site-packages/airflow/example_dags/example_short_circuit_operator.py for tasks to queue
[2023-06-21T03:06:06.366+0000] {logging_mixin.py:149} INFO - [2023-06-21T03:06:06.365+0000] {dagbag.py:541} INFO - Filling up the DagBag from /home/airflow/.local/lib/python3.7/site-packages/airflow/example_dags/example_short_circuit_operator.py
[2023-06-21T03:06:06.415+0000] {processor.py:836} INFO - DAG(s) dict_keys(['example_short_circuit_operator']) retrieved from /home/airflow/.local/lib/python3.7/site-packages/airflow/example_dags/example_short_circuit_operator.py
[2023-06-21T03:06:06.477+0000] {logging_mixin.py:149} INFO - [2023-06-21T03:06:06.477+0000] {dag.py:2726} INFO - Sync 1 DAGs
[2023-06-21T03:06:06.529+0000] {logging_mixin.py:149} INFO - [2023-06-21T03:06:06.529+0000] {dag.py:3490} INFO - Setting next_dagrun for example_short_circuit_operator to 2023-06-20T03:06:06.528208+00:00, run_after=2023-06-21T03:06:06.528208+00:00
[2023-06-21T03:06:06.599+0000] {processor.py:179} INFO - Processing /home/airflow/.local/lib/python3.7/site-packages/airflow/example_dags/example_short_circuit_operator.py took 0.252 seconds
[2023-06-21T03:06:37.888+0000] {processor.py:157} INFO - Started process (PID=616) to work on /home/airflow/.local/lib/python3.7/site-packages/airflow/example_dags/example_short_circuit_operator.py
[2023-06-21T03:06:37.893+0000] {processor.py:826} INFO - Processing file /home/airflow/.local/lib/python3.7/site-packages/airflow/example_dags/example_short_circuit_operator.py for tasks to queue
[2023-06-21T03:06:37.898+0000] {logging_mixin.py:149} INFO - [2023-06-21T03:06:37.897+0000] {dagbag.py:541} INFO - Filling up the DagBag from /home/airflow/.local/lib/python3.7/site-packages/airflow/example_dags/example_short_circuit_operator.py
[2023-06-21T03:06:37.928+0000] {processor.py:836} INFO - DAG(s) dict_keys(['example_short_circuit_operator']) retrieved from /home/airflow/.local/lib/python3.7/site-packages/airflow/example_dags/example_short_circuit_operator.py
[2023-06-21T03:06:38.055+0000] {logging_mixin.py:149} INFO - [2023-06-21T03:06:38.055+0000] {dag.py:2726} INFO - Sync 1 DAGs
[2023-06-21T03:06:38.194+0000] {logging_mixin.py:149} INFO - [2023-06-21T03:06:38.193+0000] {dag.py:3490} INFO - Setting next_dagrun for example_short_circuit_operator to 2023-06-20T03:06:38.191925+00:00, run_after=2023-06-21T03:06:38.191925+00:00
[2023-06-21T03:06:38.246+0000] {processor.py:179} INFO - Processing /home/airflow/.local/lib/python3.7/site-packages/airflow/example_dags/example_short_circuit_operator.py took 0.367 seconds
[2023-06-21T03:07:08.364+0000] {processor.py:157} INFO - Started process (PID=674) to work on /home/airflow/.local/lib/python3.7/site-packages/airflow/example_dags/example_short_circuit_operator.py
[2023-06-21T03:07:08.369+0000] {processor.py:826} INFO - Processing file /home/airflow/.local/lib/python3.7/site-packages/airflow/example_dags/example_short_circuit_operator.py for tasks to queue
[2023-06-21T03:07:08.371+0000] {logging_mixin.py:149} INFO - [2023-06-21T03:07:08.371+0000] {dagbag.py:541} INFO - Filling up the DagBag from /home/airflow/.local/lib/python3.7/site-packages/airflow/example_dags/example_short_circuit_operator.py
[2023-06-21T03:07:08.390+0000] {processor.py:836} INFO - DAG(s) dict_keys(['example_short_circuit_operator']) retrieved from /home/airflow/.local/lib/python3.7/site-packages/airflow/example_dags/example_short_circuit_operator.py
[2023-06-21T03:07:08.445+0000] {logging_mixin.py:149} INFO - [2023-06-21T03:07:08.445+0000] {dag.py:2726} INFO - Sync 1 DAGs
[2023-06-21T03:07:08.488+0000] {logging_mixin.py:149} INFO - [2023-06-21T03:07:08.488+0000] {dag.py:3490} INFO - Setting next_dagrun for example_short_circuit_operator to 2023-06-20T03:07:08.487873+00:00, run_after=2023-06-21T03:07:08.487873+00:00
[2023-06-21T03:07:08.529+0000] {processor.py:179} INFO - Processing /home/airflow/.local/lib/python3.7/site-packages/airflow/example_dags/example_short_circuit_operator.py took 0.173 seconds
[2023-06-21T03:07:39.306+0000] {processor.py:157} INFO - Started process (PID=731) to work on /home/airflow/.local/lib/python3.7/site-packages/airflow/example_dags/example_short_circuit_operator.py
[2023-06-21T03:07:39.310+0000] {processor.py:826} INFO - Processing file /home/airflow/.local/lib/python3.7/site-packages/airflow/example_dags/example_short_circuit_operator.py for tasks to queue
[2023-06-21T03:07:39.314+0000] {logging_mixin.py:149} INFO - [2023-06-21T03:07:39.314+0000] {dagbag.py:541} INFO - Filling up the DagBag from /home/airflow/.local/lib/python3.7/site-packages/airflow/example_dags/example_short_circuit_operator.py
[2023-06-21T03:07:39.337+0000] {processor.py:836} INFO - DAG(s) dict_keys(['example_short_circuit_operator']) retrieved from /home/airflow/.local/lib/python3.7/site-packages/airflow/example_dags/example_short_circuit_operator.py
[2023-06-21T03:07:39.415+0000] {logging_mixin.py:149} INFO - [2023-06-21T03:07:39.414+0000] {dag.py:2726} INFO - Sync 1 DAGs
[2023-06-21T03:07:39.487+0000] {logging_mixin.py:149} INFO - [2023-06-21T03:07:39.486+0000] {dag.py:3490} INFO - Setting next_dagrun for example_short_circuit_operator to 2023-06-20T03:07:39.485739+00:00, run_after=2023-06-21T03:07:39.485739+00:00
[2023-06-21T03:07:39.545+0000] {processor.py:179} INFO - Processing /home/airflow/.local/lib/python3.7/site-packages/airflow/example_dags/example_short_circuit_operator.py took 0.247 seconds
[2023-06-21T03:08:09.868+0000] {processor.py:157} INFO - Started process (PID=788) to work on /home/airflow/.local/lib/python3.7/site-packages/airflow/example_dags/example_short_circuit_operator.py
[2023-06-21T03:08:09.871+0000] {processor.py:826} INFO - Processing file /home/airflow/.local/lib/python3.7/site-packages/airflow/example_dags/example_short_circuit_operator.py for tasks to queue
[2023-06-21T03:08:09.873+0000] {logging_mixin.py:149} INFO - [2023-06-21T03:08:09.873+0000] {dagbag.py:541} INFO - Filling up the DagBag from /home/airflow/.local/lib/python3.7/site-packages/airflow/example_dags/example_short_circuit_operator.py
[2023-06-21T03:08:09.895+0000] {processor.py:836} INFO - DAG(s) dict_keys(['example_short_circuit_operator']) retrieved from /home/airflow/.local/lib/python3.7/site-packages/airflow/example_dags/example_short_circuit_operator.py
[2023-06-21T03:08:09.956+0000] {logging_mixin.py:149} INFO - [2023-06-21T03:08:09.956+0000] {dag.py:2726} INFO - Sync 1 DAGs
[2023-06-21T03:08:10.006+0000] {logging_mixin.py:149} INFO - [2023-06-21T03:08:10.006+0000] {dag.py:3490} INFO - Setting next_dagrun for example_short_circuit_operator to 2023-06-20T03:08:10.005941+00:00, run_after=2023-06-21T03:08:10.005941+00:00
[2023-06-21T03:08:10.055+0000] {processor.py:179} INFO - Processing /home/airflow/.local/lib/python3.7/site-packages/airflow/example_dags/example_short_circuit_operator.py took 0.194 seconds
[2023-06-21T03:08:40.638+0000] {processor.py:157} INFO - Started process (PID=845) to work on /home/airflow/.local/lib/python3.7/site-packages/airflow/example_dags/example_short_circuit_operator.py
[2023-06-21T03:08:40.643+0000] {processor.py:826} INFO - Processing file /home/airflow/.local/lib/python3.7/site-packages/airflow/example_dags/example_short_circuit_operator.py for tasks to queue
[2023-06-21T03:08:40.648+0000] {logging_mixin.py:149} INFO - [2023-06-21T03:08:40.647+0000] {dagbag.py:541} INFO - Filling up the DagBag from /home/airflow/.local/lib/python3.7/site-packages/airflow/example_dags/example_short_circuit_operator.py
[2023-06-21T03:08:40.670+0000] {processor.py:836} INFO - DAG(s) dict_keys(['example_short_circuit_operator']) retrieved from /home/airflow/.local/lib/python3.7/site-packages/airflow/example_dags/example_short_circuit_operator.py
[2023-06-21T03:08:40.733+0000] {logging_mixin.py:149} INFO - [2023-06-21T03:08:40.733+0000] {dag.py:2726} INFO - Sync 1 DAGs
[2023-06-21T03:08:40.781+0000] {logging_mixin.py:149} INFO - [2023-06-21T03:08:40.780+0000] {dag.py:3490} INFO - Setting next_dagrun for example_short_circuit_operator to 2023-06-20T03:08:40.780366+00:00, run_after=2023-06-21T03:08:40.780366+00:00
[2023-06-21T03:08:40.823+0000] {processor.py:179} INFO - Processing /home/airflow/.local/lib/python3.7/site-packages/airflow/example_dags/example_short_circuit_operator.py took 0.192 seconds
[2023-06-21T03:09:10.967+0000] {processor.py:157} INFO - Started process (PID=903) to work on /home/airflow/.local/lib/python3.7/site-packages/airflow/example_dags/example_short_circuit_operator.py
[2023-06-21T03:09:10.971+0000] {processor.py:826} INFO - Processing file /home/airflow/.local/lib/python3.7/site-packages/airflow/example_dags/example_short_circuit_operator.py for tasks to queue
[2023-06-21T03:09:10.976+0000] {logging_mixin.py:149} INFO - [2023-06-21T03:09:10.975+0000] {dagbag.py:541} INFO - Filling up the DagBag from /home/airflow/.local/lib/python3.7/site-packages/airflow/example_dags/example_short_circuit_operator.py
[2023-06-21T03:09:10.997+0000] {processor.py:836} INFO - DAG(s) dict_keys(['example_short_circuit_operator']) retrieved from /home/airflow/.local/lib/python3.7/site-packages/airflow/example_dags/example_short_circuit_operator.py
[2023-06-21T03:09:11.054+0000] {logging_mixin.py:149} INFO - [2023-06-21T03:09:11.054+0000] {dag.py:2726} INFO - Sync 1 DAGs
[2023-06-21T03:09:11.098+0000] {logging_mixin.py:149} INFO - [2023-06-21T03:09:11.098+0000] {dag.py:3490} INFO - Setting next_dagrun for example_short_circuit_operator to 2023-06-20T03:09:11.098299+00:00, run_after=2023-06-21T03:09:11.098299+00:00
[2023-06-21T03:09:11.134+0000] {processor.py:179} INFO - Processing /home/airflow/.local/lib/python3.7/site-packages/airflow/example_dags/example_short_circuit_operator.py took 0.177 seconds
[2023-06-21T03:09:42.166+0000] {processor.py:157} INFO - Started process (PID=960) to work on /home/airflow/.local/lib/python3.7/site-packages/airflow/example_dags/example_short_circuit_operator.py
[2023-06-21T03:09:42.169+0000] {processor.py:826} INFO - Processing file /home/airflow/.local/lib/python3.7/site-packages/airflow/example_dags/example_short_circuit_operator.py for tasks to queue
[2023-06-21T03:09:42.171+0000] {logging_mixin.py:149} INFO - [2023-06-21T03:09:42.171+0000] {dagbag.py:541} INFO - Filling up the DagBag from /home/airflow/.local/lib/python3.7/site-packages/airflow/example_dags/example_short_circuit_operator.py
[2023-06-21T03:09:42.188+0000] {processor.py:836} INFO - DAG(s) dict_keys(['example_short_circuit_operator']) retrieved from /home/airflow/.local/lib/python3.7/site-packages/airflow/example_dags/example_short_circuit_operator.py
[2023-06-21T03:09:42.244+0000] {logging_mixin.py:149} INFO - [2023-06-21T03:09:42.244+0000] {dag.py:2726} INFO - Sync 1 DAGs
[2023-06-21T03:09:42.286+0000] {logging_mixin.py:149} INFO - [2023-06-21T03:09:42.285+0000] {dag.py:3490} INFO - Setting next_dagrun for example_short_circuit_operator to 2023-06-20T03:09:42.284619+00:00, run_after=2023-06-21T03:09:42.284619+00:00
[2023-06-21T03:09:42.341+0000] {processor.py:179} INFO - Processing /home/airflow/.local/lib/python3.7/site-packages/airflow/example_dags/example_short_circuit_operator.py took 0.182 seconds
