[2023-06-21T02:52:54.737+0000] {processor.py:157} INFO - Started process (PID=95) to work on /home/airflow/.local/lib/python3.7/site-packages/airflow/example_dags/example_trigger_target_dag.py
[2023-06-21T02:52:54.753+0000] {processor.py:826} INFO - Processing file /home/airflow/.local/lib/python3.7/site-packages/airflow/example_dags/example_trigger_target_dag.py for tasks to queue
[2023-06-21T02:52:54.770+0000] {logging_mixin.py:149} INFO - [2023-06-21T02:52:54.760+0000] {dagbag.py:541} INFO - Filling up the DagBag from /home/airflow/.local/lib/python3.7/site-packages/airflow/example_dags/example_trigger_target_dag.py
[2023-06-21T02:52:54.839+0000] {processor.py:836} INFO - DAG(s) dict_keys(['example_trigger_target_dag']) retrieved from /home/airflow/.local/lib/python3.7/site-packages/airflow/example_dags/example_trigger_target_dag.py
[2023-06-21T02:52:55.340+0000] {logging_mixin.py:149} INFO - [2023-06-21T02:52:55.338+0000] {dag.py:2726} INFO - Sync 1 DAGs
[2023-06-21T02:52:56.306+0000] {logging_mixin.py:149} INFO - [2023-06-21T02:52:56.286+0000] {dag.py:3490} INFO - Setting next_dagrun for example_trigger_target_dag to None, run_after=None
[2023-06-21T02:52:57.002+0000] {processor.py:179} INFO - Processing /home/airflow/.local/lib/python3.7/site-packages/airflow/example_dags/example_trigger_target_dag.py took 2.286 seconds
[2023-06-21T02:53:27.813+0000] {processor.py:157} INFO - Started process (PID=151) to work on /home/airflow/.local/lib/python3.7/site-packages/airflow/example_dags/example_trigger_target_dag.py
[2023-06-21T02:53:27.819+0000] {processor.py:826} INFO - Processing file /home/airflow/.local/lib/python3.7/site-packages/airflow/example_dags/example_trigger_target_dag.py for tasks to queue
[2023-06-21T02:53:27.823+0000] {logging_mixin.py:149} INFO - [2023-06-21T02:53:27.823+0000] {dagbag.py:541} INFO - Filling up the DagBag from /home/airflow/.local/lib/python3.7/site-packages/airflow/example_dags/example_trigger_target_dag.py
[2023-06-21T02:53:27.843+0000] {processor.py:836} INFO - DAG(s) dict_keys(['example_trigger_target_dag']) retrieved from /home/airflow/.local/lib/python3.7/site-packages/airflow/example_dags/example_trigger_target_dag.py
[2023-06-21T02:53:27.914+0000] {logging_mixin.py:149} INFO - [2023-06-21T02:53:27.913+0000] {dag.py:2726} INFO - Sync 1 DAGs
[2023-06-21T02:53:27.980+0000] {logging_mixin.py:149} INFO - [2023-06-21T02:53:27.980+0000] {dag.py:3490} INFO - Setting next_dagrun for example_trigger_target_dag to None, run_after=None
[2023-06-21T02:53:28.032+0000] {processor.py:179} INFO - Processing /home/airflow/.local/lib/python3.7/site-packages/airflow/example_dags/example_trigger_target_dag.py took 0.240 seconds
[2023-06-21T02:53:58.518+0000] {processor.py:157} INFO - Started process (PID=207) to work on /home/airflow/.local/lib/python3.7/site-packages/airflow/example_dags/example_trigger_target_dag.py
[2023-06-21T02:53:58.522+0000] {processor.py:826} INFO - Processing file /home/airflow/.local/lib/python3.7/site-packages/airflow/example_dags/example_trigger_target_dag.py for tasks to queue
[2023-06-21T02:53:58.526+0000] {logging_mixin.py:149} INFO - [2023-06-21T02:53:58.526+0000] {dagbag.py:541} INFO - Filling up the DagBag from /home/airflow/.local/lib/python3.7/site-packages/airflow/example_dags/example_trigger_target_dag.py
[2023-06-21T02:53:58.541+0000] {processor.py:836} INFO - DAG(s) dict_keys(['example_trigger_target_dag']) retrieved from /home/airflow/.local/lib/python3.7/site-packages/airflow/example_dags/example_trigger_target_dag.py
[2023-06-21T02:53:58.615+0000] {logging_mixin.py:149} INFO - [2023-06-21T02:53:58.614+0000] {dag.py:2726} INFO - Sync 1 DAGs
[2023-06-21T02:53:58.659+0000] {logging_mixin.py:149} INFO - [2023-06-21T02:53:58.659+0000] {dag.py:3490} INFO - Setting next_dagrun for example_trigger_target_dag to None, run_after=None
[2023-06-21T02:53:58.709+0000] {processor.py:179} INFO - Processing /home/airflow/.local/lib/python3.7/site-packages/airflow/example_dags/example_trigger_target_dag.py took 0.197 seconds
[2023-06-21T02:54:28.940+0000] {processor.py:157} INFO - Started process (PID=264) to work on /home/airflow/.local/lib/python3.7/site-packages/airflow/example_dags/example_trigger_target_dag.py
[2023-06-21T02:54:28.943+0000] {processor.py:826} INFO - Processing file /home/airflow/.local/lib/python3.7/site-packages/airflow/example_dags/example_trigger_target_dag.py for tasks to queue
[2023-06-21T02:54:28.945+0000] {logging_mixin.py:149} INFO - [2023-06-21T02:54:28.945+0000] {dagbag.py:541} INFO - Filling up the DagBag from /home/airflow/.local/lib/python3.7/site-packages/airflow/example_dags/example_trigger_target_dag.py
[2023-06-21T02:54:28.961+0000] {processor.py:836} INFO - DAG(s) dict_keys(['example_trigger_target_dag']) retrieved from /home/airflow/.local/lib/python3.7/site-packages/airflow/example_dags/example_trigger_target_dag.py
[2023-06-21T02:54:29.003+0000] {logging_mixin.py:149} INFO - [2023-06-21T02:54:29.003+0000] {dag.py:2726} INFO - Sync 1 DAGs
[2023-06-21T02:54:29.049+0000] {logging_mixin.py:149} INFO - [2023-06-21T02:54:29.048+0000] {dag.py:3490} INFO - Setting next_dagrun for example_trigger_target_dag to None, run_after=None
[2023-06-21T02:54:29.084+0000] {processor.py:179} INFO - Processing /home/airflow/.local/lib/python3.7/site-packages/airflow/example_dags/example_trigger_target_dag.py took 0.150 seconds
[2023-06-21T02:54:59.749+0000] {processor.py:157} INFO - Started process (PID=321) to work on /home/airflow/.local/lib/python3.7/site-packages/airflow/example_dags/example_trigger_target_dag.py
[2023-06-21T02:54:59.751+0000] {processor.py:826} INFO - Processing file /home/airflow/.local/lib/python3.7/site-packages/airflow/example_dags/example_trigger_target_dag.py for tasks to queue
[2023-06-21T02:54:59.754+0000] {logging_mixin.py:149} INFO - [2023-06-21T02:54:59.754+0000] {dagbag.py:541} INFO - Filling up the DagBag from /home/airflow/.local/lib/python3.7/site-packages/airflow/example_dags/example_trigger_target_dag.py
[2023-06-21T02:54:59.766+0000] {processor.py:836} INFO - DAG(s) dict_keys(['example_trigger_target_dag']) retrieved from /home/airflow/.local/lib/python3.7/site-packages/airflow/example_dags/example_trigger_target_dag.py
[2023-06-21T02:54:59.818+0000] {logging_mixin.py:149} INFO - [2023-06-21T02:54:59.818+0000] {dag.py:2726} INFO - Sync 1 DAGs
[2023-06-21T02:54:59.861+0000] {logging_mixin.py:149} INFO - [2023-06-21T02:54:59.860+0000] {dag.py:3490} INFO - Setting next_dagrun for example_trigger_target_dag to None, run_after=None
[2023-06-21T02:54:59.893+0000] {processor.py:179} INFO - Processing /home/airflow/.local/lib/python3.7/site-packages/airflow/example_dags/example_trigger_target_dag.py took 0.157 seconds
[2023-06-21T02:55:30.355+0000] {processor.py:157} INFO - Started process (PID=378) to work on /home/airflow/.local/lib/python3.7/site-packages/airflow/example_dags/example_trigger_target_dag.py
[2023-06-21T02:55:30.359+0000] {processor.py:826} INFO - Processing file /home/airflow/.local/lib/python3.7/site-packages/airflow/example_dags/example_trigger_target_dag.py for tasks to queue
[2023-06-21T02:55:30.361+0000] {logging_mixin.py:149} INFO - [2023-06-21T02:55:30.361+0000] {dagbag.py:541} INFO - Filling up the DagBag from /home/airflow/.local/lib/python3.7/site-packages/airflow/example_dags/example_trigger_target_dag.py
[2023-06-21T02:55:30.372+0000] {processor.py:836} INFO - DAG(s) dict_keys(['example_trigger_target_dag']) retrieved from /home/airflow/.local/lib/python3.7/site-packages/airflow/example_dags/example_trigger_target_dag.py
[2023-06-21T02:55:30.419+0000] {logging_mixin.py:149} INFO - [2023-06-21T02:55:30.419+0000] {dag.py:2726} INFO - Sync 1 DAGs
[2023-06-21T02:55:30.457+0000] {logging_mixin.py:149} INFO - [2023-06-21T02:55:30.457+0000] {dag.py:3490} INFO - Setting next_dagrun for example_trigger_target_dag to None, run_after=None
[2023-06-21T02:55:30.491+0000] {processor.py:179} INFO - Processing /home/airflow/.local/lib/python3.7/site-packages/airflow/example_dags/example_trigger_target_dag.py took 0.142 seconds
[2023-06-21T02:56:00.666+0000] {processor.py:157} INFO - Started process (PID=436) to work on /home/airflow/.local/lib/python3.7/site-packages/airflow/example_dags/example_trigger_target_dag.py
[2023-06-21T02:56:00.670+0000] {processor.py:826} INFO - Processing file /home/airflow/.local/lib/python3.7/site-packages/airflow/example_dags/example_trigger_target_dag.py for tasks to queue
[2023-06-21T02:56:00.673+0000] {logging_mixin.py:149} INFO - [2023-06-21T02:56:00.673+0000] {dagbag.py:541} INFO - Filling up the DagBag from /home/airflow/.local/lib/python3.7/site-packages/airflow/example_dags/example_trigger_target_dag.py
[2023-06-21T02:56:00.683+0000] {processor.py:836} INFO - DAG(s) dict_keys(['example_trigger_target_dag']) retrieved from /home/airflow/.local/lib/python3.7/site-packages/airflow/example_dags/example_trigger_target_dag.py
[2023-06-21T02:56:00.726+0000] {logging_mixin.py:149} INFO - [2023-06-21T02:56:00.726+0000] {dag.py:2726} INFO - Sync 1 DAGs
[2023-06-21T02:56:00.768+0000] {logging_mixin.py:149} INFO - [2023-06-21T02:56:00.768+0000] {dag.py:3490} INFO - Setting next_dagrun for example_trigger_target_dag to None, run_after=None
[2023-06-21T02:56:00.806+0000] {processor.py:179} INFO - Processing /home/airflow/.local/lib/python3.7/site-packages/airflow/example_dags/example_trigger_target_dag.py took 0.145 seconds
[2023-06-21T03:05:37.552+0000] {processor.py:157} INFO - Started process (PID=513) to work on /home/airflow/.local/lib/python3.7/site-packages/airflow/example_dags/example_trigger_target_dag.py
[2023-06-21T03:05:37.557+0000] {processor.py:826} INFO - Processing file /home/airflow/.local/lib/python3.7/site-packages/airflow/example_dags/example_trigger_target_dag.py for tasks to queue
[2023-06-21T03:05:37.561+0000] {logging_mixin.py:149} INFO - [2023-06-21T03:05:37.560+0000] {dagbag.py:541} INFO - Filling up the DagBag from /home/airflow/.local/lib/python3.7/site-packages/airflow/example_dags/example_trigger_target_dag.py
[2023-06-21T03:05:37.579+0000] {processor.py:836} INFO - DAG(s) dict_keys(['example_trigger_target_dag']) retrieved from /home/airflow/.local/lib/python3.7/site-packages/airflow/example_dags/example_trigger_target_dag.py
[2023-06-21T03:05:37.657+0000] {logging_mixin.py:149} INFO - [2023-06-21T03:05:37.656+0000] {dag.py:2726} INFO - Sync 1 DAGs
[2023-06-21T03:05:37.726+0000] {logging_mixin.py:149} INFO - [2023-06-21T03:05:37.726+0000] {dag.py:3490} INFO - Setting next_dagrun for example_trigger_target_dag to None, run_after=None
[2023-06-21T03:05:37.790+0000] {processor.py:179} INFO - Processing /home/airflow/.local/lib/python3.7/site-packages/airflow/example_dags/example_trigger_target_dag.py took 0.247 seconds
[2023-06-21T03:06:07.917+0000] {processor.py:157} INFO - Started process (PID=568) to work on /home/airflow/.local/lib/python3.7/site-packages/airflow/example_dags/example_trigger_target_dag.py
[2023-06-21T03:06:07.920+0000] {processor.py:826} INFO - Processing file /home/airflow/.local/lib/python3.7/site-packages/airflow/example_dags/example_trigger_target_dag.py for tasks to queue
[2023-06-21T03:06:07.923+0000] {logging_mixin.py:149} INFO - [2023-06-21T03:06:07.923+0000] {dagbag.py:541} INFO - Filling up the DagBag from /home/airflow/.local/lib/python3.7/site-packages/airflow/example_dags/example_trigger_target_dag.py
[2023-06-21T03:06:07.937+0000] {processor.py:836} INFO - DAG(s) dict_keys(['example_trigger_target_dag']) retrieved from /home/airflow/.local/lib/python3.7/site-packages/airflow/example_dags/example_trigger_target_dag.py
[2023-06-21T03:06:07.996+0000] {logging_mixin.py:149} INFO - [2023-06-21T03:06:07.996+0000] {dag.py:2726} INFO - Sync 1 DAGs
[2023-06-21T03:06:08.046+0000] {logging_mixin.py:149} INFO - [2023-06-21T03:06:08.046+0000] {dag.py:3490} INFO - Setting next_dagrun for example_trigger_target_dag to None, run_after=None
[2023-06-21T03:06:08.090+0000] {processor.py:179} INFO - Processing /home/airflow/.local/lib/python3.7/site-packages/airflow/example_dags/example_trigger_target_dag.py took 0.184 seconds
[2023-06-21T03:06:39.426+0000] {processor.py:157} INFO - Started process (PID=625) to work on /home/airflow/.local/lib/python3.7/site-packages/airflow/example_dags/example_trigger_target_dag.py
[2023-06-21T03:06:39.431+0000] {processor.py:826} INFO - Processing file /home/airflow/.local/lib/python3.7/site-packages/airflow/example_dags/example_trigger_target_dag.py for tasks to queue
[2023-06-21T03:06:39.435+0000] {logging_mixin.py:149} INFO - [2023-06-21T03:06:39.434+0000] {dagbag.py:541} INFO - Filling up the DagBag from /home/airflow/.local/lib/python3.7/site-packages/airflow/example_dags/example_trigger_target_dag.py
[2023-06-21T03:06:39.452+0000] {processor.py:836} INFO - DAG(s) dict_keys(['example_trigger_target_dag']) retrieved from /home/airflow/.local/lib/python3.7/site-packages/airflow/example_dags/example_trigger_target_dag.py
[2023-06-21T03:06:39.531+0000] {logging_mixin.py:149} INFO - [2023-06-21T03:06:39.531+0000] {dag.py:2726} INFO - Sync 1 DAGs
[2023-06-21T03:06:39.596+0000] {logging_mixin.py:149} INFO - [2023-06-21T03:06:39.596+0000] {dag.py:3490} INFO - Setting next_dagrun for example_trigger_target_dag to None, run_after=None
[2023-06-21T03:06:39.652+0000] {processor.py:179} INFO - Processing /home/airflow/.local/lib/python3.7/site-packages/airflow/example_dags/example_trigger_target_dag.py took 0.234 seconds
[2023-06-21T03:07:10.112+0000] {processor.py:157} INFO - Started process (PID=684) to work on /home/airflow/.local/lib/python3.7/site-packages/airflow/example_dags/example_trigger_target_dag.py
[2023-06-21T03:07:10.115+0000] {processor.py:826} INFO - Processing file /home/airflow/.local/lib/python3.7/site-packages/airflow/example_dags/example_trigger_target_dag.py for tasks to queue
[2023-06-21T03:07:10.118+0000] {logging_mixin.py:149} INFO - [2023-06-21T03:07:10.117+0000] {dagbag.py:541} INFO - Filling up the DagBag from /home/airflow/.local/lib/python3.7/site-packages/airflow/example_dags/example_trigger_target_dag.py
[2023-06-21T03:07:10.136+0000] {processor.py:836} INFO - DAG(s) dict_keys(['example_trigger_target_dag']) retrieved from /home/airflow/.local/lib/python3.7/site-packages/airflow/example_dags/example_trigger_target_dag.py
[2023-06-21T03:07:10.206+0000] {logging_mixin.py:149} INFO - [2023-06-21T03:07:10.205+0000] {dag.py:2726} INFO - Sync 1 DAGs
[2023-06-21T03:07:10.261+0000] {logging_mixin.py:149} INFO - [2023-06-21T03:07:10.261+0000] {dag.py:3490} INFO - Setting next_dagrun for example_trigger_target_dag to None, run_after=None
[2023-06-21T03:07:10.331+0000] {processor.py:179} INFO - Processing /home/airflow/.local/lib/python3.7/site-packages/airflow/example_dags/example_trigger_target_dag.py took 0.229 seconds
[2023-06-21T03:07:40.754+0000] {processor.py:157} INFO - Started process (PID=741) to work on /home/airflow/.local/lib/python3.7/site-packages/airflow/example_dags/example_trigger_target_dag.py
[2023-06-21T03:07:40.757+0000] {processor.py:826} INFO - Processing file /home/airflow/.local/lib/python3.7/site-packages/airflow/example_dags/example_trigger_target_dag.py for tasks to queue
[2023-06-21T03:07:40.760+0000] {logging_mixin.py:149} INFO - [2023-06-21T03:07:40.760+0000] {dagbag.py:541} INFO - Filling up the DagBag from /home/airflow/.local/lib/python3.7/site-packages/airflow/example_dags/example_trigger_target_dag.py
[2023-06-21T03:07:40.779+0000] {processor.py:836} INFO - DAG(s) dict_keys(['example_trigger_target_dag']) retrieved from /home/airflow/.local/lib/python3.7/site-packages/airflow/example_dags/example_trigger_target_dag.py
[2023-06-21T03:07:40.847+0000] {logging_mixin.py:149} INFO - [2023-06-21T03:07:40.847+0000] {dag.py:2726} INFO - Sync 1 DAGs
[2023-06-21T03:07:40.898+0000] {logging_mixin.py:149} INFO - [2023-06-21T03:07:40.898+0000] {dag.py:3490} INFO - Setting next_dagrun for example_trigger_target_dag to None, run_after=None
[2023-06-21T03:07:40.951+0000] {processor.py:179} INFO - Processing /home/airflow/.local/lib/python3.7/site-packages/airflow/example_dags/example_trigger_target_dag.py took 0.211 seconds
[2023-06-21T03:08:11.318+0000] {processor.py:157} INFO - Started process (PID=797) to work on /home/airflow/.local/lib/python3.7/site-packages/airflow/example_dags/example_trigger_target_dag.py
[2023-06-21T03:08:11.320+0000] {processor.py:826} INFO - Processing file /home/airflow/.local/lib/python3.7/site-packages/airflow/example_dags/example_trigger_target_dag.py for tasks to queue
[2023-06-21T03:08:11.324+0000] {logging_mixin.py:149} INFO - [2023-06-21T03:08:11.323+0000] {dagbag.py:541} INFO - Filling up the DagBag from /home/airflow/.local/lib/python3.7/site-packages/airflow/example_dags/example_trigger_target_dag.py
[2023-06-21T03:08:11.342+0000] {processor.py:836} INFO - DAG(s) dict_keys(['example_trigger_target_dag']) retrieved from /home/airflow/.local/lib/python3.7/site-packages/airflow/example_dags/example_trigger_target_dag.py
[2023-06-21T03:08:11.405+0000] {logging_mixin.py:149} INFO - [2023-06-21T03:08:11.404+0000] {dag.py:2726} INFO - Sync 1 DAGs
[2023-06-21T03:08:11.457+0000] {logging_mixin.py:149} INFO - [2023-06-21T03:08:11.457+0000] {dag.py:3490} INFO - Setting next_dagrun for example_trigger_target_dag to None, run_after=None
[2023-06-21T03:08:11.501+0000] {processor.py:179} INFO - Processing /home/airflow/.local/lib/python3.7/site-packages/airflow/example_dags/example_trigger_target_dag.py took 0.192 seconds
[2023-06-21T03:08:42.294+0000] {processor.py:157} INFO - Started process (PID=853) to work on /home/airflow/.local/lib/python3.7/site-packages/airflow/example_dags/example_trigger_target_dag.py
[2023-06-21T03:08:42.298+0000] {processor.py:826} INFO - Processing file /home/airflow/.local/lib/python3.7/site-packages/airflow/example_dags/example_trigger_target_dag.py for tasks to queue
[2023-06-21T03:08:42.301+0000] {logging_mixin.py:149} INFO - [2023-06-21T03:08:42.300+0000] {dagbag.py:541} INFO - Filling up the DagBag from /home/airflow/.local/lib/python3.7/site-packages/airflow/example_dags/example_trigger_target_dag.py
[2023-06-21T03:08:42.316+0000] {processor.py:836} INFO - DAG(s) dict_keys(['example_trigger_target_dag']) retrieved from /home/airflow/.local/lib/python3.7/site-packages/airflow/example_dags/example_trigger_target_dag.py
[2023-06-21T03:08:42.402+0000] {logging_mixin.py:149} INFO - [2023-06-21T03:08:42.402+0000] {dag.py:2726} INFO - Sync 1 DAGs
[2023-06-21T03:08:42.502+0000] {logging_mixin.py:149} INFO - [2023-06-21T03:08:42.501+0000] {dag.py:3490} INFO - Setting next_dagrun for example_trigger_target_dag to None, run_after=None
[2023-06-21T03:08:42.699+0000] {processor.py:179} INFO - Processing /home/airflow/.local/lib/python3.7/site-packages/airflow/example_dags/example_trigger_target_dag.py took 0.415 seconds
[2023-06-21T03:09:13.006+0000] {processor.py:157} INFO - Started process (PID=911) to work on /home/airflow/.local/lib/python3.7/site-packages/airflow/example_dags/example_trigger_target_dag.py
[2023-06-21T03:09:13.009+0000] {processor.py:826} INFO - Processing file /home/airflow/.local/lib/python3.7/site-packages/airflow/example_dags/example_trigger_target_dag.py for tasks to queue
[2023-06-21T03:09:13.012+0000] {logging_mixin.py:149} INFO - [2023-06-21T03:09:13.012+0000] {dagbag.py:541} INFO - Filling up the DagBag from /home/airflow/.local/lib/python3.7/site-packages/airflow/example_dags/example_trigger_target_dag.py
[2023-06-21T03:09:13.028+0000] {processor.py:836} INFO - DAG(s) dict_keys(['example_trigger_target_dag']) retrieved from /home/airflow/.local/lib/python3.7/site-packages/airflow/example_dags/example_trigger_target_dag.py
[2023-06-21T03:09:13.080+0000] {logging_mixin.py:149} INFO - [2023-06-21T03:09:13.080+0000] {dag.py:2726} INFO - Sync 1 DAGs
[2023-06-21T03:09:13.154+0000] {logging_mixin.py:149} INFO - [2023-06-21T03:09:13.153+0000] {dag.py:3490} INFO - Setting next_dagrun for example_trigger_target_dag to None, run_after=None
[2023-06-21T03:09:13.226+0000] {processor.py:179} INFO - Processing /home/airflow/.local/lib/python3.7/site-packages/airflow/example_dags/example_trigger_target_dag.py took 0.229 seconds
[2023-06-21T03:09:44.107+0000] {processor.py:157} INFO - Started process (PID=968) to work on /home/airflow/.local/lib/python3.7/site-packages/airflow/example_dags/example_trigger_target_dag.py
[2023-06-21T03:09:44.110+0000] {processor.py:826} INFO - Processing file /home/airflow/.local/lib/python3.7/site-packages/airflow/example_dags/example_trigger_target_dag.py for tasks to queue
[2023-06-21T03:09:44.116+0000] {logging_mixin.py:149} INFO - [2023-06-21T03:09:44.115+0000] {dagbag.py:541} INFO - Filling up the DagBag from /home/airflow/.local/lib/python3.7/site-packages/airflow/example_dags/example_trigger_target_dag.py
[2023-06-21T03:09:44.132+0000] {processor.py:836} INFO - DAG(s) dict_keys(['example_trigger_target_dag']) retrieved from /home/airflow/.local/lib/python3.7/site-packages/airflow/example_dags/example_trigger_target_dag.py
[2023-06-21T03:09:44.179+0000] {logging_mixin.py:149} INFO - [2023-06-21T03:09:44.179+0000] {dag.py:2726} INFO - Sync 1 DAGs
[2023-06-21T03:09:44.216+0000] {logging_mixin.py:149} INFO - [2023-06-21T03:09:44.216+0000] {dag.py:3490} INFO - Setting next_dagrun for example_trigger_target_dag to None, run_after=None
[2023-06-21T03:09:44.255+0000] {processor.py:179} INFO - Processing /home/airflow/.local/lib/python3.7/site-packages/airflow/example_dags/example_trigger_target_dag.py took 0.155 seconds
