[2023-06-21T02:52:14.453+0000] {processor.py:157} INFO - Started process (PID=51) to work on /home/airflow/.local/lib/python3.7/site-packages/airflow/example_dags/example_xcomargs.py
[2023-06-21T02:52:14.457+0000] {processor.py:826} INFO - Processing file /home/airflow/.local/lib/python3.7/site-packages/airflow/example_dags/example_xcomargs.py for tasks to queue
[2023-06-21T02:52:14.462+0000] {logging_mixin.py:149} INFO - [2023-06-21T02:52:14.461+0000] {dagbag.py:541} INFO - Filling up the DagBag from /home/airflow/.local/lib/python3.7/site-packages/airflow/example_dags/example_xcomargs.py
[2023-06-21T02:52:14.509+0000] {processor.py:836} INFO - DAG(s) dict_keys(['example_xcom_args_with_operators', 'example_xcom_args']) retrieved from /home/airflow/.local/lib/python3.7/site-packages/airflow/example_dags/example_xcomargs.py
[2023-06-21T02:52:14.793+0000] {logging_mixin.py:149} INFO - [2023-06-21T02:52:14.793+0000] {dag.py:2726} INFO - Sync 2 DAGs
[2023-06-21T02:52:15.100+0000] {logging_mixin.py:149} INFO - [2023-06-21T02:52:15.099+0000] {dag.py:3490} INFO - Setting next_dagrun for example_xcom_args to None, run_after=None
[2023-06-21T02:52:15.172+0000] {logging_mixin.py:149} INFO - [2023-06-21T02:52:15.171+0000] {dag.py:3490} INFO - Setting next_dagrun for example_xcom_args_with_operators to None, run_after=None
[2023-06-21T02:52:15.416+0000] {processor.py:179} INFO - Processing /home/airflow/.local/lib/python3.7/site-packages/airflow/example_dags/example_xcomargs.py took 1.031 seconds
[2023-06-21T02:53:10.561+0000] {processor.py:157} INFO - Started process (PID=115) to work on /home/airflow/.local/lib/python3.7/site-packages/airflow/example_dags/example_xcomargs.py
[2023-06-21T02:53:10.569+0000] {processor.py:826} INFO - Processing file /home/airflow/.local/lib/python3.7/site-packages/airflow/example_dags/example_xcomargs.py for tasks to queue
[2023-06-21T02:53:10.577+0000] {logging_mixin.py:149} INFO - [2023-06-21T02:53:10.577+0000] {dagbag.py:541} INFO - Filling up the DagBag from /home/airflow/.local/lib/python3.7/site-packages/airflow/example_dags/example_xcomargs.py
[2023-06-21T02:53:10.613+0000] {processor.py:836} INFO - DAG(s) dict_keys(['example_xcom_args', 'example_xcom_args_with_operators']) retrieved from /home/airflow/.local/lib/python3.7/site-packages/airflow/example_dags/example_xcomargs.py
[2023-06-21T02:53:10.981+0000] {logging_mixin.py:149} INFO - [2023-06-21T02:53:10.981+0000] {dag.py:2726} INFO - Sync 2 DAGs
[2023-06-21T02:53:11.113+0000] {logging_mixin.py:149} INFO - [2023-06-21T02:53:11.113+0000] {dag.py:3490} INFO - Setting next_dagrun for example_xcom_args to None, run_after=None
[2023-06-21T02:53:11.137+0000] {logging_mixin.py:149} INFO - [2023-06-21T02:53:11.136+0000] {dag.py:3490} INFO - Setting next_dagrun for example_xcom_args_with_operators to None, run_after=None
[2023-06-21T02:53:11.192+0000] {processor.py:179} INFO - Processing /home/airflow/.local/lib/python3.7/site-packages/airflow/example_dags/example_xcomargs.py took 0.671 seconds
[2023-06-21T02:53:41.325+0000] {processor.py:157} INFO - Started process (PID=167) to work on /home/airflow/.local/lib/python3.7/site-packages/airflow/example_dags/example_xcomargs.py
[2023-06-21T02:53:41.328+0000] {processor.py:826} INFO - Processing file /home/airflow/.local/lib/python3.7/site-packages/airflow/example_dags/example_xcomargs.py for tasks to queue
[2023-06-21T02:53:41.330+0000] {logging_mixin.py:149} INFO - [2023-06-21T02:53:41.330+0000] {dagbag.py:541} INFO - Filling up the DagBag from /home/airflow/.local/lib/python3.7/site-packages/airflow/example_dags/example_xcomargs.py
[2023-06-21T02:53:41.344+0000] {processor.py:836} INFO - DAG(s) dict_keys(['example_xcom_args_with_operators', 'example_xcom_args']) retrieved from /home/airflow/.local/lib/python3.7/site-packages/airflow/example_dags/example_xcomargs.py
[2023-06-21T02:53:41.406+0000] {logging_mixin.py:149} INFO - [2023-06-21T02:53:41.406+0000] {dag.py:2726} INFO - Sync 2 DAGs
[2023-06-21T02:53:41.454+0000] {logging_mixin.py:149} INFO - [2023-06-21T02:53:41.454+0000] {dag.py:3490} INFO - Setting next_dagrun for example_xcom_args to None, run_after=None
[2023-06-21T02:53:41.462+0000] {logging_mixin.py:149} INFO - [2023-06-21T02:53:41.462+0000] {dag.py:3490} INFO - Setting next_dagrun for example_xcom_args_with_operators to None, run_after=None
[2023-06-21T02:53:41.499+0000] {processor.py:179} INFO - Processing /home/airflow/.local/lib/python3.7/site-packages/airflow/example_dags/example_xcomargs.py took 0.180 seconds
[2023-06-21T02:54:11.867+0000] {processor.py:157} INFO - Started process (PID=224) to work on /home/airflow/.local/lib/python3.7/site-packages/airflow/example_dags/example_xcomargs.py
[2023-06-21T02:54:11.869+0000] {processor.py:826} INFO - Processing file /home/airflow/.local/lib/python3.7/site-packages/airflow/example_dags/example_xcomargs.py for tasks to queue
[2023-06-21T02:54:11.871+0000] {logging_mixin.py:149} INFO - [2023-06-21T02:54:11.870+0000] {dagbag.py:541} INFO - Filling up the DagBag from /home/airflow/.local/lib/python3.7/site-packages/airflow/example_dags/example_xcomargs.py
[2023-06-21T02:54:11.886+0000] {processor.py:836} INFO - DAG(s) dict_keys(['example_xcom_args', 'example_xcom_args_with_operators']) retrieved from /home/airflow/.local/lib/python3.7/site-packages/airflow/example_dags/example_xcomargs.py
[2023-06-21T02:54:11.954+0000] {logging_mixin.py:149} INFO - [2023-06-21T02:54:11.954+0000] {dag.py:2726} INFO - Sync 2 DAGs
[2023-06-21T02:54:12.042+0000] {logging_mixin.py:149} INFO - [2023-06-21T02:54:12.041+0000] {dag.py:3490} INFO - Setting next_dagrun for example_xcom_args to None, run_after=None
[2023-06-21T02:54:12.049+0000] {logging_mixin.py:149} INFO - [2023-06-21T02:54:12.048+0000] {dag.py:3490} INFO - Setting next_dagrun for example_xcom_args_with_operators to None, run_after=None
[2023-06-21T02:54:12.088+0000] {processor.py:179} INFO - Processing /home/airflow/.local/lib/python3.7/site-packages/airflow/example_dags/example_xcomargs.py took 0.227 seconds
[2023-06-21T02:54:42.211+0000] {processor.py:157} INFO - Started process (PID=281) to work on /home/airflow/.local/lib/python3.7/site-packages/airflow/example_dags/example_xcomargs.py
[2023-06-21T02:54:42.213+0000] {processor.py:826} INFO - Processing file /home/airflow/.local/lib/python3.7/site-packages/airflow/example_dags/example_xcomargs.py for tasks to queue
[2023-06-21T02:54:42.215+0000] {logging_mixin.py:149} INFO - [2023-06-21T02:54:42.215+0000] {dagbag.py:541} INFO - Filling up the DagBag from /home/airflow/.local/lib/python3.7/site-packages/airflow/example_dags/example_xcomargs.py
[2023-06-21T02:54:42.230+0000] {processor.py:836} INFO - DAG(s) dict_keys(['example_xcom_args', 'example_xcom_args_with_operators']) retrieved from /home/airflow/.local/lib/python3.7/site-packages/airflow/example_dags/example_xcomargs.py
[2023-06-21T02:54:42.280+0000] {logging_mixin.py:149} INFO - [2023-06-21T02:54:42.280+0000] {dag.py:2726} INFO - Sync 2 DAGs
[2023-06-21T02:54:42.320+0000] {logging_mixin.py:149} INFO - [2023-06-21T02:54:42.319+0000] {dag.py:3490} INFO - Setting next_dagrun for example_xcom_args to None, run_after=None
[2023-06-21T02:54:42.327+0000] {logging_mixin.py:149} INFO - [2023-06-21T02:54:42.326+0000] {dag.py:3490} INFO - Setting next_dagrun for example_xcom_args_with_operators to None, run_after=None
[2023-06-21T02:54:42.361+0000] {processor.py:179} INFO - Processing /home/airflow/.local/lib/python3.7/site-packages/airflow/example_dags/example_xcomargs.py took 0.157 seconds
[2023-06-21T02:55:12.509+0000] {processor.py:157} INFO - Started process (PID=338) to work on /home/airflow/.local/lib/python3.7/site-packages/airflow/example_dags/example_xcomargs.py
[2023-06-21T02:55:12.512+0000] {processor.py:826} INFO - Processing file /home/airflow/.local/lib/python3.7/site-packages/airflow/example_dags/example_xcomargs.py for tasks to queue
[2023-06-21T02:55:12.517+0000] {logging_mixin.py:149} INFO - [2023-06-21T02:55:12.516+0000] {dagbag.py:541} INFO - Filling up the DagBag from /home/airflow/.local/lib/python3.7/site-packages/airflow/example_dags/example_xcomargs.py
[2023-06-21T02:55:12.534+0000] {processor.py:836} INFO - DAG(s) dict_keys(['example_xcom_args', 'example_xcom_args_with_operators']) retrieved from /home/airflow/.local/lib/python3.7/site-packages/airflow/example_dags/example_xcomargs.py
[2023-06-21T02:55:12.596+0000] {logging_mixin.py:149} INFO - [2023-06-21T02:55:12.596+0000] {dag.py:2726} INFO - Sync 2 DAGs
[2023-06-21T02:55:12.646+0000] {logging_mixin.py:149} INFO - [2023-06-21T02:55:12.646+0000] {dag.py:3490} INFO - Setting next_dagrun for example_xcom_args to None, run_after=None
[2023-06-21T02:55:12.657+0000] {logging_mixin.py:149} INFO - [2023-06-21T02:55:12.657+0000] {dag.py:3490} INFO - Setting next_dagrun for example_xcom_args_with_operators to None, run_after=None
[2023-06-21T02:55:12.698+0000] {processor.py:179} INFO - Processing /home/airflow/.local/lib/python3.7/site-packages/airflow/example_dags/example_xcomargs.py took 0.196 seconds
[2023-06-21T02:55:43.001+0000] {processor.py:157} INFO - Started process (PID=396) to work on /home/airflow/.local/lib/python3.7/site-packages/airflow/example_dags/example_xcomargs.py
[2023-06-21T02:55:43.004+0000] {processor.py:826} INFO - Processing file /home/airflow/.local/lib/python3.7/site-packages/airflow/example_dags/example_xcomargs.py for tasks to queue
[2023-06-21T02:55:43.008+0000] {logging_mixin.py:149} INFO - [2023-06-21T02:55:43.007+0000] {dagbag.py:541} INFO - Filling up the DagBag from /home/airflow/.local/lib/python3.7/site-packages/airflow/example_dags/example_xcomargs.py
[2023-06-21T02:55:43.025+0000] {processor.py:836} INFO - DAG(s) dict_keys(['example_xcom_args_with_operators', 'example_xcom_args']) retrieved from /home/airflow/.local/lib/python3.7/site-packages/airflow/example_dags/example_xcomargs.py
[2023-06-21T02:55:43.072+0000] {logging_mixin.py:149} INFO - [2023-06-21T02:55:43.072+0000] {dag.py:2726} INFO - Sync 2 DAGs
[2023-06-21T02:55:43.112+0000] {logging_mixin.py:149} INFO - [2023-06-21T02:55:43.111+0000] {dag.py:3490} INFO - Setting next_dagrun for example_xcom_args to None, run_after=None
[2023-06-21T02:55:43.118+0000] {logging_mixin.py:149} INFO - [2023-06-21T02:55:43.118+0000] {dag.py:3490} INFO - Setting next_dagrun for example_xcom_args_with_operators to None, run_after=None
[2023-06-21T02:55:43.149+0000] {processor.py:179} INFO - Processing /home/airflow/.local/lib/python3.7/site-packages/airflow/example_dags/example_xcomargs.py took 0.157 seconds
[2023-06-21T02:56:18.907+0000] {processor.py:157} INFO - Started process (PID=453) to work on /home/airflow/.local/lib/python3.7/site-packages/airflow/example_dags/example_xcomargs.py
[2023-06-21T02:56:18.909+0000] {processor.py:826} INFO - Processing file /home/airflow/.local/lib/python3.7/site-packages/airflow/example_dags/example_xcomargs.py for tasks to queue
[2023-06-21T02:56:18.912+0000] {logging_mixin.py:149} INFO - [2023-06-21T02:56:18.911+0000] {dagbag.py:541} INFO - Filling up the DagBag from /home/airflow/.local/lib/python3.7/site-packages/airflow/example_dags/example_xcomargs.py
[2023-06-21T02:56:18.930+0000] {processor.py:836} INFO - DAG(s) dict_keys(['example_xcom_args_with_operators', 'example_xcom_args']) retrieved from /home/airflow/.local/lib/python3.7/site-packages/airflow/example_dags/example_xcomargs.py
[2023-06-21T02:56:18.993+0000] {logging_mixin.py:149} INFO - [2023-06-21T02:56:18.992+0000] {dag.py:2726} INFO - Sync 2 DAGs
[2023-06-21T02:56:19.050+0000] {logging_mixin.py:149} INFO - [2023-06-21T02:56:19.050+0000] {dag.py:3490} INFO - Setting next_dagrun for example_xcom_args to None, run_after=None
[2023-06-21T02:56:19.057+0000] {logging_mixin.py:149} INFO - [2023-06-21T02:56:19.057+0000] {dag.py:3490} INFO - Setting next_dagrun for example_xcom_args_with_operators to None, run_after=None
[2023-06-21T02:56:19.084+0000] {processor.py:179} INFO - Processing /home/airflow/.local/lib/python3.7/site-packages/airflow/example_dags/example_xcomargs.py took 0.184 seconds
[2023-06-21T03:05:29.339+0000] {processor.py:157} INFO - Started process (PID=477) to work on /home/airflow/.local/lib/python3.7/site-packages/airflow/example_dags/example_xcomargs.py
[2023-06-21T03:05:29.346+0000] {processor.py:826} INFO - Processing file /home/airflow/.local/lib/python3.7/site-packages/airflow/example_dags/example_xcomargs.py for tasks to queue
[2023-06-21T03:05:29.353+0000] {logging_mixin.py:149} INFO - [2023-06-21T03:05:29.351+0000] {dagbag.py:541} INFO - Filling up the DagBag from /home/airflow/.local/lib/python3.7/site-packages/airflow/example_dags/example_xcomargs.py
[2023-06-21T03:05:29.396+0000] {processor.py:836} INFO - DAG(s) dict_keys(['example_xcom_args', 'example_xcom_args_with_operators']) retrieved from /home/airflow/.local/lib/python3.7/site-packages/airflow/example_dags/example_xcomargs.py
[2023-06-21T03:05:29.524+0000] {logging_mixin.py:149} INFO - [2023-06-21T03:05:29.524+0000] {dag.py:2726} INFO - Sync 2 DAGs
[2023-06-21T03:05:29.658+0000] {logging_mixin.py:149} INFO - [2023-06-21T03:05:29.656+0000] {dag.py:3490} INFO - Setting next_dagrun for example_xcom_args to None, run_after=None
[2023-06-21T03:05:29.686+0000] {logging_mixin.py:149} INFO - [2023-06-21T03:05:29.685+0000] {dag.py:3490} INFO - Setting next_dagrun for example_xcom_args_with_operators to None, run_after=None
[2023-06-21T03:05:29.774+0000] {processor.py:179} INFO - Processing /home/airflow/.local/lib/python3.7/site-packages/airflow/example_dags/example_xcomargs.py took 0.449 seconds
[2023-06-21T03:05:59.911+0000] {processor.py:157} INFO - Started process (PID=533) to work on /home/airflow/.local/lib/python3.7/site-packages/airflow/example_dags/example_xcomargs.py
[2023-06-21T03:05:59.916+0000] {processor.py:826} INFO - Processing file /home/airflow/.local/lib/python3.7/site-packages/airflow/example_dags/example_xcomargs.py for tasks to queue
[2023-06-21T03:05:59.920+0000] {logging_mixin.py:149} INFO - [2023-06-21T03:05:59.919+0000] {dagbag.py:541} INFO - Filling up the DagBag from /home/airflow/.local/lib/python3.7/site-packages/airflow/example_dags/example_xcomargs.py
[2023-06-21T03:05:59.946+0000] {processor.py:836} INFO - DAG(s) dict_keys(['example_xcom_args', 'example_xcom_args_with_operators']) retrieved from /home/airflow/.local/lib/python3.7/site-packages/airflow/example_dags/example_xcomargs.py
[2023-06-21T03:06:00.020+0000] {logging_mixin.py:149} INFO - [2023-06-21T03:06:00.020+0000] {dag.py:2726} INFO - Sync 2 DAGs
[2023-06-21T03:06:00.061+0000] {logging_mixin.py:149} INFO - [2023-06-21T03:06:00.061+0000] {dag.py:3490} INFO - Setting next_dagrun for example_xcom_args to None, run_after=None
[2023-06-21T03:06:00.070+0000] {logging_mixin.py:149} INFO - [2023-06-21T03:06:00.070+0000] {dag.py:3490} INFO - Setting next_dagrun for example_xcom_args_with_operators to None, run_after=None
[2023-06-21T03:06:00.107+0000] {processor.py:179} INFO - Processing /home/airflow/.local/lib/python3.7/site-packages/airflow/example_dags/example_xcomargs.py took 0.206 seconds
[2023-06-21T03:06:30.938+0000] {processor.py:157} INFO - Started process (PID=590) to work on /home/airflow/.local/lib/python3.7/site-packages/airflow/example_dags/example_xcomargs.py
[2023-06-21T03:06:30.946+0000] {processor.py:826} INFO - Processing file /home/airflow/.local/lib/python3.7/site-packages/airflow/example_dags/example_xcomargs.py for tasks to queue
[2023-06-21T03:06:30.954+0000] {logging_mixin.py:149} INFO - [2023-06-21T03:06:30.953+0000] {dagbag.py:541} INFO - Filling up the DagBag from /home/airflow/.local/lib/python3.7/site-packages/airflow/example_dags/example_xcomargs.py
[2023-06-21T03:06:30.995+0000] {processor.py:836} INFO - DAG(s) dict_keys(['example_xcom_args_with_operators', 'example_xcom_args']) retrieved from /home/airflow/.local/lib/python3.7/site-packages/airflow/example_dags/example_xcomargs.py
[2023-06-21T03:06:31.148+0000] {logging_mixin.py:149} INFO - [2023-06-21T03:06:31.148+0000] {dag.py:2726} INFO - Sync 2 DAGs
[2023-06-21T03:06:31.235+0000] {logging_mixin.py:149} INFO - [2023-06-21T03:06:31.235+0000] {dag.py:3490} INFO - Setting next_dagrun for example_xcom_args to None, run_after=None
[2023-06-21T03:06:31.249+0000] {logging_mixin.py:149} INFO - [2023-06-21T03:06:31.249+0000] {dag.py:3490} INFO - Setting next_dagrun for example_xcom_args_with_operators to None, run_after=None
[2023-06-21T03:06:31.303+0000] {processor.py:179} INFO - Processing /home/airflow/.local/lib/python3.7/site-packages/airflow/example_dags/example_xcomargs.py took 0.375 seconds
[2023-06-21T03:07:01.424+0000] {processor.py:157} INFO - Started process (PID=648) to work on /home/airflow/.local/lib/python3.7/site-packages/airflow/example_dags/example_xcomargs.py
[2023-06-21T03:07:01.428+0000] {processor.py:826} INFO - Processing file /home/airflow/.local/lib/python3.7/site-packages/airflow/example_dags/example_xcomargs.py for tasks to queue
[2023-06-21T03:07:01.432+0000] {logging_mixin.py:149} INFO - [2023-06-21T03:07:01.431+0000] {dagbag.py:541} INFO - Filling up the DagBag from /home/airflow/.local/lib/python3.7/site-packages/airflow/example_dags/example_xcomargs.py
[2023-06-21T03:07:01.452+0000] {processor.py:836} INFO - DAG(s) dict_keys(['example_xcom_args_with_operators', 'example_xcom_args']) retrieved from /home/airflow/.local/lib/python3.7/site-packages/airflow/example_dags/example_xcomargs.py
[2023-06-21T03:07:01.513+0000] {logging_mixin.py:149} INFO - [2023-06-21T03:07:01.513+0000] {dag.py:2726} INFO - Sync 2 DAGs
[2023-06-21T03:07:01.555+0000] {logging_mixin.py:149} INFO - [2023-06-21T03:07:01.555+0000] {dag.py:3490} INFO - Setting next_dagrun for example_xcom_args to None, run_after=None
[2023-06-21T03:07:01.563+0000] {logging_mixin.py:149} INFO - [2023-06-21T03:07:01.563+0000] {dag.py:3490} INFO - Setting next_dagrun for example_xcom_args_with_operators to None, run_after=None
[2023-06-21T03:07:01.633+0000] {processor.py:179} INFO - Processing /home/airflow/.local/lib/python3.7/site-packages/airflow/example_dags/example_xcomargs.py took 0.216 seconds
[2023-06-21T03:07:32.038+0000] {processor.py:157} INFO - Started process (PID=705) to work on /home/airflow/.local/lib/python3.7/site-packages/airflow/example_dags/example_xcomargs.py
[2023-06-21T03:07:32.048+0000] {processor.py:826} INFO - Processing file /home/airflow/.local/lib/python3.7/site-packages/airflow/example_dags/example_xcomargs.py for tasks to queue
[2023-06-21T03:07:32.057+0000] {logging_mixin.py:149} INFO - [2023-06-21T03:07:32.056+0000] {dagbag.py:541} INFO - Filling up the DagBag from /home/airflow/.local/lib/python3.7/site-packages/airflow/example_dags/example_xcomargs.py
[2023-06-21T03:07:32.086+0000] {processor.py:836} INFO - DAG(s) dict_keys(['example_xcom_args', 'example_xcom_args_with_operators']) retrieved from /home/airflow/.local/lib/python3.7/site-packages/airflow/example_dags/example_xcomargs.py
[2023-06-21T03:07:32.153+0000] {logging_mixin.py:149} INFO - [2023-06-21T03:07:32.153+0000] {dag.py:2726} INFO - Sync 2 DAGs
[2023-06-21T03:07:32.213+0000] {logging_mixin.py:149} INFO - [2023-06-21T03:07:32.213+0000] {dag.py:3490} INFO - Setting next_dagrun for example_xcom_args to None, run_after=None
[2023-06-21T03:07:32.221+0000] {logging_mixin.py:149} INFO - [2023-06-21T03:07:32.220+0000] {dag.py:3490} INFO - Setting next_dagrun for example_xcom_args_with_operators to None, run_after=None
[2023-06-21T03:07:32.260+0000] {processor.py:179} INFO - Processing /home/airflow/.local/lib/python3.7/site-packages/airflow/example_dags/example_xcomargs.py took 0.238 seconds
[2023-06-21T03:08:02.907+0000] {processor.py:157} INFO - Started process (PID=762) to work on /home/airflow/.local/lib/python3.7/site-packages/airflow/example_dags/example_xcomargs.py
[2023-06-21T03:08:02.910+0000] {processor.py:826} INFO - Processing file /home/airflow/.local/lib/python3.7/site-packages/airflow/example_dags/example_xcomargs.py for tasks to queue
[2023-06-21T03:08:02.914+0000] {logging_mixin.py:149} INFO - [2023-06-21T03:08:02.914+0000] {dagbag.py:541} INFO - Filling up the DagBag from /home/airflow/.local/lib/python3.7/site-packages/airflow/example_dags/example_xcomargs.py
[2023-06-21T03:08:02.940+0000] {processor.py:836} INFO - DAG(s) dict_keys(['example_xcom_args_with_operators', 'example_xcom_args']) retrieved from /home/airflow/.local/lib/python3.7/site-packages/airflow/example_dags/example_xcomargs.py
[2023-06-21T03:08:03.021+0000] {logging_mixin.py:149} INFO - [2023-06-21T03:08:03.020+0000] {dag.py:2726} INFO - Sync 2 DAGs
[2023-06-21T03:08:03.123+0000] {logging_mixin.py:149} INFO - [2023-06-21T03:08:03.122+0000] {dag.py:3490} INFO - Setting next_dagrun for example_xcom_args to None, run_after=None
[2023-06-21T03:08:03.133+0000] {logging_mixin.py:149} INFO - [2023-06-21T03:08:03.131+0000] {dag.py:3490} INFO - Setting next_dagrun for example_xcom_args_with_operators to None, run_after=None
[2023-06-21T03:08:03.205+0000] {processor.py:179} INFO - Processing /home/airflow/.local/lib/python3.7/site-packages/airflow/example_dags/example_xcomargs.py took 0.304 seconds
[2023-06-21T03:08:33.346+0000] {processor.py:157} INFO - Started process (PID=819) to work on /home/airflow/.local/lib/python3.7/site-packages/airflow/example_dags/example_xcomargs.py
[2023-06-21T03:08:33.350+0000] {processor.py:826} INFO - Processing file /home/airflow/.local/lib/python3.7/site-packages/airflow/example_dags/example_xcomargs.py for tasks to queue
[2023-06-21T03:08:33.355+0000] {logging_mixin.py:149} INFO - [2023-06-21T03:08:33.355+0000] {dagbag.py:541} INFO - Filling up the DagBag from /home/airflow/.local/lib/python3.7/site-packages/airflow/example_dags/example_xcomargs.py
[2023-06-21T03:08:33.388+0000] {processor.py:836} INFO - DAG(s) dict_keys(['example_xcom_args_with_operators', 'example_xcom_args']) retrieved from /home/airflow/.local/lib/python3.7/site-packages/airflow/example_dags/example_xcomargs.py
[2023-06-21T03:08:33.574+0000] {logging_mixin.py:149} INFO - [2023-06-21T03:08:33.573+0000] {dag.py:2726} INFO - Sync 2 DAGs
[2023-06-21T03:08:33.667+0000] {logging_mixin.py:149} INFO - [2023-06-21T03:08:33.667+0000] {dag.py:3490} INFO - Setting next_dagrun for example_xcom_args to None, run_after=None
[2023-06-21T03:08:33.680+0000] {logging_mixin.py:149} INFO - [2023-06-21T03:08:33.680+0000] {dag.py:3490} INFO - Setting next_dagrun for example_xcom_args_with_operators to None, run_after=None
[2023-06-21T03:08:33.721+0000] {processor.py:179} INFO - Processing /home/airflow/.local/lib/python3.7/site-packages/airflow/example_dags/example_xcomargs.py took 0.390 seconds
[2023-06-21T03:09:04.594+0000] {processor.py:157} INFO - Started process (PID=877) to work on /home/airflow/.local/lib/python3.7/site-packages/airflow/example_dags/example_xcomargs.py
[2023-06-21T03:09:04.597+0000] {processor.py:826} INFO - Processing file /home/airflow/.local/lib/python3.7/site-packages/airflow/example_dags/example_xcomargs.py for tasks to queue
[2023-06-21T03:09:04.599+0000] {logging_mixin.py:149} INFO - [2023-06-21T03:09:04.599+0000] {dagbag.py:541} INFO - Filling up the DagBag from /home/airflow/.local/lib/python3.7/site-packages/airflow/example_dags/example_xcomargs.py
[2023-06-21T03:09:04.614+0000] {processor.py:836} INFO - DAG(s) dict_keys(['example_xcom_args_with_operators', 'example_xcom_args']) retrieved from /home/airflow/.local/lib/python3.7/site-packages/airflow/example_dags/example_xcomargs.py
[2023-06-21T03:09:04.670+0000] {logging_mixin.py:149} INFO - [2023-06-21T03:09:04.670+0000] {dag.py:2726} INFO - Sync 2 DAGs
[2023-06-21T03:09:04.715+0000] {logging_mixin.py:149} INFO - [2023-06-21T03:09:04.714+0000] {dag.py:3490} INFO - Setting next_dagrun for example_xcom_args to None, run_after=None
[2023-06-21T03:09:04.724+0000] {logging_mixin.py:149} INFO - [2023-06-21T03:09:04.724+0000] {dag.py:3490} INFO - Setting next_dagrun for example_xcom_args_with_operators to None, run_after=None
[2023-06-21T03:09:04.758+0000] {processor.py:179} INFO - Processing /home/airflow/.local/lib/python3.7/site-packages/airflow/example_dags/example_xcomargs.py took 0.171 seconds
[2023-06-21T03:09:34.904+0000] {processor.py:157} INFO - Started process (PID=934) to work on /home/airflow/.local/lib/python3.7/site-packages/airflow/example_dags/example_xcomargs.py
[2023-06-21T03:09:34.907+0000] {processor.py:826} INFO - Processing file /home/airflow/.local/lib/python3.7/site-packages/airflow/example_dags/example_xcomargs.py for tasks to queue
[2023-06-21T03:09:34.908+0000] {logging_mixin.py:149} INFO - [2023-06-21T03:09:34.908+0000] {dagbag.py:541} INFO - Filling up the DagBag from /home/airflow/.local/lib/python3.7/site-packages/airflow/example_dags/example_xcomargs.py
[2023-06-21T03:09:34.924+0000] {processor.py:836} INFO - DAG(s) dict_keys(['example_xcom_args_with_operators', 'example_xcom_args']) retrieved from /home/airflow/.local/lib/python3.7/site-packages/airflow/example_dags/example_xcomargs.py
[2023-06-21T03:09:34.999+0000] {logging_mixin.py:149} INFO - [2023-06-21T03:09:34.998+0000] {dag.py:2726} INFO - Sync 2 DAGs
[2023-06-21T03:09:35.082+0000] {logging_mixin.py:149} INFO - [2023-06-21T03:09:35.082+0000] {dag.py:3490} INFO - Setting next_dagrun for example_xcom_args to None, run_after=None
[2023-06-21T03:09:35.096+0000] {logging_mixin.py:149} INFO - [2023-06-21T03:09:35.096+0000] {dag.py:3490} INFO - Setting next_dagrun for example_xcom_args_with_operators to None, run_after=None
[2023-06-21T03:09:35.131+0000] {processor.py:179} INFO - Processing /home/airflow/.local/lib/python3.7/site-packages/airflow/example_dags/example_xcomargs.py took 0.233 seconds
