[2023-06-21T02:52:30.653+0000] {processor.py:157} INFO - Started process (PID=61) to work on /home/airflow/.local/lib/python3.7/site-packages/airflow/example_dags/example_external_task_marker_dag.py
[2023-06-21T02:52:30.657+0000] {processor.py:826} INFO - Processing file /home/airflow/.local/lib/python3.7/site-packages/airflow/example_dags/example_external_task_marker_dag.py for tasks to queue
[2023-06-21T02:52:30.669+0000] {logging_mixin.py:149} INFO - [2023-06-21T02:52:30.668+0000] {dagbag.py:541} INFO - Filling up the DagBag from /home/airflow/.local/lib/python3.7/site-packages/airflow/example_dags/example_external_task_marker_dag.py
[2023-06-21T02:52:30.726+0000] {processor.py:836} INFO - DAG(s) dict_keys(['example_external_task_marker_child', 'example_external_task_marker_parent']) retrieved from /home/airflow/.local/lib/python3.7/site-packages/airflow/example_dags/example_external_task_marker_dag.py
[2023-06-21T02:52:31.256+0000] {logging_mixin.py:149} INFO - [2023-06-21T02:52:31.255+0000] {dag.py:2726} INFO - Sync 2 DAGs
[2023-06-21T02:52:31.850+0000] {logging_mixin.py:149} INFO - [2023-06-21T02:52:31.849+0000] {dag.py:3490} INFO - Setting next_dagrun for example_external_task_marker_child to None, run_after=None
[2023-06-21T02:52:31.952+0000] {logging_mixin.py:149} INFO - [2023-06-21T02:52:31.919+0000] {dag.py:3490} INFO - Setting next_dagrun for example_external_task_marker_parent to None, run_after=None
[2023-06-21T02:52:32.349+0000] {processor.py:179} INFO - Processing /home/airflow/.local/lib/python3.7/site-packages/airflow/example_dags/example_external_task_marker_dag.py took 1.731 seconds
[2023-06-21T02:53:15.761+0000] {processor.py:157} INFO - Started process (PID=125) to work on /home/airflow/.local/lib/python3.7/site-packages/airflow/example_dags/example_external_task_marker_dag.py
[2023-06-21T02:53:15.767+0000] {processor.py:826} INFO - Processing file /home/airflow/.local/lib/python3.7/site-packages/airflow/example_dags/example_external_task_marker_dag.py for tasks to queue
[2023-06-21T02:53:15.772+0000] {logging_mixin.py:149} INFO - [2023-06-21T02:53:15.771+0000] {dagbag.py:541} INFO - Filling up the DagBag from /home/airflow/.local/lib/python3.7/site-packages/airflow/example_dags/example_external_task_marker_dag.py
[2023-06-21T02:53:15.788+0000] {processor.py:836} INFO - DAG(s) dict_keys(['example_external_task_marker_child', 'example_external_task_marker_parent']) retrieved from /home/airflow/.local/lib/python3.7/site-packages/airflow/example_dags/example_external_task_marker_dag.py
[2023-06-21T02:53:15.910+0000] {logging_mixin.py:149} INFO - [2023-06-21T02:53:15.910+0000] {dag.py:2726} INFO - Sync 2 DAGs
[2023-06-21T02:53:16.064+0000] {logging_mixin.py:149} INFO - [2023-06-21T02:53:16.064+0000] {dag.py:3490} INFO - Setting next_dagrun for example_external_task_marker_child to None, run_after=None
[2023-06-21T02:53:16.081+0000] {logging_mixin.py:149} INFO - [2023-06-21T02:53:16.081+0000] {dag.py:3490} INFO - Setting next_dagrun for example_external_task_marker_parent to None, run_after=None
[2023-06-21T02:53:16.137+0000] {processor.py:179} INFO - Processing /home/airflow/.local/lib/python3.7/site-packages/airflow/example_dags/example_external_task_marker_dag.py took 0.387 seconds
[2023-06-21T02:53:46.992+0000] {processor.py:157} INFO - Started process (PID=182) to work on /home/airflow/.local/lib/python3.7/site-packages/airflow/example_dags/example_external_task_marker_dag.py
[2023-06-21T02:53:46.994+0000] {processor.py:826} INFO - Processing file /home/airflow/.local/lib/python3.7/site-packages/airflow/example_dags/example_external_task_marker_dag.py for tasks to queue
[2023-06-21T02:53:46.996+0000] {logging_mixin.py:149} INFO - [2023-06-21T02:53:46.996+0000] {dagbag.py:541} INFO - Filling up the DagBag from /home/airflow/.local/lib/python3.7/site-packages/airflow/example_dags/example_external_task_marker_dag.py
[2023-06-21T02:53:47.009+0000] {processor.py:836} INFO - DAG(s) dict_keys(['example_external_task_marker_child', 'example_external_task_marker_parent']) retrieved from /home/airflow/.local/lib/python3.7/site-packages/airflow/example_dags/example_external_task_marker_dag.py
[2023-06-21T02:53:47.060+0000] {logging_mixin.py:149} INFO - [2023-06-21T02:53:47.060+0000] {dag.py:2726} INFO - Sync 2 DAGs
[2023-06-21T02:53:47.101+0000] {logging_mixin.py:149} INFO - [2023-06-21T02:53:47.101+0000] {dag.py:3490} INFO - Setting next_dagrun for example_external_task_marker_child to None, run_after=None
[2023-06-21T02:53:47.109+0000] {logging_mixin.py:149} INFO - [2023-06-21T02:53:47.109+0000] {dag.py:3490} INFO - Setting next_dagrun for example_external_task_marker_parent to None, run_after=None
[2023-06-21T02:53:47.144+0000] {processor.py:179} INFO - Processing /home/airflow/.local/lib/python3.7/site-packages/airflow/example_dags/example_external_task_marker_dag.py took 0.159 seconds
[2023-06-21T02:54:17.460+0000] {processor.py:157} INFO - Started process (PID=238) to work on /home/airflow/.local/lib/python3.7/site-packages/airflow/example_dags/example_external_task_marker_dag.py
[2023-06-21T02:54:17.463+0000] {processor.py:826} INFO - Processing file /home/airflow/.local/lib/python3.7/site-packages/airflow/example_dags/example_external_task_marker_dag.py for tasks to queue
[2023-06-21T02:54:17.466+0000] {logging_mixin.py:149} INFO - [2023-06-21T02:54:17.465+0000] {dagbag.py:541} INFO - Filling up the DagBag from /home/airflow/.local/lib/python3.7/site-packages/airflow/example_dags/example_external_task_marker_dag.py
[2023-06-21T02:54:17.479+0000] {processor.py:836} INFO - DAG(s) dict_keys(['example_external_task_marker_parent', 'example_external_task_marker_child']) retrieved from /home/airflow/.local/lib/python3.7/site-packages/airflow/example_dags/example_external_task_marker_dag.py
[2023-06-21T02:54:17.542+0000] {logging_mixin.py:149} INFO - [2023-06-21T02:54:17.541+0000] {dag.py:2726} INFO - Sync 2 DAGs
[2023-06-21T02:54:17.591+0000] {logging_mixin.py:149} INFO - [2023-06-21T02:54:17.591+0000] {dag.py:3490} INFO - Setting next_dagrun for example_external_task_marker_child to None, run_after=None
[2023-06-21T02:54:17.597+0000] {logging_mixin.py:149} INFO - [2023-06-21T02:54:17.597+0000] {dag.py:3490} INFO - Setting next_dagrun for example_external_task_marker_parent to None, run_after=None
[2023-06-21T02:54:17.625+0000] {processor.py:179} INFO - Processing /home/airflow/.local/lib/python3.7/site-packages/airflow/example_dags/example_external_task_marker_dag.py took 0.175 seconds
[2023-06-21T02:54:48.136+0000] {processor.py:157} INFO - Started process (PID=295) to work on /home/airflow/.local/lib/python3.7/site-packages/airflow/example_dags/example_external_task_marker_dag.py
[2023-06-21T02:54:48.138+0000] {processor.py:826} INFO - Processing file /home/airflow/.local/lib/python3.7/site-packages/airflow/example_dags/example_external_task_marker_dag.py for tasks to queue
[2023-06-21T02:54:48.141+0000] {logging_mixin.py:149} INFO - [2023-06-21T02:54:48.141+0000] {dagbag.py:541} INFO - Filling up the DagBag from /home/airflow/.local/lib/python3.7/site-packages/airflow/example_dags/example_external_task_marker_dag.py
[2023-06-21T02:54:48.152+0000] {processor.py:836} INFO - DAG(s) dict_keys(['example_external_task_marker_parent', 'example_external_task_marker_child']) retrieved from /home/airflow/.local/lib/python3.7/site-packages/airflow/example_dags/example_external_task_marker_dag.py
[2023-06-21T02:54:48.214+0000] {logging_mixin.py:149} INFO - [2023-06-21T02:54:48.214+0000] {dag.py:2726} INFO - Sync 2 DAGs
[2023-06-21T02:54:48.262+0000] {logging_mixin.py:149} INFO - [2023-06-21T02:54:48.262+0000] {dag.py:3490} INFO - Setting next_dagrun for example_external_task_marker_child to None, run_after=None
[2023-06-21T02:54:48.269+0000] {logging_mixin.py:149} INFO - [2023-06-21T02:54:48.269+0000] {dag.py:3490} INFO - Setting next_dagrun for example_external_task_marker_parent to None, run_after=None
[2023-06-21T02:54:48.307+0000] {processor.py:179} INFO - Processing /home/airflow/.local/lib/python3.7/site-packages/airflow/example_dags/example_external_task_marker_dag.py took 0.186 seconds
[2023-06-21T02:55:18.939+0000] {processor.py:157} INFO - Started process (PID=351) to work on /home/airflow/.local/lib/python3.7/site-packages/airflow/example_dags/example_external_task_marker_dag.py
[2023-06-21T02:55:18.956+0000] {processor.py:826} INFO - Processing file /home/airflow/.local/lib/python3.7/site-packages/airflow/example_dags/example_external_task_marker_dag.py for tasks to queue
[2023-06-21T02:55:18.958+0000] {logging_mixin.py:149} INFO - [2023-06-21T02:55:18.958+0000] {dagbag.py:541} INFO - Filling up the DagBag from /home/airflow/.local/lib/python3.7/site-packages/airflow/example_dags/example_external_task_marker_dag.py
[2023-06-21T02:55:18.982+0000] {processor.py:836} INFO - DAG(s) dict_keys(['example_external_task_marker_parent', 'example_external_task_marker_child']) retrieved from /home/airflow/.local/lib/python3.7/site-packages/airflow/example_dags/example_external_task_marker_dag.py
[2023-06-21T02:55:19.152+0000] {logging_mixin.py:149} INFO - [2023-06-21T02:55:19.151+0000] {dag.py:2726} INFO - Sync 2 DAGs
[2023-06-21T02:55:19.439+0000] {logging_mixin.py:149} INFO - [2023-06-21T02:55:19.439+0000] {dag.py:3490} INFO - Setting next_dagrun for example_external_task_marker_child to None, run_after=None
[2023-06-21T02:55:19.466+0000] {logging_mixin.py:149} INFO - [2023-06-21T02:55:19.466+0000] {dag.py:3490} INFO - Setting next_dagrun for example_external_task_marker_parent to None, run_after=None
[2023-06-21T02:55:19.761+0000] {processor.py:179} INFO - Processing /home/airflow/.local/lib/python3.7/site-packages/airflow/example_dags/example_external_task_marker_dag.py took 0.840 seconds
[2023-06-21T02:55:49.880+0000] {processor.py:157} INFO - Started process (PID=405) to work on /home/airflow/.local/lib/python3.7/site-packages/airflow/example_dags/example_external_task_marker_dag.py
[2023-06-21T02:55:49.884+0000] {processor.py:826} INFO - Processing file /home/airflow/.local/lib/python3.7/site-packages/airflow/example_dags/example_external_task_marker_dag.py for tasks to queue
[2023-06-21T02:55:49.886+0000] {logging_mixin.py:149} INFO - [2023-06-21T02:55:49.885+0000] {dagbag.py:541} INFO - Filling up the DagBag from /home/airflow/.local/lib/python3.7/site-packages/airflow/example_dags/example_external_task_marker_dag.py
[2023-06-21T02:55:49.896+0000] {processor.py:836} INFO - DAG(s) dict_keys(['example_external_task_marker_parent', 'example_external_task_marker_child']) retrieved from /home/airflow/.local/lib/python3.7/site-packages/airflow/example_dags/example_external_task_marker_dag.py
[2023-06-21T02:55:49.943+0000] {logging_mixin.py:149} INFO - [2023-06-21T02:55:49.943+0000] {dag.py:2726} INFO - Sync 2 DAGs
[2023-06-21T02:55:49.982+0000] {logging_mixin.py:149} INFO - [2023-06-21T02:55:49.982+0000] {dag.py:3490} INFO - Setting next_dagrun for example_external_task_marker_child to None, run_after=None
[2023-06-21T02:55:49.988+0000] {logging_mixin.py:149} INFO - [2023-06-21T02:55:49.988+0000] {dag.py:3490} INFO - Setting next_dagrun for example_external_task_marker_parent to None, run_after=None
[2023-06-21T02:55:50.017+0000] {processor.py:179} INFO - Processing /home/airflow/.local/lib/python3.7/site-packages/airflow/example_dags/example_external_task_marker_dag.py took 0.142 seconds
[2023-06-21T02:56:21.967+0000] {processor.py:157} INFO - Started process (PID=462) to work on /home/airflow/.local/lib/python3.7/site-packages/airflow/example_dags/example_external_task_marker_dag.py
[2023-06-21T02:56:22.035+0000] {processor.py:826} INFO - Processing file /home/airflow/.local/lib/python3.7/site-packages/airflow/example_dags/example_external_task_marker_dag.py for tasks to queue
[2023-06-21T02:56:22.131+0000] {logging_mixin.py:149} INFO - [2023-06-21T02:56:22.114+0000] {dagbag.py:541} INFO - Filling up the DagBag from /home/airflow/.local/lib/python3.7/site-packages/airflow/example_dags/example_external_task_marker_dag.py
[2023-06-21T02:56:22.583+0000] {processor.py:836} INFO - DAG(s) dict_keys(['example_external_task_marker_parent', 'example_external_task_marker_child']) retrieved from /home/airflow/.local/lib/python3.7/site-packages/airflow/example_dags/example_external_task_marker_dag.py
[2023-06-21T02:56:25.187+0000] {logging_mixin.py:149} INFO - [2023-06-21T02:56:25.170+0000] {dag.py:2726} INFO - Sync 2 DAGs
[2023-06-21T03:05:23.812+0000] {logging_mixin.py:149} INFO - [2023-06-21T03:05:23.811+0000] {dag.py:3490} INFO - Setting next_dagrun for example_external_task_marker_child to None, run_after=None
[2023-06-21T03:05:23.673+0000] {logging_mixin.py:149} INFO - [2023-06-21T03:05:23.673+0000] {dag.py:3490} INFO - Setting next_dagrun for example_external_task_marker_parent to None, run_after=None
[2023-06-21T03:05:24.487+0000] {processor.py:179} INFO - Processing /home/airflow/.local/lib/python3.7/site-packages/airflow/example_dags/example_external_task_marker_dag.py took 544.256 seconds
[2023-06-21T03:05:31.829+0000] {processor.py:157} INFO - Started process (PID=487) to work on /home/airflow/.local/lib/python3.7/site-packages/airflow/example_dags/example_external_task_marker_dag.py
[2023-06-21T03:05:31.832+0000] {processor.py:826} INFO - Processing file /home/airflow/.local/lib/python3.7/site-packages/airflow/example_dags/example_external_task_marker_dag.py for tasks to queue
[2023-06-21T03:05:31.836+0000] {logging_mixin.py:149} INFO - [2023-06-21T03:05:31.836+0000] {dagbag.py:541} INFO - Filling up the DagBag from /home/airflow/.local/lib/python3.7/site-packages/airflow/example_dags/example_external_task_marker_dag.py
[2023-06-21T03:05:31.854+0000] {processor.py:836} INFO - DAG(s) dict_keys(['example_external_task_marker_parent', 'example_external_task_marker_child']) retrieved from /home/airflow/.local/lib/python3.7/site-packages/airflow/example_dags/example_external_task_marker_dag.py
[2023-06-21T03:05:31.960+0000] {logging_mixin.py:149} INFO - [2023-06-21T03:05:31.959+0000] {dag.py:2726} INFO - Sync 2 DAGs
[2023-06-21T03:05:32.042+0000] {logging_mixin.py:149} INFO - [2023-06-21T03:05:32.041+0000] {dag.py:3490} INFO - Setting next_dagrun for example_external_task_marker_child to None, run_after=None
[2023-06-21T03:05:32.075+0000] {logging_mixin.py:149} INFO - [2023-06-21T03:05:32.074+0000] {dag.py:3490} INFO - Setting next_dagrun for example_external_task_marker_parent to None, run_after=None
[2023-06-21T03:05:32.171+0000] {processor.py:179} INFO - Processing /home/airflow/.local/lib/python3.7/site-packages/airflow/example_dags/example_external_task_marker_dag.py took 0.352 seconds
[2023-06-21T03:06:03.477+0000] {processor.py:157} INFO - Started process (PID=543) to work on /home/airflow/.local/lib/python3.7/site-packages/airflow/example_dags/example_external_task_marker_dag.py
[2023-06-21T03:06:03.497+0000] {processor.py:826} INFO - Processing file /home/airflow/.local/lib/python3.7/site-packages/airflow/example_dags/example_external_task_marker_dag.py for tasks to queue
[2023-06-21T03:06:03.520+0000] {logging_mixin.py:149} INFO - [2023-06-21T03:06:03.520+0000] {dagbag.py:541} INFO - Filling up the DagBag from /home/airflow/.local/lib/python3.7/site-packages/airflow/example_dags/example_external_task_marker_dag.py
[2023-06-21T03:06:03.538+0000] {processor.py:836} INFO - DAG(s) dict_keys(['example_external_task_marker_parent', 'example_external_task_marker_child']) retrieved from /home/airflow/.local/lib/python3.7/site-packages/airflow/example_dags/example_external_task_marker_dag.py
[2023-06-21T03:06:03.610+0000] {logging_mixin.py:149} INFO - [2023-06-21T03:06:03.609+0000] {dag.py:2726} INFO - Sync 2 DAGs
[2023-06-21T03:06:03.651+0000] {logging_mixin.py:149} INFO - [2023-06-21T03:06:03.651+0000] {dag.py:3490} INFO - Setting next_dagrun for example_external_task_marker_child to None, run_after=None
[2023-06-21T03:06:03.657+0000] {logging_mixin.py:149} INFO - [2023-06-21T03:06:03.657+0000] {dag.py:3490} INFO - Setting next_dagrun for example_external_task_marker_parent to None, run_after=None
[2023-06-21T03:06:03.688+0000] {processor.py:179} INFO - Processing /home/airflow/.local/lib/python3.7/site-packages/airflow/example_dags/example_external_task_marker_dag.py took 0.221 seconds
[2023-06-21T03:06:34.460+0000] {processor.py:157} INFO - Started process (PID=600) to work on /home/airflow/.local/lib/python3.7/site-packages/airflow/example_dags/example_external_task_marker_dag.py
[2023-06-21T03:06:34.466+0000] {processor.py:826} INFO - Processing file /home/airflow/.local/lib/python3.7/site-packages/airflow/example_dags/example_external_task_marker_dag.py for tasks to queue
[2023-06-21T03:06:34.471+0000] {logging_mixin.py:149} INFO - [2023-06-21T03:06:34.471+0000] {dagbag.py:541} INFO - Filling up the DagBag from /home/airflow/.local/lib/python3.7/site-packages/airflow/example_dags/example_external_task_marker_dag.py
[2023-06-21T03:06:34.494+0000] {processor.py:836} INFO - DAG(s) dict_keys(['example_external_task_marker_parent', 'example_external_task_marker_child']) retrieved from /home/airflow/.local/lib/python3.7/site-packages/airflow/example_dags/example_external_task_marker_dag.py
[2023-06-21T03:06:34.579+0000] {logging_mixin.py:149} INFO - [2023-06-21T03:06:34.579+0000] {dag.py:2726} INFO - Sync 2 DAGs
[2023-06-21T03:06:34.646+0000] {logging_mixin.py:149} INFO - [2023-06-21T03:06:34.645+0000] {dag.py:3490} INFO - Setting next_dagrun for example_external_task_marker_child to None, run_after=None
[2023-06-21T03:06:34.660+0000] {logging_mixin.py:149} INFO - [2023-06-21T03:06:34.659+0000] {dag.py:3490} INFO - Setting next_dagrun for example_external_task_marker_parent to None, run_after=None
[2023-06-21T03:06:34.712+0000] {processor.py:179} INFO - Processing /home/airflow/.local/lib/python3.7/site-packages/airflow/example_dags/example_external_task_marker_dag.py took 0.265 seconds
[2023-06-21T03:07:05.128+0000] {processor.py:157} INFO - Started process (PID=658) to work on /home/airflow/.local/lib/python3.7/site-packages/airflow/example_dags/example_external_task_marker_dag.py
[2023-06-21T03:07:05.132+0000] {processor.py:826} INFO - Processing file /home/airflow/.local/lib/python3.7/site-packages/airflow/example_dags/example_external_task_marker_dag.py for tasks to queue
[2023-06-21T03:07:05.136+0000] {logging_mixin.py:149} INFO - [2023-06-21T03:07:05.136+0000] {dagbag.py:541} INFO - Filling up the DagBag from /home/airflow/.local/lib/python3.7/site-packages/airflow/example_dags/example_external_task_marker_dag.py
[2023-06-21T03:07:05.156+0000] {processor.py:836} INFO - DAG(s) dict_keys(['example_external_task_marker_parent', 'example_external_task_marker_child']) retrieved from /home/airflow/.local/lib/python3.7/site-packages/airflow/example_dags/example_external_task_marker_dag.py
[2023-06-21T03:07:05.240+0000] {logging_mixin.py:149} INFO - [2023-06-21T03:07:05.239+0000] {dag.py:2726} INFO - Sync 2 DAGs
[2023-06-21T03:07:05.364+0000] {logging_mixin.py:149} INFO - [2023-06-21T03:07:05.363+0000] {dag.py:3490} INFO - Setting next_dagrun for example_external_task_marker_child to None, run_after=None
[2023-06-21T03:07:05.374+0000] {logging_mixin.py:149} INFO - [2023-06-21T03:07:05.373+0000] {dag.py:3490} INFO - Setting next_dagrun for example_external_task_marker_parent to None, run_after=None
[2023-06-21T03:07:05.424+0000] {processor.py:179} INFO - Processing /home/airflow/.local/lib/python3.7/site-packages/airflow/example_dags/example_external_task_marker_dag.py took 0.306 seconds
[2023-06-21T03:07:36.388+0000] {processor.py:157} INFO - Started process (PID=715) to work on /home/airflow/.local/lib/python3.7/site-packages/airflow/example_dags/example_external_task_marker_dag.py
[2023-06-21T03:07:36.393+0000] {processor.py:826} INFO - Processing file /home/airflow/.local/lib/python3.7/site-packages/airflow/example_dags/example_external_task_marker_dag.py for tasks to queue
[2023-06-21T03:07:36.395+0000] {logging_mixin.py:149} INFO - [2023-06-21T03:07:36.395+0000] {dagbag.py:541} INFO - Filling up the DagBag from /home/airflow/.local/lib/python3.7/site-packages/airflow/example_dags/example_external_task_marker_dag.py
[2023-06-21T03:07:36.410+0000] {processor.py:836} INFO - DAG(s) dict_keys(['example_external_task_marker_child', 'example_external_task_marker_parent']) retrieved from /home/airflow/.local/lib/python3.7/site-packages/airflow/example_dags/example_external_task_marker_dag.py
[2023-06-21T03:07:36.483+0000] {logging_mixin.py:149} INFO - [2023-06-21T03:07:36.482+0000] {dag.py:2726} INFO - Sync 2 DAGs
[2023-06-21T03:07:36.535+0000] {logging_mixin.py:149} INFO - [2023-06-21T03:07:36.535+0000] {dag.py:3490} INFO - Setting next_dagrun for example_external_task_marker_child to None, run_after=None
[2023-06-21T03:07:36.545+0000] {logging_mixin.py:149} INFO - [2023-06-21T03:07:36.544+0000] {dag.py:3490} INFO - Setting next_dagrun for example_external_task_marker_parent to None, run_after=None
[2023-06-21T03:07:36.588+0000] {processor.py:179} INFO - Processing /home/airflow/.local/lib/python3.7/site-packages/airflow/example_dags/example_external_task_marker_dag.py took 0.210 seconds
[2023-06-21T03:08:07.341+0000] {processor.py:157} INFO - Started process (PID=772) to work on /home/airflow/.local/lib/python3.7/site-packages/airflow/example_dags/example_external_task_marker_dag.py
[2023-06-21T03:08:07.345+0000] {processor.py:826} INFO - Processing file /home/airflow/.local/lib/python3.7/site-packages/airflow/example_dags/example_external_task_marker_dag.py for tasks to queue
[2023-06-21T03:08:07.348+0000] {logging_mixin.py:149} INFO - [2023-06-21T03:08:07.348+0000] {dagbag.py:541} INFO - Filling up the DagBag from /home/airflow/.local/lib/python3.7/site-packages/airflow/example_dags/example_external_task_marker_dag.py
[2023-06-21T03:08:07.361+0000] {processor.py:836} INFO - DAG(s) dict_keys(['example_external_task_marker_parent', 'example_external_task_marker_child']) retrieved from /home/airflow/.local/lib/python3.7/site-packages/airflow/example_dags/example_external_task_marker_dag.py
[2023-06-21T03:08:07.428+0000] {logging_mixin.py:149} INFO - [2023-06-21T03:08:07.428+0000] {dag.py:2726} INFO - Sync 2 DAGs
[2023-06-21T03:08:07.472+0000] {logging_mixin.py:149} INFO - [2023-06-21T03:08:07.471+0000] {dag.py:3490} INFO - Setting next_dagrun for example_external_task_marker_child to None, run_after=None
[2023-06-21T03:08:07.481+0000] {logging_mixin.py:149} INFO - [2023-06-21T03:08:07.481+0000] {dag.py:3490} INFO - Setting next_dagrun for example_external_task_marker_parent to None, run_after=None
[2023-06-21T03:08:07.526+0000] {processor.py:179} INFO - Processing /home/airflow/.local/lib/python3.7/site-packages/airflow/example_dags/example_external_task_marker_dag.py took 0.197 seconds
[2023-06-21T03:08:37.919+0000] {processor.py:157} INFO - Started process (PID=828) to work on /home/airflow/.local/lib/python3.7/site-packages/airflow/example_dags/example_external_task_marker_dag.py
[2023-06-21T03:08:37.923+0000] {processor.py:826} INFO - Processing file /home/airflow/.local/lib/python3.7/site-packages/airflow/example_dags/example_external_task_marker_dag.py for tasks to queue
[2023-06-21T03:08:37.927+0000] {logging_mixin.py:149} INFO - [2023-06-21T03:08:37.926+0000] {dagbag.py:541} INFO - Filling up the DagBag from /home/airflow/.local/lib/python3.7/site-packages/airflow/example_dags/example_external_task_marker_dag.py
[2023-06-21T03:08:37.944+0000] {processor.py:836} INFO - DAG(s) dict_keys(['example_external_task_marker_child', 'example_external_task_marker_parent']) retrieved from /home/airflow/.local/lib/python3.7/site-packages/airflow/example_dags/example_external_task_marker_dag.py
[2023-06-21T03:08:38.034+0000] {logging_mixin.py:149} INFO - [2023-06-21T03:08:38.034+0000] {dag.py:2726} INFO - Sync 2 DAGs
[2023-06-21T03:08:38.101+0000] {logging_mixin.py:149} INFO - [2023-06-21T03:08:38.101+0000] {dag.py:3490} INFO - Setting next_dagrun for example_external_task_marker_child to None, run_after=None
[2023-06-21T03:08:38.112+0000] {logging_mixin.py:149} INFO - [2023-06-21T03:08:38.111+0000] {dag.py:3490} INFO - Setting next_dagrun for example_external_task_marker_parent to None, run_after=None
[2023-06-21T03:08:38.156+0000] {processor.py:179} INFO - Processing /home/airflow/.local/lib/python3.7/site-packages/airflow/example_dags/example_external_task_marker_dag.py took 0.246 seconds
[2023-06-21T03:09:08.540+0000] {processor.py:157} INFO - Started process (PID=886) to work on /home/airflow/.local/lib/python3.7/site-packages/airflow/example_dags/example_external_task_marker_dag.py
[2023-06-21T03:09:08.545+0000] {processor.py:826} INFO - Processing file /home/airflow/.local/lib/python3.7/site-packages/airflow/example_dags/example_external_task_marker_dag.py for tasks to queue
[2023-06-21T03:09:08.548+0000] {logging_mixin.py:149} INFO - [2023-06-21T03:09:08.547+0000] {dagbag.py:541} INFO - Filling up the DagBag from /home/airflow/.local/lib/python3.7/site-packages/airflow/example_dags/example_external_task_marker_dag.py
[2023-06-21T03:09:08.562+0000] {processor.py:836} INFO - DAG(s) dict_keys(['example_external_task_marker_parent', 'example_external_task_marker_child']) retrieved from /home/airflow/.local/lib/python3.7/site-packages/airflow/example_dags/example_external_task_marker_dag.py
[2023-06-21T03:09:08.625+0000] {logging_mixin.py:149} INFO - [2023-06-21T03:09:08.625+0000] {dag.py:2726} INFO - Sync 2 DAGs
[2023-06-21T03:09:08.676+0000] {logging_mixin.py:149} INFO - [2023-06-21T03:09:08.675+0000] {dag.py:3490} INFO - Setting next_dagrun for example_external_task_marker_child to None, run_after=None
[2023-06-21T03:09:08.685+0000] {logging_mixin.py:149} INFO - [2023-06-21T03:09:08.685+0000] {dag.py:3490} INFO - Setting next_dagrun for example_external_task_marker_parent to None, run_after=None
[2023-06-21T03:09:08.725+0000] {processor.py:179} INFO - Processing /home/airflow/.local/lib/python3.7/site-packages/airflow/example_dags/example_external_task_marker_dag.py took 0.191 seconds
[2023-06-21T03:09:39.042+0000] {processor.py:157} INFO - Started process (PID=943) to work on /home/airflow/.local/lib/python3.7/site-packages/airflow/example_dags/example_external_task_marker_dag.py
[2023-06-21T03:09:39.045+0000] {processor.py:826} INFO - Processing file /home/airflow/.local/lib/python3.7/site-packages/airflow/example_dags/example_external_task_marker_dag.py for tasks to queue
[2023-06-21T03:09:39.048+0000] {logging_mixin.py:149} INFO - [2023-06-21T03:09:39.047+0000] {dagbag.py:541} INFO - Filling up the DagBag from /home/airflow/.local/lib/python3.7/site-packages/airflow/example_dags/example_external_task_marker_dag.py
[2023-06-21T03:09:39.061+0000] {processor.py:836} INFO - DAG(s) dict_keys(['example_external_task_marker_child', 'example_external_task_marker_parent']) retrieved from /home/airflow/.local/lib/python3.7/site-packages/airflow/example_dags/example_external_task_marker_dag.py
[2023-06-21T03:09:39.121+0000] {logging_mixin.py:149} INFO - [2023-06-21T03:09:39.120+0000] {dag.py:2726} INFO - Sync 2 DAGs
[2023-06-21T03:09:39.159+0000] {logging_mixin.py:149} INFO - [2023-06-21T03:09:39.158+0000] {dag.py:3490} INFO - Setting next_dagrun for example_external_task_marker_child to None, run_after=None
[2023-06-21T03:09:39.166+0000] {logging_mixin.py:149} INFO - [2023-06-21T03:09:39.165+0000] {dag.py:3490} INFO - Setting next_dagrun for example_external_task_marker_parent to None, run_after=None
[2023-06-21T03:09:39.202+0000] {processor.py:179} INFO - Processing /home/airflow/.local/lib/python3.7/site-packages/airflow/example_dags/example_external_task_marker_dag.py took 0.169 seconds
