[2023-06-21T02:52:37.090+0000] {processor.py:157} INFO - Started process (PID=64) to work on /home/airflow/.local/lib/python3.7/site-packages/airflow/example_dags/example_branch_day_of_week_operator.py
[2023-06-21T02:52:37.109+0000] {processor.py:826} INFO - Processing file /home/airflow/.local/lib/python3.7/site-packages/airflow/example_dags/example_branch_day_of_week_operator.py for tasks to queue
[2023-06-21T02:52:37.123+0000] {logging_mixin.py:149} INFO - [2023-06-21T02:52:37.122+0000] {dagbag.py:541} INFO - Filling up the DagBag from /home/airflow/.local/lib/python3.7/site-packages/airflow/example_dags/example_branch_day_of_week_operator.py
[2023-06-21T02:52:37.261+0000] {processor.py:836} INFO - DAG(s) dict_keys(['example_weekday_branch_operator']) retrieved from /home/airflow/.local/lib/python3.7/site-packages/airflow/example_dags/example_branch_day_of_week_operator.py
[2023-06-21T02:52:37.455+0000] {logging_mixin.py:149} INFO - [2023-06-21T02:52:37.454+0000] {dag.py:2726} INFO - Sync 1 DAGs
[2023-06-21T02:52:37.743+0000] {logging_mixin.py:149} INFO - [2023-06-21T02:52:37.743+0000] {dag.py:3490} INFO - Setting next_dagrun for example_weekday_branch_operator to 2023-06-20T00:00:00+00:00, run_after=2023-06-21T00:00:00+00:00
[2023-06-21T02:52:38.149+0000] {processor.py:179} INFO - Processing /home/airflow/.local/lib/python3.7/site-packages/airflow/example_dags/example_branch_day_of_week_operator.py took 1.072 seconds
[2023-06-21T02:53:16.479+0000] {processor.py:157} INFO - Started process (PID=128) to work on /home/airflow/.local/lib/python3.7/site-packages/airflow/example_dags/example_branch_day_of_week_operator.py
[2023-06-21T02:53:16.483+0000] {processor.py:826} INFO - Processing file /home/airflow/.local/lib/python3.7/site-packages/airflow/example_dags/example_branch_day_of_week_operator.py for tasks to queue
[2023-06-21T02:53:16.486+0000] {logging_mixin.py:149} INFO - [2023-06-21T02:53:16.485+0000] {dagbag.py:541} INFO - Filling up the DagBag from /home/airflow/.local/lib/python3.7/site-packages/airflow/example_dags/example_branch_day_of_week_operator.py
[2023-06-21T02:53:16.504+0000] {processor.py:836} INFO - DAG(s) dict_keys(['example_weekday_branch_operator']) retrieved from /home/airflow/.local/lib/python3.7/site-packages/airflow/example_dags/example_branch_day_of_week_operator.py
[2023-06-21T02:53:16.567+0000] {logging_mixin.py:149} INFO - [2023-06-21T02:53:16.567+0000] {dag.py:2726} INFO - Sync 1 DAGs
[2023-06-21T02:53:16.634+0000] {logging_mixin.py:149} INFO - [2023-06-21T02:53:16.634+0000] {dag.py:3490} INFO - Setting next_dagrun for example_weekday_branch_operator to 2023-06-20T00:00:00+00:00, run_after=2023-06-21T00:00:00+00:00
[2023-06-21T02:53:16.688+0000] {processor.py:179} INFO - Processing /home/airflow/.local/lib/python3.7/site-packages/airflow/example_dags/example_branch_day_of_week_operator.py took 0.217 seconds
[2023-06-21T02:53:47.530+0000] {processor.py:157} INFO - Started process (PID=185) to work on /home/airflow/.local/lib/python3.7/site-packages/airflow/example_dags/example_branch_day_of_week_operator.py
[2023-06-21T02:53:47.535+0000] {processor.py:826} INFO - Processing file /home/airflow/.local/lib/python3.7/site-packages/airflow/example_dags/example_branch_day_of_week_operator.py for tasks to queue
[2023-06-21T02:53:47.539+0000] {logging_mixin.py:149} INFO - [2023-06-21T02:53:47.538+0000] {dagbag.py:541} INFO - Filling up the DagBag from /home/airflow/.local/lib/python3.7/site-packages/airflow/example_dags/example_branch_day_of_week_operator.py
[2023-06-21T02:53:47.564+0000] {processor.py:836} INFO - DAG(s) dict_keys(['example_weekday_branch_operator']) retrieved from /home/airflow/.local/lib/python3.7/site-packages/airflow/example_dags/example_branch_day_of_week_operator.py
[2023-06-21T02:53:47.626+0000] {logging_mixin.py:149} INFO - [2023-06-21T02:53:47.626+0000] {dag.py:2726} INFO - Sync 1 DAGs
[2023-06-21T02:53:47.678+0000] {logging_mixin.py:149} INFO - [2023-06-21T02:53:47.677+0000] {dag.py:3490} INFO - Setting next_dagrun for example_weekday_branch_operator to 2023-06-20T00:00:00+00:00, run_after=2023-06-21T00:00:00+00:00
[2023-06-21T02:53:47.742+0000] {processor.py:179} INFO - Processing /home/airflow/.local/lib/python3.7/site-packages/airflow/example_dags/example_branch_day_of_week_operator.py took 0.225 seconds
[2023-06-21T02:54:18.174+0000] {processor.py:157} INFO - Started process (PID=242) to work on /home/airflow/.local/lib/python3.7/site-packages/airflow/example_dags/example_branch_day_of_week_operator.py
[2023-06-21T02:54:18.177+0000] {processor.py:826} INFO - Processing file /home/airflow/.local/lib/python3.7/site-packages/airflow/example_dags/example_branch_day_of_week_operator.py for tasks to queue
[2023-06-21T02:54:18.180+0000] {logging_mixin.py:149} INFO - [2023-06-21T02:54:18.180+0000] {dagbag.py:541} INFO - Filling up the DagBag from /home/airflow/.local/lib/python3.7/site-packages/airflow/example_dags/example_branch_day_of_week_operator.py
[2023-06-21T02:54:18.196+0000] {processor.py:836} INFO - DAG(s) dict_keys(['example_weekday_branch_operator']) retrieved from /home/airflow/.local/lib/python3.7/site-packages/airflow/example_dags/example_branch_day_of_week_operator.py
[2023-06-21T02:54:18.248+0000] {logging_mixin.py:149} INFO - [2023-06-21T02:54:18.248+0000] {dag.py:2726} INFO - Sync 1 DAGs
[2023-06-21T02:54:18.292+0000] {logging_mixin.py:149} INFO - [2023-06-21T02:54:18.292+0000] {dag.py:3490} INFO - Setting next_dagrun for example_weekday_branch_operator to 2023-06-20T00:00:00+00:00, run_after=2023-06-21T00:00:00+00:00
[2023-06-21T02:54:18.326+0000] {processor.py:179} INFO - Processing /home/airflow/.local/lib/python3.7/site-packages/airflow/example_dags/example_branch_day_of_week_operator.py took 0.160 seconds
[2023-06-21T02:54:48.427+0000] {processor.py:157} INFO - Started process (PID=298) to work on /home/airflow/.local/lib/python3.7/site-packages/airflow/example_dags/example_branch_day_of_week_operator.py
[2023-06-21T02:54:48.429+0000] {processor.py:826} INFO - Processing file /home/airflow/.local/lib/python3.7/site-packages/airflow/example_dags/example_branch_day_of_week_operator.py for tasks to queue
[2023-06-21T02:54:48.431+0000] {logging_mixin.py:149} INFO - [2023-06-21T02:54:48.431+0000] {dagbag.py:541} INFO - Filling up the DagBag from /home/airflow/.local/lib/python3.7/site-packages/airflow/example_dags/example_branch_day_of_week_operator.py
[2023-06-21T02:54:48.451+0000] {processor.py:836} INFO - DAG(s) dict_keys(['example_weekday_branch_operator']) retrieved from /home/airflow/.local/lib/python3.7/site-packages/airflow/example_dags/example_branch_day_of_week_operator.py
[2023-06-21T02:54:48.529+0000] {logging_mixin.py:149} INFO - [2023-06-21T02:54:48.528+0000] {dag.py:2726} INFO - Sync 1 DAGs
[2023-06-21T02:54:48.591+0000] {logging_mixin.py:149} INFO - [2023-06-21T02:54:48.591+0000] {dag.py:3490} INFO - Setting next_dagrun for example_weekday_branch_operator to 2023-06-20T00:00:00+00:00, run_after=2023-06-21T00:00:00+00:00
[2023-06-21T02:54:48.642+0000] {processor.py:179} INFO - Processing /home/airflow/.local/lib/python3.7/site-packages/airflow/example_dags/example_branch_day_of_week_operator.py took 0.225 seconds
[2023-06-21T02:55:20.157+0000] {processor.py:157} INFO - Started process (PID=354) to work on /home/airflow/.local/lib/python3.7/site-packages/airflow/example_dags/example_branch_day_of_week_operator.py
[2023-06-21T02:55:20.163+0000] {processor.py:826} INFO - Processing file /home/airflow/.local/lib/python3.7/site-packages/airflow/example_dags/example_branch_day_of_week_operator.py for tasks to queue
[2023-06-21T02:55:20.167+0000] {logging_mixin.py:149} INFO - [2023-06-21T02:55:20.166+0000] {dagbag.py:541} INFO - Filling up the DagBag from /home/airflow/.local/lib/python3.7/site-packages/airflow/example_dags/example_branch_day_of_week_operator.py
[2023-06-21T02:55:20.185+0000] {processor.py:836} INFO - DAG(s) dict_keys(['example_weekday_branch_operator']) retrieved from /home/airflow/.local/lib/python3.7/site-packages/airflow/example_dags/example_branch_day_of_week_operator.py
[2023-06-21T02:55:20.256+0000] {logging_mixin.py:149} INFO - [2023-06-21T02:55:20.256+0000] {dag.py:2726} INFO - Sync 1 DAGs
[2023-06-21T02:55:20.310+0000] {logging_mixin.py:149} INFO - [2023-06-21T02:55:20.310+0000] {dag.py:3490} INFO - Setting next_dagrun for example_weekday_branch_operator to 2023-06-20T00:00:00+00:00, run_after=2023-06-21T00:00:00+00:00
[2023-06-21T02:55:20.359+0000] {processor.py:179} INFO - Processing /home/airflow/.local/lib/python3.7/site-packages/airflow/example_dags/example_branch_day_of_week_operator.py took 0.215 seconds
[2023-06-21T02:55:51.576+0000] {processor.py:157} INFO - Started process (PID=409) to work on /home/airflow/.local/lib/python3.7/site-packages/airflow/example_dags/example_branch_day_of_week_operator.py
[2023-06-21T02:55:51.580+0000] {processor.py:826} INFO - Processing file /home/airflow/.local/lib/python3.7/site-packages/airflow/example_dags/example_branch_day_of_week_operator.py for tasks to queue
[2023-06-21T02:55:51.583+0000] {logging_mixin.py:149} INFO - [2023-06-21T02:55:51.582+0000] {dagbag.py:541} INFO - Filling up the DagBag from /home/airflow/.local/lib/python3.7/site-packages/airflow/example_dags/example_branch_day_of_week_operator.py
[2023-06-21T02:55:51.598+0000] {processor.py:836} INFO - DAG(s) dict_keys(['example_weekday_branch_operator']) retrieved from /home/airflow/.local/lib/python3.7/site-packages/airflow/example_dags/example_branch_day_of_week_operator.py
[2023-06-21T02:55:51.650+0000] {logging_mixin.py:149} INFO - [2023-06-21T02:55:51.649+0000] {dag.py:2726} INFO - Sync 1 DAGs
[2023-06-21T02:55:51.722+0000] {logging_mixin.py:149} INFO - [2023-06-21T02:55:51.722+0000] {dag.py:3490} INFO - Setting next_dagrun for example_weekday_branch_operator to 2023-06-20T00:00:00+00:00, run_after=2023-06-21T00:00:00+00:00
[2023-06-21T02:55:51.809+0000] {processor.py:179} INFO - Processing /home/airflow/.local/lib/python3.7/site-packages/airflow/example_dags/example_branch_day_of_week_operator.py took 0.240 seconds
[2023-06-21T03:05:32.544+0000] {processor.py:157} INFO - Started process (PID=490) to work on /home/airflow/.local/lib/python3.7/site-packages/airflow/example_dags/example_branch_day_of_week_operator.py
[2023-06-21T03:05:32.547+0000] {processor.py:826} INFO - Processing file /home/airflow/.local/lib/python3.7/site-packages/airflow/example_dags/example_branch_day_of_week_operator.py for tasks to queue
[2023-06-21T03:05:32.549+0000] {logging_mixin.py:149} INFO - [2023-06-21T03:05:32.549+0000] {dagbag.py:541} INFO - Filling up the DagBag from /home/airflow/.local/lib/python3.7/site-packages/airflow/example_dags/example_branch_day_of_week_operator.py
[2023-06-21T03:05:32.564+0000] {processor.py:836} INFO - DAG(s) dict_keys(['example_weekday_branch_operator']) retrieved from /home/airflow/.local/lib/python3.7/site-packages/airflow/example_dags/example_branch_day_of_week_operator.py
[2023-06-21T03:05:32.642+0000] {logging_mixin.py:149} INFO - [2023-06-21T03:05:32.641+0000] {dag.py:2726} INFO - Sync 1 DAGs
[2023-06-21T03:05:32.703+0000] {logging_mixin.py:149} INFO - [2023-06-21T03:05:32.702+0000] {dag.py:3490} INFO - Setting next_dagrun for example_weekday_branch_operator to 2023-06-20T00:00:00+00:00, run_after=2023-06-21T00:00:00+00:00
[2023-06-21T03:05:32.766+0000] {processor.py:179} INFO - Processing /home/airflow/.local/lib/python3.7/site-packages/airflow/example_dags/example_branch_day_of_week_operator.py took 0.229 seconds
[2023-06-21T03:06:03.979+0000] {processor.py:157} INFO - Started process (PID=546) to work on /home/airflow/.local/lib/python3.7/site-packages/airflow/example_dags/example_branch_day_of_week_operator.py
[2023-06-21T03:06:03.983+0000] {processor.py:826} INFO - Processing file /home/airflow/.local/lib/python3.7/site-packages/airflow/example_dags/example_branch_day_of_week_operator.py for tasks to queue
[2023-06-21T03:06:03.988+0000] {logging_mixin.py:149} INFO - [2023-06-21T03:06:03.987+0000] {dagbag.py:541} INFO - Filling up the DagBag from /home/airflow/.local/lib/python3.7/site-packages/airflow/example_dags/example_branch_day_of_week_operator.py
[2023-06-21T03:06:04.008+0000] {processor.py:836} INFO - DAG(s) dict_keys(['example_weekday_branch_operator']) retrieved from /home/airflow/.local/lib/python3.7/site-packages/airflow/example_dags/example_branch_day_of_week_operator.py
[2023-06-21T03:06:04.062+0000] {logging_mixin.py:149} INFO - [2023-06-21T03:06:04.061+0000] {dag.py:2726} INFO - Sync 1 DAGs
[2023-06-21T03:06:04.102+0000] {logging_mixin.py:149} INFO - [2023-06-21T03:06:04.101+0000] {dag.py:3490} INFO - Setting next_dagrun for example_weekday_branch_operator to 2023-06-20T00:00:00+00:00, run_after=2023-06-21T00:00:00+00:00
[2023-06-21T03:06:04.141+0000] {processor.py:179} INFO - Processing /home/airflow/.local/lib/python3.7/site-packages/airflow/example_dags/example_branch_day_of_week_operator.py took 0.173 seconds
[2023-06-21T03:06:35.384+0000] {processor.py:157} INFO - Started process (PID=603) to work on /home/airflow/.local/lib/python3.7/site-packages/airflow/example_dags/example_branch_day_of_week_operator.py
[2023-06-21T03:06:35.390+0000] {processor.py:826} INFO - Processing file /home/airflow/.local/lib/python3.7/site-packages/airflow/example_dags/example_branch_day_of_week_operator.py for tasks to queue
[2023-06-21T03:06:35.399+0000] {logging_mixin.py:149} INFO - [2023-06-21T03:06:35.397+0000] {dagbag.py:541} INFO - Filling up the DagBag from /home/airflow/.local/lib/python3.7/site-packages/airflow/example_dags/example_branch_day_of_week_operator.py
[2023-06-21T03:06:35.459+0000] {processor.py:836} INFO - DAG(s) dict_keys(['example_weekday_branch_operator']) retrieved from /home/airflow/.local/lib/python3.7/site-packages/airflow/example_dags/example_branch_day_of_week_operator.py
[2023-06-21T03:06:35.561+0000] {logging_mixin.py:149} INFO - [2023-06-21T03:06:35.561+0000] {dag.py:2726} INFO - Sync 1 DAGs
[2023-06-21T03:06:35.626+0000] {logging_mixin.py:149} INFO - [2023-06-21T03:06:35.625+0000] {dag.py:3490} INFO - Setting next_dagrun for example_weekday_branch_operator to 2023-06-20T00:00:00+00:00, run_after=2023-06-21T00:00:00+00:00
[2023-06-21T03:06:35.696+0000] {processor.py:179} INFO - Processing /home/airflow/.local/lib/python3.7/site-packages/airflow/example_dags/example_branch_day_of_week_operator.py took 0.329 seconds
[2023-06-21T03:07:06.242+0000] {processor.py:157} INFO - Started process (PID=661) to work on /home/airflow/.local/lib/python3.7/site-packages/airflow/example_dags/example_branch_day_of_week_operator.py
[2023-06-21T03:07:06.245+0000] {processor.py:826} INFO - Processing file /home/airflow/.local/lib/python3.7/site-packages/airflow/example_dags/example_branch_day_of_week_operator.py for tasks to queue
[2023-06-21T03:07:06.250+0000] {logging_mixin.py:149} INFO - [2023-06-21T03:07:06.250+0000] {dagbag.py:541} INFO - Filling up the DagBag from /home/airflow/.local/lib/python3.7/site-packages/airflow/example_dags/example_branch_day_of_week_operator.py
[2023-06-21T03:07:06.281+0000] {processor.py:836} INFO - DAG(s) dict_keys(['example_weekday_branch_operator']) retrieved from /home/airflow/.local/lib/python3.7/site-packages/airflow/example_dags/example_branch_day_of_week_operator.py
[2023-06-21T03:07:06.352+0000] {logging_mixin.py:149} INFO - [2023-06-21T03:07:06.352+0000] {dag.py:2726} INFO - Sync 1 DAGs
[2023-06-21T03:07:06.421+0000] {logging_mixin.py:149} INFO - [2023-06-21T03:07:06.420+0000] {dag.py:3490} INFO - Setting next_dagrun for example_weekday_branch_operator to 2023-06-20T00:00:00+00:00, run_after=2023-06-21T00:00:00+00:00
[2023-06-21T03:07:06.468+0000] {processor.py:179} INFO - Processing /home/airflow/.local/lib/python3.7/site-packages/airflow/example_dags/example_branch_day_of_week_operator.py took 0.242 seconds
[2023-06-21T03:07:37.107+0000] {processor.py:157} INFO - Started process (PID=718) to work on /home/airflow/.local/lib/python3.7/site-packages/airflow/example_dags/example_branch_day_of_week_operator.py
[2023-06-21T03:07:37.111+0000] {processor.py:826} INFO - Processing file /home/airflow/.local/lib/python3.7/site-packages/airflow/example_dags/example_branch_day_of_week_operator.py for tasks to queue
[2023-06-21T03:07:37.115+0000] {logging_mixin.py:149} INFO - [2023-06-21T03:07:37.115+0000] {dagbag.py:541} INFO - Filling up the DagBag from /home/airflow/.local/lib/python3.7/site-packages/airflow/example_dags/example_branch_day_of_week_operator.py
[2023-06-21T03:07:37.136+0000] {processor.py:836} INFO - DAG(s) dict_keys(['example_weekday_branch_operator']) retrieved from /home/airflow/.local/lib/python3.7/site-packages/airflow/example_dags/example_branch_day_of_week_operator.py
[2023-06-21T03:07:37.192+0000] {logging_mixin.py:149} INFO - [2023-06-21T03:07:37.191+0000] {dag.py:2726} INFO - Sync 1 DAGs
[2023-06-21T03:07:37.256+0000] {logging_mixin.py:149} INFO - [2023-06-21T03:07:37.256+0000] {dag.py:3490} INFO - Setting next_dagrun for example_weekday_branch_operator to 2023-06-20T00:00:00+00:00, run_after=2023-06-21T00:00:00+00:00
[2023-06-21T03:07:37.319+0000] {processor.py:179} INFO - Processing /home/airflow/.local/lib/python3.7/site-packages/airflow/example_dags/example_branch_day_of_week_operator.py took 0.219 seconds
[2023-06-21T03:08:08.246+0000] {processor.py:157} INFO - Started process (PID=775) to work on /home/airflow/.local/lib/python3.7/site-packages/airflow/example_dags/example_branch_day_of_week_operator.py
[2023-06-21T03:08:08.252+0000] {processor.py:826} INFO - Processing file /home/airflow/.local/lib/python3.7/site-packages/airflow/example_dags/example_branch_day_of_week_operator.py for tasks to queue
[2023-06-21T03:08:08.255+0000] {logging_mixin.py:149} INFO - [2023-06-21T03:08:08.255+0000] {dagbag.py:541} INFO - Filling up the DagBag from /home/airflow/.local/lib/python3.7/site-packages/airflow/example_dags/example_branch_day_of_week_operator.py
[2023-06-21T03:08:08.282+0000] {processor.py:836} INFO - DAG(s) dict_keys(['example_weekday_branch_operator']) retrieved from /home/airflow/.local/lib/python3.7/site-packages/airflow/example_dags/example_branch_day_of_week_operator.py
[2023-06-21T03:08:08.349+0000] {logging_mixin.py:149} INFO - [2023-06-21T03:08:08.349+0000] {dag.py:2726} INFO - Sync 1 DAGs
[2023-06-21T03:08:08.404+0000] {logging_mixin.py:149} INFO - [2023-06-21T03:08:08.403+0000] {dag.py:3490} INFO - Setting next_dagrun for example_weekday_branch_operator to 2023-06-20T00:00:00+00:00, run_after=2023-06-21T00:00:00+00:00
[2023-06-21T03:08:08.446+0000] {processor.py:179} INFO - Processing /home/airflow/.local/lib/python3.7/site-packages/airflow/example_dags/example_branch_day_of_week_operator.py took 0.214 seconds
[2023-06-21T03:08:38.708+0000] {processor.py:157} INFO - Started process (PID=832) to work on /home/airflow/.local/lib/python3.7/site-packages/airflow/example_dags/example_branch_day_of_week_operator.py
[2023-06-21T03:08:38.712+0000] {processor.py:826} INFO - Processing file /home/airflow/.local/lib/python3.7/site-packages/airflow/example_dags/example_branch_day_of_week_operator.py for tasks to queue
[2023-06-21T03:08:38.716+0000] {logging_mixin.py:149} INFO - [2023-06-21T03:08:38.715+0000] {dagbag.py:541} INFO - Filling up the DagBag from /home/airflow/.local/lib/python3.7/site-packages/airflow/example_dags/example_branch_day_of_week_operator.py
[2023-06-21T03:08:38.737+0000] {processor.py:836} INFO - DAG(s) dict_keys(['example_weekday_branch_operator']) retrieved from /home/airflow/.local/lib/python3.7/site-packages/airflow/example_dags/example_branch_day_of_week_operator.py
[2023-06-21T03:08:38.790+0000] {logging_mixin.py:149} INFO - [2023-06-21T03:08:38.790+0000] {dag.py:2726} INFO - Sync 1 DAGs
[2023-06-21T03:08:38.851+0000] {logging_mixin.py:149} INFO - [2023-06-21T03:08:38.851+0000] {dag.py:3490} INFO - Setting next_dagrun for example_weekday_branch_operator to 2023-06-20T00:00:00+00:00, run_after=2023-06-21T00:00:00+00:00
[2023-06-21T03:08:38.898+0000] {processor.py:179} INFO - Processing /home/airflow/.local/lib/python3.7/site-packages/airflow/example_dags/example_branch_day_of_week_operator.py took 0.201 seconds
[2023-06-21T03:09:09.089+0000] {processor.py:157} INFO - Started process (PID=889) to work on /home/airflow/.local/lib/python3.7/site-packages/airflow/example_dags/example_branch_day_of_week_operator.py
[2023-06-21T03:09:09.093+0000] {processor.py:826} INFO - Processing file /home/airflow/.local/lib/python3.7/site-packages/airflow/example_dags/example_branch_day_of_week_operator.py for tasks to queue
[2023-06-21T03:09:09.096+0000] {logging_mixin.py:149} INFO - [2023-06-21T03:09:09.096+0000] {dagbag.py:541} INFO - Filling up the DagBag from /home/airflow/.local/lib/python3.7/site-packages/airflow/example_dags/example_branch_day_of_week_operator.py
[2023-06-21T03:09:09.112+0000] {processor.py:836} INFO - DAG(s) dict_keys(['example_weekday_branch_operator']) retrieved from /home/airflow/.local/lib/python3.7/site-packages/airflow/example_dags/example_branch_day_of_week_operator.py
[2023-06-21T03:09:09.159+0000] {logging_mixin.py:149} INFO - [2023-06-21T03:09:09.159+0000] {dag.py:2726} INFO - Sync 1 DAGs
[2023-06-21T03:09:09.199+0000] {logging_mixin.py:149} INFO - [2023-06-21T03:09:09.199+0000] {dag.py:3490} INFO - Setting next_dagrun for example_weekday_branch_operator to 2023-06-20T00:00:00+00:00, run_after=2023-06-21T00:00:00+00:00
[2023-06-21T03:09:09.236+0000] {processor.py:179} INFO - Processing /home/airflow/.local/lib/python3.7/site-packages/airflow/example_dags/example_branch_day_of_week_operator.py took 0.153 seconds
