[2023-06-21T02:52:48.115+0000] {processor.py:157} INFO - Started process (PID=92) to work on /home/airflow/.local/lib/python3.7/site-packages/airflow/example_dags/example_dag_decorator.py
[2023-06-21T02:52:48.132+0000] {processor.py:826} INFO - Processing file /home/airflow/.local/lib/python3.7/site-packages/airflow/example_dags/example_dag_decorator.py for tasks to queue
[2023-06-21T02:52:48.142+0000] {logging_mixin.py:149} INFO - [2023-06-21T02:52:48.135+0000] {dagbag.py:541} INFO - Filling up the DagBag from /home/airflow/.local/lib/python3.7/site-packages/airflow/example_dags/example_dag_decorator.py
[2023-06-21T02:52:48.396+0000] {processor.py:836} INFO - DAG(s) dict_keys(['example_dag_decorator']) retrieved from /home/airflow/.local/lib/python3.7/site-packages/airflow/example_dags/example_dag_decorator.py
[2023-06-21T02:52:51.685+0000] {logging_mixin.py:149} INFO - [2023-06-21T02:52:51.684+0000] {dag.py:2726} INFO - Sync 1 DAGs
[2023-06-21T02:52:52.549+0000] {logging_mixin.py:149} INFO - [2023-06-21T02:52:52.548+0000] {dag.py:3490} INFO - Setting next_dagrun for example_dag_decorator to None, run_after=None
[2023-06-21T02:52:52.951+0000] {processor.py:179} INFO - Processing /home/airflow/.local/lib/python3.7/site-packages/airflow/example_dags/example_dag_decorator.py took 4.862 seconds
[2023-06-21T02:53:23.138+0000] {processor.py:157} INFO - Started process (PID=148) to work on /home/airflow/.local/lib/python3.7/site-packages/airflow/example_dags/example_dag_decorator.py
[2023-06-21T02:53:23.141+0000] {processor.py:826} INFO - Processing file /home/airflow/.local/lib/python3.7/site-packages/airflow/example_dags/example_dag_decorator.py for tasks to queue
[2023-06-21T02:53:23.144+0000] {logging_mixin.py:149} INFO - [2023-06-21T02:53:23.144+0000] {dagbag.py:541} INFO - Filling up the DagBag from /home/airflow/.local/lib/python3.7/site-packages/airflow/example_dags/example_dag_decorator.py
[2023-06-21T02:53:23.179+0000] {processor.py:836} INFO - DAG(s) dict_keys(['example_dag_decorator']) retrieved from /home/airflow/.local/lib/python3.7/site-packages/airflow/example_dags/example_dag_decorator.py
[2023-06-21T02:53:23.513+0000] {logging_mixin.py:149} INFO - [2023-06-21T02:53:23.513+0000] {dag.py:2726} INFO - Sync 1 DAGs
[2023-06-21T02:53:23.570+0000] {logging_mixin.py:149} INFO - [2023-06-21T02:53:23.570+0000] {dag.py:3490} INFO - Setting next_dagrun for example_dag_decorator to None, run_after=None
[2023-06-21T02:53:23.661+0000] {processor.py:179} INFO - Processing /home/airflow/.local/lib/python3.7/site-packages/airflow/example_dags/example_dag_decorator.py took 0.531 seconds
[2023-06-21T02:53:54.318+0000] {processor.py:157} INFO - Started process (PID=205) to work on /home/airflow/.local/lib/python3.7/site-packages/airflow/example_dags/example_dag_decorator.py
[2023-06-21T02:53:54.321+0000] {processor.py:826} INFO - Processing file /home/airflow/.local/lib/python3.7/site-packages/airflow/example_dags/example_dag_decorator.py for tasks to queue
[2023-06-21T02:53:54.324+0000] {logging_mixin.py:149} INFO - [2023-06-21T02:53:54.324+0000] {dagbag.py:541} INFO - Filling up the DagBag from /home/airflow/.local/lib/python3.7/site-packages/airflow/example_dags/example_dag_decorator.py
[2023-06-21T02:53:54.358+0000] {processor.py:836} INFO - DAG(s) dict_keys(['example_dag_decorator']) retrieved from /home/airflow/.local/lib/python3.7/site-packages/airflow/example_dags/example_dag_decorator.py
[2023-06-21T02:53:54.610+0000] {logging_mixin.py:149} INFO - [2023-06-21T02:53:54.610+0000] {dag.py:2726} INFO - Sync 1 DAGs
[2023-06-21T02:53:54.658+0000] {logging_mixin.py:149} INFO - [2023-06-21T02:53:54.658+0000] {dag.py:3490} INFO - Setting next_dagrun for example_dag_decorator to None, run_after=None
[2023-06-21T02:53:54.722+0000] {processor.py:179} INFO - Processing /home/airflow/.local/lib/python3.7/site-packages/airflow/example_dags/example_dag_decorator.py took 0.413 seconds
[2023-06-21T02:54:24.893+0000] {processor.py:157} INFO - Started process (PID=262) to work on /home/airflow/.local/lib/python3.7/site-packages/airflow/example_dags/example_dag_decorator.py
[2023-06-21T02:54:24.897+0000] {processor.py:826} INFO - Processing file /home/airflow/.local/lib/python3.7/site-packages/airflow/example_dags/example_dag_decorator.py for tasks to queue
[2023-06-21T02:54:24.900+0000] {logging_mixin.py:149} INFO - [2023-06-21T02:54:24.900+0000] {dagbag.py:541} INFO - Filling up the DagBag from /home/airflow/.local/lib/python3.7/site-packages/airflow/example_dags/example_dag_decorator.py
[2023-06-21T02:54:24.929+0000] {processor.py:836} INFO - DAG(s) dict_keys(['example_dag_decorator']) retrieved from /home/airflow/.local/lib/python3.7/site-packages/airflow/example_dags/example_dag_decorator.py
[2023-06-21T02:54:25.122+0000] {logging_mixin.py:149} INFO - [2023-06-21T02:54:25.122+0000] {dag.py:2726} INFO - Sync 1 DAGs
[2023-06-21T02:54:25.157+0000] {logging_mixin.py:149} INFO - [2023-06-21T02:54:25.156+0000] {dag.py:3490} INFO - Setting next_dagrun for example_dag_decorator to None, run_after=None
[2023-06-21T02:54:25.222+0000] {processor.py:179} INFO - Processing /home/airflow/.local/lib/python3.7/site-packages/airflow/example_dags/example_dag_decorator.py took 0.339 seconds
[2023-06-21T02:54:55.380+0000] {processor.py:157} INFO - Started process (PID=319) to work on /home/airflow/.local/lib/python3.7/site-packages/airflow/example_dags/example_dag_decorator.py
[2023-06-21T02:54:55.382+0000] {processor.py:826} INFO - Processing file /home/airflow/.local/lib/python3.7/site-packages/airflow/example_dags/example_dag_decorator.py for tasks to queue
[2023-06-21T02:54:55.384+0000] {logging_mixin.py:149} INFO - [2023-06-21T02:54:55.384+0000] {dagbag.py:541} INFO - Filling up the DagBag from /home/airflow/.local/lib/python3.7/site-packages/airflow/example_dags/example_dag_decorator.py
[2023-06-21T02:54:55.409+0000] {processor.py:836} INFO - DAG(s) dict_keys(['example_dag_decorator']) retrieved from /home/airflow/.local/lib/python3.7/site-packages/airflow/example_dags/example_dag_decorator.py
[2023-06-21T02:54:55.591+0000] {logging_mixin.py:149} INFO - [2023-06-21T02:54:55.591+0000] {dag.py:2726} INFO - Sync 1 DAGs
[2023-06-21T02:54:55.626+0000] {logging_mixin.py:149} INFO - [2023-06-21T02:54:55.626+0000] {dag.py:3490} INFO - Setting next_dagrun for example_dag_decorator to None, run_after=None
[2023-06-21T02:54:55.660+0000] {processor.py:179} INFO - Processing /home/airflow/.local/lib/python3.7/site-packages/airflow/example_dags/example_dag_decorator.py took 0.286 seconds
[2023-06-21T02:55:25.970+0000] {processor.py:157} INFO - Started process (PID=376) to work on /home/airflow/.local/lib/python3.7/site-packages/airflow/example_dags/example_dag_decorator.py
[2023-06-21T02:55:25.973+0000] {processor.py:826} INFO - Processing file /home/airflow/.local/lib/python3.7/site-packages/airflow/example_dags/example_dag_decorator.py for tasks to queue
[2023-06-21T02:55:25.978+0000] {logging_mixin.py:149} INFO - [2023-06-21T02:55:25.978+0000] {dagbag.py:541} INFO - Filling up the DagBag from /home/airflow/.local/lib/python3.7/site-packages/airflow/example_dags/example_dag_decorator.py
[2023-06-21T02:55:26.012+0000] {processor.py:836} INFO - DAG(s) dict_keys(['example_dag_decorator']) retrieved from /home/airflow/.local/lib/python3.7/site-packages/airflow/example_dags/example_dag_decorator.py
[2023-06-21T02:55:26.197+0000] {logging_mixin.py:149} INFO - [2023-06-21T02:55:26.197+0000] {dag.py:2726} INFO - Sync 1 DAGs
[2023-06-21T02:55:26.237+0000] {logging_mixin.py:149} INFO - [2023-06-21T02:55:26.237+0000] {dag.py:3490} INFO - Setting next_dagrun for example_dag_decorator to None, run_after=None
[2023-06-21T02:55:26.270+0000] {processor.py:179} INFO - Processing /home/airflow/.local/lib/python3.7/site-packages/airflow/example_dags/example_dag_decorator.py took 0.306 seconds
[2023-06-21T02:55:56.484+0000] {processor.py:157} INFO - Started process (PID=434) to work on /home/airflow/.local/lib/python3.7/site-packages/airflow/example_dags/example_dag_decorator.py
[2023-06-21T02:55:56.487+0000] {processor.py:826} INFO - Processing file /home/airflow/.local/lib/python3.7/site-packages/airflow/example_dags/example_dag_decorator.py for tasks to queue
[2023-06-21T02:55:56.490+0000] {logging_mixin.py:149} INFO - [2023-06-21T02:55:56.489+0000] {dagbag.py:541} INFO - Filling up the DagBag from /home/airflow/.local/lib/python3.7/site-packages/airflow/example_dags/example_dag_decorator.py
[2023-06-21T02:55:56.514+0000] {processor.py:836} INFO - DAG(s) dict_keys(['example_dag_decorator']) retrieved from /home/airflow/.local/lib/python3.7/site-packages/airflow/example_dags/example_dag_decorator.py
[2023-06-21T02:55:56.722+0000] {logging_mixin.py:149} INFO - [2023-06-21T02:55:56.722+0000] {dag.py:2726} INFO - Sync 1 DAGs
[2023-06-21T02:55:56.756+0000] {logging_mixin.py:149} INFO - [2023-06-21T02:55:56.756+0000] {dag.py:3490} INFO - Setting next_dagrun for example_dag_decorator to None, run_after=None
[2023-06-21T02:55:56.795+0000] {processor.py:179} INFO - Processing /home/airflow/.local/lib/python3.7/site-packages/airflow/example_dags/example_dag_decorator.py took 0.317 seconds
[2023-06-21T03:05:36.487+0000] {processor.py:157} INFO - Started process (PID=510) to work on /home/airflow/.local/lib/python3.7/site-packages/airflow/example_dags/example_dag_decorator.py
[2023-06-21T03:05:36.559+0000] {processor.py:826} INFO - Processing file /home/airflow/.local/lib/python3.7/site-packages/airflow/example_dags/example_dag_decorator.py for tasks to queue
[2023-06-21T03:05:36.565+0000] {logging_mixin.py:149} INFO - [2023-06-21T03:05:36.563+0000] {dagbag.py:541} INFO - Filling up the DagBag from /home/airflow/.local/lib/python3.7/site-packages/airflow/example_dags/example_dag_decorator.py
[2023-06-21T03:05:36.642+0000] {processor.py:836} INFO - DAG(s) dict_keys(['example_dag_decorator']) retrieved from /home/airflow/.local/lib/python3.7/site-packages/airflow/example_dags/example_dag_decorator.py
[2023-06-21T03:05:37.038+0000] {logging_mixin.py:149} INFO - [2023-06-21T03:05:37.037+0000] {dag.py:2726} INFO - Sync 1 DAGs
[2023-06-21T03:05:37.110+0000] {logging_mixin.py:149} INFO - [2023-06-21T03:05:37.109+0000] {dag.py:3490} INFO - Setting next_dagrun for example_dag_decorator to None, run_after=None
[2023-06-21T03:05:37.171+0000] {processor.py:179} INFO - Processing /home/airflow/.local/lib/python3.7/site-packages/airflow/example_dags/example_dag_decorator.py took 0.695 seconds
[2023-06-21T03:06:07.513+0000] {processor.py:157} INFO - Started process (PID=566) to work on /home/airflow/.local/lib/python3.7/site-packages/airflow/example_dags/example_dag_decorator.py
[2023-06-21T03:06:07.516+0000] {processor.py:826} INFO - Processing file /home/airflow/.local/lib/python3.7/site-packages/airflow/example_dags/example_dag_decorator.py for tasks to queue
[2023-06-21T03:06:07.520+0000] {logging_mixin.py:149} INFO - [2023-06-21T03:06:07.519+0000] {dagbag.py:541} INFO - Filling up the DagBag from /home/airflow/.local/lib/python3.7/site-packages/airflow/example_dags/example_dag_decorator.py
[2023-06-21T03:06:07.553+0000] {processor.py:836} INFO - DAG(s) dict_keys(['example_dag_decorator']) retrieved from /home/airflow/.local/lib/python3.7/site-packages/airflow/example_dags/example_dag_decorator.py
[2023-06-21T03:06:07.769+0000] {logging_mixin.py:149} INFO - [2023-06-21T03:06:07.769+0000] {dag.py:2726} INFO - Sync 1 DAGs
[2023-06-21T03:06:07.808+0000] {logging_mixin.py:149} INFO - [2023-06-21T03:06:07.808+0000] {dag.py:3490} INFO - Setting next_dagrun for example_dag_decorator to None, run_after=None
[2023-06-21T03:06:07.852+0000] {processor.py:179} INFO - Processing /home/airflow/.local/lib/python3.7/site-packages/airflow/example_dags/example_dag_decorator.py took 0.347 seconds
[2023-06-21T03:06:38.970+0000] {processor.py:157} INFO - Started process (PID=623) to work on /home/airflow/.local/lib/python3.7/site-packages/airflow/example_dags/example_dag_decorator.py
[2023-06-21T03:06:38.974+0000] {processor.py:826} INFO - Processing file /home/airflow/.local/lib/python3.7/site-packages/airflow/example_dags/example_dag_decorator.py for tasks to queue
[2023-06-21T03:06:38.977+0000] {logging_mixin.py:149} INFO - [2023-06-21T03:06:38.977+0000] {dagbag.py:541} INFO - Filling up the DagBag from /home/airflow/.local/lib/python3.7/site-packages/airflow/example_dags/example_dag_decorator.py
[2023-06-21T03:06:39.013+0000] {processor.py:836} INFO - DAG(s) dict_keys(['example_dag_decorator']) retrieved from /home/airflow/.local/lib/python3.7/site-packages/airflow/example_dags/example_dag_decorator.py
[2023-06-21T03:06:39.270+0000] {logging_mixin.py:149} INFO - [2023-06-21T03:06:39.270+0000] {dag.py:2726} INFO - Sync 1 DAGs
[2023-06-21T03:06:39.320+0000] {logging_mixin.py:149} INFO - [2023-06-21T03:06:39.320+0000] {dag.py:3490} INFO - Setting next_dagrun for example_dag_decorator to None, run_after=None
[2023-06-21T03:06:39.368+0000] {processor.py:179} INFO - Processing /home/airflow/.local/lib/python3.7/site-packages/airflow/example_dags/example_dag_decorator.py took 0.405 seconds
[2023-06-21T03:07:09.672+0000] {processor.py:157} INFO - Started process (PID=681) to work on /home/airflow/.local/lib/python3.7/site-packages/airflow/example_dags/example_dag_decorator.py
[2023-06-21T03:07:09.676+0000] {processor.py:826} INFO - Processing file /home/airflow/.local/lib/python3.7/site-packages/airflow/example_dags/example_dag_decorator.py for tasks to queue
[2023-06-21T03:07:09.681+0000] {logging_mixin.py:149} INFO - [2023-06-21T03:07:09.680+0000] {dagbag.py:541} INFO - Filling up the DagBag from /home/airflow/.local/lib/python3.7/site-packages/airflow/example_dags/example_dag_decorator.py
[2023-06-21T03:07:09.744+0000] {processor.py:836} INFO - DAG(s) dict_keys(['example_dag_decorator']) retrieved from /home/airflow/.local/lib/python3.7/site-packages/airflow/example_dags/example_dag_decorator.py
[2023-06-21T03:07:10.144+0000] {logging_mixin.py:149} INFO - [2023-06-21T03:07:10.144+0000] {dag.py:2726} INFO - Sync 1 DAGs
[2023-06-21T03:07:10.203+0000] {logging_mixin.py:149} INFO - [2023-06-21T03:07:10.202+0000] {dag.py:3490} INFO - Setting next_dagrun for example_dag_decorator to None, run_after=None
[2023-06-21T03:07:10.261+0000] {processor.py:179} INFO - Processing /home/airflow/.local/lib/python3.7/site-packages/airflow/example_dags/example_dag_decorator.py took 0.598 seconds
[2023-06-21T03:07:40.723+0000] {processor.py:157} INFO - Started process (PID=740) to work on /home/airflow/.local/lib/python3.7/site-packages/airflow/example_dags/example_dag_decorator.py
[2023-06-21T03:07:40.726+0000] {processor.py:826} INFO - Processing file /home/airflow/.local/lib/python3.7/site-packages/airflow/example_dags/example_dag_decorator.py for tasks to queue
[2023-06-21T03:07:40.729+0000] {logging_mixin.py:149} INFO - [2023-06-21T03:07:40.729+0000] {dagbag.py:541} INFO - Filling up the DagBag from /home/airflow/.local/lib/python3.7/site-packages/airflow/example_dags/example_dag_decorator.py
[2023-06-21T03:07:40.770+0000] {processor.py:836} INFO - DAG(s) dict_keys(['example_dag_decorator']) retrieved from /home/airflow/.local/lib/python3.7/site-packages/airflow/example_dags/example_dag_decorator.py
[2023-06-21T03:07:41.192+0000] {logging_mixin.py:149} INFO - [2023-06-21T03:07:41.192+0000] {dag.py:2726} INFO - Sync 1 DAGs
[2023-06-21T03:07:41.254+0000] {logging_mixin.py:149} INFO - [2023-06-21T03:07:41.254+0000] {dag.py:3490} INFO - Setting next_dagrun for example_dag_decorator to None, run_after=None
[2023-06-21T03:07:41.325+0000] {processor.py:179} INFO - Processing /home/airflow/.local/lib/python3.7/site-packages/airflow/example_dags/example_dag_decorator.py took 0.611 seconds
[2023-06-21T03:08:11.688+0000] {processor.py:157} INFO - Started process (PID=799) to work on /home/airflow/.local/lib/python3.7/site-packages/airflow/example_dags/example_dag_decorator.py
[2023-06-21T03:08:11.691+0000] {processor.py:826} INFO - Processing file /home/airflow/.local/lib/python3.7/site-packages/airflow/example_dags/example_dag_decorator.py for tasks to queue
[2023-06-21T03:08:11.697+0000] {logging_mixin.py:149} INFO - [2023-06-21T03:08:11.696+0000] {dagbag.py:541} INFO - Filling up the DagBag from /home/airflow/.local/lib/python3.7/site-packages/airflow/example_dags/example_dag_decorator.py
[2023-06-21T03:08:11.760+0000] {processor.py:836} INFO - DAG(s) dict_keys(['example_dag_decorator']) retrieved from /home/airflow/.local/lib/python3.7/site-packages/airflow/example_dags/example_dag_decorator.py
[2023-06-21T03:08:12.049+0000] {logging_mixin.py:149} INFO - [2023-06-21T03:08:12.048+0000] {dag.py:2726} INFO - Sync 1 DAGs
[2023-06-21T03:08:12.089+0000] {logging_mixin.py:149} INFO - [2023-06-21T03:08:12.089+0000] {dag.py:3490} INFO - Setting next_dagrun for example_dag_decorator to None, run_after=None
[2023-06-21T03:08:12.140+0000] {processor.py:179} INFO - Processing /home/airflow/.local/lib/python3.7/site-packages/airflow/example_dags/example_dag_decorator.py took 0.469 seconds
[2023-06-21T03:08:42.822+0000] {processor.py:157} INFO - Started process (PID=856) to work on /home/airflow/.local/lib/python3.7/site-packages/airflow/example_dags/example_dag_decorator.py
[2023-06-21T03:08:42.830+0000] {processor.py:826} INFO - Processing file /home/airflow/.local/lib/python3.7/site-packages/airflow/example_dags/example_dag_decorator.py for tasks to queue
[2023-06-21T03:08:42.843+0000] {logging_mixin.py:149} INFO - [2023-06-21T03:08:42.842+0000] {dagbag.py:541} INFO - Filling up the DagBag from /home/airflow/.local/lib/python3.7/site-packages/airflow/example_dags/example_dag_decorator.py
[2023-06-21T03:08:43.032+0000] {processor.py:836} INFO - DAG(s) dict_keys(['example_dag_decorator']) retrieved from /home/airflow/.local/lib/python3.7/site-packages/airflow/example_dags/example_dag_decorator.py
[2023-06-21T03:08:43.417+0000] {logging_mixin.py:149} INFO - [2023-06-21T03:08:43.417+0000] {dag.py:2726} INFO - Sync 1 DAGs
[2023-06-21T03:08:43.459+0000] {logging_mixin.py:149} INFO - [2023-06-21T03:08:43.459+0000] {dag.py:3490} INFO - Setting next_dagrun for example_dag_decorator to None, run_after=None
[2023-06-21T03:08:43.508+0000] {processor.py:179} INFO - Processing /home/airflow/.local/lib/python3.7/site-packages/airflow/example_dags/example_dag_decorator.py took 0.704 seconds
[2023-06-21T03:09:14.328+0000] {processor.py:157} INFO - Started process (PID=915) to work on /home/airflow/.local/lib/python3.7/site-packages/airflow/example_dags/example_dag_decorator.py
[2023-06-21T03:09:14.332+0000] {processor.py:826} INFO - Processing file /home/airflow/.local/lib/python3.7/site-packages/airflow/example_dags/example_dag_decorator.py for tasks to queue
[2023-06-21T03:09:14.335+0000] {logging_mixin.py:149} INFO - [2023-06-21T03:09:14.335+0000] {dagbag.py:541} INFO - Filling up the DagBag from /home/airflow/.local/lib/python3.7/site-packages/airflow/example_dags/example_dag_decorator.py
[2023-06-21T03:09:14.372+0000] {processor.py:836} INFO - DAG(s) dict_keys(['example_dag_decorator']) retrieved from /home/airflow/.local/lib/python3.7/site-packages/airflow/example_dags/example_dag_decorator.py
[2023-06-21T03:09:14.719+0000] {logging_mixin.py:149} INFO - [2023-06-21T03:09:14.719+0000] {dag.py:2726} INFO - Sync 1 DAGs
[2023-06-21T03:09:14.760+0000] {logging_mixin.py:149} INFO - [2023-06-21T03:09:14.760+0000] {dag.py:3490} INFO - Setting next_dagrun for example_dag_decorator to None, run_after=None
[2023-06-21T03:09:14.810+0000] {processor.py:179} INFO - Processing /home/airflow/.local/lib/python3.7/site-packages/airflow/example_dags/example_dag_decorator.py took 0.490 seconds
[2023-06-21T03:09:45.370+0000] {processor.py:157} INFO - Started process (PID=972) to work on /home/airflow/.local/lib/python3.7/site-packages/airflow/example_dags/example_dag_decorator.py
[2023-06-21T03:09:45.372+0000] {processor.py:826} INFO - Processing file /home/airflow/.local/lib/python3.7/site-packages/airflow/example_dags/example_dag_decorator.py for tasks to queue
[2023-06-21T03:09:45.374+0000] {logging_mixin.py:149} INFO - [2023-06-21T03:09:45.374+0000] {dagbag.py:541} INFO - Filling up the DagBag from /home/airflow/.local/lib/python3.7/site-packages/airflow/example_dags/example_dag_decorator.py
[2023-06-21T03:09:45.401+0000] {processor.py:836} INFO - DAG(s) dict_keys(['example_dag_decorator']) retrieved from /home/airflow/.local/lib/python3.7/site-packages/airflow/example_dags/example_dag_decorator.py
[2023-06-21T03:09:45.641+0000] {logging_mixin.py:149} INFO - [2023-06-21T03:09:45.640+0000] {dag.py:2726} INFO - Sync 1 DAGs
[2023-06-21T03:09:45.702+0000] {logging_mixin.py:149} INFO - [2023-06-21T03:09:45.701+0000] {dag.py:3490} INFO - Setting next_dagrun for example_dag_decorator to None, run_after=None
[2023-06-21T03:09:45.746+0000] {processor.py:179} INFO - Processing /home/airflow/.local/lib/python3.7/site-packages/airflow/example_dags/example_dag_decorator.py took 0.382 seconds
