[2023-06-21T02:52:41.527+0000] {processor.py:157} INFO - Started process (PID=80) to work on /home/airflow/.local/lib/python3.7/site-packages/airflow/example_dags/example_skip_dag.py
[2023-06-21T02:52:41.536+0000] {processor.py:826} INFO - Processing file /home/airflow/.local/lib/python3.7/site-packages/airflow/example_dags/example_skip_dag.py for tasks to queue
[2023-06-21T02:52:41.545+0000] {logging_mixin.py:149} INFO - [2023-06-21T02:52:41.544+0000] {dagbag.py:541} INFO - Filling up the DagBag from /home/airflow/.local/lib/python3.7/site-packages/airflow/example_dags/example_skip_dag.py
[2023-06-21T02:52:41.585+0000] {processor.py:836} INFO - DAG(s) dict_keys(['example_skip_dag']) retrieved from /home/airflow/.local/lib/python3.7/site-packages/airflow/example_dags/example_skip_dag.py
[2023-06-21T02:52:41.774+0000] {logging_mixin.py:149} INFO - [2023-06-21T02:52:41.774+0000] {dag.py:2726} INFO - Sync 1 DAGs
[2023-06-21T02:52:42.080+0000] {logging_mixin.py:149} INFO - [2023-06-21T02:52:42.080+0000] {dag.py:3490} INFO - Setting next_dagrun for example_skip_dag to 2023-06-20T02:52:42.079027+00:00, run_after=2023-06-21T02:52:42.079027+00:00
[2023-06-21T02:52:42.168+0000] {processor.py:179} INFO - Processing /home/airflow/.local/lib/python3.7/site-packages/airflow/example_dags/example_skip_dag.py took 0.659 seconds
[2023-06-21T02:53:18.246+0000] {processor.py:157} INFO - Started process (PID=136) to work on /home/airflow/.local/lib/python3.7/site-packages/airflow/example_dags/example_skip_dag.py
[2023-06-21T02:53:18.250+0000] {processor.py:826} INFO - Processing file /home/airflow/.local/lib/python3.7/site-packages/airflow/example_dags/example_skip_dag.py for tasks to queue
[2023-06-21T02:53:18.253+0000] {logging_mixin.py:149} INFO - [2023-06-21T02:53:18.253+0000] {dagbag.py:541} INFO - Filling up the DagBag from /home/airflow/.local/lib/python3.7/site-packages/airflow/example_dags/example_skip_dag.py
[2023-06-21T02:53:18.273+0000] {processor.py:836} INFO - DAG(s) dict_keys(['example_skip_dag']) retrieved from /home/airflow/.local/lib/python3.7/site-packages/airflow/example_dags/example_skip_dag.py
[2023-06-21T02:53:18.334+0000] {logging_mixin.py:149} INFO - [2023-06-21T02:53:18.333+0000] {dag.py:2726} INFO - Sync 1 DAGs
[2023-06-21T02:53:18.398+0000] {logging_mixin.py:149} INFO - [2023-06-21T02:53:18.398+0000] {dag.py:3490} INFO - Setting next_dagrun for example_skip_dag to 2023-06-20T02:53:18.397893+00:00, run_after=2023-06-21T02:53:18.397893+00:00
[2023-06-21T02:53:18.454+0000] {processor.py:179} INFO - Processing /home/airflow/.local/lib/python3.7/site-packages/airflow/example_dags/example_skip_dag.py took 0.216 seconds
[2023-06-21T02:53:48.648+0000] {processor.py:157} INFO - Started process (PID=193) to work on /home/airflow/.local/lib/python3.7/site-packages/airflow/example_dags/example_skip_dag.py
[2023-06-21T02:53:48.652+0000] {processor.py:826} INFO - Processing file /home/airflow/.local/lib/python3.7/site-packages/airflow/example_dags/example_skip_dag.py for tasks to queue
[2023-06-21T02:53:48.654+0000] {logging_mixin.py:149} INFO - [2023-06-21T02:53:48.654+0000] {dagbag.py:541} INFO - Filling up the DagBag from /home/airflow/.local/lib/python3.7/site-packages/airflow/example_dags/example_skip_dag.py
[2023-06-21T02:53:48.670+0000] {processor.py:836} INFO - DAG(s) dict_keys(['example_skip_dag']) retrieved from /home/airflow/.local/lib/python3.7/site-packages/airflow/example_dags/example_skip_dag.py
[2023-06-21T02:53:48.724+0000] {logging_mixin.py:149} INFO - [2023-06-21T02:53:48.724+0000] {dag.py:2726} INFO - Sync 1 DAGs
[2023-06-21T02:53:48.768+0000] {logging_mixin.py:149} INFO - [2023-06-21T02:53:48.768+0000] {dag.py:3490} INFO - Setting next_dagrun for example_skip_dag to 2023-06-20T02:53:48.767862+00:00, run_after=2023-06-21T02:53:48.767862+00:00
[2023-06-21T02:53:48.815+0000] {processor.py:179} INFO - Processing /home/airflow/.local/lib/python3.7/site-packages/airflow/example_dags/example_skip_dag.py took 0.176 seconds
[2023-06-21T02:54:19.081+0000] {processor.py:157} INFO - Started process (PID=250) to work on /home/airflow/.local/lib/python3.7/site-packages/airflow/example_dags/example_skip_dag.py
[2023-06-21T02:54:19.086+0000] {processor.py:826} INFO - Processing file /home/airflow/.local/lib/python3.7/site-packages/airflow/example_dags/example_skip_dag.py for tasks to queue
[2023-06-21T02:54:19.089+0000] {logging_mixin.py:149} INFO - [2023-06-21T02:54:19.089+0000] {dagbag.py:541} INFO - Filling up the DagBag from /home/airflow/.local/lib/python3.7/site-packages/airflow/example_dags/example_skip_dag.py
[2023-06-21T02:54:19.110+0000] {processor.py:836} INFO - DAG(s) dict_keys(['example_skip_dag']) retrieved from /home/airflow/.local/lib/python3.7/site-packages/airflow/example_dags/example_skip_dag.py
[2023-06-21T02:54:19.166+0000] {logging_mixin.py:149} INFO - [2023-06-21T02:54:19.165+0000] {dag.py:2726} INFO - Sync 1 DAGs
[2023-06-21T02:54:19.214+0000] {logging_mixin.py:149} INFO - [2023-06-21T02:54:19.213+0000] {dag.py:3490} INFO - Setting next_dagrun for example_skip_dag to 2023-06-20T02:54:19.213433+00:00, run_after=2023-06-21T02:54:19.213433+00:00
[2023-06-21T02:54:19.253+0000] {processor.py:179} INFO - Processing /home/airflow/.local/lib/python3.7/site-packages/airflow/example_dags/example_skip_dag.py took 0.180 seconds
[2023-06-21T02:54:49.898+0000] {processor.py:157} INFO - Started process (PID=307) to work on /home/airflow/.local/lib/python3.7/site-packages/airflow/example_dags/example_skip_dag.py
[2023-06-21T02:54:49.901+0000] {processor.py:826} INFO - Processing file /home/airflow/.local/lib/python3.7/site-packages/airflow/example_dags/example_skip_dag.py for tasks to queue
[2023-06-21T02:54:49.909+0000] {logging_mixin.py:149} INFO - [2023-06-21T02:54:49.907+0000] {dagbag.py:541} INFO - Filling up the DagBag from /home/airflow/.local/lib/python3.7/site-packages/airflow/example_dags/example_skip_dag.py
[2023-06-21T02:54:49.946+0000] {processor.py:836} INFO - DAG(s) dict_keys(['example_skip_dag']) retrieved from /home/airflow/.local/lib/python3.7/site-packages/airflow/example_dags/example_skip_dag.py
[2023-06-21T02:54:50.017+0000] {logging_mixin.py:149} INFO - [2023-06-21T02:54:50.016+0000] {dag.py:2726} INFO - Sync 1 DAGs
[2023-06-21T02:54:50.079+0000] {logging_mixin.py:149} INFO - [2023-06-21T02:54:50.078+0000] {dag.py:3490} INFO - Setting next_dagrun for example_skip_dag to 2023-06-20T02:54:50.078332+00:00, run_after=2023-06-21T02:54:50.078332+00:00
[2023-06-21T02:54:50.116+0000] {processor.py:179} INFO - Processing /home/airflow/.local/lib/python3.7/site-packages/airflow/example_dags/example_skip_dag.py took 0.226 seconds
[2023-06-21T02:55:21.694+0000] {processor.py:157} INFO - Started process (PID=364) to work on /home/airflow/.local/lib/python3.7/site-packages/airflow/example_dags/example_skip_dag.py
[2023-06-21T02:55:21.698+0000] {processor.py:826} INFO - Processing file /home/airflow/.local/lib/python3.7/site-packages/airflow/example_dags/example_skip_dag.py for tasks to queue
[2023-06-21T02:55:21.700+0000] {logging_mixin.py:149} INFO - [2023-06-21T02:55:21.700+0000] {dagbag.py:541} INFO - Filling up the DagBag from /home/airflow/.local/lib/python3.7/site-packages/airflow/example_dags/example_skip_dag.py
[2023-06-21T02:55:21.714+0000] {processor.py:836} INFO - DAG(s) dict_keys(['example_skip_dag']) retrieved from /home/airflow/.local/lib/python3.7/site-packages/airflow/example_dags/example_skip_dag.py
[2023-06-21T02:55:21.770+0000] {logging_mixin.py:149} INFO - [2023-06-21T02:55:21.770+0000] {dag.py:2726} INFO - Sync 1 DAGs
[2023-06-21T02:55:21.823+0000] {logging_mixin.py:149} INFO - [2023-06-21T02:55:21.823+0000] {dag.py:3490} INFO - Setting next_dagrun for example_skip_dag to 2023-06-20T02:55:21.822651+00:00, run_after=2023-06-21T02:55:21.822651+00:00
[2023-06-21T02:55:21.867+0000] {processor.py:179} INFO - Processing /home/airflow/.local/lib/python3.7/site-packages/airflow/example_dags/example_skip_dag.py took 0.181 seconds
[2023-06-21T02:55:53.026+0000] {processor.py:157} INFO - Started process (PID=422) to work on /home/airflow/.local/lib/python3.7/site-packages/airflow/example_dags/example_skip_dag.py
[2023-06-21T02:55:53.031+0000] {processor.py:826} INFO - Processing file /home/airflow/.local/lib/python3.7/site-packages/airflow/example_dags/example_skip_dag.py for tasks to queue
[2023-06-21T02:55:53.034+0000] {logging_mixin.py:149} INFO - [2023-06-21T02:55:53.034+0000] {dagbag.py:541} INFO - Filling up the DagBag from /home/airflow/.local/lib/python3.7/site-packages/airflow/example_dags/example_skip_dag.py
[2023-06-21T02:55:53.054+0000] {processor.py:836} INFO - DAG(s) dict_keys(['example_skip_dag']) retrieved from /home/airflow/.local/lib/python3.7/site-packages/airflow/example_dags/example_skip_dag.py
[2023-06-21T02:55:53.120+0000] {logging_mixin.py:149} INFO - [2023-06-21T02:55:53.120+0000] {dag.py:2726} INFO - Sync 1 DAGs
[2023-06-21T02:55:53.165+0000] {logging_mixin.py:149} INFO - [2023-06-21T02:55:53.165+0000] {dag.py:3490} INFO - Setting next_dagrun for example_skip_dag to 2023-06-20T02:55:53.164501+00:00, run_after=2023-06-21T02:55:53.164501+00:00
[2023-06-21T02:55:53.215+0000] {processor.py:179} INFO - Processing /home/airflow/.local/lib/python3.7/site-packages/airflow/example_dags/example_skip_dag.py took 0.201 seconds
[2023-06-21T03:05:33.993+0000] {processor.py:157} INFO - Started process (PID=498) to work on /home/airflow/.local/lib/python3.7/site-packages/airflow/example_dags/example_skip_dag.py
[2023-06-21T03:05:33.998+0000] {processor.py:826} INFO - Processing file /home/airflow/.local/lib/python3.7/site-packages/airflow/example_dags/example_skip_dag.py for tasks to queue
[2023-06-21T03:05:34.008+0000] {logging_mixin.py:149} INFO - [2023-06-21T03:05:34.007+0000] {dagbag.py:541} INFO - Filling up the DagBag from /home/airflow/.local/lib/python3.7/site-packages/airflow/example_dags/example_skip_dag.py
[2023-06-21T03:05:34.037+0000] {processor.py:836} INFO - DAG(s) dict_keys(['example_skip_dag']) retrieved from /home/airflow/.local/lib/python3.7/site-packages/airflow/example_dags/example_skip_dag.py
[2023-06-21T03:05:34.117+0000] {logging_mixin.py:149} INFO - [2023-06-21T03:05:34.117+0000] {dag.py:2726} INFO - Sync 1 DAGs
[2023-06-21T03:05:34.253+0000] {logging_mixin.py:149} INFO - [2023-06-21T03:05:34.253+0000] {dag.py:3490} INFO - Setting next_dagrun for example_skip_dag to 2023-06-20T03:05:34.252140+00:00, run_after=2023-06-21T03:05:34.252140+00:00
[2023-06-21T03:05:34.385+0000] {processor.py:179} INFO - Processing /home/airflow/.local/lib/python3.7/site-packages/airflow/example_dags/example_skip_dag.py took 0.405 seconds
[2023-06-21T03:06:05.236+0000] {processor.py:157} INFO - Started process (PID=554) to work on /home/airflow/.local/lib/python3.7/site-packages/airflow/example_dags/example_skip_dag.py
[2023-06-21T03:06:05.240+0000] {processor.py:826} INFO - Processing file /home/airflow/.local/lib/python3.7/site-packages/airflow/example_dags/example_skip_dag.py for tasks to queue
[2023-06-21T03:06:05.243+0000] {logging_mixin.py:149} INFO - [2023-06-21T03:06:05.243+0000] {dagbag.py:541} INFO - Filling up the DagBag from /home/airflow/.local/lib/python3.7/site-packages/airflow/example_dags/example_skip_dag.py
[2023-06-21T03:06:05.260+0000] {processor.py:836} INFO - DAG(s) dict_keys(['example_skip_dag']) retrieved from /home/airflow/.local/lib/python3.7/site-packages/airflow/example_dags/example_skip_dag.py
[2023-06-21T03:06:05.318+0000] {logging_mixin.py:149} INFO - [2023-06-21T03:06:05.318+0000] {dag.py:2726} INFO - Sync 1 DAGs
[2023-06-21T03:06:05.375+0000] {logging_mixin.py:149} INFO - [2023-06-21T03:06:05.374+0000] {dag.py:3490} INFO - Setting next_dagrun for example_skip_dag to 2023-06-20T03:06:05.373759+00:00, run_after=2023-06-21T03:06:05.373759+00:00
[2023-06-21T03:06:05.445+0000] {processor.py:179} INFO - Processing /home/airflow/.local/lib/python3.7/site-packages/airflow/example_dags/example_skip_dag.py took 0.217 seconds
[2023-06-21T03:06:37.036+0000] {processor.py:157} INFO - Started process (PID=611) to work on /home/airflow/.local/lib/python3.7/site-packages/airflow/example_dags/example_skip_dag.py
[2023-06-21T03:06:37.040+0000] {processor.py:826} INFO - Processing file /home/airflow/.local/lib/python3.7/site-packages/airflow/example_dags/example_skip_dag.py for tasks to queue
[2023-06-21T03:06:37.044+0000] {logging_mixin.py:149} INFO - [2023-06-21T03:06:37.044+0000] {dagbag.py:541} INFO - Filling up the DagBag from /home/airflow/.local/lib/python3.7/site-packages/airflow/example_dags/example_skip_dag.py
[2023-06-21T03:06:37.065+0000] {processor.py:836} INFO - DAG(s) dict_keys(['example_skip_dag']) retrieved from /home/airflow/.local/lib/python3.7/site-packages/airflow/example_dags/example_skip_dag.py
[2023-06-21T03:06:37.129+0000] {logging_mixin.py:149} INFO - [2023-06-21T03:06:37.128+0000] {dag.py:2726} INFO - Sync 1 DAGs
[2023-06-21T03:06:37.190+0000] {logging_mixin.py:149} INFO - [2023-06-21T03:06:37.190+0000] {dag.py:3490} INFO - Setting next_dagrun for example_skip_dag to 2023-06-20T03:06:37.189236+00:00, run_after=2023-06-21T03:06:37.189236+00:00
[2023-06-21T03:06:37.245+0000] {processor.py:179} INFO - Processing /home/airflow/.local/lib/python3.7/site-packages/airflow/example_dags/example_skip_dag.py took 0.217 seconds
[2023-06-21T03:07:07.595+0000] {processor.py:157} INFO - Started process (PID=669) to work on /home/airflow/.local/lib/python3.7/site-packages/airflow/example_dags/example_skip_dag.py
[2023-06-21T03:07:07.599+0000] {processor.py:826} INFO - Processing file /home/airflow/.local/lib/python3.7/site-packages/airflow/example_dags/example_skip_dag.py for tasks to queue
[2023-06-21T03:07:07.602+0000] {logging_mixin.py:149} INFO - [2023-06-21T03:07:07.602+0000] {dagbag.py:541} INFO - Filling up the DagBag from /home/airflow/.local/lib/python3.7/site-packages/airflow/example_dags/example_skip_dag.py
[2023-06-21T03:07:07.622+0000] {processor.py:836} INFO - DAG(s) dict_keys(['example_skip_dag']) retrieved from /home/airflow/.local/lib/python3.7/site-packages/airflow/example_dags/example_skip_dag.py
[2023-06-21T03:07:07.695+0000] {logging_mixin.py:149} INFO - [2023-06-21T03:07:07.694+0000] {dag.py:2726} INFO - Sync 1 DAGs
[2023-06-21T03:07:07.746+0000] {logging_mixin.py:149} INFO - [2023-06-21T03:07:07.746+0000] {dag.py:3490} INFO - Setting next_dagrun for example_skip_dag to 2023-06-20T03:07:07.745935+00:00, run_after=2023-06-21T03:07:07.745935+00:00
[2023-06-21T03:07:07.788+0000] {processor.py:179} INFO - Processing /home/airflow/.local/lib/python3.7/site-packages/airflow/example_dags/example_skip_dag.py took 0.200 seconds
[2023-06-21T03:07:38.736+0000] {processor.py:157} INFO - Started process (PID=726) to work on /home/airflow/.local/lib/python3.7/site-packages/airflow/example_dags/example_skip_dag.py
[2023-06-21T03:07:38.740+0000] {processor.py:826} INFO - Processing file /home/airflow/.local/lib/python3.7/site-packages/airflow/example_dags/example_skip_dag.py for tasks to queue
[2023-06-21T03:07:38.743+0000] {logging_mixin.py:149} INFO - [2023-06-21T03:07:38.743+0000] {dagbag.py:541} INFO - Filling up the DagBag from /home/airflow/.local/lib/python3.7/site-packages/airflow/example_dags/example_skip_dag.py
[2023-06-21T03:07:38.770+0000] {processor.py:836} INFO - DAG(s) dict_keys(['example_skip_dag']) retrieved from /home/airflow/.local/lib/python3.7/site-packages/airflow/example_dags/example_skip_dag.py
[2023-06-21T03:07:38.844+0000] {logging_mixin.py:149} INFO - [2023-06-21T03:07:38.844+0000] {dag.py:2726} INFO - Sync 1 DAGs
[2023-06-21T03:07:38.899+0000] {logging_mixin.py:149} INFO - [2023-06-21T03:07:38.899+0000] {dag.py:3490} INFO - Setting next_dagrun for example_skip_dag to 2023-06-20T03:07:38.897470+00:00, run_after=2023-06-21T03:07:38.897470+00:00
[2023-06-21T03:07:38.948+0000] {processor.py:179} INFO - Processing /home/airflow/.local/lib/python3.7/site-packages/airflow/example_dags/example_skip_dag.py took 0.227 seconds
[2023-06-21T03:08:09.352+0000] {processor.py:157} INFO - Started process (PID=783) to work on /home/airflow/.local/lib/python3.7/site-packages/airflow/example_dags/example_skip_dag.py
[2023-06-21T03:08:09.355+0000] {processor.py:826} INFO - Processing file /home/airflow/.local/lib/python3.7/site-packages/airflow/example_dags/example_skip_dag.py for tasks to queue
[2023-06-21T03:08:09.360+0000] {logging_mixin.py:149} INFO - [2023-06-21T03:08:09.359+0000] {dagbag.py:541} INFO - Filling up the DagBag from /home/airflow/.local/lib/python3.7/site-packages/airflow/example_dags/example_skip_dag.py
[2023-06-21T03:08:09.378+0000] {processor.py:836} INFO - DAG(s) dict_keys(['example_skip_dag']) retrieved from /home/airflow/.local/lib/python3.7/site-packages/airflow/example_dags/example_skip_dag.py
[2023-06-21T03:08:09.448+0000] {logging_mixin.py:149} INFO - [2023-06-21T03:08:09.448+0000] {dag.py:2726} INFO - Sync 1 DAGs
[2023-06-21T03:08:09.516+0000] {logging_mixin.py:149} INFO - [2023-06-21T03:08:09.516+0000] {dag.py:3490} INFO - Setting next_dagrun for example_skip_dag to 2023-06-20T03:08:09.515516+00:00, run_after=2023-06-21T03:08:09.515516+00:00
[2023-06-21T03:08:09.566+0000] {processor.py:179} INFO - Processing /home/airflow/.local/lib/python3.7/site-packages/airflow/example_dags/example_skip_dag.py took 0.223 seconds
[2023-06-21T03:08:40.054+0000] {processor.py:157} INFO - Started process (PID=840) to work on /home/airflow/.local/lib/python3.7/site-packages/airflow/example_dags/example_skip_dag.py
[2023-06-21T03:08:40.058+0000] {processor.py:826} INFO - Processing file /home/airflow/.local/lib/python3.7/site-packages/airflow/example_dags/example_skip_dag.py for tasks to queue
[2023-06-21T03:08:40.062+0000] {logging_mixin.py:149} INFO - [2023-06-21T03:08:40.062+0000] {dagbag.py:541} INFO - Filling up the DagBag from /home/airflow/.local/lib/python3.7/site-packages/airflow/example_dags/example_skip_dag.py
[2023-06-21T03:08:40.081+0000] {processor.py:836} INFO - DAG(s) dict_keys(['example_skip_dag']) retrieved from /home/airflow/.local/lib/python3.7/site-packages/airflow/example_dags/example_skip_dag.py
[2023-06-21T03:08:40.137+0000] {logging_mixin.py:149} INFO - [2023-06-21T03:08:40.137+0000] {dag.py:2726} INFO - Sync 1 DAGs
[2023-06-21T03:08:40.185+0000] {logging_mixin.py:149} INFO - [2023-06-21T03:08:40.185+0000] {dag.py:3490} INFO - Setting next_dagrun for example_skip_dag to 2023-06-20T03:08:40.184727+00:00, run_after=2023-06-21T03:08:40.184727+00:00
[2023-06-21T03:08:40.232+0000] {processor.py:179} INFO - Processing /home/airflow/.local/lib/python3.7/site-packages/airflow/example_dags/example_skip_dag.py took 0.186 seconds
[2023-06-21T03:09:10.494+0000] {processor.py:157} INFO - Started process (PID=898) to work on /home/airflow/.local/lib/python3.7/site-packages/airflow/example_dags/example_skip_dag.py
[2023-06-21T03:09:10.498+0000] {processor.py:826} INFO - Processing file /home/airflow/.local/lib/python3.7/site-packages/airflow/example_dags/example_skip_dag.py for tasks to queue
[2023-06-21T03:09:10.502+0000] {logging_mixin.py:149} INFO - [2023-06-21T03:09:10.502+0000] {dagbag.py:541} INFO - Filling up the DagBag from /home/airflow/.local/lib/python3.7/site-packages/airflow/example_dags/example_skip_dag.py
[2023-06-21T03:09:10.519+0000] {processor.py:836} INFO - DAG(s) dict_keys(['example_skip_dag']) retrieved from /home/airflow/.local/lib/python3.7/site-packages/airflow/example_dags/example_skip_dag.py
[2023-06-21T03:09:10.573+0000] {logging_mixin.py:149} INFO - [2023-06-21T03:09:10.573+0000] {dag.py:2726} INFO - Sync 1 DAGs
[2023-06-21T03:09:10.619+0000] {logging_mixin.py:149} INFO - [2023-06-21T03:09:10.619+0000] {dag.py:3490} INFO - Setting next_dagrun for example_skip_dag to 2023-06-20T03:09:10.618241+00:00, run_after=2023-06-21T03:09:10.618241+00:00
[2023-06-21T03:09:10.655+0000] {processor.py:179} INFO - Processing /home/airflow/.local/lib/python3.7/site-packages/airflow/example_dags/example_skip_dag.py took 0.171 seconds
[2023-06-21T03:09:41.567+0000] {processor.py:157} INFO - Started process (PID=955) to work on /home/airflow/.local/lib/python3.7/site-packages/airflow/example_dags/example_skip_dag.py
[2023-06-21T03:09:41.570+0000] {processor.py:826} INFO - Processing file /home/airflow/.local/lib/python3.7/site-packages/airflow/example_dags/example_skip_dag.py for tasks to queue
[2023-06-21T03:09:41.575+0000] {logging_mixin.py:149} INFO - [2023-06-21T03:09:41.574+0000] {dagbag.py:541} INFO - Filling up the DagBag from /home/airflow/.local/lib/python3.7/site-packages/airflow/example_dags/example_skip_dag.py
[2023-06-21T03:09:41.603+0000] {processor.py:836} INFO - DAG(s) dict_keys(['example_skip_dag']) retrieved from /home/airflow/.local/lib/python3.7/site-packages/airflow/example_dags/example_skip_dag.py
[2023-06-21T03:09:41.679+0000] {logging_mixin.py:149} INFO - [2023-06-21T03:09:41.679+0000] {dag.py:2726} INFO - Sync 1 DAGs
[2023-06-21T03:09:41.763+0000] {logging_mixin.py:149} INFO - [2023-06-21T03:09:41.763+0000] {dag.py:3490} INFO - Setting next_dagrun for example_skip_dag to 2023-06-20T03:09:41.762020+00:00, run_after=2023-06-21T03:09:41.762020+00:00
[2023-06-21T03:09:41.807+0000] {processor.py:179} INFO - Processing /home/airflow/.local/lib/python3.7/site-packages/airflow/example_dags/example_skip_dag.py took 0.253 seconds
