[2023-06-21T02:52:26.114+0000] {processor.py:157} INFO - Started process (PID=59) to work on /home/airflow/.local/lib/python3.7/site-packages/airflow/example_dags/example_latest_only_with_trigger.py
[2023-06-21T02:52:26.131+0000] {processor.py:826} INFO - Processing file /home/airflow/.local/lib/python3.7/site-packages/airflow/example_dags/example_latest_only_with_trigger.py for tasks to queue
[2023-06-21T02:52:26.139+0000] {logging_mixin.py:149} INFO - [2023-06-21T02:52:26.138+0000] {dagbag.py:541} INFO - Filling up the DagBag from /home/airflow/.local/lib/python3.7/site-packages/airflow/example_dags/example_latest_only_with_trigger.py
[2023-06-21T02:52:26.197+0000] {processor.py:836} INFO - DAG(s) dict_keys(['latest_only_with_trigger']) retrieved from /home/airflow/.local/lib/python3.7/site-packages/airflow/example_dags/example_latest_only_with_trigger.py
[2023-06-21T02:52:27.239+0000] {logging_mixin.py:149} INFO - [2023-06-21T02:52:27.239+0000] {dag.py:2726} INFO - Sync 1 DAGs
[2023-06-21T02:52:27.744+0000] {logging_mixin.py:149} INFO - [2023-06-21T02:52:27.744+0000] {dag.py:3490} INFO - Setting next_dagrun for latest_only_with_trigger to 2023-06-20T22:52:27.740374+00:00, run_after=2023-06-21T02:52:27.740374+00:00
[2023-06-21T02:52:28.017+0000] {processor.py:179} INFO - Processing /home/airflow/.local/lib/python3.7/site-packages/airflow/example_dags/example_latest_only_with_trigger.py took 1.929 seconds
[2023-06-21T02:53:14.690+0000] {processor.py:157} INFO - Started process (PID=122) to work on /home/airflow/.local/lib/python3.7/site-packages/airflow/example_dags/example_latest_only_with_trigger.py
[2023-06-21T02:53:14.695+0000] {processor.py:826} INFO - Processing file /home/airflow/.local/lib/python3.7/site-packages/airflow/example_dags/example_latest_only_with_trigger.py for tasks to queue
[2023-06-21T02:53:14.699+0000] {logging_mixin.py:149} INFO - [2023-06-21T02:53:14.699+0000] {dagbag.py:541} INFO - Filling up the DagBag from /home/airflow/.local/lib/python3.7/site-packages/airflow/example_dags/example_latest_only_with_trigger.py
[2023-06-21T02:53:14.745+0000] {processor.py:836} INFO - DAG(s) dict_keys(['latest_only_with_trigger']) retrieved from /home/airflow/.local/lib/python3.7/site-packages/airflow/example_dags/example_latest_only_with_trigger.py
[2023-06-21T02:53:15.030+0000] {logging_mixin.py:149} INFO - [2023-06-21T02:53:15.029+0000] {dag.py:2726} INFO - Sync 1 DAGs
[2023-06-21T02:53:15.187+0000] {logging_mixin.py:149} INFO - [2023-06-21T02:53:15.187+0000] {dag.py:3490} INFO - Setting next_dagrun for latest_only_with_trigger to 2023-06-20T22:53:15.186785+00:00, run_after=2023-06-21T02:53:15.186785+00:00
[2023-06-21T02:53:15.279+0000] {processor.py:179} INFO - Processing /home/airflow/.local/lib/python3.7/site-packages/airflow/example_dags/example_latest_only_with_trigger.py took 0.608 seconds
[2023-06-21T02:53:45.753+0000] {processor.py:157} INFO - Started process (PID=179) to work on /home/airflow/.local/lib/python3.7/site-packages/airflow/example_dags/example_latest_only_with_trigger.py
[2023-06-21T02:53:45.757+0000] {processor.py:826} INFO - Processing file /home/airflow/.local/lib/python3.7/site-packages/airflow/example_dags/example_latest_only_with_trigger.py for tasks to queue
[2023-06-21T02:53:45.760+0000] {logging_mixin.py:149} INFO - [2023-06-21T02:53:45.760+0000] {dagbag.py:541} INFO - Filling up the DagBag from /home/airflow/.local/lib/python3.7/site-packages/airflow/example_dags/example_latest_only_with_trigger.py
[2023-06-21T02:53:45.774+0000] {processor.py:836} INFO - DAG(s) dict_keys(['latest_only_with_trigger']) retrieved from /home/airflow/.local/lib/python3.7/site-packages/airflow/example_dags/example_latest_only_with_trigger.py
[2023-06-21T02:53:45.828+0000] {logging_mixin.py:149} INFO - [2023-06-21T02:53:45.828+0000] {dag.py:2726} INFO - Sync 1 DAGs
[2023-06-21T02:53:45.885+0000] {logging_mixin.py:149} INFO - [2023-06-21T02:53:45.885+0000] {dag.py:3490} INFO - Setting next_dagrun for latest_only_with_trigger to 2023-06-20T22:53:45.884721+00:00, run_after=2023-06-21T02:53:45.884721+00:00
[2023-06-21T02:53:45.928+0000] {processor.py:179} INFO - Processing /home/airflow/.local/lib/python3.7/site-packages/airflow/example_dags/example_latest_only_with_trigger.py took 0.184 seconds
[2023-06-21T02:54:16.255+0000] {processor.py:157} INFO - Started process (PID=236) to work on /home/airflow/.local/lib/python3.7/site-packages/airflow/example_dags/example_latest_only_with_trigger.py
[2023-06-21T02:54:16.258+0000] {processor.py:826} INFO - Processing file /home/airflow/.local/lib/python3.7/site-packages/airflow/example_dags/example_latest_only_with_trigger.py for tasks to queue
[2023-06-21T02:54:16.260+0000] {logging_mixin.py:149} INFO - [2023-06-21T02:54:16.260+0000] {dagbag.py:541} INFO - Filling up the DagBag from /home/airflow/.local/lib/python3.7/site-packages/airflow/example_dags/example_latest_only_with_trigger.py
[2023-06-21T02:54:16.274+0000] {processor.py:836} INFO - DAG(s) dict_keys(['latest_only_with_trigger']) retrieved from /home/airflow/.local/lib/python3.7/site-packages/airflow/example_dags/example_latest_only_with_trigger.py
[2023-06-21T02:54:16.321+0000] {logging_mixin.py:149} INFO - [2023-06-21T02:54:16.320+0000] {dag.py:2726} INFO - Sync 1 DAGs
[2023-06-21T02:54:16.361+0000] {logging_mixin.py:149} INFO - [2023-06-21T02:54:16.361+0000] {dag.py:3490} INFO - Setting next_dagrun for latest_only_with_trigger to 2023-06-20T22:54:16.360903+00:00, run_after=2023-06-21T02:54:16.360903+00:00
[2023-06-21T02:54:16.394+0000] {processor.py:179} INFO - Processing /home/airflow/.local/lib/python3.7/site-packages/airflow/example_dags/example_latest_only_with_trigger.py took 0.144 seconds
[2023-06-21T02:54:46.864+0000] {processor.py:157} INFO - Started process (PID=293) to work on /home/airflow/.local/lib/python3.7/site-packages/airflow/example_dags/example_latest_only_with_trigger.py
[2023-06-21T02:54:46.867+0000] {processor.py:826} INFO - Processing file /home/airflow/.local/lib/python3.7/site-packages/airflow/example_dags/example_latest_only_with_trigger.py for tasks to queue
[2023-06-21T02:54:46.870+0000] {logging_mixin.py:149} INFO - [2023-06-21T02:54:46.869+0000] {dagbag.py:541} INFO - Filling up the DagBag from /home/airflow/.local/lib/python3.7/site-packages/airflow/example_dags/example_latest_only_with_trigger.py
[2023-06-21T02:54:46.895+0000] {processor.py:836} INFO - DAG(s) dict_keys(['latest_only_with_trigger']) retrieved from /home/airflow/.local/lib/python3.7/site-packages/airflow/example_dags/example_latest_only_with_trigger.py
[2023-06-21T02:54:46.951+0000] {logging_mixin.py:149} INFO - [2023-06-21T02:54:46.951+0000] {dag.py:2726} INFO - Sync 1 DAGs
[2023-06-21T02:54:47.035+0000] {logging_mixin.py:149} INFO - [2023-06-21T02:54:47.035+0000] {dag.py:3490} INFO - Setting next_dagrun for latest_only_with_trigger to 2023-06-20T22:54:47.035074+00:00, run_after=2023-06-21T02:54:47.035074+00:00
[2023-06-21T02:54:47.072+0000] {processor.py:179} INFO - Processing /home/airflow/.local/lib/python3.7/site-packages/airflow/example_dags/example_latest_only_with_trigger.py took 0.220 seconds
[2023-06-21T02:55:18.234+0000] {processor.py:157} INFO - Started process (PID=345) to work on /home/airflow/.local/lib/python3.7/site-packages/airflow/example_dags/example_latest_only_with_trigger.py
[2023-06-21T02:55:18.247+0000] {processor.py:826} INFO - Processing file /home/airflow/.local/lib/python3.7/site-packages/airflow/example_dags/example_latest_only_with_trigger.py for tasks to queue
[2023-06-21T02:55:18.249+0000] {logging_mixin.py:149} INFO - [2023-06-21T02:55:18.249+0000] {dagbag.py:541} INFO - Filling up the DagBag from /home/airflow/.local/lib/python3.7/site-packages/airflow/example_dags/example_latest_only_with_trigger.py
[2023-06-21T02:55:18.273+0000] {processor.py:836} INFO - DAG(s) dict_keys(['latest_only_with_trigger']) retrieved from /home/airflow/.local/lib/python3.7/site-packages/airflow/example_dags/example_latest_only_with_trigger.py
[2023-06-21T02:55:18.322+0000] {logging_mixin.py:149} INFO - [2023-06-21T02:55:18.322+0000] {dag.py:2726} INFO - Sync 1 DAGs
[2023-06-21T02:55:18.383+0000] {logging_mixin.py:149} INFO - [2023-06-21T02:55:18.382+0000] {dag.py:3490} INFO - Setting next_dagrun for latest_only_with_trigger to 2023-06-20T22:55:18.382539+00:00, run_after=2023-06-21T02:55:18.382539+00:00
[2023-06-21T02:55:18.443+0000] {processor.py:179} INFO - Processing /home/airflow/.local/lib/python3.7/site-packages/airflow/example_dags/example_latest_only_with_trigger.py took 0.215 seconds
[2023-06-21T02:55:48.673+0000] {processor.py:157} INFO - Started process (PID=403) to work on /home/airflow/.local/lib/python3.7/site-packages/airflow/example_dags/example_latest_only_with_trigger.py
[2023-06-21T02:55:48.676+0000] {processor.py:826} INFO - Processing file /home/airflow/.local/lib/python3.7/site-packages/airflow/example_dags/example_latest_only_with_trigger.py for tasks to queue
[2023-06-21T02:55:48.678+0000] {logging_mixin.py:149} INFO - [2023-06-21T02:55:48.678+0000] {dagbag.py:541} INFO - Filling up the DagBag from /home/airflow/.local/lib/python3.7/site-packages/airflow/example_dags/example_latest_only_with_trigger.py
[2023-06-21T02:55:48.692+0000] {processor.py:836} INFO - DAG(s) dict_keys(['latest_only_with_trigger']) retrieved from /home/airflow/.local/lib/python3.7/site-packages/airflow/example_dags/example_latest_only_with_trigger.py
[2023-06-21T02:55:48.735+0000] {logging_mixin.py:149} INFO - [2023-06-21T02:55:48.734+0000] {dag.py:2726} INFO - Sync 1 DAGs
[2023-06-21T02:55:48.774+0000] {logging_mixin.py:149} INFO - [2023-06-21T02:55:48.774+0000] {dag.py:3490} INFO - Setting next_dagrun for latest_only_with_trigger to 2023-06-20T22:55:48.774138+00:00, run_after=2023-06-21T02:55:48.774138+00:00
[2023-06-21T02:55:48.805+0000] {processor.py:179} INFO - Processing /home/airflow/.local/lib/python3.7/site-packages/airflow/example_dags/example_latest_only_with_trigger.py took 0.140 seconds
[2023-06-21T02:56:19.771+0000] {processor.py:157} INFO - Started process (PID=460) to work on /home/airflow/.local/lib/python3.7/site-packages/airflow/example_dags/example_latest_only_with_trigger.py
[2023-06-21T02:56:19.781+0000] {processor.py:826} INFO - Processing file /home/airflow/.local/lib/python3.7/site-packages/airflow/example_dags/example_latest_only_with_trigger.py for tasks to queue
[2023-06-21T02:56:19.785+0000] {logging_mixin.py:149} INFO - [2023-06-21T02:56:19.784+0000] {dagbag.py:541} INFO - Filling up the DagBag from /home/airflow/.local/lib/python3.7/site-packages/airflow/example_dags/example_latest_only_with_trigger.py
[2023-06-21T02:56:19.810+0000] {processor.py:836} INFO - DAG(s) dict_keys(['latest_only_with_trigger']) retrieved from /home/airflow/.local/lib/python3.7/site-packages/airflow/example_dags/example_latest_only_with_trigger.py
[2023-06-21T02:56:19.865+0000] {logging_mixin.py:149} INFO - [2023-06-21T02:56:19.864+0000] {dag.py:2726} INFO - Sync 1 DAGs
[2023-06-21T02:56:19.914+0000] {logging_mixin.py:149} INFO - [2023-06-21T02:56:19.914+0000] {dag.py:3490} INFO - Setting next_dagrun for latest_only_with_trigger to 2023-06-20T22:56:19.913850+00:00, run_after=2023-06-21T02:56:19.913850+00:00
[2023-06-21T02:56:19.945+0000] {processor.py:179} INFO - Processing /home/airflow/.local/lib/python3.7/site-packages/airflow/example_dags/example_latest_only_with_trigger.py took 0.184 seconds
[2023-06-21T03:05:31.531+0000] {processor.py:157} INFO - Started process (PID=485) to work on /home/airflow/.local/lib/python3.7/site-packages/airflow/example_dags/example_latest_only_with_trigger.py
[2023-06-21T03:05:31.534+0000] {processor.py:826} INFO - Processing file /home/airflow/.local/lib/python3.7/site-packages/airflow/example_dags/example_latest_only_with_trigger.py for tasks to queue
[2023-06-21T03:05:31.536+0000] {logging_mixin.py:149} INFO - [2023-06-21T03:05:31.536+0000] {dagbag.py:541} INFO - Filling up the DagBag from /home/airflow/.local/lib/python3.7/site-packages/airflow/example_dags/example_latest_only_with_trigger.py
[2023-06-21T03:05:31.553+0000] {processor.py:836} INFO - DAG(s) dict_keys(['latest_only_with_trigger']) retrieved from /home/airflow/.local/lib/python3.7/site-packages/airflow/example_dags/example_latest_only_with_trigger.py
[2023-06-21T03:05:31.644+0000] {logging_mixin.py:149} INFO - [2023-06-21T03:05:31.644+0000] {dag.py:2726} INFO - Sync 1 DAGs
[2023-06-21T03:05:31.700+0000] {logging_mixin.py:149} INFO - [2023-06-21T03:05:31.700+0000] {dag.py:3490} INFO - Setting next_dagrun for latest_only_with_trigger to 2023-06-20T23:05:31.699880+00:00, run_after=2023-06-21T03:05:31.699880+00:00
[2023-06-21T03:05:31.750+0000] {processor.py:179} INFO - Processing /home/airflow/.local/lib/python3.7/site-packages/airflow/example_dags/example_latest_only_with_trigger.py took 0.226 seconds
[2023-06-21T03:06:03.156+0000] {processor.py:157} INFO - Started process (PID=541) to work on /home/airflow/.local/lib/python3.7/site-packages/airflow/example_dags/example_latest_only_with_trigger.py
[2023-06-21T03:06:03.161+0000] {processor.py:826} INFO - Processing file /home/airflow/.local/lib/python3.7/site-packages/airflow/example_dags/example_latest_only_with_trigger.py for tasks to queue
[2023-06-21T03:06:03.164+0000] {logging_mixin.py:149} INFO - [2023-06-21T03:06:03.164+0000] {dagbag.py:541} INFO - Filling up the DagBag from /home/airflow/.local/lib/python3.7/site-packages/airflow/example_dags/example_latest_only_with_trigger.py
[2023-06-21T03:06:03.195+0000] {processor.py:836} INFO - DAG(s) dict_keys(['latest_only_with_trigger']) retrieved from /home/airflow/.local/lib/python3.7/site-packages/airflow/example_dags/example_latest_only_with_trigger.py
[2023-06-21T03:06:03.244+0000] {logging_mixin.py:149} INFO - [2023-06-21T03:06:03.244+0000] {dag.py:2726} INFO - Sync 1 DAGs
[2023-06-21T03:06:03.304+0000] {logging_mixin.py:149} INFO - [2023-06-21T03:06:03.304+0000] {dag.py:3490} INFO - Setting next_dagrun for latest_only_with_trigger to 2023-06-20T23:06:03.303512+00:00, run_after=2023-06-21T03:06:03.303512+00:00
[2023-06-21T03:06:03.360+0000] {processor.py:179} INFO - Processing /home/airflow/.local/lib/python3.7/site-packages/airflow/example_dags/example_latest_only_with_trigger.py took 0.218 seconds
[2023-06-21T03:06:33.747+0000] {processor.py:157} INFO - Started process (PID=598) to work on /home/airflow/.local/lib/python3.7/site-packages/airflow/example_dags/example_latest_only_with_trigger.py
[2023-06-21T03:06:33.754+0000] {processor.py:826} INFO - Processing file /home/airflow/.local/lib/python3.7/site-packages/airflow/example_dags/example_latest_only_with_trigger.py for tasks to queue
[2023-06-21T03:06:33.758+0000] {logging_mixin.py:149} INFO - [2023-06-21T03:06:33.758+0000] {dagbag.py:541} INFO - Filling up the DagBag from /home/airflow/.local/lib/python3.7/site-packages/airflow/example_dags/example_latest_only_with_trigger.py
[2023-06-21T03:06:33.782+0000] {processor.py:836} INFO - DAG(s) dict_keys(['latest_only_with_trigger']) retrieved from /home/airflow/.local/lib/python3.7/site-packages/airflow/example_dags/example_latest_only_with_trigger.py
[2023-06-21T03:06:33.877+0000] {logging_mixin.py:149} INFO - [2023-06-21T03:06:33.877+0000] {dag.py:2726} INFO - Sync 1 DAGs
[2023-06-21T03:06:33.948+0000] {logging_mixin.py:149} INFO - [2023-06-21T03:06:33.947+0000] {dag.py:3490} INFO - Setting next_dagrun for latest_only_with_trigger to 2023-06-20T23:06:33.946997+00:00, run_after=2023-06-21T03:06:33.946997+00:00
[2023-06-21T03:06:34.055+0000] {processor.py:179} INFO - Processing /home/airflow/.local/lib/python3.7/site-packages/airflow/example_dags/example_latest_only_with_trigger.py took 0.320 seconds
[2023-06-21T03:07:04.637+0000] {processor.py:157} INFO - Started process (PID=655) to work on /home/airflow/.local/lib/python3.7/site-packages/airflow/example_dags/example_latest_only_with_trigger.py
[2023-06-21T03:07:04.644+0000] {processor.py:826} INFO - Processing file /home/airflow/.local/lib/python3.7/site-packages/airflow/example_dags/example_latest_only_with_trigger.py for tasks to queue
[2023-06-21T03:07:04.650+0000] {logging_mixin.py:149} INFO - [2023-06-21T03:07:04.649+0000] {dagbag.py:541} INFO - Filling up the DagBag from /home/airflow/.local/lib/python3.7/site-packages/airflow/example_dags/example_latest_only_with_trigger.py
[2023-06-21T03:07:04.668+0000] {processor.py:836} INFO - DAG(s) dict_keys(['latest_only_with_trigger']) retrieved from /home/airflow/.local/lib/python3.7/site-packages/airflow/example_dags/example_latest_only_with_trigger.py
[2023-06-21T03:07:04.753+0000] {logging_mixin.py:149} INFO - [2023-06-21T03:07:04.753+0000] {dag.py:2726} INFO - Sync 1 DAGs
[2023-06-21T03:07:04.825+0000] {logging_mixin.py:149} INFO - [2023-06-21T03:07:04.825+0000] {dag.py:3490} INFO - Setting next_dagrun for latest_only_with_trigger to 2023-06-20T23:07:04.825148+00:00, run_after=2023-06-21T03:07:04.825148+00:00
[2023-06-21T03:07:04.881+0000] {processor.py:179} INFO - Processing /home/airflow/.local/lib/python3.7/site-packages/airflow/example_dags/example_latest_only_with_trigger.py took 0.267 seconds
[2023-06-21T03:07:35.123+0000] {processor.py:157} INFO - Started process (PID=712) to work on /home/airflow/.local/lib/python3.7/site-packages/airflow/example_dags/example_latest_only_with_trigger.py
[2023-06-21T03:07:35.127+0000] {processor.py:826} INFO - Processing file /home/airflow/.local/lib/python3.7/site-packages/airflow/example_dags/example_latest_only_with_trigger.py for tasks to queue
[2023-06-21T03:07:35.129+0000] {logging_mixin.py:149} INFO - [2023-06-21T03:07:35.128+0000] {dagbag.py:541} INFO - Filling up the DagBag from /home/airflow/.local/lib/python3.7/site-packages/airflow/example_dags/example_latest_only_with_trigger.py
[2023-06-21T03:07:35.146+0000] {processor.py:836} INFO - DAG(s) dict_keys(['latest_only_with_trigger']) retrieved from /home/airflow/.local/lib/python3.7/site-packages/airflow/example_dags/example_latest_only_with_trigger.py
[2023-06-21T03:07:35.207+0000] {logging_mixin.py:149} INFO - [2023-06-21T03:07:35.206+0000] {dag.py:2726} INFO - Sync 1 DAGs
[2023-06-21T03:07:35.258+0000] {logging_mixin.py:149} INFO - [2023-06-21T03:07:35.258+0000] {dag.py:3490} INFO - Setting next_dagrun for latest_only_with_trigger to 2023-06-20T23:07:35.258223+00:00, run_after=2023-06-21T03:07:35.258223+00:00
[2023-06-21T03:07:35.306+0000] {processor.py:179} INFO - Processing /home/airflow/.local/lib/python3.7/site-packages/airflow/example_dags/example_latest_only_with_trigger.py took 0.191 seconds
[2023-06-21T03:08:06.047+0000] {processor.py:157} INFO - Started process (PID=769) to work on /home/airflow/.local/lib/python3.7/site-packages/airflow/example_dags/example_latest_only_with_trigger.py
[2023-06-21T03:08:06.052+0000] {processor.py:826} INFO - Processing file /home/airflow/.local/lib/python3.7/site-packages/airflow/example_dags/example_latest_only_with_trigger.py for tasks to queue
[2023-06-21T03:08:06.056+0000] {logging_mixin.py:149} INFO - [2023-06-21T03:08:06.056+0000] {dagbag.py:541} INFO - Filling up the DagBag from /home/airflow/.local/lib/python3.7/site-packages/airflow/example_dags/example_latest_only_with_trigger.py
[2023-06-21T03:08:06.079+0000] {processor.py:836} INFO - DAG(s) dict_keys(['latest_only_with_trigger']) retrieved from /home/airflow/.local/lib/python3.7/site-packages/airflow/example_dags/example_latest_only_with_trigger.py
[2023-06-21T03:08:06.147+0000] {logging_mixin.py:149} INFO - [2023-06-21T03:08:06.147+0000] {dag.py:2726} INFO - Sync 1 DAGs
[2023-06-21T03:08:06.202+0000] {logging_mixin.py:149} INFO - [2023-06-21T03:08:06.202+0000] {dag.py:3490} INFO - Setting next_dagrun for latest_only_with_trigger to 2023-06-20T23:08:06.202285+00:00, run_after=2023-06-21T03:08:06.202285+00:00
[2023-06-21T03:08:06.249+0000] {processor.py:179} INFO - Processing /home/airflow/.local/lib/python3.7/site-packages/airflow/example_dags/example_latest_only_with_trigger.py took 0.211 seconds
[2023-06-21T03:08:36.671+0000] {processor.py:157} INFO - Started process (PID=826) to work on /home/airflow/.local/lib/python3.7/site-packages/airflow/example_dags/example_latest_only_with_trigger.py
[2023-06-21T03:08:36.676+0000] {processor.py:826} INFO - Processing file /home/airflow/.local/lib/python3.7/site-packages/airflow/example_dags/example_latest_only_with_trigger.py for tasks to queue
[2023-06-21T03:08:36.679+0000] {logging_mixin.py:149} INFO - [2023-06-21T03:08:36.678+0000] {dagbag.py:541} INFO - Filling up the DagBag from /home/airflow/.local/lib/python3.7/site-packages/airflow/example_dags/example_latest_only_with_trigger.py
[2023-06-21T03:08:36.697+0000] {processor.py:836} INFO - DAG(s) dict_keys(['latest_only_with_trigger']) retrieved from /home/airflow/.local/lib/python3.7/site-packages/airflow/example_dags/example_latest_only_with_trigger.py
[2023-06-21T03:08:36.758+0000] {logging_mixin.py:149} INFO - [2023-06-21T03:08:36.758+0000] {dag.py:2726} INFO - Sync 1 DAGs
[2023-06-21T03:08:36.810+0000] {logging_mixin.py:149} INFO - [2023-06-21T03:08:36.810+0000] {dag.py:3490} INFO - Setting next_dagrun for latest_only_with_trigger to 2023-06-20T23:08:36.809818+00:00, run_after=2023-06-21T03:08:36.809818+00:00
[2023-06-21T03:08:36.858+0000] {processor.py:179} INFO - Processing /home/airflow/.local/lib/python3.7/site-packages/airflow/example_dags/example_latest_only_with_trigger.py took 0.194 seconds
[2023-06-21T03:09:07.303+0000] {processor.py:157} INFO - Started process (PID=884) to work on /home/airflow/.local/lib/python3.7/site-packages/airflow/example_dags/example_latest_only_with_trigger.py
[2023-06-21T03:09:07.307+0000] {processor.py:826} INFO - Processing file /home/airflow/.local/lib/python3.7/site-packages/airflow/example_dags/example_latest_only_with_trigger.py for tasks to queue
[2023-06-21T03:09:07.310+0000] {logging_mixin.py:149} INFO - [2023-06-21T03:09:07.309+0000] {dagbag.py:541} INFO - Filling up the DagBag from /home/airflow/.local/lib/python3.7/site-packages/airflow/example_dags/example_latest_only_with_trigger.py
[2023-06-21T03:09:07.326+0000] {processor.py:836} INFO - DAG(s) dict_keys(['latest_only_with_trigger']) retrieved from /home/airflow/.local/lib/python3.7/site-packages/airflow/example_dags/example_latest_only_with_trigger.py
[2023-06-21T03:09:07.384+0000] {logging_mixin.py:149} INFO - [2023-06-21T03:09:07.383+0000] {dag.py:2726} INFO - Sync 1 DAGs
[2023-06-21T03:09:07.433+0000] {logging_mixin.py:149} INFO - [2023-06-21T03:09:07.433+0000] {dag.py:3490} INFO - Setting next_dagrun for latest_only_with_trigger to 2023-06-20T23:09:07.432709+00:00, run_after=2023-06-21T03:09:07.432709+00:00
[2023-06-21T03:09:07.478+0000] {processor.py:179} INFO - Processing /home/airflow/.local/lib/python3.7/site-packages/airflow/example_dags/example_latest_only_with_trigger.py took 0.183 seconds
[2023-06-21T03:09:37.809+0000] {processor.py:157} INFO - Started process (PID=941) to work on /home/airflow/.local/lib/python3.7/site-packages/airflow/example_dags/example_latest_only_with_trigger.py
[2023-06-21T03:09:37.812+0000] {processor.py:826} INFO - Processing file /home/airflow/.local/lib/python3.7/site-packages/airflow/example_dags/example_latest_only_with_trigger.py for tasks to queue
[2023-06-21T03:09:37.815+0000] {logging_mixin.py:149} INFO - [2023-06-21T03:09:37.815+0000] {dagbag.py:541} INFO - Filling up the DagBag from /home/airflow/.local/lib/python3.7/site-packages/airflow/example_dags/example_latest_only_with_trigger.py
[2023-06-21T03:09:37.833+0000] {processor.py:836} INFO - DAG(s) dict_keys(['latest_only_with_trigger']) retrieved from /home/airflow/.local/lib/python3.7/site-packages/airflow/example_dags/example_latest_only_with_trigger.py
[2023-06-21T03:09:37.892+0000] {logging_mixin.py:149} INFO - [2023-06-21T03:09:37.891+0000] {dag.py:2726} INFO - Sync 1 DAGs
[2023-06-21T03:09:37.934+0000] {logging_mixin.py:149} INFO - [2023-06-21T03:09:37.934+0000] {dag.py:3490} INFO - Setting next_dagrun for latest_only_with_trigger to 2023-06-20T23:09:37.934072+00:00, run_after=2023-06-21T03:09:37.934072+00:00
[2023-06-21T03:09:37.970+0000] {processor.py:179} INFO - Processing /home/airflow/.local/lib/python3.7/site-packages/airflow/example_dags/example_latest_only_with_trigger.py took 0.170 seconds
