[2023-06-21T02:52:42.040+0000] {processor.py:157} INFO - Started process (PID=81) to work on /home/airflow/.local/lib/python3.7/site-packages/airflow/example_dags/example_branch_python_dop_operator_3.py
[2023-06-21T02:52:42.044+0000] {processor.py:826} INFO - Processing file /home/airflow/.local/lib/python3.7/site-packages/airflow/example_dags/example_branch_python_dop_operator_3.py for tasks to queue
[2023-06-21T02:52:42.049+0000] {logging_mixin.py:149} INFO - [2023-06-21T02:52:42.048+0000] {dagbag.py:541} INFO - Filling up the DagBag from /home/airflow/.local/lib/python3.7/site-packages/airflow/example_dags/example_branch_python_dop_operator_3.py
[2023-06-21T02:52:42.114+0000] {processor.py:836} INFO - DAG(s) dict_keys(['example_branch_dop_operator_v3']) retrieved from /home/airflow/.local/lib/python3.7/site-packages/airflow/example_dags/example_branch_python_dop_operator_3.py
[2023-06-21T02:52:42.286+0000] {logging_mixin.py:149} INFO - [2023-06-21T02:52:42.286+0000] {dag.py:2726} INFO - Sync 1 DAGs
[2023-06-21T02:52:42.681+0000] {logging_mixin.py:149} INFO - [2023-06-21T02:52:42.681+0000] {dag.py:3490} INFO - Setting next_dagrun for example_branch_dop_operator_v3 to 2023-06-21T02:51:00+00:00, run_after=2023-06-21T02:52:00+00:00
[2023-06-21T02:52:42.806+0000] {processor.py:179} INFO - Processing /home/airflow/.local/lib/python3.7/site-packages/airflow/example_dags/example_branch_python_dop_operator_3.py took 0.778 seconds
[2023-06-21T02:53:18.573+0000] {processor.py:157} INFO - Started process (PID=137) to work on /home/airflow/.local/lib/python3.7/site-packages/airflow/example_dags/example_branch_python_dop_operator_3.py
[2023-06-21T02:53:18.580+0000] {processor.py:826} INFO - Processing file /home/airflow/.local/lib/python3.7/site-packages/airflow/example_dags/example_branch_python_dop_operator_3.py for tasks to queue
[2023-06-21T02:53:18.598+0000] {logging_mixin.py:149} INFO - [2023-06-21T02:53:18.597+0000] {dagbag.py:541} INFO - Filling up the DagBag from /home/airflow/.local/lib/python3.7/site-packages/airflow/example_dags/example_branch_python_dop_operator_3.py
[2023-06-21T02:53:18.744+0000] {processor.py:836} INFO - DAG(s) dict_keys(['example_branch_dop_operator_v3']) retrieved from /home/airflow/.local/lib/python3.7/site-packages/airflow/example_dags/example_branch_python_dop_operator_3.py
[2023-06-21T02:53:18.848+0000] {logging_mixin.py:149} INFO - [2023-06-21T02:53:18.848+0000] {dag.py:2726} INFO - Sync 1 DAGs
[2023-06-21T02:53:18.940+0000] {logging_mixin.py:149} INFO - [2023-06-21T02:53:18.939+0000] {dag.py:3490} INFO - Setting next_dagrun for example_branch_dop_operator_v3 to 2023-06-21T02:52:00+00:00, run_after=2023-06-21T02:53:00+00:00
[2023-06-21T02:53:18.992+0000] {processor.py:179} INFO - Processing /home/airflow/.local/lib/python3.7/site-packages/airflow/example_dags/example_branch_python_dop_operator_3.py took 0.435 seconds
[2023-06-21T02:53:49.854+0000] {processor.py:157} INFO - Started process (PID=194) to work on /home/airflow/.local/lib/python3.7/site-packages/airflow/example_dags/example_branch_python_dop_operator_3.py
[2023-06-21T02:53:49.858+0000] {processor.py:826} INFO - Processing file /home/airflow/.local/lib/python3.7/site-packages/airflow/example_dags/example_branch_python_dop_operator_3.py for tasks to queue
[2023-06-21T02:53:49.864+0000] {logging_mixin.py:149} INFO - [2023-06-21T02:53:49.863+0000] {dagbag.py:541} INFO - Filling up the DagBag from /home/airflow/.local/lib/python3.7/site-packages/airflow/example_dags/example_branch_python_dop_operator_3.py
[2023-06-21T02:53:49.892+0000] {processor.py:836} INFO - DAG(s) dict_keys(['example_branch_dop_operator_v3']) retrieved from /home/airflow/.local/lib/python3.7/site-packages/airflow/example_dags/example_branch_python_dop_operator_3.py
[2023-06-21T02:53:49.952+0000] {logging_mixin.py:149} INFO - [2023-06-21T02:53:49.952+0000] {dag.py:2726} INFO - Sync 1 DAGs
[2023-06-21T02:53:50.025+0000] {logging_mixin.py:149} INFO - [2023-06-21T02:53:50.024+0000] {dag.py:3490} INFO - Setting next_dagrun for example_branch_dop_operator_v3 to 2023-06-21T02:52:00+00:00, run_after=2023-06-21T02:53:00+00:00
[2023-06-21T02:53:50.092+0000] {processor.py:179} INFO - Processing /home/airflow/.local/lib/python3.7/site-packages/airflow/example_dags/example_branch_python_dop_operator_3.py took 0.253 seconds
[2023-06-21T02:54:20.182+0000] {processor.py:157} INFO - Started process (PID=251) to work on /home/airflow/.local/lib/python3.7/site-packages/airflow/example_dags/example_branch_python_dop_operator_3.py
[2023-06-21T02:54:20.185+0000] {processor.py:826} INFO - Processing file /home/airflow/.local/lib/python3.7/site-packages/airflow/example_dags/example_branch_python_dop_operator_3.py for tasks to queue
[2023-06-21T02:54:20.187+0000] {logging_mixin.py:149} INFO - [2023-06-21T02:54:20.187+0000] {dagbag.py:541} INFO - Filling up the DagBag from /home/airflow/.local/lib/python3.7/site-packages/airflow/example_dags/example_branch_python_dop_operator_3.py
[2023-06-21T02:54:20.221+0000] {processor.py:836} INFO - DAG(s) dict_keys(['example_branch_dop_operator_v3']) retrieved from /home/airflow/.local/lib/python3.7/site-packages/airflow/example_dags/example_branch_python_dop_operator_3.py
[2023-06-21T02:54:20.272+0000] {logging_mixin.py:149} INFO - [2023-06-21T02:54:20.271+0000] {dag.py:2726} INFO - Sync 1 DAGs
[2023-06-21T02:54:20.353+0000] {logging_mixin.py:149} INFO - [2023-06-21T02:54:20.353+0000] {dag.py:3490} INFO - Setting next_dagrun for example_branch_dop_operator_v3 to 2023-06-21T02:53:00+00:00, run_after=2023-06-21T02:54:00+00:00
[2023-06-21T02:54:20.409+0000] {processor.py:179} INFO - Processing /home/airflow/.local/lib/python3.7/site-packages/airflow/example_dags/example_branch_python_dop_operator_3.py took 0.233 seconds
[2023-06-21T02:54:50.970+0000] {processor.py:157} INFO - Started process (PID=308) to work on /home/airflow/.local/lib/python3.7/site-packages/airflow/example_dags/example_branch_python_dop_operator_3.py
[2023-06-21T02:54:50.972+0000] {processor.py:826} INFO - Processing file /home/airflow/.local/lib/python3.7/site-packages/airflow/example_dags/example_branch_python_dop_operator_3.py for tasks to queue
[2023-06-21T02:54:50.974+0000] {logging_mixin.py:149} INFO - [2023-06-21T02:54:50.974+0000] {dagbag.py:541} INFO - Filling up the DagBag from /home/airflow/.local/lib/python3.7/site-packages/airflow/example_dags/example_branch_python_dop_operator_3.py
[2023-06-21T02:54:50.989+0000] {processor.py:836} INFO - DAG(s) dict_keys(['example_branch_dop_operator_v3']) retrieved from /home/airflow/.local/lib/python3.7/site-packages/airflow/example_dags/example_branch_python_dop_operator_3.py
[2023-06-21T02:54:51.045+0000] {logging_mixin.py:149} INFO - [2023-06-21T02:54:51.044+0000] {dag.py:2726} INFO - Sync 1 DAGs
[2023-06-21T02:54:51.112+0000] {logging_mixin.py:149} INFO - [2023-06-21T02:54:51.112+0000] {dag.py:3490} INFO - Setting next_dagrun for example_branch_dop_operator_v3 to 2023-06-21T02:53:00+00:00, run_after=2023-06-21T02:54:00+00:00
[2023-06-21T02:54:51.154+0000] {processor.py:179} INFO - Processing /home/airflow/.local/lib/python3.7/site-packages/airflow/example_dags/example_branch_python_dop_operator_3.py took 0.190 seconds
[2023-06-21T02:55:21.773+0000] {processor.py:157} INFO - Started process (PID=365) to work on /home/airflow/.local/lib/python3.7/site-packages/airflow/example_dags/example_branch_python_dop_operator_3.py
[2023-06-21T02:55:21.776+0000] {processor.py:826} INFO - Processing file /home/airflow/.local/lib/python3.7/site-packages/airflow/example_dags/example_branch_python_dop_operator_3.py for tasks to queue
[2023-06-21T02:55:21.779+0000] {logging_mixin.py:149} INFO - [2023-06-21T02:55:21.778+0000] {dagbag.py:541} INFO - Filling up the DagBag from /home/airflow/.local/lib/python3.7/site-packages/airflow/example_dags/example_branch_python_dop_operator_3.py
[2023-06-21T02:55:21.795+0000] {processor.py:836} INFO - DAG(s) dict_keys(['example_branch_dop_operator_v3']) retrieved from /home/airflow/.local/lib/python3.7/site-packages/airflow/example_dags/example_branch_python_dop_operator_3.py
[2023-06-21T02:55:21.845+0000] {logging_mixin.py:149} INFO - [2023-06-21T02:55:21.845+0000] {dag.py:2726} INFO - Sync 1 DAGs
[2023-06-21T02:55:21.910+0000] {logging_mixin.py:149} INFO - [2023-06-21T02:55:21.910+0000] {dag.py:3490} INFO - Setting next_dagrun for example_branch_dop_operator_v3 to 2023-06-21T02:54:00+00:00, run_after=2023-06-21T02:55:00+00:00
[2023-06-21T02:55:21.972+0000] {processor.py:179} INFO - Processing /home/airflow/.local/lib/python3.7/site-packages/airflow/example_dags/example_branch_python_dop_operator_3.py took 0.206 seconds
[2023-06-21T02:55:53.241+0000] {processor.py:157} INFO - Started process (PID=423) to work on /home/airflow/.local/lib/python3.7/site-packages/airflow/example_dags/example_branch_python_dop_operator_3.py
[2023-06-21T02:55:53.245+0000] {processor.py:826} INFO - Processing file /home/airflow/.local/lib/python3.7/site-packages/airflow/example_dags/example_branch_python_dop_operator_3.py for tasks to queue
[2023-06-21T02:55:53.249+0000] {logging_mixin.py:149} INFO - [2023-06-21T02:55:53.248+0000] {dagbag.py:541} INFO - Filling up the DagBag from /home/airflow/.local/lib/python3.7/site-packages/airflow/example_dags/example_branch_python_dop_operator_3.py
[2023-06-21T02:55:53.275+0000] {processor.py:836} INFO - DAG(s) dict_keys(['example_branch_dop_operator_v3']) retrieved from /home/airflow/.local/lib/python3.7/site-packages/airflow/example_dags/example_branch_python_dop_operator_3.py
[2023-06-21T02:55:53.329+0000] {logging_mixin.py:149} INFO - [2023-06-21T02:55:53.329+0000] {dag.py:2726} INFO - Sync 1 DAGs
[2023-06-21T02:55:53.383+0000] {logging_mixin.py:149} INFO - [2023-06-21T02:55:53.382+0000] {dag.py:3490} INFO - Setting next_dagrun for example_branch_dop_operator_v3 to 2023-06-21T02:54:00+00:00, run_after=2023-06-21T02:55:00+00:00
[2023-06-21T02:55:53.412+0000] {processor.py:179} INFO - Processing /home/airflow/.local/lib/python3.7/site-packages/airflow/example_dags/example_branch_python_dop_operator_3.py took 0.184 seconds
[2023-06-21T03:05:34.239+0000] {processor.py:157} INFO - Started process (PID=499) to work on /home/airflow/.local/lib/python3.7/site-packages/airflow/example_dags/example_branch_python_dop_operator_3.py
[2023-06-21T03:05:34.243+0000] {processor.py:826} INFO - Processing file /home/airflow/.local/lib/python3.7/site-packages/airflow/example_dags/example_branch_python_dop_operator_3.py for tasks to queue
[2023-06-21T03:05:34.249+0000] {logging_mixin.py:149} INFO - [2023-06-21T03:05:34.248+0000] {dagbag.py:541} INFO - Filling up the DagBag from /home/airflow/.local/lib/python3.7/site-packages/airflow/example_dags/example_branch_python_dop_operator_3.py
[2023-06-21T03:05:34.325+0000] {processor.py:836} INFO - DAG(s) dict_keys(['example_branch_dop_operator_v3']) retrieved from /home/airflow/.local/lib/python3.7/site-packages/airflow/example_dags/example_branch_python_dop_operator_3.py
[2023-06-21T03:05:34.497+0000] {logging_mixin.py:149} INFO - [2023-06-21T03:05:34.497+0000] {dag.py:2726} INFO - Sync 1 DAGs
[2023-06-21T03:05:34.663+0000] {logging_mixin.py:149} INFO - [2023-06-21T03:05:34.663+0000] {dag.py:3490} INFO - Setting next_dagrun for example_branch_dop_operator_v3 to 2023-06-21T03:04:00+00:00, run_after=2023-06-21T03:05:00+00:00
[2023-06-21T03:05:34.890+0000] {processor.py:179} INFO - Processing /home/airflow/.local/lib/python3.7/site-packages/airflow/example_dags/example_branch_python_dop_operator_3.py took 0.664 seconds
[2023-06-21T03:06:05.371+0000] {processor.py:157} INFO - Started process (PID=555) to work on /home/airflow/.local/lib/python3.7/site-packages/airflow/example_dags/example_branch_python_dop_operator_3.py
[2023-06-21T03:06:05.376+0000] {processor.py:826} INFO - Processing file /home/airflow/.local/lib/python3.7/site-packages/airflow/example_dags/example_branch_python_dop_operator_3.py for tasks to queue
[2023-06-21T03:06:05.381+0000] {logging_mixin.py:149} INFO - [2023-06-21T03:06:05.380+0000] {dagbag.py:541} INFO - Filling up the DagBag from /home/airflow/.local/lib/python3.7/site-packages/airflow/example_dags/example_branch_python_dop_operator_3.py
[2023-06-21T03:06:05.421+0000] {processor.py:836} INFO - DAG(s) dict_keys(['example_branch_dop_operator_v3']) retrieved from /home/airflow/.local/lib/python3.7/site-packages/airflow/example_dags/example_branch_python_dop_operator_3.py
[2023-06-21T03:06:05.580+0000] {logging_mixin.py:149} INFO - [2023-06-21T03:06:05.576+0000] {dag.py:2726} INFO - Sync 1 DAGs
[2023-06-21T03:06:05.777+0000] {logging_mixin.py:149} INFO - [2023-06-21T03:06:05.777+0000] {dag.py:3490} INFO - Setting next_dagrun for example_branch_dop_operator_v3 to 2023-06-21T03:05:00+00:00, run_after=2023-06-21T03:06:00+00:00
[2023-06-21T03:06:05.897+0000] {processor.py:179} INFO - Processing /home/airflow/.local/lib/python3.7/site-packages/airflow/example_dags/example_branch_python_dop_operator_3.py took 0.540 seconds
[2023-06-21T03:06:37.072+0000] {processor.py:157} INFO - Started process (PID=612) to work on /home/airflow/.local/lib/python3.7/site-packages/airflow/example_dags/example_branch_python_dop_operator_3.py
[2023-06-21T03:06:37.075+0000] {processor.py:826} INFO - Processing file /home/airflow/.local/lib/python3.7/site-packages/airflow/example_dags/example_branch_python_dop_operator_3.py for tasks to queue
[2023-06-21T03:06:37.084+0000] {logging_mixin.py:149} INFO - [2023-06-21T03:06:37.084+0000] {dagbag.py:541} INFO - Filling up the DagBag from /home/airflow/.local/lib/python3.7/site-packages/airflow/example_dags/example_branch_python_dop_operator_3.py
[2023-06-21T03:06:37.110+0000] {processor.py:836} INFO - DAG(s) dict_keys(['example_branch_dop_operator_v3']) retrieved from /home/airflow/.local/lib/python3.7/site-packages/airflow/example_dags/example_branch_python_dop_operator_3.py
[2023-06-21T03:06:37.174+0000] {logging_mixin.py:149} INFO - [2023-06-21T03:06:37.174+0000] {dag.py:2726} INFO - Sync 1 DAGs
[2023-06-21T03:06:37.273+0000] {logging_mixin.py:149} INFO - [2023-06-21T03:06:37.271+0000] {dag.py:3490} INFO - Setting next_dagrun for example_branch_dop_operator_v3 to 2023-06-21T03:05:00+00:00, run_after=2023-06-21T03:06:00+00:00
[2023-06-21T03:06:37.358+0000] {processor.py:179} INFO - Processing /home/airflow/.local/lib/python3.7/site-packages/airflow/example_dags/example_branch_python_dop_operator_3.py took 0.298 seconds
[2023-06-21T03:07:07.687+0000] {processor.py:157} INFO - Started process (PID=670) to work on /home/airflow/.local/lib/python3.7/site-packages/airflow/example_dags/example_branch_python_dop_operator_3.py
[2023-06-21T03:07:07.692+0000] {processor.py:826} INFO - Processing file /home/airflow/.local/lib/python3.7/site-packages/airflow/example_dags/example_branch_python_dop_operator_3.py for tasks to queue
[2023-06-21T03:07:07.696+0000] {logging_mixin.py:149} INFO - [2023-06-21T03:07:07.696+0000] {dagbag.py:541} INFO - Filling up the DagBag from /home/airflow/.local/lib/python3.7/site-packages/airflow/example_dags/example_branch_python_dop_operator_3.py
[2023-06-21T03:07:07.722+0000] {processor.py:836} INFO - DAG(s) dict_keys(['example_branch_dop_operator_v3']) retrieved from /home/airflow/.local/lib/python3.7/site-packages/airflow/example_dags/example_branch_python_dop_operator_3.py
[2023-06-21T03:07:07.786+0000] {logging_mixin.py:149} INFO - [2023-06-21T03:07:07.786+0000] {dag.py:2726} INFO - Sync 1 DAGs
[2023-06-21T03:07:07.869+0000] {logging_mixin.py:149} INFO - [2023-06-21T03:07:07.869+0000] {dag.py:3490} INFO - Setting next_dagrun for example_branch_dop_operator_v3 to 2023-06-21T03:06:00+00:00, run_after=2023-06-21T03:07:00+00:00
[2023-06-21T03:07:07.930+0000] {processor.py:179} INFO - Processing /home/airflow/.local/lib/python3.7/site-packages/airflow/example_dags/example_branch_python_dop_operator_3.py took 0.251 seconds
[2023-06-21T03:07:38.789+0000] {processor.py:157} INFO - Started process (PID=727) to work on /home/airflow/.local/lib/python3.7/site-packages/airflow/example_dags/example_branch_python_dop_operator_3.py
[2023-06-21T03:07:38.795+0000] {processor.py:826} INFO - Processing file /home/airflow/.local/lib/python3.7/site-packages/airflow/example_dags/example_branch_python_dop_operator_3.py for tasks to queue
[2023-06-21T03:07:38.800+0000] {logging_mixin.py:149} INFO - [2023-06-21T03:07:38.799+0000] {dagbag.py:541} INFO - Filling up the DagBag from /home/airflow/.local/lib/python3.7/site-packages/airflow/example_dags/example_branch_python_dop_operator_3.py
[2023-06-21T03:07:38.828+0000] {processor.py:836} INFO - DAG(s) dict_keys(['example_branch_dop_operator_v3']) retrieved from /home/airflow/.local/lib/python3.7/site-packages/airflow/example_dags/example_branch_python_dop_operator_3.py
[2023-06-21T03:07:38.897+0000] {logging_mixin.py:149} INFO - [2023-06-21T03:07:38.897+0000] {dag.py:2726} INFO - Sync 1 DAGs
[2023-06-21T03:07:38.976+0000] {logging_mixin.py:149} INFO - [2023-06-21T03:07:38.976+0000] {dag.py:3490} INFO - Setting next_dagrun for example_branch_dop_operator_v3 to 2023-06-21T03:06:00+00:00, run_after=2023-06-21T03:07:00+00:00
[2023-06-21T03:07:39.036+0000] {processor.py:179} INFO - Processing /home/airflow/.local/lib/python3.7/site-packages/airflow/example_dags/example_branch_python_dop_operator_3.py took 0.260 seconds
[2023-06-21T03:08:09.438+0000] {processor.py:157} INFO - Started process (PID=784) to work on /home/airflow/.local/lib/python3.7/site-packages/airflow/example_dags/example_branch_python_dop_operator_3.py
[2023-06-21T03:08:09.441+0000] {processor.py:826} INFO - Processing file /home/airflow/.local/lib/python3.7/site-packages/airflow/example_dags/example_branch_python_dop_operator_3.py for tasks to queue
[2023-06-21T03:08:09.444+0000] {logging_mixin.py:149} INFO - [2023-06-21T03:08:09.443+0000] {dagbag.py:541} INFO - Filling up the DagBag from /home/airflow/.local/lib/python3.7/site-packages/airflow/example_dags/example_branch_python_dop_operator_3.py
[2023-06-21T03:08:09.469+0000] {processor.py:836} INFO - DAG(s) dict_keys(['example_branch_dop_operator_v3']) retrieved from /home/airflow/.local/lib/python3.7/site-packages/airflow/example_dags/example_branch_python_dop_operator_3.py
[2023-06-21T03:08:09.529+0000] {logging_mixin.py:149} INFO - [2023-06-21T03:08:09.529+0000] {dag.py:2726} INFO - Sync 1 DAGs
[2023-06-21T03:08:09.587+0000] {logging_mixin.py:149} INFO - [2023-06-21T03:08:09.587+0000] {dag.py:3490} INFO - Setting next_dagrun for example_branch_dop_operator_v3 to 2023-06-21T03:07:00+00:00, run_after=2023-06-21T03:08:00+00:00
[2023-06-21T03:08:09.629+0000] {processor.py:179} INFO - Processing /home/airflow/.local/lib/python3.7/site-packages/airflow/example_dags/example_branch_python_dop_operator_3.py took 0.197 seconds
[2023-06-21T03:08:40.266+0000] {processor.py:157} INFO - Started process (PID=841) to work on /home/airflow/.local/lib/python3.7/site-packages/airflow/example_dags/example_branch_python_dop_operator_3.py
[2023-06-21T03:08:40.270+0000] {processor.py:826} INFO - Processing file /home/airflow/.local/lib/python3.7/site-packages/airflow/example_dags/example_branch_python_dop_operator_3.py for tasks to queue
[2023-06-21T03:08:40.274+0000] {logging_mixin.py:149} INFO - [2023-06-21T03:08:40.274+0000] {dagbag.py:541} INFO - Filling up the DagBag from /home/airflow/.local/lib/python3.7/site-packages/airflow/example_dags/example_branch_python_dop_operator_3.py
[2023-06-21T03:08:40.314+0000] {processor.py:836} INFO - DAG(s) dict_keys(['example_branch_dop_operator_v3']) retrieved from /home/airflow/.local/lib/python3.7/site-packages/airflow/example_dags/example_branch_python_dop_operator_3.py
[2023-06-21T03:08:40.372+0000] {logging_mixin.py:149} INFO - [2023-06-21T03:08:40.372+0000] {dag.py:2726} INFO - Sync 1 DAGs
[2023-06-21T03:08:40.433+0000] {logging_mixin.py:149} INFO - [2023-06-21T03:08:40.433+0000] {dag.py:3490} INFO - Setting next_dagrun for example_branch_dop_operator_v3 to 2023-06-21T03:07:00+00:00, run_after=2023-06-21T03:08:00+00:00
[2023-06-21T03:08:40.483+0000] {processor.py:179} INFO - Processing /home/airflow/.local/lib/python3.7/site-packages/airflow/example_dags/example_branch_python_dop_operator_3.py took 0.230 seconds
[2023-06-21T03:09:10.555+0000] {processor.py:157} INFO - Started process (PID=899) to work on /home/airflow/.local/lib/python3.7/site-packages/airflow/example_dags/example_branch_python_dop_operator_3.py
[2023-06-21T03:09:10.562+0000] {processor.py:826} INFO - Processing file /home/airflow/.local/lib/python3.7/site-packages/airflow/example_dags/example_branch_python_dop_operator_3.py for tasks to queue
[2023-06-21T03:09:10.566+0000] {logging_mixin.py:149} INFO - [2023-06-21T03:09:10.565+0000] {dagbag.py:541} INFO - Filling up the DagBag from /home/airflow/.local/lib/python3.7/site-packages/airflow/example_dags/example_branch_python_dop_operator_3.py
[2023-06-21T03:09:10.584+0000] {processor.py:836} INFO - DAG(s) dict_keys(['example_branch_dop_operator_v3']) retrieved from /home/airflow/.local/lib/python3.7/site-packages/airflow/example_dags/example_branch_python_dop_operator_3.py
[2023-06-21T03:09:10.643+0000] {logging_mixin.py:149} INFO - [2023-06-21T03:09:10.642+0000] {dag.py:2726} INFO - Sync 1 DAGs
[2023-06-21T03:09:10.718+0000] {logging_mixin.py:149} INFO - [2023-06-21T03:09:10.718+0000] {dag.py:3490} INFO - Setting next_dagrun for example_branch_dop_operator_v3 to 2023-06-21T03:08:00+00:00, run_after=2023-06-21T03:09:00+00:00
[2023-06-21T03:09:10.773+0000] {processor.py:179} INFO - Processing /home/airflow/.local/lib/python3.7/site-packages/airflow/example_dags/example_branch_python_dop_operator_3.py took 0.225 seconds
[2023-06-21T03:09:41.747+0000] {processor.py:157} INFO - Started process (PID=956) to work on /home/airflow/.local/lib/python3.7/site-packages/airflow/example_dags/example_branch_python_dop_operator_3.py
[2023-06-21T03:09:41.750+0000] {processor.py:826} INFO - Processing file /home/airflow/.local/lib/python3.7/site-packages/airflow/example_dags/example_branch_python_dop_operator_3.py for tasks to queue
[2023-06-21T03:09:41.754+0000] {logging_mixin.py:149} INFO - [2023-06-21T03:09:41.753+0000] {dagbag.py:541} INFO - Filling up the DagBag from /home/airflow/.local/lib/python3.7/site-packages/airflow/example_dags/example_branch_python_dop_operator_3.py
[2023-06-21T03:09:41.777+0000] {processor.py:836} INFO - DAG(s) dict_keys(['example_branch_dop_operator_v3']) retrieved from /home/airflow/.local/lib/python3.7/site-packages/airflow/example_dags/example_branch_python_dop_operator_3.py
[2023-06-21T03:09:41.871+0000] {logging_mixin.py:149} INFO - [2023-06-21T03:09:41.870+0000] {dag.py:2726} INFO - Sync 1 DAGs
[2023-06-21T03:09:41.937+0000] {logging_mixin.py:149} INFO - [2023-06-21T03:09:41.937+0000] {dag.py:3490} INFO - Setting next_dagrun for example_branch_dop_operator_v3 to 2023-06-21T03:08:00+00:00, run_after=2023-06-21T03:09:00+00:00
[2023-06-21T03:09:41.984+0000] {processor.py:179} INFO - Processing /home/airflow/.local/lib/python3.7/site-packages/airflow/example_dags/example_branch_python_dop_operator_3.py took 0.248 seconds
