[2023-06-21T02:52:47.605+0000] {processor.py:157} INFO - Started process (PID=91) to work on /home/airflow/.local/lib/python3.7/site-packages/airflow/example_dags/example_params_ui_tutorial.py
[2023-06-21T02:52:47.616+0000] {processor.py:826} INFO - Processing file /home/airflow/.local/lib/python3.7/site-packages/airflow/example_dags/example_params_ui_tutorial.py for tasks to queue
[2023-06-21T02:52:47.647+0000] {logging_mixin.py:149} INFO - [2023-06-21T02:52:47.631+0000] {dagbag.py:541} INFO - Filling up the DagBag from /home/airflow/.local/lib/python3.7/site-packages/airflow/example_dags/example_params_ui_tutorial.py
[2023-06-21T02:52:48.056+0000] {processor.py:836} INFO - DAG(s) dict_keys(['example_params_ui_tutorial']) retrieved from /home/airflow/.local/lib/python3.7/site-packages/airflow/example_dags/example_params_ui_tutorial.py
[2023-06-21T02:52:48.644+0000] {logging_mixin.py:149} INFO - [2023-06-21T02:52:48.644+0000] {dag.py:2726} INFO - Sync 1 DAGs
[2023-06-21T02:52:49.056+0000] {logging_mixin.py:149} INFO - [2023-06-21T02:52:49.055+0000] {dag.py:3490} INFO - Setting next_dagrun for example_params_ui_tutorial to None, run_after=None
[2023-06-21T02:52:50.151+0000] {processor.py:179} INFO - Processing /home/airflow/.local/lib/python3.7/site-packages/airflow/example_dags/example_params_ui_tutorial.py took 2.574 seconds
[2023-06-21T02:53:20.590+0000] {processor.py:157} INFO - Started process (PID=147) to work on /home/airflow/.local/lib/python3.7/site-packages/airflow/example_dags/example_params_ui_tutorial.py
[2023-06-21T02:53:20.593+0000] {processor.py:826} INFO - Processing file /home/airflow/.local/lib/python3.7/site-packages/airflow/example_dags/example_params_ui_tutorial.py for tasks to queue
[2023-06-21T02:53:20.596+0000] {logging_mixin.py:149} INFO - [2023-06-21T02:53:20.596+0000] {dagbag.py:541} INFO - Filling up the DagBag from /home/airflow/.local/lib/python3.7/site-packages/airflow/example_dags/example_params_ui_tutorial.py
[2023-06-21T02:53:20.693+0000] {processor.py:836} INFO - DAG(s) dict_keys(['example_params_ui_tutorial']) retrieved from /home/airflow/.local/lib/python3.7/site-packages/airflow/example_dags/example_params_ui_tutorial.py
[2023-06-21T02:53:20.914+0000] {logging_mixin.py:149} INFO - [2023-06-21T02:53:20.914+0000] {dag.py:2726} INFO - Sync 1 DAGs
[2023-06-21T02:53:20.978+0000] {logging_mixin.py:149} INFO - [2023-06-21T02:53:20.978+0000] {dag.py:3490} INFO - Setting next_dagrun for example_params_ui_tutorial to None, run_after=None
[2023-06-21T02:53:21.049+0000] {processor.py:179} INFO - Processing /home/airflow/.local/lib/python3.7/site-packages/airflow/example_dags/example_params_ui_tutorial.py took 0.467 seconds
[2023-06-21T02:53:51.135+0000] {processor.py:157} INFO - Started process (PID=204) to work on /home/airflow/.local/lib/python3.7/site-packages/airflow/example_dags/example_params_ui_tutorial.py
[2023-06-21T02:53:51.139+0000] {processor.py:826} INFO - Processing file /home/airflow/.local/lib/python3.7/site-packages/airflow/example_dags/example_params_ui_tutorial.py for tasks to queue
[2023-06-21T02:53:51.142+0000] {logging_mixin.py:149} INFO - [2023-06-21T02:53:51.141+0000] {dagbag.py:541} INFO - Filling up the DagBag from /home/airflow/.local/lib/python3.7/site-packages/airflow/example_dags/example_params_ui_tutorial.py
[2023-06-21T02:53:51.211+0000] {processor.py:836} INFO - DAG(s) dict_keys(['example_params_ui_tutorial']) retrieved from /home/airflow/.local/lib/python3.7/site-packages/airflow/example_dags/example_params_ui_tutorial.py
[2023-06-21T02:53:51.334+0000] {logging_mixin.py:149} INFO - [2023-06-21T02:53:51.333+0000] {dag.py:2726} INFO - Sync 1 DAGs
[2023-06-21T02:53:51.386+0000] {logging_mixin.py:149} INFO - [2023-06-21T02:53:51.386+0000] {dag.py:3490} INFO - Setting next_dagrun for example_params_ui_tutorial to None, run_after=None
[2023-06-21T02:53:51.425+0000] {processor.py:179} INFO - Processing /home/airflow/.local/lib/python3.7/site-packages/airflow/example_dags/example_params_ui_tutorial.py took 0.298 seconds
[2023-06-21T02:54:21.581+0000] {processor.py:157} INFO - Started process (PID=261) to work on /home/airflow/.local/lib/python3.7/site-packages/airflow/example_dags/example_params_ui_tutorial.py
[2023-06-21T02:54:21.584+0000] {processor.py:826} INFO - Processing file /home/airflow/.local/lib/python3.7/site-packages/airflow/example_dags/example_params_ui_tutorial.py for tasks to queue
[2023-06-21T02:54:21.586+0000] {logging_mixin.py:149} INFO - [2023-06-21T02:54:21.586+0000] {dagbag.py:541} INFO - Filling up the DagBag from /home/airflow/.local/lib/python3.7/site-packages/airflow/example_dags/example_params_ui_tutorial.py
[2023-06-21T02:54:21.653+0000] {processor.py:836} INFO - DAG(s) dict_keys(['example_params_ui_tutorial']) retrieved from /home/airflow/.local/lib/python3.7/site-packages/airflow/example_dags/example_params_ui_tutorial.py
[2023-06-21T02:54:21.750+0000] {logging_mixin.py:149} INFO - [2023-06-21T02:54:21.749+0000] {dag.py:2726} INFO - Sync 1 DAGs
[2023-06-21T02:54:21.796+0000] {logging_mixin.py:149} INFO - [2023-06-21T02:54:21.796+0000] {dag.py:3490} INFO - Setting next_dagrun for example_params_ui_tutorial to None, run_after=None
[2023-06-21T02:54:21.832+0000] {processor.py:179} INFO - Processing /home/airflow/.local/lib/python3.7/site-packages/airflow/example_dags/example_params_ui_tutorial.py took 0.256 seconds
[2023-06-21T02:54:52.295+0000] {processor.py:157} INFO - Started process (PID=318) to work on /home/airflow/.local/lib/python3.7/site-packages/airflow/example_dags/example_params_ui_tutorial.py
[2023-06-21T02:54:52.299+0000] {processor.py:826} INFO - Processing file /home/airflow/.local/lib/python3.7/site-packages/airflow/example_dags/example_params_ui_tutorial.py for tasks to queue
[2023-06-21T02:54:52.304+0000] {logging_mixin.py:149} INFO - [2023-06-21T02:54:52.304+0000] {dagbag.py:541} INFO - Filling up the DagBag from /home/airflow/.local/lib/python3.7/site-packages/airflow/example_dags/example_params_ui_tutorial.py
[2023-06-21T02:54:52.380+0000] {processor.py:836} INFO - DAG(s) dict_keys(['example_params_ui_tutorial']) retrieved from /home/airflow/.local/lib/python3.7/site-packages/airflow/example_dags/example_params_ui_tutorial.py
[2023-06-21T02:54:52.472+0000] {logging_mixin.py:149} INFO - [2023-06-21T02:54:52.472+0000] {dag.py:2726} INFO - Sync 1 DAGs
[2023-06-21T02:54:52.510+0000] {logging_mixin.py:149} INFO - [2023-06-21T02:54:52.510+0000] {dag.py:3490} INFO - Setting next_dagrun for example_params_ui_tutorial to None, run_after=None
[2023-06-21T02:54:52.541+0000] {processor.py:179} INFO - Processing /home/airflow/.local/lib/python3.7/site-packages/airflow/example_dags/example_params_ui_tutorial.py took 0.255 seconds
[2023-06-21T02:55:22.847+0000] {processor.py:157} INFO - Started process (PID=375) to work on /home/airflow/.local/lib/python3.7/site-packages/airflow/example_dags/example_params_ui_tutorial.py
[2023-06-21T02:55:22.850+0000] {processor.py:826} INFO - Processing file /home/airflow/.local/lib/python3.7/site-packages/airflow/example_dags/example_params_ui_tutorial.py for tasks to queue
[2023-06-21T02:55:22.852+0000] {logging_mixin.py:149} INFO - [2023-06-21T02:55:22.852+0000] {dagbag.py:541} INFO - Filling up the DagBag from /home/airflow/.local/lib/python3.7/site-packages/airflow/example_dags/example_params_ui_tutorial.py
[2023-06-21T02:55:22.930+0000] {processor.py:836} INFO - DAG(s) dict_keys(['example_params_ui_tutorial']) retrieved from /home/airflow/.local/lib/python3.7/site-packages/airflow/example_dags/example_params_ui_tutorial.py
[2023-06-21T02:55:23.020+0000] {logging_mixin.py:149} INFO - [2023-06-21T02:55:23.020+0000] {dag.py:2726} INFO - Sync 1 DAGs
[2023-06-21T02:55:23.059+0000] {logging_mixin.py:149} INFO - [2023-06-21T02:55:23.059+0000] {dag.py:3490} INFO - Setting next_dagrun for example_params_ui_tutorial to None, run_after=None
[2023-06-21T02:55:23.092+0000] {processor.py:179} INFO - Processing /home/airflow/.local/lib/python3.7/site-packages/airflow/example_dags/example_params_ui_tutorial.py took 0.252 seconds
[2023-06-21T02:55:54.268+0000] {processor.py:157} INFO - Started process (PID=433) to work on /home/airflow/.local/lib/python3.7/site-packages/airflow/example_dags/example_params_ui_tutorial.py
[2023-06-21T02:55:54.273+0000] {processor.py:826} INFO - Processing file /home/airflow/.local/lib/python3.7/site-packages/airflow/example_dags/example_params_ui_tutorial.py for tasks to queue
[2023-06-21T02:55:54.275+0000] {logging_mixin.py:149} INFO - [2023-06-21T02:55:54.275+0000] {dagbag.py:541} INFO - Filling up the DagBag from /home/airflow/.local/lib/python3.7/site-packages/airflow/example_dags/example_params_ui_tutorial.py
[2023-06-21T02:55:54.341+0000] {processor.py:836} INFO - DAG(s) dict_keys(['example_params_ui_tutorial']) retrieved from /home/airflow/.local/lib/python3.7/site-packages/airflow/example_dags/example_params_ui_tutorial.py
[2023-06-21T02:55:54.445+0000] {logging_mixin.py:149} INFO - [2023-06-21T02:55:54.444+0000] {dag.py:2726} INFO - Sync 1 DAGs
[2023-06-21T02:55:54.490+0000] {logging_mixin.py:149} INFO - [2023-06-21T02:55:54.490+0000] {dag.py:3490} INFO - Setting next_dagrun for example_params_ui_tutorial to None, run_after=None
[2023-06-21T02:55:54.529+0000] {processor.py:179} INFO - Processing /home/airflow/.local/lib/python3.7/site-packages/airflow/example_dags/example_params_ui_tutorial.py took 0.268 seconds
[2023-06-21T03:05:36.468+0000] {processor.py:157} INFO - Started process (PID=509) to work on /home/airflow/.local/lib/python3.7/site-packages/airflow/example_dags/example_params_ui_tutorial.py
[2023-06-21T03:05:36.473+0000] {processor.py:826} INFO - Processing file /home/airflow/.local/lib/python3.7/site-packages/airflow/example_dags/example_params_ui_tutorial.py for tasks to queue
[2023-06-21T03:05:36.477+0000] {logging_mixin.py:149} INFO - [2023-06-21T03:05:36.477+0000] {dagbag.py:541} INFO - Filling up the DagBag from /home/airflow/.local/lib/python3.7/site-packages/airflow/example_dags/example_params_ui_tutorial.py
[2023-06-21T03:05:36.723+0000] {processor.py:836} INFO - DAG(s) dict_keys(['example_params_ui_tutorial']) retrieved from /home/airflow/.local/lib/python3.7/site-packages/airflow/example_dags/example_params_ui_tutorial.py
[2023-06-21T03:05:36.893+0000] {logging_mixin.py:149} INFO - [2023-06-21T03:05:36.892+0000] {dag.py:2726} INFO - Sync 1 DAGs
[2023-06-21T03:05:36.988+0000] {logging_mixin.py:149} INFO - [2023-06-21T03:05:36.987+0000] {dag.py:3490} INFO - Setting next_dagrun for example_params_ui_tutorial to None, run_after=None
[2023-06-21T03:05:37.051+0000] {processor.py:179} INFO - Processing /home/airflow/.local/lib/python3.7/site-packages/airflow/example_dags/example_params_ui_tutorial.py took 0.591 seconds
[2023-06-21T03:06:07.156+0000] {processor.py:157} INFO - Started process (PID=565) to work on /home/airflow/.local/lib/python3.7/site-packages/airflow/example_dags/example_params_ui_tutorial.py
[2023-06-21T03:06:07.161+0000] {processor.py:826} INFO - Processing file /home/airflow/.local/lib/python3.7/site-packages/airflow/example_dags/example_params_ui_tutorial.py for tasks to queue
[2023-06-21T03:06:07.165+0000] {logging_mixin.py:149} INFO - [2023-06-21T03:06:07.165+0000] {dagbag.py:541} INFO - Filling up the DagBag from /home/airflow/.local/lib/python3.7/site-packages/airflow/example_dags/example_params_ui_tutorial.py
[2023-06-21T03:06:07.264+0000] {processor.py:836} INFO - DAG(s) dict_keys(['example_params_ui_tutorial']) retrieved from /home/airflow/.local/lib/python3.7/site-packages/airflow/example_dags/example_params_ui_tutorial.py
[2023-06-21T03:06:07.381+0000] {logging_mixin.py:149} INFO - [2023-06-21T03:06:07.380+0000] {dag.py:2726} INFO - Sync 1 DAGs
[2023-06-21T03:06:07.425+0000] {logging_mixin.py:149} INFO - [2023-06-21T03:06:07.425+0000] {dag.py:3490} INFO - Setting next_dagrun for example_params_ui_tutorial to None, run_after=None
[2023-06-21T03:06:07.464+0000] {processor.py:179} INFO - Processing /home/airflow/.local/lib/python3.7/site-packages/airflow/example_dags/example_params_ui_tutorial.py took 0.320 seconds
[2023-06-21T03:06:38.864+0000] {processor.py:157} INFO - Started process (PID=622) to work on /home/airflow/.local/lib/python3.7/site-packages/airflow/example_dags/example_params_ui_tutorial.py
[2023-06-21T03:06:38.867+0000] {processor.py:826} INFO - Processing file /home/airflow/.local/lib/python3.7/site-packages/airflow/example_dags/example_params_ui_tutorial.py for tasks to queue
[2023-06-21T03:06:38.870+0000] {logging_mixin.py:149} INFO - [2023-06-21T03:06:38.870+0000] {dagbag.py:541} INFO - Filling up the DagBag from /home/airflow/.local/lib/python3.7/site-packages/airflow/example_dags/example_params_ui_tutorial.py
[2023-06-21T03:06:38.980+0000] {processor.py:836} INFO - DAG(s) dict_keys(['example_params_ui_tutorial']) retrieved from /home/airflow/.local/lib/python3.7/site-packages/airflow/example_dags/example_params_ui_tutorial.py
[2023-06-21T03:06:39.097+0000] {logging_mixin.py:149} INFO - [2023-06-21T03:06:39.096+0000] {dag.py:2726} INFO - Sync 1 DAGs
[2023-06-21T03:06:39.137+0000] {logging_mixin.py:149} INFO - [2023-06-21T03:06:39.137+0000] {dag.py:3490} INFO - Setting next_dagrun for example_params_ui_tutorial to None, run_after=None
[2023-06-21T03:06:39.173+0000] {processor.py:179} INFO - Processing /home/airflow/.local/lib/python3.7/site-packages/airflow/example_dags/example_params_ui_tutorial.py took 0.318 seconds
[2023-06-21T03:07:09.311+0000] {processor.py:157} INFO - Started process (PID=680) to work on /home/airflow/.local/lib/python3.7/site-packages/airflow/example_dags/example_params_ui_tutorial.py
[2023-06-21T03:07:09.313+0000] {processor.py:826} INFO - Processing file /home/airflow/.local/lib/python3.7/site-packages/airflow/example_dags/example_params_ui_tutorial.py for tasks to queue
[2023-06-21T03:07:09.316+0000] {logging_mixin.py:149} INFO - [2023-06-21T03:07:09.315+0000] {dagbag.py:541} INFO - Filling up the DagBag from /home/airflow/.local/lib/python3.7/site-packages/airflow/example_dags/example_params_ui_tutorial.py
[2023-06-21T03:07:09.402+0000] {processor.py:836} INFO - DAG(s) dict_keys(['example_params_ui_tutorial']) retrieved from /home/airflow/.local/lib/python3.7/site-packages/airflow/example_dags/example_params_ui_tutorial.py
[2023-06-21T03:07:09.533+0000] {logging_mixin.py:149} INFO - [2023-06-21T03:07:09.532+0000] {dag.py:2726} INFO - Sync 1 DAGs
[2023-06-21T03:07:09.577+0000] {logging_mixin.py:149} INFO - [2023-06-21T03:07:09.577+0000] {dag.py:3490} INFO - Setting next_dagrun for example_params_ui_tutorial to None, run_after=None
[2023-06-21T03:07:09.617+0000] {processor.py:179} INFO - Processing /home/airflow/.local/lib/python3.7/site-packages/airflow/example_dags/example_params_ui_tutorial.py took 0.317 seconds
[2023-06-21T03:07:40.198+0000] {processor.py:157} INFO - Started process (PID=737) to work on /home/airflow/.local/lib/python3.7/site-packages/airflow/example_dags/example_params_ui_tutorial.py
[2023-06-21T03:07:40.203+0000] {processor.py:826} INFO - Processing file /home/airflow/.local/lib/python3.7/site-packages/airflow/example_dags/example_params_ui_tutorial.py for tasks to queue
[2023-06-21T03:07:40.206+0000] {logging_mixin.py:149} INFO - [2023-06-21T03:07:40.205+0000] {dagbag.py:541} INFO - Filling up the DagBag from /home/airflow/.local/lib/python3.7/site-packages/airflow/example_dags/example_params_ui_tutorial.py
[2023-06-21T03:07:40.303+0000] {processor.py:836} INFO - DAG(s) dict_keys(['example_params_ui_tutorial']) retrieved from /home/airflow/.local/lib/python3.7/site-packages/airflow/example_dags/example_params_ui_tutorial.py
[2023-06-21T03:07:40.464+0000] {logging_mixin.py:149} INFO - [2023-06-21T03:07:40.463+0000] {dag.py:2726} INFO - Sync 1 DAGs
[2023-06-21T03:07:40.512+0000] {logging_mixin.py:149} INFO - [2023-06-21T03:07:40.512+0000] {dag.py:3490} INFO - Setting next_dagrun for example_params_ui_tutorial to None, run_after=None
[2023-06-21T03:07:40.559+0000] {processor.py:179} INFO - Processing /home/airflow/.local/lib/python3.7/site-packages/airflow/example_dags/example_params_ui_tutorial.py took 0.368 seconds
[2023-06-21T03:08:10.768+0000] {processor.py:157} INFO - Started process (PID=794) to work on /home/airflow/.local/lib/python3.7/site-packages/airflow/example_dags/example_params_ui_tutorial.py
[2023-06-21T03:08:10.771+0000] {processor.py:826} INFO - Processing file /home/airflow/.local/lib/python3.7/site-packages/airflow/example_dags/example_params_ui_tutorial.py for tasks to queue
[2023-06-21T03:08:10.776+0000] {logging_mixin.py:149} INFO - [2023-06-21T03:08:10.776+0000] {dagbag.py:541} INFO - Filling up the DagBag from /home/airflow/.local/lib/python3.7/site-packages/airflow/example_dags/example_params_ui_tutorial.py
[2023-06-21T03:08:10.855+0000] {processor.py:836} INFO - DAG(s) dict_keys(['example_params_ui_tutorial']) retrieved from /home/airflow/.local/lib/python3.7/site-packages/airflow/example_dags/example_params_ui_tutorial.py
[2023-06-21T03:08:11.006+0000] {logging_mixin.py:149} INFO - [2023-06-21T03:08:11.005+0000] {dag.py:2726} INFO - Sync 1 DAGs
[2023-06-21T03:08:11.077+0000] {logging_mixin.py:149} INFO - [2023-06-21T03:08:11.077+0000] {dag.py:3490} INFO - Setting next_dagrun for example_params_ui_tutorial to None, run_after=None
[2023-06-21T03:08:11.125+0000] {processor.py:179} INFO - Processing /home/airflow/.local/lib/python3.7/site-packages/airflow/example_dags/example_params_ui_tutorial.py took 0.365 seconds
[2023-06-21T03:08:41.816+0000] {processor.py:157} INFO - Started process (PID=851) to work on /home/airflow/.local/lib/python3.7/site-packages/airflow/example_dags/example_params_ui_tutorial.py
[2023-06-21T03:08:41.820+0000] {processor.py:826} INFO - Processing file /home/airflow/.local/lib/python3.7/site-packages/airflow/example_dags/example_params_ui_tutorial.py for tasks to queue
[2023-06-21T03:08:41.823+0000] {logging_mixin.py:149} INFO - [2023-06-21T03:08:41.822+0000] {dagbag.py:541} INFO - Filling up the DagBag from /home/airflow/.local/lib/python3.7/site-packages/airflow/example_dags/example_params_ui_tutorial.py
[2023-06-21T03:08:41.907+0000] {processor.py:836} INFO - DAG(s) dict_keys(['example_params_ui_tutorial']) retrieved from /home/airflow/.local/lib/python3.7/site-packages/airflow/example_dags/example_params_ui_tutorial.py
[2023-06-21T03:08:42.107+0000] {logging_mixin.py:149} INFO - [2023-06-21T03:08:42.107+0000] {dag.py:2726} INFO - Sync 1 DAGs
[2023-06-21T03:08:42.174+0000] {logging_mixin.py:149} INFO - [2023-06-21T03:08:42.174+0000] {dag.py:3490} INFO - Setting next_dagrun for example_params_ui_tutorial to None, run_after=None
[2023-06-21T03:08:42.228+0000] {processor.py:179} INFO - Processing /home/airflow/.local/lib/python3.7/site-packages/airflow/example_dags/example_params_ui_tutorial.py took 0.420 seconds
[2023-06-21T03:09:12.649+0000] {processor.py:157} INFO - Started process (PID=909) to work on /home/airflow/.local/lib/python3.7/site-packages/airflow/example_dags/example_params_ui_tutorial.py
[2023-06-21T03:09:12.652+0000] {processor.py:826} INFO - Processing file /home/airflow/.local/lib/python3.7/site-packages/airflow/example_dags/example_params_ui_tutorial.py for tasks to queue
[2023-06-21T03:09:12.654+0000] {logging_mixin.py:149} INFO - [2023-06-21T03:09:12.654+0000] {dagbag.py:541} INFO - Filling up the DagBag from /home/airflow/.local/lib/python3.7/site-packages/airflow/example_dags/example_params_ui_tutorial.py
[2023-06-21T03:09:12.720+0000] {processor.py:836} INFO - DAG(s) dict_keys(['example_params_ui_tutorial']) retrieved from /home/airflow/.local/lib/python3.7/site-packages/airflow/example_dags/example_params_ui_tutorial.py
[2023-06-21T03:09:12.848+0000] {logging_mixin.py:149} INFO - [2023-06-21T03:09:12.848+0000] {dag.py:2726} INFO - Sync 1 DAGs
[2023-06-21T03:09:12.906+0000] {logging_mixin.py:149} INFO - [2023-06-21T03:09:12.906+0000] {dag.py:3490} INFO - Setting next_dagrun for example_params_ui_tutorial to None, run_after=None
[2023-06-21T03:09:12.947+0000] {processor.py:179} INFO - Processing /home/airflow/.local/lib/python3.7/site-packages/airflow/example_dags/example_params_ui_tutorial.py took 0.304 seconds
