[2023-06-21T02:52:35.442+0000] {processor.py:157} INFO - Started process (PID=63) to work on /home/airflow/.local/lib/python3.7/site-packages/airflow/example_dags/example_params_trigger_ui.py
[2023-06-21T02:52:35.448+0000] {processor.py:826} INFO - Processing file /home/airflow/.local/lib/python3.7/site-packages/airflow/example_dags/example_params_trigger_ui.py for tasks to queue
[2023-06-21T02:52:35.458+0000] {logging_mixin.py:149} INFO - [2023-06-21T02:52:35.451+0000] {dagbag.py:541} INFO - Filling up the DagBag from /home/airflow/.local/lib/python3.7/site-packages/airflow/example_dags/example_params_trigger_ui.py
[2023-06-21T02:52:35.810+0000] {processor.py:836} INFO - DAG(s) dict_keys(['example_params_trigger_ui']) retrieved from /home/airflow/.local/lib/python3.7/site-packages/airflow/example_dags/example_params_trigger_ui.py
[2023-06-21T02:52:37.292+0000] {logging_mixin.py:149} INFO - [2023-06-21T02:52:37.290+0000] {dag.py:2726} INFO - Sync 1 DAGs
[2023-06-21T02:52:37.396+0000] {logging_mixin.py:149} INFO - [2023-06-21T02:52:37.396+0000] {dag.py:3490} INFO - Setting next_dagrun for example_params_trigger_ui to None, run_after=None
[2023-06-21T02:52:37.508+0000] {processor.py:179} INFO - Processing /home/airflow/.local/lib/python3.7/site-packages/airflow/example_dags/example_params_trigger_ui.py took 2.085 seconds
[2023-06-21T02:53:16.351+0000] {processor.py:157} INFO - Started process (PID=127) to work on /home/airflow/.local/lib/python3.7/site-packages/airflow/example_dags/example_params_trigger_ui.py
[2023-06-21T02:53:16.354+0000] {processor.py:826} INFO - Processing file /home/airflow/.local/lib/python3.7/site-packages/airflow/example_dags/example_params_trigger_ui.py for tasks to queue
[2023-06-21T02:53:16.357+0000] {logging_mixin.py:149} INFO - [2023-06-21T02:53:16.357+0000] {dagbag.py:541} INFO - Filling up the DagBag from /home/airflow/.local/lib/python3.7/site-packages/airflow/example_dags/example_params_trigger_ui.py
[2023-06-21T02:53:16.415+0000] {processor.py:836} INFO - DAG(s) dict_keys(['example_params_trigger_ui']) retrieved from /home/airflow/.local/lib/python3.7/site-packages/airflow/example_dags/example_params_trigger_ui.py
[2023-06-21T02:53:16.646+0000] {logging_mixin.py:149} INFO - [2023-06-21T02:53:16.646+0000] {dag.py:2726} INFO - Sync 1 DAGs
[2023-06-21T02:53:16.720+0000] {logging_mixin.py:149} INFO - [2023-06-21T02:53:16.719+0000] {dag.py:3490} INFO - Setting next_dagrun for example_params_trigger_ui to None, run_after=None
[2023-06-21T02:53:16.786+0000] {processor.py:179} INFO - Processing /home/airflow/.local/lib/python3.7/site-packages/airflow/example_dags/example_params_trigger_ui.py took 0.444 seconds
[2023-06-21T02:53:47.386+0000] {processor.py:157} INFO - Started process (PID=184) to work on /home/airflow/.local/lib/python3.7/site-packages/airflow/example_dags/example_params_trigger_ui.py
[2023-06-21T02:53:47.388+0000] {processor.py:826} INFO - Processing file /home/airflow/.local/lib/python3.7/site-packages/airflow/example_dags/example_params_trigger_ui.py for tasks to queue
[2023-06-21T02:53:47.390+0000] {logging_mixin.py:149} INFO - [2023-06-21T02:53:47.390+0000] {dagbag.py:541} INFO - Filling up the DagBag from /home/airflow/.local/lib/python3.7/site-packages/airflow/example_dags/example_params_trigger_ui.py
[2023-06-21T02:53:47.425+0000] {processor.py:836} INFO - DAG(s) dict_keys(['example_params_trigger_ui']) retrieved from /home/airflow/.local/lib/python3.7/site-packages/airflow/example_dags/example_params_trigger_ui.py
[2023-06-21T02:53:47.567+0000] {logging_mixin.py:149} INFO - [2023-06-21T02:53:47.567+0000] {dag.py:2726} INFO - Sync 1 DAGs
[2023-06-21T02:53:47.622+0000] {logging_mixin.py:149} INFO - [2023-06-21T02:53:47.622+0000] {dag.py:3490} INFO - Setting next_dagrun for example_params_trigger_ui to None, run_after=None
[2023-06-21T02:53:47.674+0000] {processor.py:179} INFO - Processing /home/airflow/.local/lib/python3.7/site-packages/airflow/example_dags/example_params_trigger_ui.py took 0.294 seconds
[2023-06-21T02:54:18.150+0000] {processor.py:157} INFO - Started process (PID=241) to work on /home/airflow/.local/lib/python3.7/site-packages/airflow/example_dags/example_params_trigger_ui.py
[2023-06-21T02:54:18.154+0000] {processor.py:826} INFO - Processing file /home/airflow/.local/lib/python3.7/site-packages/airflow/example_dags/example_params_trigger_ui.py for tasks to queue
[2023-06-21T02:54:18.157+0000] {logging_mixin.py:149} INFO - [2023-06-21T02:54:18.156+0000] {dagbag.py:541} INFO - Filling up the DagBag from /home/airflow/.local/lib/python3.7/site-packages/airflow/example_dags/example_params_trigger_ui.py
[2023-06-21T02:54:18.216+0000] {processor.py:836} INFO - DAG(s) dict_keys(['example_params_trigger_ui']) retrieved from /home/airflow/.local/lib/python3.7/site-packages/airflow/example_dags/example_params_trigger_ui.py
[2023-06-21T02:54:18.357+0000] {logging_mixin.py:149} INFO - [2023-06-21T02:54:18.357+0000] {dag.py:2726} INFO - Sync 1 DAGs
[2023-06-21T02:54:18.399+0000] {logging_mixin.py:149} INFO - [2023-06-21T02:54:18.399+0000] {dag.py:3490} INFO - Setting next_dagrun for example_params_trigger_ui to None, run_after=None
[2023-06-21T02:54:18.434+0000] {processor.py:179} INFO - Processing /home/airflow/.local/lib/python3.7/site-packages/airflow/example_dags/example_params_trigger_ui.py took 0.291 seconds
[2023-06-21T02:54:48.696+0000] {processor.py:157} INFO - Started process (PID=299) to work on /home/airflow/.local/lib/python3.7/site-packages/airflow/example_dags/example_params_trigger_ui.py
[2023-06-21T02:54:48.699+0000] {processor.py:826} INFO - Processing file /home/airflow/.local/lib/python3.7/site-packages/airflow/example_dags/example_params_trigger_ui.py for tasks to queue
[2023-06-21T02:54:48.702+0000] {logging_mixin.py:149} INFO - [2023-06-21T02:54:48.702+0000] {dagbag.py:541} INFO - Filling up the DagBag from /home/airflow/.local/lib/python3.7/site-packages/airflow/example_dags/example_params_trigger_ui.py
[2023-06-21T02:54:48.754+0000] {processor.py:836} INFO - DAG(s) dict_keys(['example_params_trigger_ui']) retrieved from /home/airflow/.local/lib/python3.7/site-packages/airflow/example_dags/example_params_trigger_ui.py
[2023-06-21T02:54:48.938+0000] {logging_mixin.py:149} INFO - [2023-06-21T02:54:48.937+0000] {dag.py:2726} INFO - Sync 1 DAGs
[2023-06-21T02:54:49.006+0000] {logging_mixin.py:149} INFO - [2023-06-21T02:54:49.006+0000] {dag.py:3490} INFO - Setting next_dagrun for example_params_trigger_ui to None, run_after=None
[2023-06-21T02:54:49.052+0000] {processor.py:179} INFO - Processing /home/airflow/.local/lib/python3.7/site-packages/airflow/example_dags/example_params_trigger_ui.py took 0.364 seconds
[2023-06-21T02:55:20.426+0000] {processor.py:157} INFO - Started process (PID=356) to work on /home/airflow/.local/lib/python3.7/site-packages/airflow/example_dags/example_params_trigger_ui.py
[2023-06-21T02:55:20.430+0000] {processor.py:826} INFO - Processing file /home/airflow/.local/lib/python3.7/site-packages/airflow/example_dags/example_params_trigger_ui.py for tasks to queue
[2023-06-21T02:55:20.434+0000] {logging_mixin.py:149} INFO - [2023-06-21T02:55:20.434+0000] {dagbag.py:541} INFO - Filling up the DagBag from /home/airflow/.local/lib/python3.7/site-packages/airflow/example_dags/example_params_trigger_ui.py
[2023-06-21T02:55:20.475+0000] {processor.py:836} INFO - DAG(s) dict_keys(['example_params_trigger_ui']) retrieved from /home/airflow/.local/lib/python3.7/site-packages/airflow/example_dags/example_params_trigger_ui.py
[2023-06-21T02:55:20.657+0000] {logging_mixin.py:149} INFO - [2023-06-21T02:55:20.657+0000] {dag.py:2726} INFO - Sync 1 DAGs
[2023-06-21T02:55:20.719+0000] {logging_mixin.py:149} INFO - [2023-06-21T02:55:20.718+0000] {dag.py:3490} INFO - Setting next_dagrun for example_params_trigger_ui to None, run_after=None
[2023-06-21T02:55:20.766+0000] {processor.py:179} INFO - Processing /home/airflow/.local/lib/python3.7/site-packages/airflow/example_dags/example_params_trigger_ui.py took 0.347 seconds
[2023-06-21T02:55:51.266+0000] {processor.py:157} INFO - Started process (PID=408) to work on /home/airflow/.local/lib/python3.7/site-packages/airflow/example_dags/example_params_trigger_ui.py
[2023-06-21T02:55:51.270+0000] {processor.py:826} INFO - Processing file /home/airflow/.local/lib/python3.7/site-packages/airflow/example_dags/example_params_trigger_ui.py for tasks to queue
[2023-06-21T02:55:51.273+0000] {logging_mixin.py:149} INFO - [2023-06-21T02:55:51.273+0000] {dagbag.py:541} INFO - Filling up the DagBag from /home/airflow/.local/lib/python3.7/site-packages/airflow/example_dags/example_params_trigger_ui.py
[2023-06-21T02:55:51.313+0000] {processor.py:836} INFO - DAG(s) dict_keys(['example_params_trigger_ui']) retrieved from /home/airflow/.local/lib/python3.7/site-packages/airflow/example_dags/example_params_trigger_ui.py
[2023-06-21T02:55:51.452+0000] {logging_mixin.py:149} INFO - [2023-06-21T02:55:51.452+0000] {dag.py:2726} INFO - Sync 1 DAGs
[2023-06-21T02:55:51.511+0000] {logging_mixin.py:149} INFO - [2023-06-21T02:55:51.511+0000] {dag.py:3490} INFO - Setting next_dagrun for example_params_trigger_ui to None, run_after=None
[2023-06-21T02:55:51.569+0000] {processor.py:179} INFO - Processing /home/airflow/.local/lib/python3.7/site-packages/airflow/example_dags/example_params_trigger_ui.py took 0.312 seconds
[2023-06-21T03:05:32.260+0000] {processor.py:157} INFO - Started process (PID=489) to work on /home/airflow/.local/lib/python3.7/site-packages/airflow/example_dags/example_params_trigger_ui.py
[2023-06-21T03:05:32.264+0000] {processor.py:826} INFO - Processing file /home/airflow/.local/lib/python3.7/site-packages/airflow/example_dags/example_params_trigger_ui.py for tasks to queue
[2023-06-21T03:05:32.268+0000] {logging_mixin.py:149} INFO - [2023-06-21T03:05:32.267+0000] {dagbag.py:541} INFO - Filling up the DagBag from /home/airflow/.local/lib/python3.7/site-packages/airflow/example_dags/example_params_trigger_ui.py
[2023-06-21T03:05:32.348+0000] {processor.py:836} INFO - DAG(s) dict_keys(['example_params_trigger_ui']) retrieved from /home/airflow/.local/lib/python3.7/site-packages/airflow/example_dags/example_params_trigger_ui.py
[2023-06-21T03:05:32.603+0000] {logging_mixin.py:149} INFO - [2023-06-21T03:05:32.603+0000] {dag.py:2726} INFO - Sync 1 DAGs
[2023-06-21T03:05:32.661+0000] {logging_mixin.py:149} INFO - [2023-06-21T03:05:32.661+0000] {dag.py:3490} INFO - Setting next_dagrun for example_params_trigger_ui to None, run_after=None
[2023-06-21T03:05:32.707+0000] {processor.py:179} INFO - Processing /home/airflow/.local/lib/python3.7/site-packages/airflow/example_dags/example_params_trigger_ui.py took 0.459 seconds
[2023-06-21T03:06:03.958+0000] {processor.py:157} INFO - Started process (PID=545) to work on /home/airflow/.local/lib/python3.7/site-packages/airflow/example_dags/example_params_trigger_ui.py
[2023-06-21T03:06:03.962+0000] {processor.py:826} INFO - Processing file /home/airflow/.local/lib/python3.7/site-packages/airflow/example_dags/example_params_trigger_ui.py for tasks to queue
[2023-06-21T03:06:03.964+0000] {logging_mixin.py:149} INFO - [2023-06-21T03:06:03.964+0000] {dagbag.py:541} INFO - Filling up the DagBag from /home/airflow/.local/lib/python3.7/site-packages/airflow/example_dags/example_params_trigger_ui.py
[2023-06-21T03:06:04.012+0000] {processor.py:836} INFO - DAG(s) dict_keys(['example_params_trigger_ui']) retrieved from /home/airflow/.local/lib/python3.7/site-packages/airflow/example_dags/example_params_trigger_ui.py
[2023-06-21T03:06:04.155+0000] {logging_mixin.py:149} INFO - [2023-06-21T03:06:04.155+0000] {dag.py:2726} INFO - Sync 1 DAGs
[2023-06-21T03:06:04.206+0000] {logging_mixin.py:149} INFO - [2023-06-21T03:06:04.205+0000] {dag.py:3490} INFO - Setting next_dagrun for example_params_trigger_ui to None, run_after=None
[2023-06-21T03:06:04.250+0000] {processor.py:179} INFO - Processing /home/airflow/.local/lib/python3.7/site-packages/airflow/example_dags/example_params_trigger_ui.py took 0.302 seconds
[2023-06-21T03:06:34.784+0000] {processor.py:157} INFO - Started process (PID=602) to work on /home/airflow/.local/lib/python3.7/site-packages/airflow/example_dags/example_params_trigger_ui.py
[2023-06-21T03:06:34.789+0000] {processor.py:826} INFO - Processing file /home/airflow/.local/lib/python3.7/site-packages/airflow/example_dags/example_params_trigger_ui.py for tasks to queue
[2023-06-21T03:06:34.794+0000] {logging_mixin.py:149} INFO - [2023-06-21T03:06:34.794+0000] {dagbag.py:541} INFO - Filling up the DagBag from /home/airflow/.local/lib/python3.7/site-packages/airflow/example_dags/example_params_trigger_ui.py
[2023-06-21T03:06:34.851+0000] {processor.py:836} INFO - DAG(s) dict_keys(['example_params_trigger_ui']) retrieved from /home/airflow/.local/lib/python3.7/site-packages/airflow/example_dags/example_params_trigger_ui.py
[2023-06-21T03:06:35.507+0000] {logging_mixin.py:149} INFO - [2023-06-21T03:06:35.507+0000] {dag.py:2726} INFO - Sync 1 DAGs
[2023-06-21T03:06:35.585+0000] {logging_mixin.py:149} INFO - [2023-06-21T03:06:35.584+0000] {dag.py:3490} INFO - Setting next_dagrun for example_params_trigger_ui to None, run_after=None
[2023-06-21T03:06:35.637+0000] {processor.py:179} INFO - Processing /home/airflow/.local/lib/python3.7/site-packages/airflow/example_dags/example_params_trigger_ui.py took 0.863 seconds
[2023-06-21T03:07:05.793+0000] {processor.py:157} INFO - Started process (PID=660) to work on /home/airflow/.local/lib/python3.7/site-packages/airflow/example_dags/example_params_trigger_ui.py
[2023-06-21T03:07:05.797+0000] {processor.py:826} INFO - Processing file /home/airflow/.local/lib/python3.7/site-packages/airflow/example_dags/example_params_trigger_ui.py for tasks to queue
[2023-06-21T03:07:05.800+0000] {logging_mixin.py:149} INFO - [2023-06-21T03:07:05.800+0000] {dagbag.py:541} INFO - Filling up the DagBag from /home/airflow/.local/lib/python3.7/site-packages/airflow/example_dags/example_params_trigger_ui.py
[2023-06-21T03:07:05.863+0000] {processor.py:836} INFO - DAG(s) dict_keys(['example_params_trigger_ui']) retrieved from /home/airflow/.local/lib/python3.7/site-packages/airflow/example_dags/example_params_trigger_ui.py
[2023-06-21T03:07:06.126+0000] {logging_mixin.py:149} INFO - [2023-06-21T03:07:06.126+0000] {dag.py:2726} INFO - Sync 1 DAGs
[2023-06-21T03:07:06.200+0000] {logging_mixin.py:149} INFO - [2023-06-21T03:07:06.200+0000] {dag.py:3490} INFO - Setting next_dagrun for example_params_trigger_ui to None, run_after=None
[2023-06-21T03:07:06.259+0000] {processor.py:179} INFO - Processing /home/airflow/.local/lib/python3.7/site-packages/airflow/example_dags/example_params_trigger_ui.py took 0.478 seconds
[2023-06-21T03:07:36.925+0000] {processor.py:157} INFO - Started process (PID=717) to work on /home/airflow/.local/lib/python3.7/site-packages/airflow/example_dags/example_params_trigger_ui.py
[2023-06-21T03:07:36.929+0000] {processor.py:826} INFO - Processing file /home/airflow/.local/lib/python3.7/site-packages/airflow/example_dags/example_params_trigger_ui.py for tasks to queue
[2023-06-21T03:07:36.933+0000] {logging_mixin.py:149} INFO - [2023-06-21T03:07:36.932+0000] {dagbag.py:541} INFO - Filling up the DagBag from /home/airflow/.local/lib/python3.7/site-packages/airflow/example_dags/example_params_trigger_ui.py
[2023-06-21T03:07:36.975+0000] {processor.py:836} INFO - DAG(s) dict_keys(['example_params_trigger_ui']) retrieved from /home/airflow/.local/lib/python3.7/site-packages/airflow/example_dags/example_params_trigger_ui.py
[2023-06-21T03:07:37.152+0000] {logging_mixin.py:149} INFO - [2023-06-21T03:07:37.152+0000] {dag.py:2726} INFO - Sync 1 DAGs
[2023-06-21T03:07:37.205+0000] {logging_mixin.py:149} INFO - [2023-06-21T03:07:37.205+0000] {dag.py:3490} INFO - Setting next_dagrun for example_params_trigger_ui to None, run_after=None
[2023-06-21T03:07:37.269+0000] {processor.py:179} INFO - Processing /home/airflow/.local/lib/python3.7/site-packages/airflow/example_dags/example_params_trigger_ui.py took 0.351 seconds
[2023-06-21T03:08:07.839+0000] {processor.py:157} INFO - Started process (PID=774) to work on /home/airflow/.local/lib/python3.7/site-packages/airflow/example_dags/example_params_trigger_ui.py
[2023-06-21T03:08:07.842+0000] {processor.py:826} INFO - Processing file /home/airflow/.local/lib/python3.7/site-packages/airflow/example_dags/example_params_trigger_ui.py for tasks to queue
[2023-06-21T03:08:07.848+0000] {logging_mixin.py:149} INFO - [2023-06-21T03:08:07.847+0000] {dagbag.py:541} INFO - Filling up the DagBag from /home/airflow/.local/lib/python3.7/site-packages/airflow/example_dags/example_params_trigger_ui.py
[2023-06-21T03:08:07.889+0000] {processor.py:836} INFO - DAG(s) dict_keys(['example_params_trigger_ui']) retrieved from /home/airflow/.local/lib/python3.7/site-packages/airflow/example_dags/example_params_trigger_ui.py
[2023-06-21T03:08:08.067+0000] {logging_mixin.py:149} INFO - [2023-06-21T03:08:08.067+0000] {dag.py:2726} INFO - Sync 1 DAGs
[2023-06-21T03:08:08.119+0000] {logging_mixin.py:149} INFO - [2023-06-21T03:08:08.118+0000] {dag.py:3490} INFO - Setting next_dagrun for example_params_trigger_ui to None, run_after=None
[2023-06-21T03:08:08.170+0000] {processor.py:179} INFO - Processing /home/airflow/.local/lib/python3.7/site-packages/airflow/example_dags/example_params_trigger_ui.py took 0.338 seconds
[2023-06-21T03:08:38.303+0000] {processor.py:157} INFO - Started process (PID=831) to work on /home/airflow/.local/lib/python3.7/site-packages/airflow/example_dags/example_params_trigger_ui.py
[2023-06-21T03:08:38.307+0000] {processor.py:826} INFO - Processing file /home/airflow/.local/lib/python3.7/site-packages/airflow/example_dags/example_params_trigger_ui.py for tasks to queue
[2023-06-21T03:08:38.311+0000] {logging_mixin.py:149} INFO - [2023-06-21T03:08:38.310+0000] {dagbag.py:541} INFO - Filling up the DagBag from /home/airflow/.local/lib/python3.7/site-packages/airflow/example_dags/example_params_trigger_ui.py
[2023-06-21T03:08:38.362+0000] {processor.py:836} INFO - DAG(s) dict_keys(['example_params_trigger_ui']) retrieved from /home/airflow/.local/lib/python3.7/site-packages/airflow/example_dags/example_params_trigger_ui.py
[2023-06-21T03:08:38.542+0000] {logging_mixin.py:149} INFO - [2023-06-21T03:08:38.542+0000] {dag.py:2726} INFO - Sync 1 DAGs
[2023-06-21T03:08:38.597+0000] {logging_mixin.py:149} INFO - [2023-06-21T03:08:38.597+0000] {dag.py:3490} INFO - Setting next_dagrun for example_params_trigger_ui to None, run_after=None
[2023-06-21T03:08:38.645+0000] {processor.py:179} INFO - Processing /home/airflow/.local/lib/python3.7/site-packages/airflow/example_dags/example_params_trigger_ui.py took 0.354 seconds
[2023-06-21T03:09:08.779+0000] {processor.py:157} INFO - Started process (PID=888) to work on /home/airflow/.local/lib/python3.7/site-packages/airflow/example_dags/example_params_trigger_ui.py
[2023-06-21T03:09:08.783+0000] {processor.py:826} INFO - Processing file /home/airflow/.local/lib/python3.7/site-packages/airflow/example_dags/example_params_trigger_ui.py for tasks to queue
[2023-06-21T03:09:08.789+0000] {logging_mixin.py:149} INFO - [2023-06-21T03:09:08.788+0000] {dagbag.py:541} INFO - Filling up the DagBag from /home/airflow/.local/lib/python3.7/site-packages/airflow/example_dags/example_params_trigger_ui.py
[2023-06-21T03:09:08.836+0000] {processor.py:836} INFO - DAG(s) dict_keys(['example_params_trigger_ui']) retrieved from /home/airflow/.local/lib/python3.7/site-packages/airflow/example_dags/example_params_trigger_ui.py
[2023-06-21T03:09:08.967+0000] {logging_mixin.py:149} INFO - [2023-06-21T03:09:08.967+0000] {dag.py:2726} INFO - Sync 1 DAGs
[2023-06-21T03:09:09.006+0000] {logging_mixin.py:149} INFO - [2023-06-21T03:09:09.006+0000] {dag.py:3490} INFO - Setting next_dagrun for example_params_trigger_ui to None, run_after=None
[2023-06-21T03:09:09.041+0000] {processor.py:179} INFO - Processing /home/airflow/.local/lib/python3.7/site-packages/airflow/example_dags/example_params_trigger_ui.py took 0.275 seconds
