[2023-06-21T02:52:14.858+0000] {processor.py:157} INFO - Started process (PID=52) to work on /home/airflow/.local/lib/python3.7/site-packages/airflow/example_dags/example_xcom.py
[2023-06-21T02:52:14.869+0000] {processor.py:826} INFO - Processing file /home/airflow/.local/lib/python3.7/site-packages/airflow/example_dags/example_xcom.py for tasks to queue
[2023-06-21T02:52:14.876+0000] {logging_mixin.py:149} INFO - [2023-06-21T02:52:14.875+0000] {dagbag.py:541} INFO - Filling up the DagBag from /home/airflow/.local/lib/python3.7/site-packages/airflow/example_dags/example_xcom.py
[2023-06-21T02:52:14.943+0000] {processor.py:836} INFO - DAG(s) dict_keys(['example_xcom']) retrieved from /home/airflow/.local/lib/python3.7/site-packages/airflow/example_dags/example_xcom.py
[2023-06-21T02:52:15.192+0000] {logging_mixin.py:149} INFO - [2023-06-21T02:52:15.192+0000] {dag.py:2726} INFO - Sync 1 DAGs
[2023-06-21T02:52:15.408+0000] {logging_mixin.py:149} INFO - [2023-06-21T02:52:15.407+0000] {dag.py:3490} INFO - Setting next_dagrun for example_xcom to 2021-01-01T00:00:00+00:00, run_after=2021-01-01T00:00:00+00:00
[2023-06-21T02:52:15.538+0000] {processor.py:179} INFO - Processing /home/airflow/.local/lib/python3.7/site-packages/airflow/example_dags/example_xcom.py took 0.698 seconds
[2023-06-21T02:53:11.348+0000] {processor.py:157} INFO - Started process (PID=116) to work on /home/airflow/.local/lib/python3.7/site-packages/airflow/example_dags/example_xcom.py
[2023-06-21T02:53:11.359+0000] {processor.py:826} INFO - Processing file /home/airflow/.local/lib/python3.7/site-packages/airflow/example_dags/example_xcom.py for tasks to queue
[2023-06-21T02:53:11.368+0000] {logging_mixin.py:149} INFO - [2023-06-21T02:53:11.368+0000] {dagbag.py:541} INFO - Filling up the DagBag from /home/airflow/.local/lib/python3.7/site-packages/airflow/example_dags/example_xcom.py
[2023-06-21T02:53:11.489+0000] {processor.py:836} INFO - DAG(s) dict_keys(['example_xcom']) retrieved from /home/airflow/.local/lib/python3.7/site-packages/airflow/example_dags/example_xcom.py
[2023-06-21T02:53:11.654+0000] {logging_mixin.py:149} INFO - [2023-06-21T02:53:11.654+0000] {dag.py:2726} INFO - Sync 1 DAGs
[2023-06-21T02:53:11.850+0000] {logging_mixin.py:149} INFO - [2023-06-21T02:53:11.850+0000] {dag.py:3490} INFO - Setting next_dagrun for example_xcom to 2021-01-01T00:00:00+00:00, run_after=2021-01-01T00:00:00+00:00
[2023-06-21T02:53:12.039+0000] {processor.py:179} INFO - Processing /home/airflow/.local/lib/python3.7/site-packages/airflow/example_dags/example_xcom.py took 0.746 seconds
[2023-06-21T02:53:42.547+0000] {processor.py:157} INFO - Started process (PID=168) to work on /home/airflow/.local/lib/python3.7/site-packages/airflow/example_dags/example_xcom.py
[2023-06-21T02:53:42.549+0000] {processor.py:826} INFO - Processing file /home/airflow/.local/lib/python3.7/site-packages/airflow/example_dags/example_xcom.py for tasks to queue
[2023-06-21T02:53:42.551+0000] {logging_mixin.py:149} INFO - [2023-06-21T02:53:42.551+0000] {dagbag.py:541} INFO - Filling up the DagBag from /home/airflow/.local/lib/python3.7/site-packages/airflow/example_dags/example_xcom.py
[2023-06-21T02:53:42.571+0000] {processor.py:836} INFO - DAG(s) dict_keys(['example_xcom']) retrieved from /home/airflow/.local/lib/python3.7/site-packages/airflow/example_dags/example_xcom.py
[2023-06-21T02:53:42.616+0000] {logging_mixin.py:149} INFO - [2023-06-21T02:53:42.615+0000] {dag.py:2726} INFO - Sync 1 DAGs
[2023-06-21T02:53:42.663+0000] {logging_mixin.py:149} INFO - [2023-06-21T02:53:42.662+0000] {dag.py:3490} INFO - Setting next_dagrun for example_xcom to 2021-01-01T00:00:00+00:00, run_after=2021-01-01T00:00:00+00:00
[2023-06-21T02:53:42.702+0000] {processor.py:179} INFO - Processing /home/airflow/.local/lib/python3.7/site-packages/airflow/example_dags/example_xcom.py took 0.161 seconds
[2023-06-21T02:54:13.158+0000] {processor.py:157} INFO - Started process (PID=225) to work on /home/airflow/.local/lib/python3.7/site-packages/airflow/example_dags/example_xcom.py
[2023-06-21T02:54:13.161+0000] {processor.py:826} INFO - Processing file /home/airflow/.local/lib/python3.7/site-packages/airflow/example_dags/example_xcom.py for tasks to queue
[2023-06-21T02:54:13.165+0000] {logging_mixin.py:149} INFO - [2023-06-21T02:54:13.165+0000] {dagbag.py:541} INFO - Filling up the DagBag from /home/airflow/.local/lib/python3.7/site-packages/airflow/example_dags/example_xcom.py
[2023-06-21T02:54:13.178+0000] {processor.py:836} INFO - DAG(s) dict_keys(['example_xcom']) retrieved from /home/airflow/.local/lib/python3.7/site-packages/airflow/example_dags/example_xcom.py
[2023-06-21T02:54:13.222+0000] {logging_mixin.py:149} INFO - [2023-06-21T02:54:13.222+0000] {dag.py:2726} INFO - Sync 1 DAGs
[2023-06-21T02:54:13.264+0000] {logging_mixin.py:149} INFO - [2023-06-21T02:54:13.264+0000] {dag.py:3490} INFO - Setting next_dagrun for example_xcom to 2021-01-01T00:00:00+00:00, run_after=2021-01-01T00:00:00+00:00
[2023-06-21T02:54:13.301+0000] {processor.py:179} INFO - Processing /home/airflow/.local/lib/python3.7/site-packages/airflow/example_dags/example_xcom.py took 0.169 seconds
[2023-06-21T02:54:43.379+0000] {processor.py:157} INFO - Started process (PID=282) to work on /home/airflow/.local/lib/python3.7/site-packages/airflow/example_dags/example_xcom.py
[2023-06-21T02:54:43.381+0000] {processor.py:826} INFO - Processing file /home/airflow/.local/lib/python3.7/site-packages/airflow/example_dags/example_xcom.py for tasks to queue
[2023-06-21T02:54:43.383+0000] {logging_mixin.py:149} INFO - [2023-06-21T02:54:43.383+0000] {dagbag.py:541} INFO - Filling up the DagBag from /home/airflow/.local/lib/python3.7/site-packages/airflow/example_dags/example_xcom.py
[2023-06-21T02:54:43.396+0000] {processor.py:836} INFO - DAG(s) dict_keys(['example_xcom']) retrieved from /home/airflow/.local/lib/python3.7/site-packages/airflow/example_dags/example_xcom.py
[2023-06-21T02:54:43.456+0000] {logging_mixin.py:149} INFO - [2023-06-21T02:54:43.456+0000] {dag.py:2726} INFO - Sync 1 DAGs
[2023-06-21T02:54:43.496+0000] {logging_mixin.py:149} INFO - [2023-06-21T02:54:43.496+0000] {dag.py:3490} INFO - Setting next_dagrun for example_xcom to 2021-01-01T00:00:00+00:00, run_after=2021-01-01T00:00:00+00:00
[2023-06-21T02:54:43.543+0000] {processor.py:179} INFO - Processing /home/airflow/.local/lib/python3.7/site-packages/airflow/example_dags/example_xcom.py took 0.171 seconds
[2023-06-21T02:55:13.721+0000] {processor.py:157} INFO - Started process (PID=339) to work on /home/airflow/.local/lib/python3.7/site-packages/airflow/example_dags/example_xcom.py
[2023-06-21T02:55:13.724+0000] {processor.py:826} INFO - Processing file /home/airflow/.local/lib/python3.7/site-packages/airflow/example_dags/example_xcom.py for tasks to queue
[2023-06-21T02:55:13.728+0000] {logging_mixin.py:149} INFO - [2023-06-21T02:55:13.727+0000] {dagbag.py:541} INFO - Filling up the DagBag from /home/airflow/.local/lib/python3.7/site-packages/airflow/example_dags/example_xcom.py
[2023-06-21T02:55:13.746+0000] {processor.py:836} INFO - DAG(s) dict_keys(['example_xcom']) retrieved from /home/airflow/.local/lib/python3.7/site-packages/airflow/example_dags/example_xcom.py
[2023-06-21T02:55:13.795+0000] {logging_mixin.py:149} INFO - [2023-06-21T02:55:13.795+0000] {dag.py:2726} INFO - Sync 1 DAGs
[2023-06-21T02:55:13.854+0000] {logging_mixin.py:149} INFO - [2023-06-21T02:55:13.854+0000] {dag.py:3490} INFO - Setting next_dagrun for example_xcom to 2021-01-01T00:00:00+00:00, run_after=2021-01-01T00:00:00+00:00
[2023-06-21T02:55:13.924+0000] {processor.py:179} INFO - Processing /home/airflow/.local/lib/python3.7/site-packages/airflow/example_dags/example_xcom.py took 0.211 seconds
[2023-06-21T02:55:44.259+0000] {processor.py:157} INFO - Started process (PID=397) to work on /home/airflow/.local/lib/python3.7/site-packages/airflow/example_dags/example_xcom.py
[2023-06-21T02:55:44.263+0000] {processor.py:826} INFO - Processing file /home/airflow/.local/lib/python3.7/site-packages/airflow/example_dags/example_xcom.py for tasks to queue
[2023-06-21T02:55:44.266+0000] {logging_mixin.py:149} INFO - [2023-06-21T02:55:44.265+0000] {dagbag.py:541} INFO - Filling up the DagBag from /home/airflow/.local/lib/python3.7/site-packages/airflow/example_dags/example_xcom.py
[2023-06-21T02:55:44.284+0000] {processor.py:836} INFO - DAG(s) dict_keys(['example_xcom']) retrieved from /home/airflow/.local/lib/python3.7/site-packages/airflow/example_dags/example_xcom.py
[2023-06-21T02:55:44.333+0000] {logging_mixin.py:149} INFO - [2023-06-21T02:55:44.332+0000] {dag.py:2726} INFO - Sync 1 DAGs
[2023-06-21T02:55:44.380+0000] {logging_mixin.py:149} INFO - [2023-06-21T02:55:44.379+0000] {dag.py:3490} INFO - Setting next_dagrun for example_xcom to 2021-01-01T00:00:00+00:00, run_after=2021-01-01T00:00:00+00:00
[2023-06-21T02:55:44.421+0000] {processor.py:179} INFO - Processing /home/airflow/.local/lib/python3.7/site-packages/airflow/example_dags/example_xcom.py took 0.170 seconds
[2023-06-21T02:56:19.020+0000] {processor.py:157} INFO - Started process (PID=454) to work on /home/airflow/.local/lib/python3.7/site-packages/airflow/example_dags/example_xcom.py
[2023-06-21T02:56:19.024+0000] {processor.py:826} INFO - Processing file /home/airflow/.local/lib/python3.7/site-packages/airflow/example_dags/example_xcom.py for tasks to queue
[2023-06-21T02:56:19.027+0000] {logging_mixin.py:149} INFO - [2023-06-21T02:56:19.027+0000] {dagbag.py:541} INFO - Filling up the DagBag from /home/airflow/.local/lib/python3.7/site-packages/airflow/example_dags/example_xcom.py
[2023-06-21T02:56:19.041+0000] {processor.py:836} INFO - DAG(s) dict_keys(['example_xcom']) retrieved from /home/airflow/.local/lib/python3.7/site-packages/airflow/example_dags/example_xcom.py
[2023-06-21T02:56:19.087+0000] {logging_mixin.py:149} INFO - [2023-06-21T02:56:19.087+0000] {dag.py:2726} INFO - Sync 1 DAGs
[2023-06-21T02:56:19.150+0000] {logging_mixin.py:149} INFO - [2023-06-21T02:56:19.149+0000] {dag.py:3490} INFO - Setting next_dagrun for example_xcom to 2021-01-01T00:00:00+00:00, run_after=2021-01-01T00:00:00+00:00
[2023-06-21T02:56:19.221+0000] {processor.py:179} INFO - Processing /home/airflow/.local/lib/python3.7/site-packages/airflow/example_dags/example_xcom.py took 0.212 seconds
[2023-06-21T03:05:29.736+0000] {processor.py:157} INFO - Started process (PID=478) to work on /home/airflow/.local/lib/python3.7/site-packages/airflow/example_dags/example_xcom.py
[2023-06-21T03:05:29.742+0000] {processor.py:826} INFO - Processing file /home/airflow/.local/lib/python3.7/site-packages/airflow/example_dags/example_xcom.py for tasks to queue
[2023-06-21T03:05:29.746+0000] {logging_mixin.py:149} INFO - [2023-06-21T03:05:29.745+0000] {dagbag.py:541} INFO - Filling up the DagBag from /home/airflow/.local/lib/python3.7/site-packages/airflow/example_dags/example_xcom.py
[2023-06-21T03:05:29.782+0000] {processor.py:836} INFO - DAG(s) dict_keys(['example_xcom']) retrieved from /home/airflow/.local/lib/python3.7/site-packages/airflow/example_dags/example_xcom.py
[2023-06-21T03:05:29.915+0000] {logging_mixin.py:149} INFO - [2023-06-21T03:05:29.915+0000] {dag.py:2726} INFO - Sync 1 DAGs
[2023-06-21T03:05:30.007+0000] {logging_mixin.py:149} INFO - [2023-06-21T03:05:30.007+0000] {dag.py:3490} INFO - Setting next_dagrun for example_xcom to 2021-01-01T00:00:00+00:00, run_after=2021-01-01T00:00:00+00:00
[2023-06-21T03:05:30.111+0000] {processor.py:179} INFO - Processing /home/airflow/.local/lib/python3.7/site-packages/airflow/example_dags/example_xcom.py took 0.384 seconds
[2023-06-21T03:06:00.183+0000] {processor.py:157} INFO - Started process (PID=534) to work on /home/airflow/.local/lib/python3.7/site-packages/airflow/example_dags/example_xcom.py
[2023-06-21T03:06:00.186+0000] {processor.py:826} INFO - Processing file /home/airflow/.local/lib/python3.7/site-packages/airflow/example_dags/example_xcom.py for tasks to queue
[2023-06-21T03:06:00.189+0000] {logging_mixin.py:149} INFO - [2023-06-21T03:06:00.189+0000] {dagbag.py:541} INFO - Filling up the DagBag from /home/airflow/.local/lib/python3.7/site-packages/airflow/example_dags/example_xcom.py
[2023-06-21T03:06:00.211+0000] {processor.py:836} INFO - DAG(s) dict_keys(['example_xcom']) retrieved from /home/airflow/.local/lib/python3.7/site-packages/airflow/example_dags/example_xcom.py
[2023-06-21T03:06:00.276+0000] {logging_mixin.py:149} INFO - [2023-06-21T03:06:00.275+0000] {dag.py:2726} INFO - Sync 1 DAGs
[2023-06-21T03:06:00.330+0000] {logging_mixin.py:149} INFO - [2023-06-21T03:06:00.330+0000] {dag.py:3490} INFO - Setting next_dagrun for example_xcom to 2021-01-01T00:00:00+00:00, run_after=2021-01-01T00:00:00+00:00
[2023-06-21T03:06:00.367+0000] {processor.py:179} INFO - Processing /home/airflow/.local/lib/python3.7/site-packages/airflow/example_dags/example_xcom.py took 0.190 seconds
[2023-06-21T03:06:31.369+0000] {processor.py:157} INFO - Started process (PID=591) to work on /home/airflow/.local/lib/python3.7/site-packages/airflow/example_dags/example_xcom.py
[2023-06-21T03:06:31.375+0000] {processor.py:826} INFO - Processing file /home/airflow/.local/lib/python3.7/site-packages/airflow/example_dags/example_xcom.py for tasks to queue
[2023-06-21T03:06:31.379+0000] {logging_mixin.py:149} INFO - [2023-06-21T03:06:31.378+0000] {dagbag.py:541} INFO - Filling up the DagBag from /home/airflow/.local/lib/python3.7/site-packages/airflow/example_dags/example_xcom.py
[2023-06-21T03:06:31.414+0000] {processor.py:836} INFO - DAG(s) dict_keys(['example_xcom']) retrieved from /home/airflow/.local/lib/python3.7/site-packages/airflow/example_dags/example_xcom.py
[2023-06-21T03:06:31.483+0000] {logging_mixin.py:149} INFO - [2023-06-21T03:06:31.482+0000] {dag.py:2726} INFO - Sync 1 DAGs
[2023-06-21T03:06:31.547+0000] {logging_mixin.py:149} INFO - [2023-06-21T03:06:31.547+0000] {dag.py:3490} INFO - Setting next_dagrun for example_xcom to 2021-01-01T00:00:00+00:00, run_after=2021-01-01T00:00:00+00:00
[2023-06-21T03:06:31.612+0000] {processor.py:179} INFO - Processing /home/airflow/.local/lib/python3.7/site-packages/airflow/example_dags/example_xcom.py took 0.252 seconds
[2023-06-21T03:07:01.702+0000] {processor.py:157} INFO - Started process (PID=649) to work on /home/airflow/.local/lib/python3.7/site-packages/airflow/example_dags/example_xcom.py
[2023-06-21T03:07:01.706+0000] {processor.py:826} INFO - Processing file /home/airflow/.local/lib/python3.7/site-packages/airflow/example_dags/example_xcom.py for tasks to queue
[2023-06-21T03:07:01.708+0000] {logging_mixin.py:149} INFO - [2023-06-21T03:07:01.707+0000] {dagbag.py:541} INFO - Filling up the DagBag from /home/airflow/.local/lib/python3.7/site-packages/airflow/example_dags/example_xcom.py
[2023-06-21T03:07:01.723+0000] {processor.py:836} INFO - DAG(s) dict_keys(['example_xcom']) retrieved from /home/airflow/.local/lib/python3.7/site-packages/airflow/example_dags/example_xcom.py
[2023-06-21T03:07:01.773+0000] {logging_mixin.py:149} INFO - [2023-06-21T03:07:01.773+0000] {dag.py:2726} INFO - Sync 1 DAGs
[2023-06-21T03:07:01.813+0000] {logging_mixin.py:149} INFO - [2023-06-21T03:07:01.813+0000] {dag.py:3490} INFO - Setting next_dagrun for example_xcom to 2021-01-01T00:00:00+00:00, run_after=2021-01-01T00:00:00+00:00
[2023-06-21T03:07:01.849+0000] {processor.py:179} INFO - Processing /home/airflow/.local/lib/python3.7/site-packages/airflow/example_dags/example_xcom.py took 0.158 seconds
[2023-06-21T03:07:32.270+0000] {processor.py:157} INFO - Started process (PID=706) to work on /home/airflow/.local/lib/python3.7/site-packages/airflow/example_dags/example_xcom.py
[2023-06-21T03:07:32.273+0000] {processor.py:826} INFO - Processing file /home/airflow/.local/lib/python3.7/site-packages/airflow/example_dags/example_xcom.py for tasks to queue
[2023-06-21T03:07:32.277+0000] {logging_mixin.py:149} INFO - [2023-06-21T03:07:32.277+0000] {dagbag.py:541} INFO - Filling up the DagBag from /home/airflow/.local/lib/python3.7/site-packages/airflow/example_dags/example_xcom.py
[2023-06-21T03:07:32.296+0000] {processor.py:836} INFO - DAG(s) dict_keys(['example_xcom']) retrieved from /home/airflow/.local/lib/python3.7/site-packages/airflow/example_dags/example_xcom.py
[2023-06-21T03:07:32.364+0000] {logging_mixin.py:149} INFO - [2023-06-21T03:07:32.364+0000] {dag.py:2726} INFO - Sync 1 DAGs
[2023-06-21T03:07:32.422+0000] {logging_mixin.py:149} INFO - [2023-06-21T03:07:32.422+0000] {dag.py:3490} INFO - Setting next_dagrun for example_xcom to 2021-01-01T00:00:00+00:00, run_after=2021-01-01T00:00:00+00:00
[2023-06-21T03:07:32.466+0000] {processor.py:179} INFO - Processing /home/airflow/.local/lib/python3.7/site-packages/airflow/example_dags/example_xcom.py took 0.206 seconds
[2023-06-21T03:08:03.211+0000] {processor.py:157} INFO - Started process (PID=763) to work on /home/airflow/.local/lib/python3.7/site-packages/airflow/example_dags/example_xcom.py
[2023-06-21T03:08:03.221+0000] {processor.py:826} INFO - Processing file /home/airflow/.local/lib/python3.7/site-packages/airflow/example_dags/example_xcom.py for tasks to queue
[2023-06-21T03:08:03.224+0000] {logging_mixin.py:149} INFO - [2023-06-21T03:08:03.224+0000] {dagbag.py:541} INFO - Filling up the DagBag from /home/airflow/.local/lib/python3.7/site-packages/airflow/example_dags/example_xcom.py
[2023-06-21T03:08:03.246+0000] {processor.py:836} INFO - DAG(s) dict_keys(['example_xcom']) retrieved from /home/airflow/.local/lib/python3.7/site-packages/airflow/example_dags/example_xcom.py
[2023-06-21T03:08:03.307+0000] {logging_mixin.py:149} INFO - [2023-06-21T03:08:03.306+0000] {dag.py:2726} INFO - Sync 1 DAGs
[2023-06-21T03:08:03.355+0000] {logging_mixin.py:149} INFO - [2023-06-21T03:08:03.355+0000] {dag.py:3490} INFO - Setting next_dagrun for example_xcom to 2021-01-01T00:00:00+00:00, run_after=2021-01-01T00:00:00+00:00
[2023-06-21T03:08:03.402+0000] {processor.py:179} INFO - Processing /home/airflow/.local/lib/python3.7/site-packages/airflow/example_dags/example_xcom.py took 0.204 seconds
[2023-06-21T03:08:33.702+0000] {processor.py:157} INFO - Started process (PID=820) to work on /home/airflow/.local/lib/python3.7/site-packages/airflow/example_dags/example_xcom.py
[2023-06-21T03:08:33.707+0000] {processor.py:826} INFO - Processing file /home/airflow/.local/lib/python3.7/site-packages/airflow/example_dags/example_xcom.py for tasks to queue
[2023-06-21T03:08:33.711+0000] {logging_mixin.py:149} INFO - [2023-06-21T03:08:33.710+0000] {dagbag.py:541} INFO - Filling up the DagBag from /home/airflow/.local/lib/python3.7/site-packages/airflow/example_dags/example_xcom.py
[2023-06-21T03:08:33.731+0000] {processor.py:836} INFO - DAG(s) dict_keys(['example_xcom']) retrieved from /home/airflow/.local/lib/python3.7/site-packages/airflow/example_dags/example_xcom.py
[2023-06-21T03:08:33.823+0000] {logging_mixin.py:149} INFO - [2023-06-21T03:08:33.823+0000] {dag.py:2726} INFO - Sync 1 DAGs
[2023-06-21T03:08:33.892+0000] {logging_mixin.py:149} INFO - [2023-06-21T03:08:33.892+0000] {dag.py:3490} INFO - Setting next_dagrun for example_xcom to 2021-01-01T00:00:00+00:00, run_after=2021-01-01T00:00:00+00:00
[2023-06-21T03:08:33.951+0000] {processor.py:179} INFO - Processing /home/airflow/.local/lib/python3.7/site-packages/airflow/example_dags/example_xcom.py took 0.256 seconds
[2023-06-21T03:09:04.793+0000] {processor.py:157} INFO - Started process (PID=878) to work on /home/airflow/.local/lib/python3.7/site-packages/airflow/example_dags/example_xcom.py
[2023-06-21T03:09:04.796+0000] {processor.py:826} INFO - Processing file /home/airflow/.local/lib/python3.7/site-packages/airflow/example_dags/example_xcom.py for tasks to queue
[2023-06-21T03:09:04.798+0000] {logging_mixin.py:149} INFO - [2023-06-21T03:09:04.797+0000] {dagbag.py:541} INFO - Filling up the DagBag from /home/airflow/.local/lib/python3.7/site-packages/airflow/example_dags/example_xcom.py
[2023-06-21T03:09:04.811+0000] {processor.py:836} INFO - DAG(s) dict_keys(['example_xcom']) retrieved from /home/airflow/.local/lib/python3.7/site-packages/airflow/example_dags/example_xcom.py
[2023-06-21T03:09:04.854+0000] {logging_mixin.py:149} INFO - [2023-06-21T03:09:04.853+0000] {dag.py:2726} INFO - Sync 1 DAGs
[2023-06-21T03:09:04.892+0000] {logging_mixin.py:149} INFO - [2023-06-21T03:09:04.891+0000] {dag.py:3490} INFO - Setting next_dagrun for example_xcom to 2021-01-01T00:00:00+00:00, run_after=2021-01-01T00:00:00+00:00
[2023-06-21T03:09:04.927+0000] {processor.py:179} INFO - Processing /home/airflow/.local/lib/python3.7/site-packages/airflow/example_dags/example_xcom.py took 0.140 seconds
[2023-06-21T03:09:35.155+0000] {processor.py:157} INFO - Started process (PID=935) to work on /home/airflow/.local/lib/python3.7/site-packages/airflow/example_dags/example_xcom.py
[2023-06-21T03:09:35.158+0000] {processor.py:826} INFO - Processing file /home/airflow/.local/lib/python3.7/site-packages/airflow/example_dags/example_xcom.py for tasks to queue
[2023-06-21T03:09:35.160+0000] {logging_mixin.py:149} INFO - [2023-06-21T03:09:35.160+0000] {dagbag.py:541} INFO - Filling up the DagBag from /home/airflow/.local/lib/python3.7/site-packages/airflow/example_dags/example_xcom.py
[2023-06-21T03:09:35.173+0000] {processor.py:836} INFO - DAG(s) dict_keys(['example_xcom']) retrieved from /home/airflow/.local/lib/python3.7/site-packages/airflow/example_dags/example_xcom.py
[2023-06-21T03:09:35.214+0000] {logging_mixin.py:149} INFO - [2023-06-21T03:09:35.214+0000] {dag.py:2726} INFO - Sync 1 DAGs
[2023-06-21T03:09:35.254+0000] {logging_mixin.py:149} INFO - [2023-06-21T03:09:35.253+0000] {dag.py:3490} INFO - Setting next_dagrun for example_xcom to 2021-01-01T00:00:00+00:00, run_after=2021-01-01T00:00:00+00:00
[2023-06-21T03:09:35.294+0000] {processor.py:179} INFO - Processing /home/airflow/.local/lib/python3.7/site-packages/airflow/example_dags/example_xcom.py took 0.145 seconds
