[2023-06-21T02:52:11.226+0000] {processor.py:157} INFO - Started process (PID=47) to work on /home/airflow/.local/lib/python3.7/site-packages/airflow/example_dags/tutorial_taskflow_api.py
[2023-06-21T02:52:11.329+0000] {processor.py:826} INFO - Processing file /home/airflow/.local/lib/python3.7/site-packages/airflow/example_dags/tutorial_taskflow_api.py for tasks to queue
[2023-06-21T02:52:11.423+0000] {logging_mixin.py:149} INFO - [2023-06-21T02:52:11.421+0000] {dagbag.py:541} INFO - Filling up the DagBag from /home/airflow/.local/lib/python3.7/site-packages/airflow/example_dags/tutorial_taskflow_api.py
[2023-06-21T02:52:11.861+0000] {processor.py:836} INFO - DAG(s) dict_keys(['tutorial_taskflow_api']) retrieved from /home/airflow/.local/lib/python3.7/site-packages/airflow/example_dags/tutorial_taskflow_api.py
[2023-06-21T02:52:12.806+0000] {logging_mixin.py:149} INFO - [2023-06-21T02:52:12.804+0000] {dag.py:2726} INFO - Sync 1 DAGs
[2023-06-21T02:52:12.948+0000] {logging_mixin.py:149} INFO - [2023-06-21T02:52:12.947+0000] {dag.py:3490} INFO - Setting next_dagrun for tutorial_taskflow_api to None, run_after=None
[2023-06-21T02:52:13.197+0000] {processor.py:179} INFO - Processing /home/airflow/.local/lib/python3.7/site-packages/airflow/example_dags/tutorial_taskflow_api.py took 2.041 seconds
[2023-06-21T02:53:01.763+0000] {processor.py:157} INFO - Started process (PID=104) to work on /home/airflow/.local/lib/python3.7/site-packages/airflow/example_dags/tutorial_taskflow_api.py
[2023-06-21T02:53:01.856+0000] {processor.py:826} INFO - Processing file /home/airflow/.local/lib/python3.7/site-packages/airflow/example_dags/tutorial_taskflow_api.py for tasks to queue
[2023-06-21T02:53:01.886+0000] {logging_mixin.py:149} INFO - [2023-06-21T02:53:01.885+0000] {dagbag.py:541} INFO - Filling up the DagBag from /home/airflow/.local/lib/python3.7/site-packages/airflow/example_dags/tutorial_taskflow_api.py
[2023-06-21T02:53:02.467+0000] {processor.py:836} INFO - DAG(s) dict_keys(['tutorial_taskflow_api']) retrieved from /home/airflow/.local/lib/python3.7/site-packages/airflow/example_dags/tutorial_taskflow_api.py
[2023-06-21T02:53:02.961+0000] {logging_mixin.py:149} INFO - [2023-06-21T02:53:02.961+0000] {dag.py:2726} INFO - Sync 1 DAGs
[2023-06-21T02:53:03.402+0000] {logging_mixin.py:149} INFO - [2023-06-21T02:53:03.401+0000] {dag.py:3490} INFO - Setting next_dagrun for tutorial_taskflow_api to None, run_after=None
[2023-06-21T02:53:03.715+0000] {processor.py:179} INFO - Processing /home/airflow/.local/lib/python3.7/site-packages/airflow/example_dags/tutorial_taskflow_api.py took 2.106 seconds
[2023-06-21T02:53:34.014+0000] {processor.py:157} INFO - Started process (PID=156) to work on /home/airflow/.local/lib/python3.7/site-packages/airflow/example_dags/tutorial_taskflow_api.py
[2023-06-21T02:53:34.018+0000] {processor.py:826} INFO - Processing file /home/airflow/.local/lib/python3.7/site-packages/airflow/example_dags/tutorial_taskflow_api.py for tasks to queue
[2023-06-21T02:53:34.019+0000] {logging_mixin.py:149} INFO - [2023-06-21T02:53:34.019+0000] {dagbag.py:541} INFO - Filling up the DagBag from /home/airflow/.local/lib/python3.7/site-packages/airflow/example_dags/tutorial_taskflow_api.py
[2023-06-21T02:53:34.032+0000] {processor.py:836} INFO - DAG(s) dict_keys(['tutorial_taskflow_api']) retrieved from /home/airflow/.local/lib/python3.7/site-packages/airflow/example_dags/tutorial_taskflow_api.py
[2023-06-21T02:53:34.079+0000] {logging_mixin.py:149} INFO - [2023-06-21T02:53:34.079+0000] {dag.py:2726} INFO - Sync 1 DAGs
[2023-06-21T02:53:34.124+0000] {logging_mixin.py:149} INFO - [2023-06-21T02:53:34.124+0000] {dag.py:3490} INFO - Setting next_dagrun for tutorial_taskflow_api to None, run_after=None
[2023-06-21T02:53:34.164+0000] {processor.py:179} INFO - Processing /home/airflow/.local/lib/python3.7/site-packages/airflow/example_dags/tutorial_taskflow_api.py took 0.154 seconds
[2023-06-21T02:54:04.552+0000] {processor.py:157} INFO - Started process (PID=213) to work on /home/airflow/.local/lib/python3.7/site-packages/airflow/example_dags/tutorial_taskflow_api.py
[2023-06-21T02:54:04.556+0000] {processor.py:826} INFO - Processing file /home/airflow/.local/lib/python3.7/site-packages/airflow/example_dags/tutorial_taskflow_api.py for tasks to queue
[2023-06-21T02:54:04.559+0000] {logging_mixin.py:149} INFO - [2023-06-21T02:54:04.559+0000] {dagbag.py:541} INFO - Filling up the DagBag from /home/airflow/.local/lib/python3.7/site-packages/airflow/example_dags/tutorial_taskflow_api.py
[2023-06-21T02:54:04.574+0000] {processor.py:836} INFO - DAG(s) dict_keys(['tutorial_taskflow_api']) retrieved from /home/airflow/.local/lib/python3.7/site-packages/airflow/example_dags/tutorial_taskflow_api.py
[2023-06-21T02:54:04.614+0000] {logging_mixin.py:149} INFO - [2023-06-21T02:54:04.613+0000] {dag.py:2726} INFO - Sync 1 DAGs
[2023-06-21T02:54:04.654+0000] {logging_mixin.py:149} INFO - [2023-06-21T02:54:04.654+0000] {dag.py:3490} INFO - Setting next_dagrun for tutorial_taskflow_api to None, run_after=None
[2023-06-21T02:54:04.686+0000] {processor.py:179} INFO - Processing /home/airflow/.local/lib/python3.7/site-packages/airflow/example_dags/tutorial_taskflow_api.py took 0.143 seconds
[2023-06-21T02:54:34.736+0000] {processor.py:157} INFO - Started process (PID=270) to work on /home/airflow/.local/lib/python3.7/site-packages/airflow/example_dags/tutorial_taskflow_api.py
[2023-06-21T02:54:34.739+0000] {processor.py:826} INFO - Processing file /home/airflow/.local/lib/python3.7/site-packages/airflow/example_dags/tutorial_taskflow_api.py for tasks to queue
[2023-06-21T02:54:34.740+0000] {logging_mixin.py:149} INFO - [2023-06-21T02:54:34.740+0000] {dagbag.py:541} INFO - Filling up the DagBag from /home/airflow/.local/lib/python3.7/site-packages/airflow/example_dags/tutorial_taskflow_api.py
[2023-06-21T02:54:34.751+0000] {processor.py:836} INFO - DAG(s) dict_keys(['tutorial_taskflow_api']) retrieved from /home/airflow/.local/lib/python3.7/site-packages/airflow/example_dags/tutorial_taskflow_api.py
[2023-06-21T02:54:34.791+0000] {logging_mixin.py:149} INFO - [2023-06-21T02:54:34.791+0000] {dag.py:2726} INFO - Sync 1 DAGs
[2023-06-21T02:54:34.830+0000] {logging_mixin.py:149} INFO - [2023-06-21T02:54:34.830+0000] {dag.py:3490} INFO - Setting next_dagrun for tutorial_taskflow_api to None, run_after=None
[2023-06-21T02:54:34.862+0000] {processor.py:179} INFO - Processing /home/airflow/.local/lib/python3.7/site-packages/airflow/example_dags/tutorial_taskflow_api.py took 0.132 seconds
[2023-06-21T02:55:05.062+0000] {processor.py:157} INFO - Started process (PID=327) to work on /home/airflow/.local/lib/python3.7/site-packages/airflow/example_dags/tutorial_taskflow_api.py
[2023-06-21T02:55:05.064+0000] {processor.py:826} INFO - Processing file /home/airflow/.local/lib/python3.7/site-packages/airflow/example_dags/tutorial_taskflow_api.py for tasks to queue
[2023-06-21T02:55:05.066+0000] {logging_mixin.py:149} INFO - [2023-06-21T02:55:05.066+0000] {dagbag.py:541} INFO - Filling up the DagBag from /home/airflow/.local/lib/python3.7/site-packages/airflow/example_dags/tutorial_taskflow_api.py
[2023-06-21T02:55:05.077+0000] {processor.py:836} INFO - DAG(s) dict_keys(['tutorial_taskflow_api']) retrieved from /home/airflow/.local/lib/python3.7/site-packages/airflow/example_dags/tutorial_taskflow_api.py
[2023-06-21T02:55:05.115+0000] {logging_mixin.py:149} INFO - [2023-06-21T02:55:05.115+0000] {dag.py:2726} INFO - Sync 1 DAGs
[2023-06-21T02:55:05.154+0000] {logging_mixin.py:149} INFO - [2023-06-21T02:55:05.153+0000] {dag.py:3490} INFO - Setting next_dagrun for tutorial_taskflow_api to None, run_after=None
[2023-06-21T02:55:05.184+0000] {processor.py:179} INFO - Processing /home/airflow/.local/lib/python3.7/site-packages/airflow/example_dags/tutorial_taskflow_api.py took 0.128 seconds
[2023-06-21T02:55:35.672+0000] {processor.py:157} INFO - Started process (PID=384) to work on /home/airflow/.local/lib/python3.7/site-packages/airflow/example_dags/tutorial_taskflow_api.py
[2023-06-21T02:55:35.676+0000] {processor.py:826} INFO - Processing file /home/airflow/.local/lib/python3.7/site-packages/airflow/example_dags/tutorial_taskflow_api.py for tasks to queue
[2023-06-21T02:55:35.679+0000] {logging_mixin.py:149} INFO - [2023-06-21T02:55:35.678+0000] {dagbag.py:541} INFO - Filling up the DagBag from /home/airflow/.local/lib/python3.7/site-packages/airflow/example_dags/tutorial_taskflow_api.py
[2023-06-21T02:55:35.692+0000] {processor.py:836} INFO - DAG(s) dict_keys(['tutorial_taskflow_api']) retrieved from /home/airflow/.local/lib/python3.7/site-packages/airflow/example_dags/tutorial_taskflow_api.py
[2023-06-21T02:55:35.730+0000] {logging_mixin.py:149} INFO - [2023-06-21T02:55:35.730+0000] {dag.py:2726} INFO - Sync 1 DAGs
[2023-06-21T02:55:35.777+0000] {logging_mixin.py:149} INFO - [2023-06-21T02:55:35.777+0000] {dag.py:3490} INFO - Setting next_dagrun for tutorial_taskflow_api to None, run_after=None
[2023-06-21T02:55:35.818+0000] {processor.py:179} INFO - Processing /home/airflow/.local/lib/python3.7/site-packages/airflow/example_dags/tutorial_taskflow_api.py took 0.152 seconds
[2023-06-21T02:56:18.459+0000] {processor.py:157} INFO - Started process (PID=449) to work on /home/airflow/.local/lib/python3.7/site-packages/airflow/example_dags/tutorial_taskflow_api.py
[2023-06-21T02:56:18.476+0000] {processor.py:826} INFO - Processing file /home/airflow/.local/lib/python3.7/site-packages/airflow/example_dags/tutorial_taskflow_api.py for tasks to queue
[2023-06-21T02:56:18.480+0000] {logging_mixin.py:149} INFO - [2023-06-21T02:56:18.480+0000] {dagbag.py:541} INFO - Filling up the DagBag from /home/airflow/.local/lib/python3.7/site-packages/airflow/example_dags/tutorial_taskflow_api.py
[2023-06-21T02:56:18.504+0000] {processor.py:836} INFO - DAG(s) dict_keys(['tutorial_taskflow_api']) retrieved from /home/airflow/.local/lib/python3.7/site-packages/airflow/example_dags/tutorial_taskflow_api.py
[2023-06-21T02:56:18.602+0000] {logging_mixin.py:149} INFO - [2023-06-21T02:56:18.602+0000] {dag.py:2726} INFO - Sync 1 DAGs
[2023-06-21T02:56:18.643+0000] {logging_mixin.py:149} INFO - [2023-06-21T02:56:18.643+0000] {dag.py:3490} INFO - Setting next_dagrun for tutorial_taskflow_api to None, run_after=None
[2023-06-21T02:56:18.676+0000] {processor.py:179} INFO - Processing /home/airflow/.local/lib/python3.7/site-packages/airflow/example_dags/tutorial_taskflow_api.py took 0.262 seconds
[2023-06-21T03:05:28.289+0000] {processor.py:157} INFO - Started process (PID=473) to work on /home/airflow/.local/lib/python3.7/site-packages/airflow/example_dags/tutorial_taskflow_api.py
[2023-06-21T03:05:28.296+0000] {processor.py:826} INFO - Processing file /home/airflow/.local/lib/python3.7/site-packages/airflow/example_dags/tutorial_taskflow_api.py for tasks to queue
[2023-06-21T03:05:28.361+0000] {logging_mixin.py:149} INFO - [2023-06-21T03:05:28.361+0000] {dagbag.py:541} INFO - Filling up the DagBag from /home/airflow/.local/lib/python3.7/site-packages/airflow/example_dags/tutorial_taskflow_api.py
[2023-06-21T03:05:28.462+0000] {processor.py:836} INFO - DAG(s) dict_keys(['tutorial_taskflow_api']) retrieved from /home/airflow/.local/lib/python3.7/site-packages/airflow/example_dags/tutorial_taskflow_api.py
[2023-06-21T03:05:28.639+0000] {logging_mixin.py:149} INFO - [2023-06-21T03:05:28.639+0000] {dag.py:2726} INFO - Sync 1 DAGs
[2023-06-21T03:05:28.730+0000] {logging_mixin.py:149} INFO - [2023-06-21T03:05:28.729+0000] {dag.py:3490} INFO - Setting next_dagrun for tutorial_taskflow_api to None, run_after=None
[2023-06-21T03:05:28.793+0000] {processor.py:179} INFO - Processing /home/airflow/.local/lib/python3.7/site-packages/airflow/example_dags/tutorial_taskflow_api.py took 0.624 seconds
[2023-06-21T03:05:58.922+0000] {processor.py:157} INFO - Started process (PID=529) to work on /home/airflow/.local/lib/python3.7/site-packages/airflow/example_dags/tutorial_taskflow_api.py
[2023-06-21T03:05:58.926+0000] {processor.py:826} INFO - Processing file /home/airflow/.local/lib/python3.7/site-packages/airflow/example_dags/tutorial_taskflow_api.py for tasks to queue
[2023-06-21T03:05:58.929+0000] {logging_mixin.py:149} INFO - [2023-06-21T03:05:58.929+0000] {dagbag.py:541} INFO - Filling up the DagBag from /home/airflow/.local/lib/python3.7/site-packages/airflow/example_dags/tutorial_taskflow_api.py
[2023-06-21T03:05:58.950+0000] {processor.py:836} INFO - DAG(s) dict_keys(['tutorial_taskflow_api']) retrieved from /home/airflow/.local/lib/python3.7/site-packages/airflow/example_dags/tutorial_taskflow_api.py
[2023-06-21T03:05:59.015+0000] {logging_mixin.py:149} INFO - [2023-06-21T03:05:59.015+0000] {dag.py:2726} INFO - Sync 1 DAGs
[2023-06-21T03:05:59.061+0000] {logging_mixin.py:149} INFO - [2023-06-21T03:05:59.060+0000] {dag.py:3490} INFO - Setting next_dagrun for tutorial_taskflow_api to None, run_after=None
[2023-06-21T03:05:59.102+0000] {processor.py:179} INFO - Processing /home/airflow/.local/lib/python3.7/site-packages/airflow/example_dags/tutorial_taskflow_api.py took 0.191 seconds
[2023-06-21T03:06:29.518+0000] {processor.py:157} INFO - Started process (PID=586) to work on /home/airflow/.local/lib/python3.7/site-packages/airflow/example_dags/tutorial_taskflow_api.py
[2023-06-21T03:06:29.521+0000] {processor.py:826} INFO - Processing file /home/airflow/.local/lib/python3.7/site-packages/airflow/example_dags/tutorial_taskflow_api.py for tasks to queue
[2023-06-21T03:06:29.524+0000] {logging_mixin.py:149} INFO - [2023-06-21T03:06:29.524+0000] {dagbag.py:541} INFO - Filling up the DagBag from /home/airflow/.local/lib/python3.7/site-packages/airflow/example_dags/tutorial_taskflow_api.py
[2023-06-21T03:06:29.542+0000] {processor.py:836} INFO - DAG(s) dict_keys(['tutorial_taskflow_api']) retrieved from /home/airflow/.local/lib/python3.7/site-packages/airflow/example_dags/tutorial_taskflow_api.py
[2023-06-21T03:06:29.622+0000] {logging_mixin.py:149} INFO - [2023-06-21T03:06:29.621+0000] {dag.py:2726} INFO - Sync 1 DAGs
[2023-06-21T03:06:29.686+0000] {logging_mixin.py:149} INFO - [2023-06-21T03:06:29.686+0000] {dag.py:3490} INFO - Setting next_dagrun for tutorial_taskflow_api to None, run_after=None
[2023-06-21T03:06:29.735+0000] {processor.py:179} INFO - Processing /home/airflow/.local/lib/python3.7/site-packages/airflow/example_dags/tutorial_taskflow_api.py took 0.227 seconds
[2023-06-21T03:07:00.082+0000] {processor.py:157} INFO - Started process (PID=644) to work on /home/airflow/.local/lib/python3.7/site-packages/airflow/example_dags/tutorial_taskflow_api.py
[2023-06-21T03:07:00.084+0000] {processor.py:826} INFO - Processing file /home/airflow/.local/lib/python3.7/site-packages/airflow/example_dags/tutorial_taskflow_api.py for tasks to queue
[2023-06-21T03:07:00.087+0000] {logging_mixin.py:149} INFO - [2023-06-21T03:07:00.087+0000] {dagbag.py:541} INFO - Filling up the DagBag from /home/airflow/.local/lib/python3.7/site-packages/airflow/example_dags/tutorial_taskflow_api.py
[2023-06-21T03:07:00.100+0000] {processor.py:836} INFO - DAG(s) dict_keys(['tutorial_taskflow_api']) retrieved from /home/airflow/.local/lib/python3.7/site-packages/airflow/example_dags/tutorial_taskflow_api.py
[2023-06-21T03:07:00.168+0000] {logging_mixin.py:149} INFO - [2023-06-21T03:07:00.168+0000] {dag.py:2726} INFO - Sync 1 DAGs
[2023-06-21T03:07:00.216+0000] {logging_mixin.py:149} INFO - [2023-06-21T03:07:00.216+0000] {dag.py:3490} INFO - Setting next_dagrun for tutorial_taskflow_api to None, run_after=None
[2023-06-21T03:07:00.261+0000] {processor.py:179} INFO - Processing /home/airflow/.local/lib/python3.7/site-packages/airflow/example_dags/tutorial_taskflow_api.py took 0.187 seconds
[2023-06-21T03:07:30.616+0000] {processor.py:157} INFO - Started process (PID=701) to work on /home/airflow/.local/lib/python3.7/site-packages/airflow/example_dags/tutorial_taskflow_api.py
[2023-06-21T03:07:30.619+0000] {processor.py:826} INFO - Processing file /home/airflow/.local/lib/python3.7/site-packages/airflow/example_dags/tutorial_taskflow_api.py for tasks to queue
[2023-06-21T03:07:30.623+0000] {logging_mixin.py:149} INFO - [2023-06-21T03:07:30.622+0000] {dagbag.py:541} INFO - Filling up the DagBag from /home/airflow/.local/lib/python3.7/site-packages/airflow/example_dags/tutorial_taskflow_api.py
[2023-06-21T03:07:30.644+0000] {processor.py:836} INFO - DAG(s) dict_keys(['tutorial_taskflow_api']) retrieved from /home/airflow/.local/lib/python3.7/site-packages/airflow/example_dags/tutorial_taskflow_api.py
[2023-06-21T03:07:30.723+0000] {logging_mixin.py:149} INFO - [2023-06-21T03:07:30.723+0000] {dag.py:2726} INFO - Sync 1 DAGs
[2023-06-21T03:07:30.779+0000] {logging_mixin.py:149} INFO - [2023-06-21T03:07:30.778+0000] {dag.py:3490} INFO - Setting next_dagrun for tutorial_taskflow_api to None, run_after=None
[2023-06-21T03:07:30.825+0000] {processor.py:179} INFO - Processing /home/airflow/.local/lib/python3.7/site-packages/airflow/example_dags/tutorial_taskflow_api.py took 0.220 seconds
[2023-06-21T03:08:01.471+0000] {processor.py:157} INFO - Started process (PID=758) to work on /home/airflow/.local/lib/python3.7/site-packages/airflow/example_dags/tutorial_taskflow_api.py
[2023-06-21T03:08:01.474+0000] {processor.py:826} INFO - Processing file /home/airflow/.local/lib/python3.7/site-packages/airflow/example_dags/tutorial_taskflow_api.py for tasks to queue
[2023-06-21T03:08:01.478+0000] {logging_mixin.py:149} INFO - [2023-06-21T03:08:01.477+0000] {dagbag.py:541} INFO - Filling up the DagBag from /home/airflow/.local/lib/python3.7/site-packages/airflow/example_dags/tutorial_taskflow_api.py
[2023-06-21T03:08:01.500+0000] {processor.py:836} INFO - DAG(s) dict_keys(['tutorial_taskflow_api']) retrieved from /home/airflow/.local/lib/python3.7/site-packages/airflow/example_dags/tutorial_taskflow_api.py
[2023-06-21T03:08:01.569+0000] {logging_mixin.py:149} INFO - [2023-06-21T03:08:01.568+0000] {dag.py:2726} INFO - Sync 1 DAGs
[2023-06-21T03:08:01.621+0000] {logging_mixin.py:149} INFO - [2023-06-21T03:08:01.620+0000] {dag.py:3490} INFO - Setting next_dagrun for tutorial_taskflow_api to None, run_after=None
[2023-06-21T03:08:01.663+0000] {processor.py:179} INFO - Processing /home/airflow/.local/lib/python3.7/site-packages/airflow/example_dags/tutorial_taskflow_api.py took 0.203 seconds
[2023-06-21T03:08:31.780+0000] {processor.py:157} INFO - Started process (PID=815) to work on /home/airflow/.local/lib/python3.7/site-packages/airflow/example_dags/tutorial_taskflow_api.py
[2023-06-21T03:08:31.783+0000] {processor.py:826} INFO - Processing file /home/airflow/.local/lib/python3.7/site-packages/airflow/example_dags/tutorial_taskflow_api.py for tasks to queue
[2023-06-21T03:08:31.793+0000] {logging_mixin.py:149} INFO - [2023-06-21T03:08:31.792+0000] {dagbag.py:541} INFO - Filling up the DagBag from /home/airflow/.local/lib/python3.7/site-packages/airflow/example_dags/tutorial_taskflow_api.py
[2023-06-21T03:08:31.810+0000] {processor.py:836} INFO - DAG(s) dict_keys(['tutorial_taskflow_api']) retrieved from /home/airflow/.local/lib/python3.7/site-packages/airflow/example_dags/tutorial_taskflow_api.py
[2023-06-21T03:08:31.889+0000] {logging_mixin.py:149} INFO - [2023-06-21T03:08:31.888+0000] {dag.py:2726} INFO - Sync 1 DAGs
[2023-06-21T03:08:31.945+0000] {logging_mixin.py:149} INFO - [2023-06-21T03:08:31.945+0000] {dag.py:3490} INFO - Setting next_dagrun for tutorial_taskflow_api to None, run_after=None
[2023-06-21T03:08:31.987+0000] {processor.py:179} INFO - Processing /home/airflow/.local/lib/python3.7/site-packages/airflow/example_dags/tutorial_taskflow_api.py took 0.218 seconds
[2023-06-21T03:09:02.261+0000] {processor.py:157} INFO - Started process (PID=873) to work on /home/airflow/.local/lib/python3.7/site-packages/airflow/example_dags/tutorial_taskflow_api.py
[2023-06-21T03:09:02.263+0000] {processor.py:826} INFO - Processing file /home/airflow/.local/lib/python3.7/site-packages/airflow/example_dags/tutorial_taskflow_api.py for tasks to queue
[2023-06-21T03:09:02.265+0000] {logging_mixin.py:149} INFO - [2023-06-21T03:09:02.265+0000] {dagbag.py:541} INFO - Filling up the DagBag from /home/airflow/.local/lib/python3.7/site-packages/airflow/example_dags/tutorial_taskflow_api.py
[2023-06-21T03:09:02.275+0000] {processor.py:836} INFO - DAG(s) dict_keys(['tutorial_taskflow_api']) retrieved from /home/airflow/.local/lib/python3.7/site-packages/airflow/example_dags/tutorial_taskflow_api.py
[2023-06-21T03:09:02.329+0000] {logging_mixin.py:149} INFO - [2023-06-21T03:09:02.328+0000] {dag.py:2726} INFO - Sync 1 DAGs
[2023-06-21T03:09:02.375+0000] {logging_mixin.py:149} INFO - [2023-06-21T03:09:02.375+0000] {dag.py:3490} INFO - Setting next_dagrun for tutorial_taskflow_api to None, run_after=None
[2023-06-21T03:09:02.413+0000] {processor.py:179} INFO - Processing /home/airflow/.local/lib/python3.7/site-packages/airflow/example_dags/tutorial_taskflow_api.py took 0.160 seconds
[2023-06-21T03:09:32.519+0000] {processor.py:157} INFO - Started process (PID=930) to work on /home/airflow/.local/lib/python3.7/site-packages/airflow/example_dags/tutorial_taskflow_api.py
[2023-06-21T03:09:32.524+0000] {processor.py:826} INFO - Processing file /home/airflow/.local/lib/python3.7/site-packages/airflow/example_dags/tutorial_taskflow_api.py for tasks to queue
[2023-06-21T03:09:32.527+0000] {logging_mixin.py:149} INFO - [2023-06-21T03:09:32.526+0000] {dagbag.py:541} INFO - Filling up the DagBag from /home/airflow/.local/lib/python3.7/site-packages/airflow/example_dags/tutorial_taskflow_api.py
[2023-06-21T03:09:32.540+0000] {processor.py:836} INFO - DAG(s) dict_keys(['tutorial_taskflow_api']) retrieved from /home/airflow/.local/lib/python3.7/site-packages/airflow/example_dags/tutorial_taskflow_api.py
[2023-06-21T03:09:32.605+0000] {logging_mixin.py:149} INFO - [2023-06-21T03:09:32.604+0000] {dag.py:2726} INFO - Sync 1 DAGs
[2023-06-21T03:09:32.652+0000] {logging_mixin.py:149} INFO - [2023-06-21T03:09:32.652+0000] {dag.py:3490} INFO - Setting next_dagrun for tutorial_taskflow_api to None, run_after=None
[2023-06-21T03:09:32.698+0000] {processor.py:179} INFO - Processing /home/airflow/.local/lib/python3.7/site-packages/airflow/example_dags/tutorial_taskflow_api.py took 0.188 seconds
