[2023-06-21T02:52:43.363+0000] {processor.py:157} INFO - Started process (PID=84) to work on /home/airflow/.local/lib/python3.7/site-packages/airflow/example_dags/tutorial_dag.py
[2023-06-21T02:52:43.375+0000] {processor.py:826} INFO - Processing file /home/airflow/.local/lib/python3.7/site-packages/airflow/example_dags/tutorial_dag.py for tasks to queue
[2023-06-21T02:52:43.380+0000] {logging_mixin.py:149} INFO - [2023-06-21T02:52:43.379+0000] {dagbag.py:541} INFO - Filling up the DagBag from /home/airflow/.local/lib/python3.7/site-packages/airflow/example_dags/tutorial_dag.py
[2023-06-21T02:52:43.429+0000] {processor.py:836} INFO - DAG(s) dict_keys(['tutorial_dag']) retrieved from /home/airflow/.local/lib/python3.7/site-packages/airflow/example_dags/tutorial_dag.py
[2023-06-21T02:52:43.682+0000] {logging_mixin.py:149} INFO - [2023-06-21T02:52:43.682+0000] {dag.py:2726} INFO - Sync 1 DAGs
[2023-06-21T02:52:43.957+0000] {logging_mixin.py:149} INFO - [2023-06-21T02:52:43.956+0000] {dag.py:3490} INFO - Setting next_dagrun for tutorial_dag to None, run_after=None
[2023-06-21T02:52:44.070+0000] {processor.py:179} INFO - Processing /home/airflow/.local/lib/python3.7/site-packages/airflow/example_dags/tutorial_dag.py took 0.728 seconds
[2023-06-21T02:53:19.190+0000] {processor.py:157} INFO - Started process (PID=140) to work on /home/airflow/.local/lib/python3.7/site-packages/airflow/example_dags/tutorial_dag.py
[2023-06-21T02:53:19.194+0000] {processor.py:826} INFO - Processing file /home/airflow/.local/lib/python3.7/site-packages/airflow/example_dags/tutorial_dag.py for tasks to queue
[2023-06-21T02:53:19.196+0000] {logging_mixin.py:149} INFO - [2023-06-21T02:53:19.196+0000] {dagbag.py:541} INFO - Filling up the DagBag from /home/airflow/.local/lib/python3.7/site-packages/airflow/example_dags/tutorial_dag.py
[2023-06-21T02:53:19.211+0000] {processor.py:836} INFO - DAG(s) dict_keys(['tutorial_dag']) retrieved from /home/airflow/.local/lib/python3.7/site-packages/airflow/example_dags/tutorial_dag.py
[2023-06-21T02:53:19.279+0000] {logging_mixin.py:149} INFO - [2023-06-21T02:53:19.278+0000] {dag.py:2726} INFO - Sync 1 DAGs
[2023-06-21T02:53:19.340+0000] {logging_mixin.py:149} INFO - [2023-06-21T02:53:19.340+0000] {dag.py:3490} INFO - Setting next_dagrun for tutorial_dag to None, run_after=None
[2023-06-21T02:53:19.394+0000] {processor.py:179} INFO - Processing /home/airflow/.local/lib/python3.7/site-packages/airflow/example_dags/tutorial_dag.py took 0.212 seconds
[2023-06-21T02:53:50.157+0000] {processor.py:157} INFO - Started process (PID=197) to work on /home/airflow/.local/lib/python3.7/site-packages/airflow/example_dags/tutorial_dag.py
[2023-06-21T02:53:50.161+0000] {processor.py:826} INFO - Processing file /home/airflow/.local/lib/python3.7/site-packages/airflow/example_dags/tutorial_dag.py for tasks to queue
[2023-06-21T02:53:50.166+0000] {logging_mixin.py:149} INFO - [2023-06-21T02:53:50.165+0000] {dagbag.py:541} INFO - Filling up the DagBag from /home/airflow/.local/lib/python3.7/site-packages/airflow/example_dags/tutorial_dag.py
[2023-06-21T02:53:50.183+0000] {processor.py:836} INFO - DAG(s) dict_keys(['tutorial_dag']) retrieved from /home/airflow/.local/lib/python3.7/site-packages/airflow/example_dags/tutorial_dag.py
[2023-06-21T02:53:50.234+0000] {logging_mixin.py:149} INFO - [2023-06-21T02:53:50.234+0000] {dag.py:2726} INFO - Sync 1 DAGs
[2023-06-21T02:53:50.275+0000] {logging_mixin.py:149} INFO - [2023-06-21T02:53:50.275+0000] {dag.py:3490} INFO - Setting next_dagrun for tutorial_dag to None, run_after=None
[2023-06-21T02:53:50.333+0000] {processor.py:179} INFO - Processing /home/airflow/.local/lib/python3.7/site-packages/airflow/example_dags/tutorial_dag.py took 0.185 seconds
[2023-06-21T02:54:20.481+0000] {processor.py:157} INFO - Started process (PID=254) to work on /home/airflow/.local/lib/python3.7/site-packages/airflow/example_dags/tutorial_dag.py
[2023-06-21T02:54:20.483+0000] {processor.py:826} INFO - Processing file /home/airflow/.local/lib/python3.7/site-packages/airflow/example_dags/tutorial_dag.py for tasks to queue
[2023-06-21T02:54:20.486+0000] {logging_mixin.py:149} INFO - [2023-06-21T02:54:20.486+0000] {dagbag.py:541} INFO - Filling up the DagBag from /home/airflow/.local/lib/python3.7/site-packages/airflow/example_dags/tutorial_dag.py
[2023-06-21T02:54:20.495+0000] {processor.py:836} INFO - DAG(s) dict_keys(['tutorial_dag']) retrieved from /home/airflow/.local/lib/python3.7/site-packages/airflow/example_dags/tutorial_dag.py
[2023-06-21T02:54:20.568+0000] {logging_mixin.py:149} INFO - [2023-06-21T02:54:20.568+0000] {dag.py:2726} INFO - Sync 1 DAGs
[2023-06-21T02:54:20.607+0000] {logging_mixin.py:149} INFO - [2023-06-21T02:54:20.607+0000] {dag.py:3490} INFO - Setting next_dagrun for tutorial_dag to None, run_after=None
[2023-06-21T02:54:20.640+0000] {processor.py:179} INFO - Processing /home/airflow/.local/lib/python3.7/site-packages/airflow/example_dags/tutorial_dag.py took 0.165 seconds
[2023-06-21T02:54:51.214+0000] {processor.py:157} INFO - Started process (PID=311) to work on /home/airflow/.local/lib/python3.7/site-packages/airflow/example_dags/tutorial_dag.py
[2023-06-21T02:54:51.216+0000] {processor.py:826} INFO - Processing file /home/airflow/.local/lib/python3.7/site-packages/airflow/example_dags/tutorial_dag.py for tasks to queue
[2023-06-21T02:54:51.218+0000] {logging_mixin.py:149} INFO - [2023-06-21T02:54:51.218+0000] {dagbag.py:541} INFO - Filling up the DagBag from /home/airflow/.local/lib/python3.7/site-packages/airflow/example_dags/tutorial_dag.py
[2023-06-21T02:54:51.228+0000] {processor.py:836} INFO - DAG(s) dict_keys(['tutorial_dag']) retrieved from /home/airflow/.local/lib/python3.7/site-packages/airflow/example_dags/tutorial_dag.py
[2023-06-21T02:54:51.275+0000] {logging_mixin.py:149} INFO - [2023-06-21T02:54:51.275+0000] {dag.py:2726} INFO - Sync 1 DAGs
[2023-06-21T02:54:51.331+0000] {logging_mixin.py:149} INFO - [2023-06-21T02:54:51.331+0000] {dag.py:3490} INFO - Setting next_dagrun for tutorial_dag to None, run_after=None
[2023-06-21T02:54:51.372+0000] {processor.py:179} INFO - Processing /home/airflow/.local/lib/python3.7/site-packages/airflow/example_dags/tutorial_dag.py took 0.165 seconds
[2023-06-21T02:55:22.137+0000] {processor.py:157} INFO - Started process (PID=368) to work on /home/airflow/.local/lib/python3.7/site-packages/airflow/example_dags/tutorial_dag.py
[2023-06-21T02:55:22.140+0000] {processor.py:826} INFO - Processing file /home/airflow/.local/lib/python3.7/site-packages/airflow/example_dags/tutorial_dag.py for tasks to queue
[2023-06-21T02:55:22.143+0000] {logging_mixin.py:149} INFO - [2023-06-21T02:55:22.143+0000] {dagbag.py:541} INFO - Filling up the DagBag from /home/airflow/.local/lib/python3.7/site-packages/airflow/example_dags/tutorial_dag.py
[2023-06-21T02:55:22.153+0000] {processor.py:836} INFO - DAG(s) dict_keys(['tutorial_dag']) retrieved from /home/airflow/.local/lib/python3.7/site-packages/airflow/example_dags/tutorial_dag.py
[2023-06-21T02:55:22.197+0000] {logging_mixin.py:149} INFO - [2023-06-21T02:55:22.197+0000] {dag.py:2726} INFO - Sync 1 DAGs
[2023-06-21T02:55:22.239+0000] {logging_mixin.py:149} INFO - [2023-06-21T02:55:22.239+0000] {dag.py:3490} INFO - Setting next_dagrun for tutorial_dag to None, run_after=None
[2023-06-21T02:55:22.275+0000] {processor.py:179} INFO - Processing /home/airflow/.local/lib/python3.7/site-packages/airflow/example_dags/tutorial_dag.py took 0.145 seconds
[2023-06-21T02:55:53.534+0000] {processor.py:157} INFO - Started process (PID=426) to work on /home/airflow/.local/lib/python3.7/site-packages/airflow/example_dags/tutorial_dag.py
[2023-06-21T02:55:53.537+0000] {processor.py:826} INFO - Processing file /home/airflow/.local/lib/python3.7/site-packages/airflow/example_dags/tutorial_dag.py for tasks to queue
[2023-06-21T02:55:53.539+0000] {logging_mixin.py:149} INFO - [2023-06-21T02:55:53.539+0000] {dagbag.py:541} INFO - Filling up the DagBag from /home/airflow/.local/lib/python3.7/site-packages/airflow/example_dags/tutorial_dag.py
[2023-06-21T02:55:53.550+0000] {processor.py:836} INFO - DAG(s) dict_keys(['tutorial_dag']) retrieved from /home/airflow/.local/lib/python3.7/site-packages/airflow/example_dags/tutorial_dag.py
[2023-06-21T02:55:53.602+0000] {logging_mixin.py:149} INFO - [2023-06-21T02:55:53.602+0000] {dag.py:2726} INFO - Sync 1 DAGs
[2023-06-21T02:55:53.657+0000] {logging_mixin.py:149} INFO - [2023-06-21T02:55:53.657+0000] {dag.py:3490} INFO - Setting next_dagrun for tutorial_dag to None, run_after=None
[2023-06-21T02:55:53.694+0000] {processor.py:179} INFO - Processing /home/airflow/.local/lib/python3.7/site-packages/airflow/example_dags/tutorial_dag.py took 0.167 seconds
[2023-06-21T03:05:35.129+0000] {processor.py:157} INFO - Started process (PID=502) to work on /home/airflow/.local/lib/python3.7/site-packages/airflow/example_dags/tutorial_dag.py
[2023-06-21T03:05:35.135+0000] {processor.py:826} INFO - Processing file /home/airflow/.local/lib/python3.7/site-packages/airflow/example_dags/tutorial_dag.py for tasks to queue
[2023-06-21T03:05:35.139+0000] {logging_mixin.py:149} INFO - [2023-06-21T03:05:35.138+0000] {dagbag.py:541} INFO - Filling up the DagBag from /home/airflow/.local/lib/python3.7/site-packages/airflow/example_dags/tutorial_dag.py
[2023-06-21T03:05:35.158+0000] {processor.py:836} INFO - DAG(s) dict_keys(['tutorial_dag']) retrieved from /home/airflow/.local/lib/python3.7/site-packages/airflow/example_dags/tutorial_dag.py
[2023-06-21T03:05:35.285+0000] {logging_mixin.py:149} INFO - [2023-06-21T03:05:35.285+0000] {dag.py:2726} INFO - Sync 1 DAGs
[2023-06-21T03:05:35.366+0000] {logging_mixin.py:149} INFO - [2023-06-21T03:05:35.366+0000] {dag.py:3490} INFO - Setting next_dagrun for tutorial_dag to None, run_after=None
[2023-06-21T03:05:35.446+0000] {processor.py:179} INFO - Processing /home/airflow/.local/lib/python3.7/site-packages/airflow/example_dags/tutorial_dag.py took 0.346 seconds
[2023-06-21T03:06:06.108+0000] {processor.py:157} INFO - Started process (PID=558) to work on /home/airflow/.local/lib/python3.7/site-packages/airflow/example_dags/tutorial_dag.py
[2023-06-21T03:06:06.112+0000] {processor.py:826} INFO - Processing file /home/airflow/.local/lib/python3.7/site-packages/airflow/example_dags/tutorial_dag.py for tasks to queue
[2023-06-21T03:06:06.116+0000] {logging_mixin.py:149} INFO - [2023-06-21T03:06:06.115+0000] {dagbag.py:541} INFO - Filling up the DagBag from /home/airflow/.local/lib/python3.7/site-packages/airflow/example_dags/tutorial_dag.py
[2023-06-21T03:06:06.130+0000] {processor.py:836} INFO - DAG(s) dict_keys(['tutorial_dag']) retrieved from /home/airflow/.local/lib/python3.7/site-packages/airflow/example_dags/tutorial_dag.py
[2023-06-21T03:06:06.189+0000] {logging_mixin.py:149} INFO - [2023-06-21T03:06:06.188+0000] {dag.py:2726} INFO - Sync 1 DAGs
[2023-06-21T03:06:06.239+0000] {logging_mixin.py:149} INFO - [2023-06-21T03:06:06.239+0000] {dag.py:3490} INFO - Setting next_dagrun for tutorial_dag to None, run_after=None
[2023-06-21T03:06:06.292+0000] {processor.py:179} INFO - Processing /home/airflow/.local/lib/python3.7/site-packages/airflow/example_dags/tutorial_dag.py took 0.192 seconds
[2023-06-21T03:06:37.652+0000] {processor.py:157} INFO - Started process (PID=615) to work on /home/airflow/.local/lib/python3.7/site-packages/airflow/example_dags/tutorial_dag.py
[2023-06-21T03:06:37.657+0000] {processor.py:826} INFO - Processing file /home/airflow/.local/lib/python3.7/site-packages/airflow/example_dags/tutorial_dag.py for tasks to queue
[2023-06-21T03:06:37.660+0000] {logging_mixin.py:149} INFO - [2023-06-21T03:06:37.660+0000] {dagbag.py:541} INFO - Filling up the DagBag from /home/airflow/.local/lib/python3.7/site-packages/airflow/example_dags/tutorial_dag.py
[2023-06-21T03:06:37.674+0000] {processor.py:836} INFO - DAG(s) dict_keys(['tutorial_dag']) retrieved from /home/airflow/.local/lib/python3.7/site-packages/airflow/example_dags/tutorial_dag.py
[2023-06-21T03:06:37.732+0000] {logging_mixin.py:149} INFO - [2023-06-21T03:06:37.732+0000] {dag.py:2726} INFO - Sync 1 DAGs
[2023-06-21T03:06:37.782+0000] {logging_mixin.py:149} INFO - [2023-06-21T03:06:37.782+0000] {dag.py:3490} INFO - Setting next_dagrun for tutorial_dag to None, run_after=None
[2023-06-21T03:06:37.831+0000] {processor.py:179} INFO - Processing /home/airflow/.local/lib/python3.7/site-packages/airflow/example_dags/tutorial_dag.py took 0.186 seconds
[2023-06-21T03:07:08.147+0000] {processor.py:157} INFO - Started process (PID=673) to work on /home/airflow/.local/lib/python3.7/site-packages/airflow/example_dags/tutorial_dag.py
[2023-06-21T03:07:08.150+0000] {processor.py:826} INFO - Processing file /home/airflow/.local/lib/python3.7/site-packages/airflow/example_dags/tutorial_dag.py for tasks to queue
[2023-06-21T03:07:08.152+0000] {logging_mixin.py:149} INFO - [2023-06-21T03:07:08.152+0000] {dagbag.py:541} INFO - Filling up the DagBag from /home/airflow/.local/lib/python3.7/site-packages/airflow/example_dags/tutorial_dag.py
[2023-06-21T03:07:08.172+0000] {processor.py:836} INFO - DAG(s) dict_keys(['tutorial_dag']) retrieved from /home/airflow/.local/lib/python3.7/site-packages/airflow/example_dags/tutorial_dag.py
[2023-06-21T03:07:08.229+0000] {logging_mixin.py:149} INFO - [2023-06-21T03:07:08.229+0000] {dag.py:2726} INFO - Sync 1 DAGs
[2023-06-21T03:07:08.277+0000] {logging_mixin.py:149} INFO - [2023-06-21T03:07:08.277+0000] {dag.py:3490} INFO - Setting next_dagrun for tutorial_dag to None, run_after=None
[2023-06-21T03:07:08.317+0000] {processor.py:179} INFO - Processing /home/airflow/.local/lib/python3.7/site-packages/airflow/example_dags/tutorial_dag.py took 0.180 seconds
[2023-06-21T03:07:39.212+0000] {processor.py:157} INFO - Started process (PID=730) to work on /home/airflow/.local/lib/python3.7/site-packages/airflow/example_dags/tutorial_dag.py
[2023-06-21T03:07:39.219+0000] {processor.py:826} INFO - Processing file /home/airflow/.local/lib/python3.7/site-packages/airflow/example_dags/tutorial_dag.py for tasks to queue
[2023-06-21T03:07:39.226+0000] {logging_mixin.py:149} INFO - [2023-06-21T03:07:39.225+0000] {dagbag.py:541} INFO - Filling up the DagBag from /home/airflow/.local/lib/python3.7/site-packages/airflow/example_dags/tutorial_dag.py
[2023-06-21T03:07:39.239+0000] {processor.py:836} INFO - DAG(s) dict_keys(['tutorial_dag']) retrieved from /home/airflow/.local/lib/python3.7/site-packages/airflow/example_dags/tutorial_dag.py
[2023-06-21T03:07:39.316+0000] {logging_mixin.py:149} INFO - [2023-06-21T03:07:39.315+0000] {dag.py:2726} INFO - Sync 1 DAGs
[2023-06-21T03:07:39.369+0000] {logging_mixin.py:149} INFO - [2023-06-21T03:07:39.369+0000] {dag.py:3490} INFO - Setting next_dagrun for tutorial_dag to None, run_after=None
[2023-06-21T03:07:39.418+0000] {processor.py:179} INFO - Processing /home/airflow/.local/lib/python3.7/site-packages/airflow/example_dags/tutorial_dag.py took 0.214 seconds
[2023-06-21T03:08:09.801+0000] {processor.py:157} INFO - Started process (PID=787) to work on /home/airflow/.local/lib/python3.7/site-packages/airflow/example_dags/tutorial_dag.py
[2023-06-21T03:08:09.804+0000] {processor.py:826} INFO - Processing file /home/airflow/.local/lib/python3.7/site-packages/airflow/example_dags/tutorial_dag.py for tasks to queue
[2023-06-21T03:08:09.807+0000] {logging_mixin.py:149} INFO - [2023-06-21T03:08:09.807+0000] {dagbag.py:541} INFO - Filling up the DagBag from /home/airflow/.local/lib/python3.7/site-packages/airflow/example_dags/tutorial_dag.py
[2023-06-21T03:08:09.820+0000] {processor.py:836} INFO - DAG(s) dict_keys(['tutorial_dag']) retrieved from /home/airflow/.local/lib/python3.7/site-packages/airflow/example_dags/tutorial_dag.py
[2023-06-21T03:08:09.887+0000] {logging_mixin.py:149} INFO - [2023-06-21T03:08:09.887+0000] {dag.py:2726} INFO - Sync 1 DAGs
[2023-06-21T03:08:09.944+0000] {logging_mixin.py:149} INFO - [2023-06-21T03:08:09.944+0000] {dag.py:3490} INFO - Setting next_dagrun for tutorial_dag to None, run_after=None
[2023-06-21T03:08:10.000+0000] {processor.py:179} INFO - Processing /home/airflow/.local/lib/python3.7/site-packages/airflow/example_dags/tutorial_dag.py took 0.209 seconds
[2023-06-21T03:08:40.620+0000] {processor.py:157} INFO - Started process (PID=844) to work on /home/airflow/.local/lib/python3.7/site-packages/airflow/example_dags/tutorial_dag.py
[2023-06-21T03:08:40.624+0000] {processor.py:826} INFO - Processing file /home/airflow/.local/lib/python3.7/site-packages/airflow/example_dags/tutorial_dag.py for tasks to queue
[2023-06-21T03:08:40.629+0000] {logging_mixin.py:149} INFO - [2023-06-21T03:08:40.628+0000] {dagbag.py:541} INFO - Filling up the DagBag from /home/airflow/.local/lib/python3.7/site-packages/airflow/example_dags/tutorial_dag.py
[2023-06-21T03:08:40.642+0000] {processor.py:836} INFO - DAG(s) dict_keys(['tutorial_dag']) retrieved from /home/airflow/.local/lib/python3.7/site-packages/airflow/example_dags/tutorial_dag.py
[2023-06-21T03:08:40.706+0000] {logging_mixin.py:149} INFO - [2023-06-21T03:08:40.705+0000] {dag.py:2726} INFO - Sync 1 DAGs
[2023-06-21T03:08:40.753+0000] {logging_mixin.py:149} INFO - [2023-06-21T03:08:40.753+0000] {dag.py:3490} INFO - Setting next_dagrun for tutorial_dag to None, run_after=None
[2023-06-21T03:08:40.798+0000] {processor.py:179} INFO - Processing /home/airflow/.local/lib/python3.7/site-packages/airflow/example_dags/tutorial_dag.py took 0.184 seconds
[2023-06-21T03:09:10.911+0000] {processor.py:157} INFO - Started process (PID=902) to work on /home/airflow/.local/lib/python3.7/site-packages/airflow/example_dags/tutorial_dag.py
[2023-06-21T03:09:10.914+0000] {processor.py:826} INFO - Processing file /home/airflow/.local/lib/python3.7/site-packages/airflow/example_dags/tutorial_dag.py for tasks to queue
[2023-06-21T03:09:10.917+0000] {logging_mixin.py:149} INFO - [2023-06-21T03:09:10.917+0000] {dagbag.py:541} INFO - Filling up the DagBag from /home/airflow/.local/lib/python3.7/site-packages/airflow/example_dags/tutorial_dag.py
[2023-06-21T03:09:10.926+0000] {processor.py:836} INFO - DAG(s) dict_keys(['tutorial_dag']) retrieved from /home/airflow/.local/lib/python3.7/site-packages/airflow/example_dags/tutorial_dag.py
[2023-06-21T03:09:10.975+0000] {logging_mixin.py:149} INFO - [2023-06-21T03:09:10.975+0000] {dag.py:2726} INFO - Sync 1 DAGs
[2023-06-21T03:09:11.018+0000] {logging_mixin.py:149} INFO - [2023-06-21T03:09:11.018+0000] {dag.py:3490} INFO - Setting next_dagrun for tutorial_dag to None, run_after=None
[2023-06-21T03:09:11.058+0000] {processor.py:179} INFO - Processing /home/airflow/.local/lib/python3.7/site-packages/airflow/example_dags/tutorial_dag.py took 0.153 seconds
[2023-06-21T03:09:42.117+0000] {processor.py:157} INFO - Started process (PID=959) to work on /home/airflow/.local/lib/python3.7/site-packages/airflow/example_dags/tutorial_dag.py
[2023-06-21T03:09:42.120+0000] {processor.py:826} INFO - Processing file /home/airflow/.local/lib/python3.7/site-packages/airflow/example_dags/tutorial_dag.py for tasks to queue
[2023-06-21T03:09:42.124+0000] {logging_mixin.py:149} INFO - [2023-06-21T03:09:42.123+0000] {dagbag.py:541} INFO - Filling up the DagBag from /home/airflow/.local/lib/python3.7/site-packages/airflow/example_dags/tutorial_dag.py
[2023-06-21T03:09:42.136+0000] {processor.py:836} INFO - DAG(s) dict_keys(['tutorial_dag']) retrieved from /home/airflow/.local/lib/python3.7/site-packages/airflow/example_dags/tutorial_dag.py
[2023-06-21T03:09:42.193+0000] {logging_mixin.py:149} INFO - [2023-06-21T03:09:42.193+0000] {dag.py:2726} INFO - Sync 1 DAGs
[2023-06-21T03:09:42.233+0000] {logging_mixin.py:149} INFO - [2023-06-21T03:09:42.232+0000] {dag.py:3490} INFO - Setting next_dagrun for tutorial_dag to None, run_after=None
[2023-06-21T03:09:42.268+0000] {processor.py:179} INFO - Processing /home/airflow/.local/lib/python3.7/site-packages/airflow/example_dags/tutorial_dag.py took 0.161 seconds
